------------------------------------------------------------------------------
         project             user     space used      file size          count
------------------------------------------------------------------------------
          access           mjw548         13.0TB         13.0TB        3592416
          access           mrd599         32.7GB         32.7GB           4384
          access           mjn548        188.0kB        174.7kB              6
          access           jtl548          4.1GB          4.1GB          26128
          access           zhl548        308.0kB        250.0kB             22
          access           wml548          6.5GB          6.2GB         167914
          access           ttl548         80.6MB         79.7MB            581
          access           vvk548        424.0kB        384.4kB             17
          access           as2291          4.0kB          989kB              1
             dp9           mjw548          4.3GB          4.1GB          95104
             dp9           mrd599         16.1GB         16.1GB          13237
             dp9           jcf548         32.0kB         32.0kB              2
             dp9           cjb548         32.0kB         32.0kB              2
             dp9           ycx548        460.7MB        416.5MB          21800
             dp9           ach599         32.0kB         32.0kB              2
             dp9           yxm548         15.1TB         15.1TB        1197611
             dp9           glr548         48.9TB         56.2TB        1365411
             dp9           cnf599         11.4TB         11.5TB         105854
             dp9           ljr548         32.0kB         32.0kB              2
             dp9           hhz548         53.3TB         53.7TB         443301
             dp9           zxs548          5.5TB          5.6TB         278693
             dp9           mjn548          5.1GB          5.1GB            212
             dp9           jtl548         52.8TB         54.1TB        1194558
             dp9           iib548          3.5TB          3.5TB        2948798
             dp9           gxk548         32.0kB         32.0kB              2
             dp9           hqz548         32.0kB         32.0kB              2
             dp9           rmb548         32.0kB         32.0kB              2
             dp9           zhl548        889.5GB        901.2GB         247313
             dp9           ixd548        432.0kB        432.0kB             27
             dp9           wml548        243.0TB        258.5TB         581704
             dp9           bxr548         32.0kB         32.0kB              2
             dp9           ttl548         54.3TB         54.3TB         478531
             dp9           pjs548        103.6MB        103.5MB             95
             dp9           gsd548         32.0kB         32.0kB              2
             dp9           sjr548         44.3TB         44.5TB        2883293
             dp9           vvk548         10.9TB         11.0TB         463878
             dp9           xds548        289.2GB        289.2GB           2345
             dp9           cit548        142.5MB        142.5MB             11
             dp9           slc548          4.2TB          4.2TB          75396
             dp9           jrf548         32.0kB         32.0kB              2
             dp9           pag548        128.0kB        128.0kB              8
             dp9           hhn548         32.0kB         32.0kB              2
             dp9           sss548         32.0kB         32.0kB              2
             dp9           kkp548         32.0kB         32.0kB              2
             dp9           ijb548         32.0kB         32.0kB              2
             dp9           nwe548         32.0kB         32.0kB              2
             dp9           chs548         12.1MB         16.0MB             50
             dp9           mxk548        362.6TB        373.3TB         961659
             dp9           tc2375         32.0kB         32.0kB              2
             dp9           fs5892          1.3TB          2.1TB         200598
             dp9           jl0029         32.0kB         32.0kB              2
             dp9           as2291         12.1GB         12.1GB           5279
             dp9           jb6931         32.0kB         32.0kB              2
             dp9           dl9118          4.5TB          4.5TB         235918
             dp9           cs0369         32.0kB         32.0kB              2
             dp9           dr8819        183.4GB        183.4GB           2994
             dp9           nt4021        108.8GB        108.7GB           4384
             dp9           hw4629         32.0kB         32.0kB              2
             dp9           sl8973         32.0kB         32.0kB              2
             dp9           ml6621         32.0kB         32.0kB              2
             du7           chs548        143.7GB        143.8GB            337
             dx2           pag548        660.0kB        594.1kB             38
             en0           bxr548          1.5GB          1.4GB          42412
             ep4           jcf548          2.4TB          2.4TB          16007
          public           glr548         56.0GB         56.0GB             19
          public           slc548          9.5MB          9.4MB            113
             rr6           ijb548          8.0kB          1.3kB              2
            us94           mxk548         91.1MB         89.3MB           1225
------------------------------------------------------------------------------
