------------------------------------------------------------------------------
         project             user     space used      file size          count
------------------------------------------------------------------------------
             dp9           mjw548          4.3GB          4.1GB          95104
             dp9           mrd599         19.6GB         19.5GB          27595
             dp9           jcf548         32.0kB         32.0kB              2
             dp9           cjb548         32.0kB         32.0kB              2
             dp9           ycx548          1.3TB          2.7TB          98804
             dp9           ach599         32.0kB         32.0kB              2
             dp9           yxm548         15.4TB         15.4TB        1200224
             dp9           glr548        164.0TB        167.3TB        2228659
             dp9           cnf599         11.6TB         11.6TB         169375
             dp9           ljr548          5.1GB          5.1GB           6492
             dp9           hhz548         64.4TB         64.8TB         798648
             dp9           zxs548          5.6TB          5.7TB         367655
             dp9           mjn548          5.1GB          5.1GB            212
             dp9           jtl548         69.7TB         70.0TB        2550305
             dp9           iib548          6.7TB          7.3TB        3901385
             dp9           gxk548         32.0kB         32.0kB              2
             dp9           hqz548         32.0kB         32.0kB              2
             dp9           rmb548         32.0kB         32.0kB              2
             dp9           zhl548          9.7TB          9.7TB         425460
             dp9           ixd548          8.4MB          8.4MB             34
             dp9           wml548         64.0TB         65.6TB         272076
             dp9           bxr548         32.0kB         32.0kB              2
             dp9           ttl548        108.5TB        108.5TB        1213030
             dp9           pjs548        214.1GB        214.1GB           2893
             dp9           gsd548         32.0kB         32.0kB              2
             dp9           sjr548        170.4TB        175.7TB        3313555
             dp9           vvk548          1.3TB          1.4TB         256704
             dp9           xds548        289.2GB        289.2GB           2345
             dp9           cit548        142.5MB        142.5MB             11
             dp9           slc548          4.4TB          4.4TB         100625
             dp9           jrf548         48.0kB         48.0kB              3
             dp9           pag548        128.0kB        128.0kB              8
             dp9           hhn548         32.0kB         32.0kB              2
             dp9           sss548         32.0kB         32.0kB              2
             dp9           kkp548         32.0kB         32.0kB              2
             dp9           ijb548         32.0kB         32.0kB              2
             dp9           nwe548         32.0kB         32.0kB              2
             dp9           chs548         12.2MB         16.1MB             58
             dp9           yxz548         32.0kB         32.0kB              2
             dp9           mxk548        453.5TB        466.4TB        1811508
             dp9           vov548          1.8TB          1.8TB          22296
             dp9           tc2375         32.0kB         32.0kB              2
             dp9           fs5892          1.3TB          2.1TB         267009
             dp9           jl0029         32.0kB         32.0kB              2
             dp9           as2291       1021.9GB          1.0TB         197968
             dp9           jb6931         32.0kB         32.0kB              2
             dp9           dl9118          9.6TB          9.6TB         732658
             dp9           cs0369         32.0kB         32.0kB              2
             dp9           dr8819        189.8GB        189.8GB           5123
             dp9           nt4021        108.8GB        108.7GB           4384
             dp9           hw4629         32.0kB         32.0kB              2
             dp9           sl8973         32.0kB         32.0kB              2
             dp9           ml6621         32.0kB         32.0kB              2
             dp9           sb0446        322.3GB        322.5GB          11419
             dp9           gl7525        553.2MB        504.8MB          24000
             du7           sjr548          1.1GB       1023.9MB          36488
             du7           chs548        143.7GB        143.8GB            337
             du7           as2291        256.1MB        255.1MB            574
             dx2           hhz548          4.7TB          4.7TB          31326
             en0           bxr548          1.5GB          1.4GB          42912
             ep4           jcf548          2.4TB          2.4TB          16007
          public           glr548         37.6GB         37.6GB            328
          public           ttl548          1.7TB          1.7TB           6455
          public           slc548         42.9MB         42.5MB            288
             rr6           ijb548          8.0kB          1.3kB              2
            us94           mxk548         91.1MB         89.3MB           1225
------------------------------------------------------------------------------
