------------------------------------------------------------------------------
         project             user     space used      file size          count
------------------------------------------------------------------------------
             dp9           mjw548          4.5GB          4.3GB          99070
             dp9           mrd599         14.2GB         19.5GB          27656
             dp9           jcf548         32.0kB         32.0kB              2
             dp9           cjb548         32.0kB         32.0kB              2
             dp9           ycx548          1.3TB          2.7TB          98872
             dp9           ach599         32.0kB         32.0kB              2
             dp9           yxm548         12.4TB         12.7TB        1125206
             dp9           glr548         86.6TB         95.6TB        2055890
             dp9           cnf599          6.1TB          6.9TB         208221
             dp9           ljr548          5.1GB          5.1GB           6492
             dp9           hhz548         36.6TB         40.2TB         627041
             dp9           zxs548          5.6TB          5.7TB         511939
             dp9           mjn548          5.1GB          5.1GB            212
             dp9           jtl548        106.6TB        109.7TB        3283782
             dp9           mxz548          4.0GB          4.5GB              3
             dp9           iib548          3.6TB          4.1TB        3921582
             dp9           gxk548         32.0kB         32.0kB              2
             dp9           hqz548         32.0kB         32.0kB              2
             dp9           rmb548         32.0kB         32.0kB              2
             dp9           zhl548          8.5TB          9.7TB         425460
             dp9           ixd548          8.4MB          8.4MB             34
             dp9           wml548         95.9TB        106.7TB         891762
             dp9           bxr548         77.4GB         83.7GB            104
             dp9           ttl548         74.9TB         80.1TB        1254875
             dp9           pjs548        795.2MB        792.4MB           1352
             dp9           gsd548         32.0kB         32.0kB              2
             dp9           sjr548         72.5TB         78.9TB        2505655
             dp9           vvk548          6.3TB          6.3TB         430526
             dp9           xds548        289.2GB        289.2GB           2345
             dp9           cit548        142.5MB        142.5MB             11
             dp9           slc548          4.8TB          4.9TB         113709
             dp9           jrf548         52.0kB         48.4kB              4
             dp9           pag548        128.0kB        128.0kB              8
             dp9           hhn548         32.0kB         32.0kB              2
             dp9           sss548         32.0kB         32.0kB              2
             dp9           kkp548         32.0kB         32.0kB              2
             dp9           ijb548         32.0kB         32.0kB              2
             dp9           nwe548         32.0kB         32.0kB              2
             dp9           chs548         12.3MB         16.2MB             61
             dp9           yxz548         32.0kB         32.0kB              2
             dp9           cst565        230.8GB        230.8GB            368
             dp9           mxk548        343.0TB        363.9TB        2129164
             dp9           vov548          2.7TB          2.7TB          33479
             dp9           tc2375         32.0kB         32.0kB              2
             dp9           fs5892          1.2TB          2.1TB         267008
             dp9           jl0029         32.0kB         32.0kB              2
             dp9           as2291          9.7TB          9.7TB         219025
             dp9           jb6931         32.0kB         32.0kB              2
             dp9           dl9118          4.7TB          5.2TB         594621
             dp9           bf7468         32.0kB         32.0kB              2
             dp9           cs0369         32.0kB         32.0kB              2
             dp9           dr8819        189.8GB        189.8GB           5123
             dp9           nt4021        108.8GB        108.7GB           4384
             dp9           hw4629         32.0kB         32.0kB              2
             dp9           sl8973         32.0kB         32.0kB              2
             dp9           ml6621         32.0kB         32.0kB              2
             dp9           sb0446        294.6GB        322.5GB          11419
             dp9           gl7525        553.1MB        504.8MB          24000
             du7           sjr548          1.2GB          1.2GB          40007
             du7           nwe548         71.3MB         72.6MB            478
             du7           chs548        139.3GB        143.8GB            337
             dx2           hhz548          6.3TB          6.8TB          34762
             en0           bxr548          1.5GB          1.4GB          43318
             ep4           jcf548          2.2TB          2.4TB          16007
          public           glr548          3.2GB          3.2GB              8
          public           ttl548          1.7TB          1.7TB           6454
          public           slc548        202.8MB        202.0MB            557
             rr6           ijb548          8.0kB          1.3kB              2
            us94           mxk548         91.1MB         89.3MB           1225
             z50           sjr548          8.0kB          7.8kB              2
             z50           mxk548        156.0kB        148.4kB             39
------------------------------------------------------------------------------
