
Usage Report: Project=dp9 Period=2021.q3
=============================================================
    Grant:    16.00 MSU
     Used:     8.15 MSU
 Reserved:   215.68 SU 
    Avail:     7.85 MSU
    
Stakeholder                   Grant         Used        Avail
-------------------------------------------------------------    
BoM                       16.00 MSU     8.15 MSU     7.85 MSU    
------------------------------------------------------------- 
    
User                                        Used     Reserved
-------------------------------------------------------------        
iib548                                 117.45 KSU     0.00 SU         
as2291                                 275.62 KSU     7.50 SU         
zxs548                                   5.09 KSU     0.00 SU         
ttl548                                  72.94 KSU   208.18 SU         
jtl548                                 285.35 KSU     0.00 SU         
glr548                                 169.37 KSU     0.00 SU         
sjr548                                   3.04 MSU     0.00 SU         
vvk548                                 713.15 KSU     0.00 SU         
dl9118                                  18.67 KSU     0.00 SU         
mxk548                                   2.74 MSU     0.00 SU         
ycx548                                  11.08 KSU     0.00 SU         
slc548                                  13.82 KSU     0.00 SU         
ixd548                                 178.30 SU      0.00 SU         
hhz548                                 475.96 KSU     0.00 SU         
jrf548                                  19.81 SU      0.00 SU         
rad548                                  24.18 SU      0.00 SU         
cnf599                                  25.00 KSU     0.00 SU         
jxh903                                   0.02 SU      0.00 SU         
yxm548                                  56.83 SU      0.00 SU         
cst565                                 191.71 SU      0.00 SU         
pjs548                                 641.06 SU      0.00 SU         
crd548                                 110.57 SU      0.00 SU         
wml548                                 136.10 SU      0.00 SU         
mjz548                                  14.46 KSU     0.00 SU         
mrd599                                  17.78 SU      0.00 SU         
zhl548                                 206.95 SU      0.00 SU         
dr8819                                 170.34 KSU     0.00 SU         
-------------------------------------------------------------        

Storage Usage Report: Project=dp9
=============================================================
Filesystem        Used     iUsed    Allocation    iAllocation    
gdata1a      112.22 TB   35.06 M     270.00 TB        45.00 M        

Stakeholder                         Allocation    iAllocation
-------------------------------------------------------------            
BoM                                  270.00 TB        45.00 M                
-------------------------------------------------------------
            
