
Usage Report: Project=dp9 Period=2020.q4
=============================================================
    Grant:     9.00 MSU
     Used:     7.30 MSU
 Reserved:     2.22 KSU
    Avail:     1.70 MSU

Stakeholder                   Grant         Used        Avail
-------------------------------------------------------------
BoM                        9.00 MSU     7.31 MSU     1.69 MSU
------------------------------------------------------------- 

User                                        Used     Reserved
-------------------------------------------------------------    
vvk548                                   2.20 MSU   960.00 SU     
zxs548                                  42.81 KSU     0.00 SU     
ttl548                                  28.34 KSU     0.00 SU     
jtl548                                   1.52 MSU    72.00 SU     
as2291                                  14.21 KSU     5.67 SU     
mxk548                                   2.33 MSU     1.18 KSU    
dl9118                                 260.44 KSU     0.00 SU     
fs5892                                   7.52 KSU     0.00 SU     
glr548                                 310.57 KSU     0.00 SU     
iib548                                 158.67 KSU     0.00 SU     
pjs548                                   1.32 KSU     0.00 SU     
sjr548                                 233.28 KSU     0.00 SU     
gsd548                                  56.53 KSU     0.00 SU     
ixd548                                  15.32 SU      0.00 SU     
wml548                                  28.24 KSU     0.00 SU     
mjw548                                   4.52 KSU     0.00 SU     
jrf548                                  13.95 SU      0.00 SU     
yxm548                                 132.68 SU      0.00 SU     
cnf599                                  52.86 KSU     0.00 SU     
cst565                                  44.18 KSU     0.00 SU     
chs548                                   7.77 KSU     0.00 SU     
ycx548                                  12.27 SU      0.00 SU     
------------------------------------------------------------- 
    
