------------------------------------------------------------------------------
         project             user     space used      file size          count
------------------------------------------------------------------------------
             dp9           nt4021          4.0kB          4.0kB              1
             dp9           tjg548          4.0kB          4.0kB              1
          access           fs5892         25.3GB         25.3GB          11019
             dp9           fs5892         11.8TB         13.1TB          77666
             dp9           yxm548         1694GB         1733GB         147104
             dp9           jb6931          332MB          332MB              2
             dp9           gsd548         3156GB         3161GB         391233
             dx2           pag548          292MB          292MB              1
             dp9           pag548         80.7GB         80.7GB            598
             dp9           dhs548         12.0kB         12.0kB              3
             dp9           jrf548         1994GB         2000GB         333311
             er7           gxk548         45.8MB         45.7MB             16
             dp9           gxk548          101GB          101GB          19476
             du7           gxk548         12.6MB         10.2MB           1253
          access           nwe548          0.0kB          0.0kB              3
             dp9           nwe548         1361MB         1357MB          42578
             du7           nwe548         2004GB         1991GB        4247262
          access           mxk548         81.0GB         81.0GB            370
             dp9           mxk548         6932GB         7149GB         705413
             dp9           cnf599         30.9TB         35.9TB         256592
             dp9           hhn548          4.0kB          4.0kB              1
          access           sjr548         4638MB         4642MB           1356
             dp9           sjr548         1689GB         1724GB        1517153
             dp9           ijb548          4.0kB          4.0kB              1
             dp9           hqz548          151GB          151GB            287
             dp9           kkp548          465GB          465GB            513
             dp9           pjs548         22.7GB         22.7GB          35123
             dp9           mrd599         1025MB         1025MB             19
             dp9           xbw554         16.0kB         16.0kB              2
          access           axs599          0.0kB          0.7kB             95
      access.dev           axs599         12.0kB          0.8kB             23
          access           iib548          4.0kB          3.4kB              1
             dp9           iib548         3457GB         4052GB        1492799
             dp9           ffb548         64.0kB         64.0kB             16
             y03           ttl548         69.9GB         69.9GB            295
             dp9           ttl548         96.5GB         94.7GB         343620
             dp9           chs548          198GB          217GB           8957
            ma05           chs548         2288kB         1996kB            148
             du7           chs548          602GB          609GB          14823
             dp9           tc2375          116GB          116GB             53
             y03           cjb548         1972kB         1967kB              1
             dp9           cjb548         67.2GB         67.2GB          29980
             dp9           zxs548          642GB          639GB         889675
             dp9           dr8819          214GB          213GB         188760
          access           ixd548          930MB          930MB              7
             dp9           ixd548         1112GB         1110GB         484494
          access           zhl548         44.0kB         33.8kB              3
             dp9           zhl548          342GB          342GB         160459
          access           ycx548         3877MB         3866MB           5016
             dp9           ycx548         9428GB         9666GB        3522006
             du7           ycx548         16.0kB          9.8kB              4
      access.dev           ycx548         9796kB         9500kB            168
          access           hhz548          4.0kB          3.6kB              1
             dp9           hhz548         18.0TB         21.0TB        1622321
             dp9           glr548         2328GB         2365GB        1390678
             du7           glr548         8844kB         8213kB            350
          access           sl8973          176kB          167kB              4
             dp9           sl8973         65.1GB         65.0GB          51901
             dp9           vvk548         4314GB         4344GB        1407918
             dp9           axs548         7915MB         7909MB           2993
          access           xds548          280kB          231kB             26
             dp9           xds548         2183GB         2220GB         186172
             du7           xds548          424kB          170kB             70
             dp9           mjn548         1007GB          991GB        3306724
      access.dev           mjn548         1476kB         1226kB            161
             en0           bxr548          204kB         89.2kB             25
             dp9           bxr548          367MB          367MB             75
          access           wml548         25.0MB         24.8MB             99
             dp9           wml548         2420GB         2434GB         286802
      access.dev           wml548         60.0kB         16.5kB             15
             dp9           rmb548          4.0kB          4.0kB              1
             dp9           cit548         3756GB         3756GB         120347
             dp9           sss548         65.2GB         66.7GB           5780
             dp9           bf7468         1836kB         1832kB              2
             en0           mjw548          4.0kB          4.0kB              1
             dp9           mjw548          357GB          357GB          22251
          access           jtl548         12.4GB         12.4GB           7242
             dp9           jtl548         62.9TB         65.7TB        5197482
          access           as2291          168MB          164MB           2034
             dp9           as2291          496GB          495GB         281244
          access           slc548         1492GB         1492GB            902
             dp9           slc548          198GB          198GB         132664
             dp9           ljr548          565GB          565GB         110650
             dp9           cs0369          152GB          152GB           6022
------------------------------------------------------------------------------
