
Usage Report: Project=dp9 Period=2020.q2
=============================================================
    Grant:     8.00 MSU
     Used:     6.15 MSU
 Reserved:   105.27 SU 
    Avail:     1.85 MSU

Stakeholder                   Grant         Used        Avail
-------------------------------------------------------------
BoM                        8.00 MSU     6.15 MSU     1.85 MSU
------------------------------------------------------------- 

User                                        Used     Reserved
-------------------------------------------------------------    
gsd548                                 142.69 KSU     0.00 SU     
sjr548                                 969.39 KSU     2.27 SU     
ttl548                                  99.28 KSU    55.00 SU     
zxs548                                 324.61 KSU     0.00 SU     
mxk548                                   1.64 MSU     0.00 SU     
zhl548                                  12.36 KSU     0.00 SU     
vvk548                                  19.71 KSU     0.00 SU     
ixd548                                 796.20 SU      0.00 SU     
mjw548                                   5.11 KSU     0.00 SU     
jtl548                                   6.44 KSU     0.00 SU     
as2291                                   8.10 KSU     0.00 SU     
cjb548                                   0.01 SU      0.00 SU     
iib548                                   1.12 MSU     0.00 SU     
yxm548                                 337.25 SU      0.00 SU     
cnf599                                  12.47 KSU     0.00 SU     
glr548                                 218.81 KSU     0.00 SU     
hhz548                                 267.03 KSU     0.00 SU     
chs548                                   1.06 SU      0.00 SU     
nwe548                                 118.84 SU      0.00 SU     
cit548                                   1.41 KSU     0.00 SU     
mrd599                                   0.21 SU      0.00 SU     
fs5892                                 190.29 SU      0.00 SU     
wml548                                   1.31 MSU    48.00 SU     
pjs548                                  63.80 SU      0.00 SU     
xds548                                   1.10 KSU     0.00 SU     
mjn548                                   0.78 SU      0.00 SU     
------------------------------------------------------------- 
    
