
Usage Report: Project=dp9 Period=2021.q4
=============================================================
    Grant:    16.00 MSU
     Used:   987.82 KSU
 Reserved:    41.93 KSU
    Avail:    14.97 MSU
    
Stakeholder                   Grant         Used        Avail
-------------------------------------------------------------    
BoM                       16.00 MSU     1.03 MSU    14.97 MSU    
------------------------------------------------------------- 
    
User                                        Used     Reserved
-------------------------------------------------------------        
dl9118                                  17.23 KSU     0.00 SU         
vvk548                                 246.30 KSU    36.34 KSU        
ttl548                                   7.60 KSU    22.25 SU         
as2291                                  64.18 KSU   128.00 SU         
mjz548                                 559.08 KSU     5.44 KSU        
iib548                                   1.58 KSU     0.00 SU         
glr548                                   9.84 KSU     0.00 SU         
slc548                                   1.37 KSU     0.00 SU         
pjs548                                   9.83 SU      0.00 SU         
pcl900                                 135.74 SU      0.00 SU         
sjr548                                  24.71 KSU     0.00 SU         
jtl548                                  19.59 KSU     0.00 SU         
zxs548                                 348.64 SU      0.00 SU         
cnf599                                  32.93 KSU     0.00 SU         
yxm548                                  26.08 SU      0.00 SU         
chs548                                   2.89 KSU     3.00 SU         
-------------------------------------------------------------        

Storage Usage Report: Project=dp9
=============================================================
Filesystem        Used     iUsed    Allocation    iAllocation    
gdata1a      144.25 TB   34.26 M     270.00 TB        45.00 M        

Stakeholder                         Allocation    iAllocation
-------------------------------------------------------------            
BoM                                  270.00 TB        45.00 M                
-------------------------------------------------------------
            
