
Usage Report: Project=dp9 Period=2020.q4
=============================================================
    Grant:     9.00 MSU
     Used:   769.96 KSU
 Reserved:    51.49 KSU
    Avail:     8.18 MSU

Stakeholder                   Grant         Used        Avail
-------------------------------------------------------------
BoM                        9.00 MSU   821.45 KSU     8.18 MSU
------------------------------------------------------------- 

User                                        Used     Reserved
-------------------------------------------------------------    
vvk548                                 324.85 KSU    24.19 KSU    
zxs548                                   2.10 KSU     0.00 SU     
ttl548                                   4.07 KSU     8.75 SU     
jtl548                                 318.09 KSU    25.60 KSU    
as2291                                   1.83 KSU    23.13 SU     
mxk548                                  82.10 KSU     1.67 KSU    
dl9118                                 602.06 SU      0.00 SU     
fs5892                                 358.38 SU      0.00 SU     
glr548                                   5.91 KSU     0.00 SU     
iib548                                  22.76 KSU     0.00 SU     
pjs548                                 131.66 SU      0.00 SU     
sjr548                                 232.87 SU      0.00 SU     
gsd548                                   6.92 KSU     0.00 SU     
ixd548                                   3.87 SU      0.00 SU     
wml548                                   0.14 SU      0.00 SU     
------------------------------------------------------------- 
    
