
Usage Report: Project=dp9 Period=2020.q3
=============================================================
    Grant:     9.00 MSU
     Used:     2.35 MSU
 Reserved:    87.35 SU 
    Avail:     6.65 MSU

Stakeholder                   Grant         Used        Avail
-------------------------------------------------------------
BoM                        9.00 MSU     2.31 MSU     6.69 MSU
------------------------------------------------------------- 

User                                        Used     Reserved
-------------------------------------------------------------    
ttl548                                  49.87 KSU    13.75 SU     
hhz548                                 564.00 KSU     0.00 SU     
mxk548                                 914.61 KSU     0.00 SU     
iib548                                  22.12 KSU     0.00 SU     
vvk548                                  45.97 KSU     0.00 SU     
yxm548                                  48.98 SU      0.00 SU     
zxs548                                  19.07 KSU     0.00 SU     
as2291                                   3.47 KSU     0.00 SU     
gsd548                                 127.71 KSU     0.00 SU     
glr548                                 105.28 KSU     0.00 SU     
sjr548                                  94.57 KSU    73.60 SU     
wml548                                 367.36 KSU     0.00 SU     
jtl548                                  36.23 KSU     0.00 SU     
pjs548                                   1.34 KSU     0.00 SU     
mjw548                                   9.18 SU      0.00 SU     
ixd548                                  17.45 SU      0.00 SU     
bxr548                                   0.93 SU      0.00 SU     
fs5892                                  62.73 SU      0.00 SU     
jrf548                                  96.25 SU      0.00 SU     
xds548                                  16.16 SU      0.00 SU     
------------------------------------------------------------- 
    
