
Usage Report: Project=dp9 Period=2021.q3
=============================================================
    Grant:     9.00 MSU
     Used:   898.92 KSU
 Reserved:    36.97 KSU
    Avail:     8.06 MSU
    
Stakeholder                   Grant         Used        Avail
-------------------------------------------------------------    
BoM                        9.00 MSU   935.90 KSU     8.06 MSU    
------------------------------------------------------------- 
    
User                                        Used     Reserved
-------------------------------------------------------------        
iib548                                 134.75 SU      0.00 SU         
as2291                                   8.99 KSU   392.53 SU         
zxs548                                 370.99 SU    231.00 SU         
ttl548                                   5.40 KSU   224.10 SU         
jtl548                                  89.83 KSU     5.67 SU         
glr548                                  14.40 KSU     0.00 SU         
sjr548                                 228.54 KSU     0.00 SU         
vvk548                                 354.82 KSU    34.56 KSU        
dl9118                                 277.54 SU      0.00 SU         
mxk548                                 196.12 KSU     1.56 KSU        
ycx548                                  36.72 SU      0.00 SU         
-------------------------------------------------------------        

Storage Usage Report: Project=dp9
=============================================================
Filesystem        Used     iUsed    Allocation    iAllocation    
gdata1a      105.16 TB   31.72 M     270.00 TB        45.00 M        

Stakeholder                         Allocation    iAllocation
-------------------------------------------------------------            
BoM                                  270.00 TB        45.00 M                
-------------------------------------------------------------
            
