
Usage Report: Project=dp9 Period=2021.q1
=============================================================
    Grant:    18.00 MSU
     Used:     4.55 MSU
 Reserved:     2.43 KSU
    Avail:    13.45 MSU

Stakeholder                   Grant         Used        Avail
-------------------------------------------------------------
BoM                       18.00 MSU     4.55 MSU    13.45 MSU
------------------------------------------------------------- 

User                                        Used     Reserved
-------------------------------------------------------------    
as2291                                  16.05 KSU     0.00 SU     
ixd548                                  18.16 SU      0.00 SU     
ycx548                                  15.55 KSU     0.00 SU     
ttl548                                  25.24 KSU   113.74 SU     
vvk548                                   1.56 MSU     0.00 SU     
dl9118                                  68.28 KSU     2.30 KSU    
iib548                                 124.95 KSU     0.00 SU     
wml548                                  24.11 SU      0.00 SU     
mxk548                                   1.80 MSU    12.50 SU     
hhz548                                  57.58 KSU     0.00 SU     
jtl548                                  34.27 KSU     0.00 SU     
sjr548                                  20.34 KSU     0.00 SU     
gl7525                                   5.02 SU      0.00 SU     
zhl548                                   6.60 KSU     0.00 SU     
fs5892                                   0.57 SU      0.00 SU     
glr548                                 809.75 KSU     0.00 SU     
zxs548                                 161.06 SU      0.00 SU     
cnf599                                   2.76 KSU     0.00 SU     
jrf548                                  77.97 SU      0.00 SU     
sb0446                                   3.70 KSU     0.00 SU     
------------------------------------------------------------- 
    
