
Usage Report: Project=dp9 Period=2021.q1
=============================================================
    Grant:    18.00 MSU
     Used:    10.96 MSU
 Reserved:     2.75 KSU
    Avail:     7.03 MSU

Stakeholder                   Grant         Used        Avail
-------------------------------------------------------------
BoM                       18.00 MSU    10.97 MSU     7.03 MSU
------------------------------------------------------------- 

User                                        Used     Reserved
-------------------------------------------------------------    
as2291                                  36.89 KSU     2.00 SU     
ixd548                                  38.22 SU      0.00 SU     
ycx548                                  15.58 KSU     0.00 SU     
ttl548                                  62.74 KSU     8.75 SU     
vvk548                                   1.58 MSU     0.00 SU     
dl9118                                 161.48 KSU     0.00 SU     
iib548                                 477.87 KSU     0.00 SU     
wml548                                  32.31 SU      0.00 SU     
mxk548                                   5.45 MSU     1.16 KSU    
hhz548                                 336.51 KSU     0.00 SU     
jtl548                                 632.29 KSU     1.57 KSU    
sjr548                                 419.96 KSU     0.00 SU     
gl7525                                   5.02 SU      0.00 SU     
zhl548                                  41.29 KSU     0.00 SU     
fs5892                                   4.18 KSU     0.00 SU     
glr548                                   1.72 MSU     0.00 SU     
zxs548                                 205.21 SU      0.00 SU     
cnf599                                   4.73 KSU     0.00 SU     
jrf548                                  77.97 SU      0.00 SU     
sb0446                                  21.43 KSU     0.00 SU     
dr8819                                   0.46 SU      0.00 SU     
yxm548                                 314.92 SU      0.00 SU     
slc548                                  62.10 SU      0.00 SU     
------------------------------------------------------------- 
    
