
Usage Report: Project=dp9 Period=2021.q2
=============================================================
    Grant:    18.00 MSU
     Used:     2.90 MSU
 Reserved:    18.48 KSU
    Avail:    15.08 MSU

Stakeholder                   Grant         Used        Avail
-------------------------------------------------------------
BoM                       18.00 MSU     2.92 MSU    15.08 MSU
------------------------------------------------------------- 

User                                        Used     Reserved
-------------------------------------------------------------    
jtl548                                 789.82 KSU     6.49 KSU    
dl9118                                   6.75 KSU     1.73 KSU    
vvk548                                 534.70 KSU     0.00 SU     
mxk548                                 372.91 KSU     1.54 KSU    
glr548                                 143.79 KSU     0.00 SU     
sjr548                                 811.66 KSU     8.52 KSU    
ttl548                                   7.41 KSU   209.76 SU     
hhz548                                 209.78 KSU     0.00 SU     
as2291                                   3.02 KSU     0.00 SU     
iib548                                  20.13 KSU     0.00 SU     
ixd548                                   2.83 SU      0.00 SU     
cnf599                                  92.24 SU      0.00 SU     
------------------------------------------------------------- 
    
