
Usage Report: Project=dp9 Period=2021.q1
=============================================================
    Grant:    18.00 MSU
     Used:    12.02 MSU
 Reserved:     9.58 KSU
    Avail:     5.97 MSU

Stakeholder                   Grant         Used        Avail
-------------------------------------------------------------
BoM                       18.00 MSU    12.03 MSU     5.97 MSU
------------------------------------------------------------- 

User                                        Used     Reserved
-------------------------------------------------------------    
as2291                                  37.26 KSU    27.00 SU     
ixd548                                  40.94 SU      0.00 SU     
ycx548                                  15.58 KSU     0.00 SU     
ttl548                                  66.72 KSU     0.00 SU     
vvk548                                   1.60 MSU     6.91 KSU    
dl9118                                 175.18 KSU     1.73 KSU    
iib548                                 506.08 KSU     0.00 SU     
wml548                                  32.31 SU      0.00 SU     
mxk548                                   5.82 MSU   147.50 SU     
hhz548                                 421.24 KSU     0.00 SU     
jtl548                                 796.10 KSU   768.67 SU     
sjr548                                 627.57 KSU     0.00 SU     
gl7525                                   5.02 SU      0.00 SU     
zhl548                                  52.78 KSU     0.00 SU     
fs5892                                  16.59 KSU     0.00 SU     
glr548                                   1.86 MSU     0.00 SU     
zxs548                                 205.21 SU      0.00 SU     
cnf599                                   4.73 KSU     0.00 SU     
jrf548                                  77.97 SU      0.00 SU     
sb0446                                  21.43 KSU     0.00 SU     
dr8819                                   0.46 SU      0.00 SU     
yxm548                                 314.92 SU      0.00 SU     
slc548                                  62.10 SU      0.00 SU     
mxz548                                   0.04 SU      0.00 SU     
------------------------------------------------------------- 
    
