
Usage Report: Project=dp9 Period=2021.q2
=============================================================
    Grant:    18.00 MSU
     Used:    11.32 MSU
 Reserved:     2.04 KSU
    Avail:     6.68 MSU
    
Stakeholder                   Grant         Used        Avail
-------------------------------------------------------------    
BoM                       18.00 MSU    11.32 MSU     6.68 MSU    
------------------------------------------------------------- 
    
User                                        Used     Reserved
-------------------------------------------------------------        
jtl548                                   2.12 MSU     0.00 SU         
dl9118                                 159.31 KSU     0.00 SU         
vvk548                                 545.42 KSU     0.00 SU         
mxk548                                   4.99 MSU    77.33 SU         
glr548                                 795.97 KSU     1.68 KSU        
sjr548                                   1.68 MSU     0.00 SU         
ttl548                                  60.71 KSU   254.51 SU         
hhz548                                 240.60 KSU     0.00 SU         
as2291                                  68.11 KSU    14.00 SU         
iib548                                 323.24 KSU     0.00 SU         
ixd548                                  21.34 SU      0.00 SU         
cnf599                                  69.55 KSU     0.00 SU         
yxm548                                   1.02 KSU     0.00 SU         
wml548                                 262.79 KSU     0.00 SU         
pjs548                                 487.44 SU      0.00 SU         
nwe548                                   2.47 SU      0.00 SU         
ycx548                                   0.01 SU      0.00 SU         
zxs548                                   2.35 KSU     0.00 SU         
jrf548                                   9.54 SU     15.00 SU         
-------------------------------------------------------------        

Storage Usage Report: Project=dp9
=============================================================
Filesystem        Used     iUsed    Allocation    iAllocation    
gdata1a       99.41 TB   31.01 M     270.00 TB        45.00 M        

Stakeholder                         Allocation    iAllocation
-------------------------------------------------------------            
BoM                                  270.00 TB        45.00 M                
-------------------------------------------------------------
            
