
Usage Report: Project=dp9 Period=2020.q4
=============================================================
    Grant:     9.00 MSU
     Used:     5.43 MSU
 Reserved:    74.84 KSU
    Avail:     3.49 MSU

Stakeholder                   Grant         Used        Avail
-------------------------------------------------------------
BoM                        9.00 MSU     5.51 MSU     3.49 MSU
------------------------------------------------------------- 

User                                        Used     Reserved
-------------------------------------------------------------    
vvk548                                   1.37 MSU    51.84 KSU    
zxs548                                  40.80 KSU     0.00 SU     
ttl548                                  20.22 KSU     0.00 SU     
jtl548                                   1.52 MSU     0.00 SU     
as2291                                   9.69 KSU     0.00 SU     
mxk548                                   1.64 MSU   147.50 SU     
dl9118                                 257.80 KSU     0.00 SU     
fs5892                                   7.49 KSU     0.00 SU     
glr548                                 113.19 KSU    22.53 KSU    
iib548                                 132.13 KSU   316.80 SU     
pjs548                                   1.12 KSU     0.00 SU     
sjr548                                 231.54 KSU     7.50 SU     
gsd548                                  43.23 KSU     0.00 SU     
ixd548                                  12.67 SU      0.00 SU     
wml548                                   3.51 KSU     0.00 SU     
mjw548                                   4.52 KSU     0.00 SU     
jrf548                                  13.95 SU      0.00 SU     
yxm548                                 132.68 SU      0.00 SU     
cnf599                                  33.36 KSU     0.00 SU     
cst565                                   3.58 KSU     0.00 SU     
chs548                                   1.62 KSU     0.00 SU     
------------------------------------------------------------- 
    
