
Usage Report: Project=dp9 Period=2021.q2
=============================================================
    Grant:    18.00 MSU
     Used:     1.30 MSU
 Reserved:    48.75 KSU
    Avail:    16.65 MSU

Stakeholder                   Grant         Used        Avail
-------------------------------------------------------------
BoM                       18.00 MSU     1.35 MSU    16.65 MSU
------------------------------------------------------------- 

User                                        Used     Reserved
-------------------------------------------------------------    
jtl548                                 300.13 KSU     4.73 KSU    
dl9118                                   2.59 KSU     0.00 SU     
vvk548                                 175.59 KSU    34.56 KSU    
mxk548                                 245.35 KSU     4.61 KSU    
glr548                                  97.88 KSU     0.00 SU     
sjr548                                 357.80 KSU     4.61 KSU    
ttl548                                   2.31 KSU   233.75 SU     
hhz548                                 100.82 KSU     0.00 SU     
as2291                                   1.85 KSU    10.50 SU     
iib548                                  17.61 KSU     0.00 SU     
------------------------------------------------------------- 
    
