
Usage Report: Project=dp9 Period=2020.q4
=============================================================
    Grant:     9.00 MSU
     Used:     1.81 MSU
 Reserved:    18.35 KSU
    Avail:     7.17 MSU

Stakeholder                   Grant         Used        Avail
-------------------------------------------------------------
BoM                        9.00 MSU     1.83 MSU     7.17 MSU
------------------------------------------------------------- 

User                                        Used     Reserved
-------------------------------------------------------------    
vvk548                                 368.61 KSU     0.00 SU     
zxs548                                  31.30 KSU     2.85 KSU    
ttl548                                   7.35 KSU     8.75 SU     
jtl548                                 976.97 KSU    13.67 KSU    
as2291                                   3.82 KSU     0.00 SU     
mxk548                                 345.31 KSU     1.54 KSU    
dl9118                                   7.41 KSU     0.00 SU     
fs5892                                   4.86 KSU     0.00 SU     
glr548                                  10.55 KSU     0.00 SU     
iib548                                  38.10 KSU   283.20 SU     
pjs548                                 131.66 SU      0.00 SU     
sjr548                                   2.18 KSU     0.00 SU     
gsd548                                  12.74 KSU     0.00 SU     
ixd548                                   4.67 SU      0.00 SU     
wml548                                   0.54 SU      0.00 SU     
mjw548                                   4.52 KSU     0.00 SU     
jrf548                                  13.95 SU      0.00 SU     
------------------------------------------------------------- 
    
