------------------------------------------------------------------------------
         project             user     space used      file size          count
------------------------------------------------------------------------------
          access           axs599          0.0kB          0.7kB             95
      access.dev           axs599         12.0kB          0.8kB             23
             en0           mjw548          4.0kB          4.0kB              1
             dp9           mjw548          357GB          357GB          24301
          access           mjw548          0.0kB          0.0kB              1
             dp9           iib548         3960GB         4552GB        2670499
          access           iib548          4.0kB          3.4kB              1
             dp9           hqz548          151GB          151GB            287
          access           xds548          280kB          230kB             26
             dp9           xds548         2193GB         2231GB         207655
             du7           xds548          424kB          170kB             70
             dp9           fs5892         11.8TB         13.1TB         399677
          access           fs5892         25.3GB         25.3GB          11019
             dp9           jrf548         2125GB         2132GB         333437
             dp9           sjr548         1823GB         1856GB        2113674
          access           sjr548         57.4GB         57.5GB           1844
             dp9           gsd548         3253GB         3252GB         425997
            ma05           chs548         1960kB         1713kB            126
             du7           chs548         8148GB         8218GB         279692
             dp9           chs548          211GB          230GB          65080
             dp9           yxm548         1694GB         1733GB         147106
             dp9           dhs548          8.0kB          8.0kB              2
      access.dev           mjn548         1476kB         1226kB            161
             dp9           mjn548         1007GB          991GB        3329506
             dx2           pag548          292MB          292MB              1
             dp9           ixd548         1569GB         1567GB         502061
          access           ixd548          930MB          930MB              7
             dp9           rmb548          4.0kB          4.0kB              1
      access.dev           wml548         60.0kB         16.5kB             15
          access           wml548          8.0kB          8.0kB              2
             dp9           wml548         2606GB         2623GB         358677
             dp9           bf7468         1836kB         1832kB              2
      access.dev           ycx548         9796kB         9500kB            168
          access           ycx548         3877MB         3866MB           5016
             du7           ycx548         16.0kB          9.8kB              4
             dp9           ycx548         9428GB         9666GB        3522006
          access           nwe548          0.0kB          0.0kB              3
             du7           nwe548         30.8GB         30.8GB           3253
             dp9           nwe548         13.6GB         13.7GB          45217
             dp9           kkp548          465GB          465GB            513
          access           slc548          0.0kB          0.0kB              1
             dp9           slc548          198GB          198GB         132735
          access           jtl548         12.4GB         12.4GB           7242
             dp9           jtl548         50.5TB         52.7TB        5433694
             dp9           sss548         65.2GB         66.7GB           5780
             en0           bxr548          204kB         89.2kB             25
             dp9           bxr548          367MB          367MB             75
             dp9           pjs548         40.0GB         39.8GB          90725
             dp9           zxs548          405GB          402GB         856329
             dp9           as2291         1802GB         1799GB         828877
          access           as2291         4482MB         4303MB         111957
          access           hhz548          4.0kB          3.6kB              1
             dp9           hhz548         17.8TB         20.8TB        1644930
             dp9           cit548         3935GB         3934GB         225652
             dp9           ljr548          331GB          331GB         107830
             y03           cjb548         1972kB         1967kB              1
             dp9           cjb548         67.2GB         67.2GB          29980
             dp9           ffb548         64.0kB         64.0kB             16
             dp9           nt4021          4.0kB          4.0kB              1
             dp9           mrd599         1025MB         1025MB             19
             dp9           vvk548         4702GB         4732GB        1491209
             dp9           cnf599         30.9TB         35.9TB         256593
             dp9           glr548         4818GB         4859GB        1926133
             dp9           ttl548         96.5GB         94.7GB         343620
          access           mxk548         2319GB         2319GB          13383
             dp9           mxk548         7149GB         7366GB         912640
             dp9           zhl548          342GB          342GB         160459
          access           zhl548         44.0kB         33.8kB              3
             dp9           ijb548          4.0kB          4.0kB              1
             dp9           jb6931          332MB          332MB              2
             dp9           axs548         7915MB         7909MB           2993
             dp9           dr8819          214GB          213GB         189479
             er7           gxk548         45.8MB         45.7MB             16
------------------------------------------------------------------------------
