
Usage Report: Project=dp9 Period=2020.q3
=============================================================
    Grant:     9.00 MSU
     Used:     3.37 MSU
 Reserved:    41.47 KSU
    Avail:     5.58 MSU

Stakeholder                   Grant         Used        Avail
-------------------------------------------------------------
BoM                        9.00 MSU     3.37 MSU     5.63 MSU
------------------------------------------------------------- 

User                                        Used     Reserved
-------------------------------------------------------------    
ttl548                                  75.09 KSU     0.00 SU     
hhz548                                 564.00 KSU     0.00 SU     
mxk548                                   1.08 MSU     0.00 SU     
iib548                                  28.42 KSU     0.00 SU     
vvk548                                 240.32 KSU    41.47 KSU    
yxm548                                  48.98 SU      0.00 SU     
zxs548                                  80.61 KSU     0.00 SU     
as2291                                  11.85 KSU     0.00 SU     
gsd548                                 147.28 KSU     0.00 SU     
glr548                                 186.36 KSU     0.00 SU     
sjr548                                 345.33 KSU     0.00 SU     
wml548                                 517.52 KSU     0.00 SU     
jtl548                                  97.08 KSU     0.00 SU     
pjs548                                   2.19 KSU     0.00 SU     
mjw548                                   1.20 KSU     0.00 SU     
ixd548                                  25.18 SU      0.00 SU     
bxr548                                   0.93 SU      0.00 SU     
fs5892                                  62.73 SU      0.00 SU     
jrf548                                  96.25 SU      0.00 SU     
xds548                                  16.16 SU      0.00 SU     
------------------------------------------------------------- 
    
