
Usage Report: Project=dp9 Period=2021.q2
=============================================================
    Grant:    18.00 MSU
     Used:     9.99 MSU
 Reserved:     5.24 KSU
    Avail:     8.01 MSU
    
Stakeholder                   Grant         Used        Avail
-------------------------------------------------------------    
BoM                       18.00 MSU     9.99 MSU     8.01 MSU    
------------------------------------------------------------- 
    
User                                        Used     Reserved
-------------------------------------------------------------        
jtl548                                   1.93 MSU   400.00 SU         
dl9118                                 142.00 KSU     0.00 SU         
vvk548                                 544.38 KSU     0.00 SU         
mxk548                                   4.12 MSU     4.61 KSU        
glr548                                 638.24 KSU     0.00 SU         
sjr548                                   1.68 MSU     0.00 SU         
ttl548                                  49.72 KSU   218.43 SU         
hhz548                                 212.55 KSU     0.00 SU         
as2291                                  40.55 KSU    12.00 SU         
iib548                                 309.74 KSU     0.00 SU         
ixd548                                   9.88 SU      0.00 SU         
cnf599                                  55.57 KSU     0.00 SU         
yxm548                                 959.19 SU      0.00 SU         
wml548                                 262.79 KSU     0.00 SU         
pjs548                                 487.44 SU      0.00 SU         
nwe548                                   2.47 SU      0.00 SU         
ycx548                                   0.01 SU      0.00 SU         
zxs548                                   1.02 KSU     0.00 SU         
-------------------------------------------------------------        

Storage Usage Report: Project=dp9
=============================================================
Filesystem        Used     iUsed    Allocation    iAllocation    
gdata1a      100.74 TB   30.82 M     270.00 TB        45.00 M        

Stakeholder                         Allocation    iAllocation
-------------------------------------------------------------            
BoM                                  270.00 TB        45.00 M                
-------------------------------------------------------------
            
