
Usage Report: Project=dp9 Period=2021.q1
=============================================================
    Grant:    18.00 MSU
     Used:     3.72 KSU
 Reserved:   180.08 SU 
    Avail:    18.00 MSU

Stakeholder                   Grant         Used        Avail
-------------------------------------------------------------
BoM                       18.00 MSU     3.90 KSU    18.00 MSU
------------------------------------------------------------- 

User                                        Used     Reserved
-------------------------------------------------------------    
as2291                                 322.82 SU      0.00 SU     
ixd548                                   5.57 SU      0.00 SU     
ycx548                                   0.63 SU      0.00 SU     
ttl548                                   1.83 KSU   131.08 SU     
vvk548                                 973.56 SU      0.00 SU     
dl9118                                 584.09 SU      0.00 SU     
iib548                                   0.03 SU     49.00 SU     
------------------------------------------------------------- 
    
