
Usage Report: Project=dp9 Period=2021.q2
=============================================================
    Grant:    18.00 MSU
     Used:     8.58 MSU
 Reserved:     4.62 KSU
    Avail:     9.42 MSU
    
Stakeholder                   Grant         Used        Avail
-------------------------------------------------------------    
BoM                       18.00 MSU     8.58 MSU     9.42 MSU    
------------------------------------------------------------- 
    
User                                        Used     Reserved
-------------------------------------------------------------        
jtl548                                   1.77 MSU     0.00 SU         
dl9118                                 136.03 KSU     0.00 SU         
vvk548                                 540.14 KSU     0.00 SU         
mxk548                                   3.14 MSU     4.61 KSU        
glr548                                 552.82 KSU     0.00 SU         
sjr548                                   1.68 MSU     0.00 SU         
ttl548                                  36.13 KSU     4.17 SU         
hhz548                                 209.78 KSU     0.00 SU         
as2291                                  33.63 KSU     4.00 SU         
iib548                                 225.08 KSU     0.00 SU         
ixd548                                   9.88 SU      0.00 SU         
cnf599                                  55.27 KSU     0.00 SU         
yxm548                                 826.26 SU      0.00 SU         
wml548                                 200.05 KSU     0.00 SU         
pjs548                                 294.61 SU      0.00 SU         
nwe548                                   2.47 SU      0.00 SU         
-------------------------------------------------------------        

Storage Usage Report: Project=dp9
=============================================================
Filesystem        Used     iUsed    Allocation    iAllocation    
gdata1a      118.51 TB   30.34 M     270.00 TB        45.00 M        

Stakeholder                         Allocation    iAllocation
-------------------------------------------------------------            
BoM                                  270.00 TB        45.00 M                
-------------------------------------------------------------
            
