
Usage Report: Project=dp9 Period=2021.q3
=============================================================
    Grant:    16.00 MSU
     Used:     3.24 MSU
 Reserved:     6.39 KSU
    Avail:    12.75 MSU
    
Stakeholder                   Grant         Used        Avail
-------------------------------------------------------------    
BoM                       16.00 MSU     3.25 MSU    12.75 MSU    
------------------------------------------------------------- 
    
User                                        Used     Reserved
-------------------------------------------------------------        
iib548                                  21.08 KSU     0.00 SU         
as2291                                  57.61 KSU    12.00 SU         
zxs548                                   3.07 KSU     0.00 SU         
ttl548                                  22.64 KSU   222.01 SU         
jtl548                                 158.72 KSU     0.00 SU         
glr548                                  70.32 KSU     0.00 SU         
sjr548                                   1.60 MSU     6.15 KSU        
vvk548                                 631.85 KSU     0.00 SU         
dl9118                                 963.28 SU      0.00 SU         
mxk548                                 675.58 KSU     0.00 SU         
ycx548                                  65.63 SU      0.00 SU         
slc548                                  33.21 SU      0.00 SU         
ixd548                                  25.98 SU      0.00 SU         
hhz548                                   1.90 KSU     0.00 SU         
jrf548                                  19.81 SU      0.00 SU         
rad548                                  24.17 SU      0.00 SU         
cnf599                                 288.72 SU      0.00 SU         
jxh903                                   0.02 SU      0.00 SU         
yxm548                                  56.83 SU      0.00 SU         
cst565                                 191.71 SU      0.00 SU         
pjs548                                 316.36 SU      0.00 SU         
crd548                                 110.57 SU      0.00 SU         
-------------------------------------------------------------        

Storage Usage Report: Project=dp9
=============================================================
Filesystem        Used     iUsed    Allocation    iAllocation    
gdata1a      110.11 TB   32.91 M     270.00 TB        45.00 M        

Stakeholder                         Allocation    iAllocation
-------------------------------------------------------------            
BoM                                  270.00 TB        45.00 M                
-------------------------------------------------------------
            
