
Usage Report: Project=dp9 Period=2021.q1
=============================================================
    Grant:    18.00 MSU
     Used:     3.30 MSU
 Reserved:     4.63 KSU
    Avail:    14.69 MSU

Stakeholder                   Grant         Used        Avail
-------------------------------------------------------------
BoM                       18.00 MSU     3.31 MSU    14.69 MSU
------------------------------------------------------------- 

User                                        Used     Reserved
-------------------------------------------------------------    
as2291                                  10.70 KSU     0.00 SU     
ixd548                                  15.49 SU      0.00 SU     
ycx548                                  15.55 KSU     0.00 SU     
ttl548                                  20.33 KSU    26.25 SU     
vvk548                                   1.56 MSU     0.00 SU     
dl9118                                  22.64 KSU     0.00 SU     
iib548                                 119.88 KSU     0.00 SU     
wml548                                  24.11 SU      0.00 SU     
mxk548                                   1.15 MSU     4.61 KSU    
hhz548                                  39.35 KSU     0.00 SU     
jtl548                                  14.34 KSU     0.00 SU     
sjr548                                  14.85 KSU     0.00 SU     
gl7525                                   5.02 SU      0.00 SU     
zhl548                                   0.00 SU      0.00 SU     
fs5892                                   0.57 SU      0.00 SU     
glr548                                 331.96 KSU     0.00 SU     
zxs548                                 161.06 SU      0.00 SU     
------------------------------------------------------------- 
    
