
Usage Report: Project=dp9 Period=2020.q4
=============================================================
    Grant:     9.00 MSU
     Used:     1.59 MSU
 Reserved:     3.76 KSU
    Avail:     7.41 MSU

Stakeholder                   Grant         Used        Avail
-------------------------------------------------------------
BoM                        9.00 MSU     1.59 MSU     7.41 MSU
------------------------------------------------------------- 

User                                        Used     Reserved
-------------------------------------------------------------    
vvk548                                 368.61 KSU     0.00 SU     
zxs548                                  30.83 KSU     0.00 SU     
ttl548                                   6.48 KSU     8.75 SU     
jtl548                                 825.01 KSU     3.72 KSU    
as2291                                   3.67 KSU     0.00 SU     
mxk548                                 276.09 KSU    28.50 SU     
dl9118                                   7.41 KSU     0.00 SU     
fs5892                                   4.86 KSU     0.00 SU     
glr548                                   6.71 KSU     0.00 SU     
iib548                                  37.65 KSU     0.00 SU     
pjs548                                 131.66 SU      0.00 SU     
sjr548                                   1.65 KSU     0.00 SU     
gsd548                                  12.74 KSU     0.00 SU     
ixd548                                   4.67 SU      0.00 SU     
wml548                                   0.54 SU      0.00 SU     
mjw548                                   4.52 KSU     0.00 SU     
jrf548                                  13.95 SU      0.00 SU     
------------------------------------------------------------- 
    
