
Usage Report: Project=dp9 Period=2020.q3
=============================================================
    Grant:     9.00 MSU
     Used:     6.95 MSU
 Reserved:    15.99 KSU
    Avail:     2.04 MSU

Stakeholder                   Grant         Used        Avail
-------------------------------------------------------------
BoM                        9.00 MSU     6.96 MSU     2.04 MSU
------------------------------------------------------------- 

User                                        Used     Reserved
-------------------------------------------------------------    
ttl548                                 104.59 KSU     0.00 SU     
hhz548                                 564.00 KSU     0.00 SU     
mxk548                                   2.81 MSU     0.00 SU     
iib548                                  42.26 KSU     0.00 SU     
vvk548                                 511.78 KSU     0.00 SU     
yxm548                                  48.98 SU      0.00 SU     
zxs548                                 178.90 KSU     0.00 SU     
as2291                                  16.48 KSU     0.00 SU     
gsd548                                 202.32 KSU     0.00 SU     
glr548                                 303.88 KSU     0.00 SU     
sjr548                                 518.32 KSU     0.00 SU     
wml548                                 732.36 KSU     0.00 SU     
jtl548                                 898.76 KSU    15.99 KSU    
pjs548                                   2.54 KSU     0.00 SU     
mjw548                                  28.30 KSU     0.00 SU     
ixd548                                  34.62 SU      0.00 SU     
bxr548                                   0.93 SU      0.00 SU     
fs5892                                  62.73 SU      0.00 SU     
jrf548                                  96.25 SU      0.00 SU     
xds548                                 852.46 SU      0.00 SU     
dl9118                                  17.18 KSU     0.00 SU     
cnf599                                  19.78 KSU     0.00 SU     
------------------------------------------------------------- 
    
