
Usage Report: Project=dp9 Period=2020.q2
=============================================================
    Grant:     6.00 MSU
     Used:   737.76 KSU
 Reserved:     3.19 KSU
    Avail:     5.26 MSU

Stakeholder                   Grant         Used        Avail
-------------------------------------------------------------
BoM                        6.00 MSU   740.95 KSU     5.26 MSU
------------------------------------------------------------- 

User                                        Used     Reserved
-------------------------------------------------------------    
gsd548                                  34.77 KSU     0.00 SU     
sjr548                                 274.38 KSU     3.14 KSU    
ttl548                                  45.98 KSU    55.00 SU     
zxs548                                  59.66 KSU     0.00 SU     
mxk548                                 224.46 KSU     0.00 SU     
zhl548                                   8.19 KSU     0.00 SU     
vvk548                                   4.79 KSU     0.00 SU     
ixd548                                   9.66 SU      0.00 SU     
mjw548                                 254.40 SU      0.00 SU     
jtl548                                   1.19 KSU     0.00 SU     
as2291                                   1.31 KSU     0.00 SU     
cjb548                                   0.01 SU      0.00 SU     
iib548                                  54.75 KSU     0.00 SU     
yxm548                                  32.26 SU      0.00 SU     
cnf599                                  12.47 KSU     0.00 SU     
glr548                                  15.52 KSU     0.00 SU     
hhz548                                   0.22 SU      0.00 SU     
chs548                                   0.93 SU      0.00 SU     
------------------------------------------------------------- 
    
