
Usage Report: Project=dp9 Period=2021.q1
=============================================================
    Grant:    18.00 MSU
     Used:     5.35 MSU
 Reserved:     4.86 KSU
    Avail:    12.64 MSU

Stakeholder                   Grant         Used        Avail
-------------------------------------------------------------
BoM                       18.00 MSU     5.36 MSU    12.64 MSU
------------------------------------------------------------- 

User                                        Used     Reserved
-------------------------------------------------------------    
as2291                                  18.90 KSU     0.00 SU     
ixd548                                  20.93 SU      0.00 SU     
ycx548                                  15.55 KSU     0.00 SU     
ttl548                                  30.86 KSU   113.74 SU     
vvk548                                   1.57 MSU     0.00 SU     
dl9118                                  78.99 KSU     4.61 KSU    
iib548                                 132.35 KSU     0.00 SU     
wml548                                  24.11 SU      0.00 SU     
mxk548                                   2.34 MSU    20.50 SU     
hhz548                                  71.04 KSU     0.00 SU     
jtl548                                 126.42 KSU     0.00 SU     
sjr548                                  55.48 KSU     0.00 SU     
gl7525                                   5.02 SU      0.00 SU     
zhl548                                  13.80 KSU     0.00 SU     
fs5892                                  19.09 SU      0.00 SU     
glr548                                 891.61 KSU     0.00 SU     
zxs548                                 161.06 SU      0.00 SU     
cnf599                                   2.76 KSU     0.00 SU     
jrf548                                  77.97 SU      0.00 SU     
sb0446                                  10.56 KSU   120.00 SU     
------------------------------------------------------------- 
    
