
Usage Report: Project=dp9 Period=2021.q2
=============================================================
    Grant:    18.00 MSU
     Used:    12.48 MSU
 Reserved:    12.97 KSU
    Avail:     5.51 MSU
    
Stakeholder                   Grant         Used        Avail
-------------------------------------------------------------    
BoM                       18.00 MSU    12.49 MSU     5.51 MSU    
------------------------------------------------------------- 
    
User                                        Used     Reserved
-------------------------------------------------------------        
jtl548                                   2.12 MSU     0.00 SU         
dl9118                                 168.08 KSU     0.00 SU         
vvk548                                 545.77 KSU     0.00 SU         
mxk548                                   5.73 MSU     0.00 SU         
glr548                                   1.04 MSU    12.94 KSU        
sjr548                                   1.68 MSU     0.00 SU         
ttl548                                  81.97 KSU    23.75 SU         
hhz548                                 270.50 KSU     0.00 SU         
as2291                                  97.58 KSU     0.00 SU         
iib548                                 338.93 KSU     0.00 SU         
ixd548                                  37.24 SU      0.00 SU         
cnf599                                 114.55 KSU     0.00 SU         
yxm548                                   1.02 KSU     0.00 SU         
wml548                                 264.77 KSU     0.00 SU         
pjs548                                 487.44 SU      0.00 SU         
nwe548                                  44.22 SU      0.00 SU         
ycx548                                   0.05 SU      0.00 SU         
zxs548                                   4.95 KSU     0.00 SU         
jrf548                                  80.20 SU      0.00 SU         
slc548                                   2.12 KSU     0.00 SU         
chs548                                 266.19 SU      0.00 SU         
cst565                                  12.52 KSU     0.00 SU         
-------------------------------------------------------------        

Storage Usage Report: Project=dp9
=============================================================
Filesystem        Used     iUsed    Allocation    iAllocation    
gdata1a      103.44 TB   30.99 M     270.00 TB        45.00 M        

Stakeholder                         Allocation    iAllocation
-------------------------------------------------------------            
BoM                                  270.00 TB        45.00 M                
-------------------------------------------------------------
            
