
Usage Report: Project=dp9 Period=2021.q1
=============================================================
    Grant:    18.00 MSU
     Used:     3.83 MSU
 Reserved:   142.16 SU 
    Avail:    14.17 MSU

Stakeholder                   Grant         Used        Avail
-------------------------------------------------------------
BoM                       18.00 MSU     3.83 MSU    14.17 MSU
------------------------------------------------------------- 

User                                        Used     Reserved
-------------------------------------------------------------    
as2291                                  12.79 KSU    28.42 SU     
ixd548                                  17.01 SU      0.00 SU     
ycx548                                  15.55 KSU     0.00 SU     
ttl548                                  21.88 KSU   113.74 SU     
vvk548                                   1.56 MSU     0.00 SU     
dl9118                                  63.11 KSU     0.00 SU     
iib548                                 124.45 KSU     0.00 SU     
wml548                                  24.11 SU      0.00 SU     
mxk548                                   1.33 MSU     0.00 SU     
hhz548                                  48.09 KSU     0.00 SU     
jtl548                                  34.10 KSU     0.00 SU     
sjr548                                  20.15 KSU     0.00 SU     
gl7525                                   5.02 SU      0.00 SU     
zhl548                                   1.70 SU      0.00 SU     
fs5892                                   0.57 SU      0.00 SU     
glr548                                 594.82 KSU     0.00 SU     
zxs548                                 161.06 SU      0.00 SU     
cnf599                                  64.94 SU      0.00 SU     
jrf548                                  64.77 SU      0.00 SU     
------------------------------------------------------------- 
    
