
Usage Report: Project=dp9 Period=2021.q1
=============================================================
    Grant:    18.00 MSU
     Used:     5.66 MSU
 Reserved:     1.18 KSU
    Avail:    12.34 MSU

Stakeholder                   Grant         Used        Avail
-------------------------------------------------------------
BoM                       18.00 MSU     5.66 MSU    12.34 MSU
------------------------------------------------------------- 

User                                        Used     Reserved
-------------------------------------------------------------    
as2291                                  21.10 KSU    10.58 SU     
ixd548                                  20.93 SU      0.00 SU     
ycx548                                  15.55 KSU     0.00 SU     
ttl548                                  33.45 KSU     0.00 SU     
vvk548                                   1.57 MSU     0.00 SU     
dl9118                                  85.72 KSU     0.00 SU     
iib548                                 141.11 KSU     0.00 SU     
wml548                                  24.11 SU      0.00 SU     
mxk548                                   2.60 MSU    20.50 SU     
hhz548                                  78.24 KSU     0.00 SU     
jtl548                                 126.42 KSU     0.00 SU     
sjr548                                  56.23 KSU     0.00 SU     
gl7525                                   5.02 SU      0.00 SU     
zhl548                                  20.78 KSU     0.00 SU     
fs5892                                  19.09 SU      0.00 SU     
glr548                                 891.61 KSU     0.00 SU     
zxs548                                 161.06 SU      0.00 SU     
cnf599                                   2.76 KSU     0.00 SU     
jrf548                                  77.97 SU      0.00 SU     
sb0446                                  19.31 KSU     1.14 KSU    
dr8819                                   0.46 SU      0.00 SU     
------------------------------------------------------------- 
    
