
Usage Report: Project=dp9 Period=2021.q1
=============================================================
    Grant:    18.00 MSU
     Used:    11.34 MSU
 Reserved:     1.77 KSU
    Avail:     6.66 MSU

Stakeholder                   Grant         Used        Avail
-------------------------------------------------------------
BoM                       18.00 MSU    11.34 MSU     6.66 MSU
------------------------------------------------------------- 

User                                        Used     Reserved
-------------------------------------------------------------    
as2291                                  36.97 KSU     0.00 SU     
ixd548                                  39.83 SU      0.00 SU     
ycx548                                  15.58 KSU     0.00 SU     
ttl548                                  64.30 KSU     8.75 SU     
vvk548                                   1.58 MSU     0.00 SU     
dl9118                                 167.60 KSU     0.00 SU     
iib548                                 490.31 KSU     0.00 SU     
wml548                                  32.31 SU      0.00 SU     
mxk548                                   5.56 MSU     0.00 SU     
hhz548                                 357.93 KSU     0.00 SU     
jtl548                                 733.35 KSU   225.00 SU     
sjr548                                 470.29 KSU     1.54 KSU    
gl7525                                   5.02 SU      0.00 SU     
zhl548                                  52.78 KSU     0.00 SU     
fs5892                                  16.48 KSU     0.00 SU     
glr548                                   1.76 MSU     0.00 SU     
zxs548                                 205.21 SU      0.00 SU     
cnf599                                   4.73 KSU     0.00 SU     
jrf548                                  77.97 SU      0.00 SU     
sb0446                                  21.43 KSU     0.00 SU     
dr8819                                   0.46 SU      0.00 SU     
yxm548                                 314.92 SU      0.00 SU     
slc548                                  62.10 SU      0.00 SU     
mxz548                                   0.04 SU      0.00 SU     
------------------------------------------------------------- 
    
