
Usage Report: Project=dp9 Period=2020.q4
=============================================================
    Grant:     9.00 MSU
     Used:     7.19 MSU
 Reserved:    16.33 SU 
    Avail:     1.81 MSU

Stakeholder                   Grant         Used        Avail
-------------------------------------------------------------
BoM                        9.00 MSU     7.19 MSU     1.81 MSU
------------------------------------------------------------- 

User                                        Used     Reserved
-------------------------------------------------------------    
vvk548                                   2.20 MSU     0.00 SU     
zxs548                                  42.81 KSU     0.00 SU     
ttl548                                  26.77 KSU     0.00 SU     
jtl548                                   1.52 MSU     0.00 SU     
as2291                                  13.28 KSU     3.83 SU     
mxk548                                   2.25 MSU    12.50 SU     
dl9118                                 260.43 KSU     0.00 SU     
fs5892                                   7.52 KSU     0.00 SU     
glr548                                 296.78 KSU     0.00 SU     
iib548                                 156.39 KSU     0.00 SU     
pjs548                                   1.32 KSU     0.00 SU     
sjr548                                 233.23 KSU     0.00 SU     
gsd548                                  56.53 KSU     0.00 SU     
ixd548                                  15.32 SU      0.00 SU     
wml548                                  27.19 KSU     0.00 SU     
mjw548                                   4.52 KSU     0.00 SU     
jrf548                                  13.95 SU      0.00 SU     
yxm548                                 132.68 SU      0.00 SU     
cnf599                                  52.82 KSU     0.00 SU     
cst565                                  37.92 KSU     0.00 SU     
chs548                                   7.59 KSU     0.00 SU     
ycx548                                  12.27 SU      0.00 SU     
------------------------------------------------------------- 
    
