
Usage Report: Project=dp9 Period=2021.q2
=============================================================
    Grant:    18.00 MSU
     Used:    12.44 MSU
 Reserved:     4.33 KSU
    Avail:     5.56 MSU
    
Stakeholder                   Grant         Used        Avail
-------------------------------------------------------------    
BoM                       18.00 MSU    12.44 MSU     5.56 MSU    
------------------------------------------------------------- 
    
User                                        Used     Reserved
-------------------------------------------------------------        
jtl548                                   2.12 MSU     0.00 SU         
dl9118                                 167.68 KSU     0.00 SU         
vvk548                                 545.77 KSU     0.00 SU         
mxk548                                   5.72 MSU     0.00 SU         
glr548                                   1.02 MSU     0.00 SU         
sjr548                                   1.68 MSU     0.00 SU         
ttl548                                  79.32 KSU   222.01 SU         
hhz548                                 269.59 KSU     4.10 KSU        
as2291                                  94.65 KSU    12.00 SU         
iib548                                 338.90 KSU     0.00 SU         
ixd548                                  31.58 SU      0.00 SU         
cnf599                                 114.55 KSU     0.00 SU         
yxm548                                   1.02 KSU     0.00 SU         
wml548                                 264.77 KSU     0.00 SU         
pjs548                                 487.44 SU      0.00 SU         
nwe548                                  44.22 SU      0.00 SU         
ycx548                                   0.05 SU      0.00 SU         
zxs548                                   4.62 KSU     0.00 SU         
jrf548                                  80.20 SU      0.00 SU         
slc548                                   2.12 KSU     0.00 SU         
-------------------------------------------------------------        

Storage Usage Report: Project=dp9
=============================================================
Filesystem        Used     iUsed    Allocation    iAllocation    
gdata1a      103.58 TB   31.37 M     270.00 TB        45.00 M        

Stakeholder                         Allocation    iAllocation
-------------------------------------------------------------            
BoM                                  270.00 TB        45.00 M                
-------------------------------------------------------------
            
