------------------------------------------------------------------------------
         project             user     space used      file size          count
------------------------------------------------------------------------------
          access           mjw548            0kB            5kB              1
          access           mrd599         32.7GB         32.7GB           4384
          access           ycx548          4.6GB          4.6GB           5022
          access           axs599            0kB          750kB             95
          access           hhz548          4.0kB          3.6kB              1
          access           mjn548        188.0kB        174.7kB              6
          access           jtl548         17.5GB         17.5GB          33460
          access           iib548          4.0kB          3.4kB              1
          access           zhl548        408.0kB        340.7kB             31
          access           ixd548        930.0MB        930.0MB              4
          access           wml548          8.1GB          7.7GB         206330
          access           ttl548         45.4MB         44.9MB            274
          access           sjr548          6.2GB          6.2GB           1652
          access           vvk548        856.0kB        743.4kB             52
          access           slc548            0kB            3kB              1
          access           mxk548          2.3TB          2.3TB          13388
          access           fs5892         43.0GB         43.0GB          19438
          access           as2291          6.3GB          6.0GB         181645
          access           dl9118        439.2MB        439.2MB             27
      access.dev           ycx548          9.6MB          9.3MB            168
      access.dev           axs599         12.0kB          850kB             23
      access.dev           mjn548          1.4MB          1.2MB            161
      access.dev           wml548         60.0kB         16.5kB             15
             dp9           mjw548        356.0GB        356.0GB            113
             dp9           mrd599          1.0GB          1.0GB             19
             dp9           cjb548         67.2GB         67.2GB          29980
             dp9           ycx548        958.5GB        958.2GB         179701
             dp9           yxm548          1.7TB          1.7TB         147106
             dp9           glr548         11.1TB         11.2TB        2141927
             dp9           cnf599          8.2TB          8.2TB         211996
             dp9           ljr548        331.2GB        331.0GB         107833
             dp9           hhz548         18.4TB         18.4TB        1447706
             dp9           zxs548        427.4GB        425.6GB        1208492
             dp9           mjn548        999.5GB        990.9GB        3390828
             dp9           jtl548          3.5TB          3.5TB        2374560
             dp9           iib548          1.6TB          1.6TB        2752913
             dp9           hqz548        151.1GB        151.1GB            287
             dp9           rmb548          4.0kB          4.0kB              1
             dp9           zhl548        346.4GB        346.1GB         160712
             dp9           ixd548          1.8TB          1.8TB         515320
             dp9           wml548          2.6TB          2.6TB         369735
             dp9           bxr548        367.2MB        367.1MB             75
             dp9           ttl548        137.6GB        136.8GB         343624
             dp9           pjs548         41.9GB         41.7GB          98863
             dp9           gsd548         10.5GB         10.2GB         175919
             dp9           sjr548          2.6TB          2.6TB        2643764
             dp9           vvk548          4.9TB          4.9TB        1313071
             dp9           xds548          2.1TB          2.1TB         207617
             dp9           cit548          2.6TB          2.6TB         217401
             dp9           slc548          1.2TB          1.2TB         305092
             dp9           jrf548        755.1GB        754.6GB         207569
             dp9           sss548         66.7GB         66.7GB           5780
             dp9           axs548          7.7GB          7.7GB           2993
             dp9           ffb548         64.0kB         64.0kB             16
             dp9           dhs548          8.0kB          8.0kB              2
             dp9           kkp548        465.3GB        465.3GB            513
             dp9           ijb548          4.0kB          4.0kB              1
             dp9           nwe548         13.7GB         13.7GB          45212
             dp9           chs548        228.2GB        228.1GB          63301
             dp9           mxk548          3.4TB          3.4TB         825656
             dp9           fs5892         13.4GB         13.1GB         142740
             dp9           as2291          1.1TB          1.1TB        1107019
             dp9           jb6931        332.1MB        332.1MB              2
             dp9           dl9118          4.0kB          4.0kB              1
             dp9           bf7468          4.0kB          4.0kB              2
             dp9           dr8819         73.6GB         72.9GB         348115
             dp9           nt4021          4.0kB          4.0kB              1
             dp9           sb0446        152.9GB        152.8GB           7172
             dp9           gl7525        394.5MB        349.9MB          19839
             du7           ycx548         16.0kB          9.8kB              4
             du7           sjr548         54.6MB         48.0MB           3641
             du7           xds548        256.0kB        162.2kB             70
             du7           chs548         20.1TB         20.1TB         484013
             dx2           pag548        291.7MB        291.7MB              1
             en0           mjw548          4.0kB          4.0kB              1
             en0           bxr548        128.0kB         89.2kB             25
             er7           gxk548         45.8MB         45.7MB             16
            ma05           chs548          1.9MB          1.7MB            126
             y03           sjr548         21.7MB         21.4MB            185
             ig2           dl9118         33.0GB         33.0GB           1804
             ja4           ttl548          1.1TB          1.1TB          86321
             lb4           ttl548         26.0GB         26.0GB           1177
------------------------------------------------------------------------------
