
Usage Report: Project=dp9 Period=2020.q2
=============================================================
    Grant:     6.00 MSU
     Used:     1.17 MSU
 Reserved:     3.60 KSU
    Avail:     4.82 MSU

Stakeholder                   Grant         Used        Avail
-------------------------------------------------------------
BoM                        6.00 MSU     1.18 MSU     4.82 MSU
------------------------------------------------------------- 

User                                        Used     Reserved
-------------------------------------------------------------    
gsd548                                  34.77 KSU     0.00 SU     
sjr548                                 553.81 KSU     3.59 KSU    
ttl548                                  52.48 KSU    13.75 SU     
zxs548                                  79.57 KSU     0.00 SU     
mxk548                                 224.60 KSU     0.00 SU     
zhl548                                  10.95 KSU     0.00 SU     
vvk548                                   8.70 KSU     0.00 SU     
ixd548                                  14.30 SU      0.00 SU     
mjw548                                 254.40 SU      0.00 SU     
jtl548                                   1.83 KSU     0.00 SU     
as2291                                   1.39 KSU     0.00 SU     
cjb548                                   0.01 SU      0.00 SU     
iib548                                 140.82 KSU     0.00 SU     
yxm548                                  44.82 SU      0.00 SU     
cnf599                                  12.47 KSU     0.00 SU     
glr548                                  49.87 KSU     0.00 SU     
hhz548                                   2.54 SU      0.00 SU     
chs548                                   1.06 SU      0.00 SU     
nwe548                                 118.84 SU      0.00 SU     
cit548                                 401.35 SU      0.00 SU     
------------------------------------------------------------- 
    
