ycx548(5420) 146139212463745
yxm548(5719) 14576535403681
glr548(5727) 1642784199209
cnf599(5768) 80853458246520
ljr548(5784) 67098654642
hhz548(5823) 217896275758220
zxs548(5834) 40976572728608
jtl548(6212) 35362179035927
iib548(6343) 2478170433731
gxk548(6415) 8290477571350
rmb548(6604) 110075043840
zhl548(6612) 122297810157001
ixd548(6616) 2343557991056
wml548(6674) 4140555968541
ttl548(7544) 178860081196021
pjs548(7881) 4460467534576
sjr548(8098) 79606936132532
vvk548(8205) 265870431757
xds548(8239) 16582688809930
cit548(8244) 125244965563198
slc548(8276) 7175403096615
jrf548(8285) 48313519461463
pag548(8312) 45773729001560
nwe548(10526) 9297580572560
chs548(10528) 36121544214163
mxk548(10810) 67086480300891
fs5892(12091) 8881017464643
as2291(12159) 278670727662
dp9 total =  1305123718163642 (1187 TB)
