
Usage Report: Project=dp9 Period=2020.q2
=============================================================
    Grant:     6.00 MSU
     Used:   390.62 KSU
 Reserved:     3.64 KSU
    Avail:     5.61 MSU

Stakeholder                   Grant         Used        Avail
-------------------------------------------------------------
BoM                        6.00 MSU   394.26 KSU     5.61 MSU
------------------------------------------------------------- 

User                                        Used     Reserved
-------------------------------------------------------------    
gsd548                                  28.09 KSU     0.00 SU     
sjr548                                 142.56 KSU     3.58 KSU    
ttl548                                  27.28 KSU    55.00 SU     
zxs548                                  46.94 KSU     0.00 SU     
mxk548                                 113.28 KSU     0.00 SU     
zhl548                                   3.98 KSU     0.00 SU     
vvk548                                   3.06 KSU     0.00 SU     
ixd548                                   9.66 SU      0.00 SU     
mjw548                                 227.47 SU      0.00 SU     
jtl548                                   1.19 KSU     0.00 SU     
as2291                                   1.10 KSU     0.00 SU     
cjb548                                   0.01 SU      0.00 SU     
iib548                                  10.02 KSU     0.00 SU     
yxm548                                  32.26 SU      0.00 SU     
cnf599                                  12.47 KSU     0.00 SU     
glr548                                 372.54 SU      0.00 SU     
hhz548                                   0.22 SU      0.00 SU     
------------------------------------------------------------- 
    
