
Usage Report: Project=dp9 Period=2021.q4
=============================================================
    Grant:    16.00 MSU
     Used:   266.79 KSU
 Reserved:     1.36 KSU
    Avail:    15.73 MSU
    
Stakeholder                   Grant         Used        Avail
-------------------------------------------------------------    
BoM                       16.00 MSU   269.43 KSU    15.73 MSU    
------------------------------------------------------------- 
    
User                                        Used     Reserved
-------------------------------------------------------------        
dl9118                                   1.92 KSU     0.00 SU         
vvk548                                 161.84 KSU     0.00 SU         
ttl548                                   2.43 KSU     0.00 SU         
as2291                                  12.04 KSU    12.00 SU         
mjz548                                  67.24 KSU     1.35 KSU        
iib548                                 673.78 SU      0.00 SU         
glr548                                   5.18 KSU     0.00 SU         
slc548                                   0.24 SU      0.00 SU         
pjs548                                   9.83 SU      0.00 SU         
pcl900                                   3.81 SU      0.00 SU         
sjr548                                  15.46 KSU     0.00 SU         
-------------------------------------------------------------        

Storage Usage Report: Project=dp9
=============================================================
Filesystem        Used     iUsed    Allocation    iAllocation    
gdata1a      135.78 TB   33.48 M     270.00 TB        45.00 M        

Stakeholder                         Allocation    iAllocation
-------------------------------------------------------------            
BoM                                  270.00 TB        45.00 M                
-------------------------------------------------------------
            
