
Usage Report: Project=dp9 Period=2021.q1
=============================================================
    Grant:    18.00 MSU
     Used:     3.57 MSU
 Reserved:     3.67 KSU
    Avail:    14.43 MSU

Stakeholder                   Grant         Used        Avail
-------------------------------------------------------------
BoM                       18.00 MSU     3.57 MSU    14.43 MSU
------------------------------------------------------------- 

User                                        Used     Reserved
-------------------------------------------------------------    
as2291                                  11.55 KSU    26.12 SU     
ixd548                                  17.01 SU      0.00 SU     
ycx548                                  15.55 KSU     0.00 SU     
ttl548                                  21.09 KSU   113.74 SU     
vvk548                                   1.56 MSU     0.00 SU     
dl9118                                  39.61 KSU   843.00 SU     
iib548                                 124.42 KSU     0.00 SU     
wml548                                  24.11 SU      0.00 SU     
mxk548                                   1.25 MSU     2.69 KSU    
hhz548                                  40.46 KSU     0.00 SU     
jtl548                                  18.21 KSU     0.00 SU     
sjr548                                  15.23 KSU     0.00 SU     
gl7525                                   5.02 SU      0.00 SU     
zhl548                                   0.09 SU      0.00 SU     
fs5892                                   0.57 SU      0.00 SU     
glr548                                 470.42 KSU     0.00 SU     
zxs548                                 161.06 SU      0.00 SU     
------------------------------------------------------------- 
    
