
Usage Report: Project=dp9 Period=2021.q2
=============================================================
    Grant:    18.00 MSU
     Used:    11.05 MSU
 Reserved:     2.56 KSU
    Avail:     6.95 MSU
    
Stakeholder                   Grant         Used        Avail
-------------------------------------------------------------    
BoM                       18.00 MSU    11.05 MSU     6.95 MSU    
------------------------------------------------------------- 
    
User                                        Used     Reserved
-------------------------------------------------------------        
jtl548                                   2.12 MSU     0.00 SU         
dl9118                                 159.31 KSU     0.00 SU         
vvk548                                 545.03 KSU     0.00 SU         
mxk548                                   4.86 MSU     2.30 KSU        
glr548                                 705.56 KSU     0.00 SU         
sjr548                                   1.68 MSU     0.00 SU         
ttl548                                  58.79 KSU   222.01 SU         
hhz548                                 229.09 KSU     0.00 SU         
as2291                                  63.31 KSU    34.50 SU         
iib548                                 314.92 KSU     0.00 SU         
ixd548                                  21.34 SU      0.00 SU         
cnf599                                  55.85 KSU     0.00 SU         
yxm548                                   1.02 KSU     0.00 SU         
wml548                                 262.79 KSU     0.00 SU         
pjs548                                 487.44 SU      0.00 SU         
nwe548                                   2.47 SU      0.00 SU         
ycx548                                   0.01 SU      0.00 SU         
zxs548                                   2.30 KSU     0.00 SU         
-------------------------------------------------------------        

Storage Usage Report: Project=dp9
=============================================================
Filesystem        Used     iUsed    Allocation    iAllocation    
gdata1a       98.14 TB   30.49 M     270.00 TB        45.00 M        

Stakeholder                         Allocation    iAllocation
-------------------------------------------------------------            
BoM                                  270.00 TB        45.00 M                
-------------------------------------------------------------
            
