
Usage Report: Project=dp9 Period=2020.q4
=============================================================
    Grant:     9.00 MSU
     Used:     8.07 MSU
 Reserved:     9.29 KSU
    Avail:   918.50 KSU

Stakeholder                   Grant         Used        Avail
-------------------------------------------------------------
BoM                        9.00 MSU     8.08 MSU   918.46 KSU
------------------------------------------------------------- 

User                                        Used     Reserved
-------------------------------------------------------------    
vvk548                                   2.21 MSU    24.00 SU     
zxs548                                  51.37 KSU     0.00 SU     
ttl548                                  33.73 KSU     0.00 SU     
jtl548                                   1.56 MSU   772.00 SU     
as2291                                  17.65 KSU    43.66 SU     
mxk548                                   2.86 MSU     7.68 KSU    
dl9118                                 261.92 KSU   768.00 SU     
fs5892                                   7.52 KSU     0.00 SU     
glr548                                 362.98 KSU     0.00 SU     
iib548                                 200.33 KSU     0.00 SU     
pjs548                                   1.32 KSU     0.00 SU     
sjr548                                 233.31 KSU     0.00 SU     
gsd548                                  76.06 KSU     0.00 SU     
ixd548                                  19.53 SU      0.00 SU     
wml548                                  38.78 KSU     0.00 SU     
mjw548                                   4.52 KSU     0.00 SU     
jrf548                                  13.95 SU      0.00 SU     
yxm548                                 132.68 SU      0.00 SU     
cnf599                                  52.87 KSU     0.00 SU     
cst565                                 100.82 KSU     0.00 SU     
chs548                                   7.77 KSU     0.00 SU     
ycx548                                  12.27 SU      0.00 SU     
mrd599                                   0.02 SU      0.00 SU     
------------------------------------------------------------- 
    
