
Usage Report: Project=dp9 Period=2021.q3
=============================================================
    Grant:    16.00 MSU
     Used:     6.03 MSU
 Reserved:     4.84 KSU
    Avail:     9.96 MSU
    
Stakeholder                   Grant         Used        Avail
-------------------------------------------------------------    
BoM                       16.00 MSU     6.04 MSU     9.96 MSU    
------------------------------------------------------------- 
    
User                                        Used     Reserved
-------------------------------------------------------------        
iib548                                  30.96 KSU     0.00 SU         
as2291                                  88.71 KSU     0.00 SU         
zxs548                                   3.61 KSU     0.00 SU         
ttl548                                  38.94 KSU   216.35 SU         
jtl548                                 278.44 KSU     0.00 SU         
glr548                                  82.46 KSU     0.00 SU         
sjr548                                   3.01 MSU     4.61 KSU        
vvk548                                 634.17 KSU     0.00 SU         
dl9118                                   4.03 KSU     0.00 SU         
mxk548                                   1.77 MSU     0.00 SU         
ycx548                                  10.60 KSU     0.00 SU         
slc548                                  51.53 SU      0.00 SU         
ixd548                                  36.06 SU      0.00 SU         
hhz548                                  77.12 KSU    13.00 SU         
jrf548                                  19.81 SU      0.00 SU         
rad548                                  24.17 SU      0.00 SU         
cnf599                                   2.40 KSU     0.00 SU         
jxh903                                   0.02 SU      0.00 SU         
yxm548                                  56.83 SU      0.00 SU         
cst565                                 191.71 SU      0.00 SU         
pjs548                                 336.09 SU      0.00 SU         
crd548                                 110.57 SU      0.00 SU         
wml548                                 136.10 SU      0.00 SU         
-------------------------------------------------------------        

Storage Usage Report: Project=dp9
=============================================================
Filesystem        Used     iUsed    Allocation    iAllocation    
gdata1a      111.35 TB   33.08 M     270.00 TB        45.00 M        

Stakeholder                         Allocation    iAllocation
-------------------------------------------------------------            
BoM                                  270.00 TB        45.00 M                
-------------------------------------------------------------
            
