
Usage Report: Project=dp9 Period=2021.q1
=============================================================
    Grant:    18.00 MSU
     Used:     8.76 MSU
 Reserved:     2.02 KSU
    Avail:     9.24 MSU

Stakeholder                   Grant         Used        Avail
-------------------------------------------------------------
BoM                       18.00 MSU     8.76 MSU     9.24 MSU
------------------------------------------------------------- 

User                                        Used     Reserved
-------------------------------------------------------------    
as2291                                  32.94 KSU     7.47 SU     
ixd548                                  30.96 SU      0.00 SU     
ycx548                                  15.58 KSU     0.00 SU     
ttl548                                  50.28 KSU     8.75 SU     
vvk548                                   1.57 MSU     0.00 SU     
dl9118                                  93.01 KSU     0.00 SU     
iib548                                 393.08 KSU     0.00 SU     
wml548                                  32.31 SU      0.00 SU     
mxk548                                   4.27 MSU     1.16 KSU    
hhz548                                 260.80 KSU     0.00 SU     
jtl548                                 342.03 KSU     0.00 SU     
sjr548                                 384.96 KSU     0.00 SU     
gl7525                                   5.02 SU      0.00 SU     
zhl548                                  40.85 KSU     0.00 SU     
fs5892                                  19.09 SU      0.00 SU     
glr548                                   1.28 MSU   840.00 SU     
zxs548                                 161.06 SU      0.00 SU     
cnf599                                   2.76 KSU     0.00 SU     
jrf548                                  77.97 SU      0.00 SU     
sb0446                                  21.43 KSU     0.00 SU     
dr8819                                   0.46 SU      0.00 SU     
yxm548                                 314.92 SU      0.00 SU     
slc548                                  61.01 SU      0.00 SU     
------------------------------------------------------------- 
    
