
Usage Report: Project=dp9 Period=2021.q1
=============================================================
    Grant:    18.00 MSU
     Used:    11.15 MSU
 Reserved:    13.49 KSU
    Avail:     6.84 MSU

Stakeholder                   Grant         Used        Avail
-------------------------------------------------------------
BoM                       18.00 MSU    11.16 MSU     6.84 MSU
------------------------------------------------------------- 

User                                        Used     Reserved
-------------------------------------------------------------    
as2291                                  36.94 KSU     0.00 SU     
ixd548                                  38.22 SU      0.00 SU     
ycx548                                  15.58 KSU     0.00 SU     
ttl548                                  63.51 KSU     8.75 SU     
vvk548                                   1.58 MSU     0.00 SU     
dl9118                                 165.67 KSU     0.00 SU     
iib548                                 477.87 KSU     0.00 SU     
wml548                                  32.31 SU      0.00 SU     
mxk548                                   5.51 MSU     2.08 SU     
hhz548                                 350.95 KSU     0.00 SU     
jtl548                                 681.58 KSU     6.27 KSU    
sjr548                                 429.31 KSU     8.00 SU     
gl7525                                   5.02 SU      0.00 SU     
zhl548                                  52.36 KSU     0.00 SU     
fs5892                                  10.48 KSU     0.00 SU     
glr548                                   1.74 MSU     7.20 KSU    
zxs548                                 205.21 SU      0.00 SU     
cnf599                                   4.73 KSU     0.00 SU     
jrf548                                  77.97 SU      0.00 SU     
sb0446                                  21.43 KSU     0.00 SU     
dr8819                                   0.46 SU      0.00 SU     
yxm548                                 314.92 SU      0.00 SU     
slc548                                  62.10 SU      0.00 SU     
mxz548                                   0.04 SU      0.00 SU     
------------------------------------------------------------- 
    
