
Usage Report: Project=dp9 Period=2021.q1
=============================================================
    Grant:    18.00 MSU
     Used:     9.84 MSU
 Reserved:    57.48 KSU
    Avail:     8.10 MSU

Stakeholder                   Grant         Used        Avail
-------------------------------------------------------------
BoM                       18.00 MSU     9.90 MSU     8.10 MSU
------------------------------------------------------------- 

User                                        Used     Reserved
-------------------------------------------------------------    
as2291                                  35.17 KSU     2.67 SU     
ixd548                                  35.60 SU      0.00 SU     
ycx548                                  15.58 KSU     0.00 SU     
ttl548                                  57.16 KSU     8.75 SU     
vvk548                                   1.58 MSU     0.00 SU     
dl9118                                 139.90 KSU     0.00 SU     
iib548                                 458.05 KSU     0.00 SU     
wml548                                  32.31 SU      0.00 SU     
mxk548                                   4.88 MSU     1.15 KSU    
hhz548                                 314.27 KSU     0.00 SU     
jtl548                                 432.08 KSU     0.00 SU     
sjr548                                 401.53 KSU     0.00 SU     
gl7525                                   5.02 SU      0.00 SU     
zhl548                                  40.85 KSU     0.00 SU     
fs5892                                  19.09 SU      0.00 SU     
glr548                                   1.46 MSU    56.32 KSU    
zxs548                                 205.21 SU      0.00 SU     
cnf599                                   4.73 KSU     0.00 SU     
jrf548                                  77.97 SU      0.00 SU     
sb0446                                  21.43 KSU     0.00 SU     
dr8819                                   0.46 SU      0.00 SU     
yxm548                                 314.92 SU      0.00 SU     
slc548                                  62.10 SU      0.00 SU     
------------------------------------------------------------- 
    
