------------------------------------------------------------------------------
         project             user     space used      file size          count
------------------------------------------------------------------------------
             dp9           mjw548          4.5GB          4.3GB          99070
             dp9           mrd599         19.6GB         19.6GB          28060
             dp9           jcf548         32.0kB         32.0kB              2
             dp9           cjb548         32.0kB         32.0kB              2
             dp9           ycx548          1.3TB          2.8TB         161385
             dp9           ach599         32.0kB         32.0kB              2
             dp9           yxm548         12.4TB         12.7TB        1125226
             dp9           glr548         92.3TB        101.3TB        2216470
             dp9           cnf599          6.2TB          7.0TB         207928
             dp9           ljr548          5.1GB          5.1GB           6492
             dp9           hhz548         36.4TB         40.0TB         592004
             dp9           zxs548          5.6TB          5.8TB         639128
             dp9           mjn548          5.1GB          5.1GB            212
             dp9           jtl548        111.5TB        114.7TB        3491222
             dp9           mxz548          4.0GB          4.5GB              3
             dp9           iib548          3.4TB          3.9TB        4115318
             dp9           gxk548         32.0kB         32.0kB              2
             dp9           hqz548         32.0kB         32.0kB              2
             dp9           rmb548         32.0kB         32.0kB              2
             dp9           zhl548          8.5TB          9.7TB         425460
             dp9           ixd548          1.1GB          1.0GB          18146
             dp9           wml548         95.9TB        106.7TB         891762
             dp9           bxr548         77.4GB         83.7GB            104
             dp9           ttl548         96.3TB        101.5TB        1371243
             dp9           pjs548        826.8MB        824.0MB           1373
             dp9           gsd548         32.0kB         32.0kB              2
             dp9           sjr548         91.8TB         96.1TB        2723013
             dp9           vvk548          6.4TB          6.4TB         461914
             dp9           xds548        289.2GB        289.2GB           2345
             dp9           cit548        142.5MB        142.5MB             11
             dp9           rad548          1.1MB        926.2kB            116
             dp9           slc548          5.2TB          5.3TB         125369
             dp9           jrf548         52.0kB         48.4kB              4
             dp9           pag548        128.0kB        128.0kB              8
             dp9           hhn548         32.0kB         32.0kB              2
             dp9           sss548         32.0kB         32.0kB              2
             dp9           kkp548         32.0kB         32.0kB              2
             dp9           ijb548         48.0kB         48.0kB              3
             dp9           nwe548         32.0kB         32.0kB              2
             dp9           chs548         12.3MB         16.2MB             61
             dp9           yxz548         32.0kB         32.0kB              2
             dp9           cst565        230.7GB        230.7GB            371
             dp9           mxk548        365.9TB        386.0TB        3290809
             dp9           vov548          3.0TB          3.0TB          37209
             dp9           tc2375         32.0kB         32.0kB              2
             dp9           fs5892          1.2TB          2.1TB         267008
             dp9           jl0029         32.0kB         32.0kB              2
             dp9           as2291          2.8TB          2.8TB         220243
             dp9           jb6931         32.0kB         32.0kB              2
             dp9           dl9118          4.7TB          5.2TB         597483
             dp9           bf7468         32.0kB         32.0kB              2
             dp9           cs0369         32.0kB         32.0kB              2
             dp9           dr8819        189.8GB        189.8GB           5123
             dp9           nt4021        108.8GB        108.7GB           4384
             dp9           hw4629         32.0kB         32.0kB              2
             dp9           sl8973         32.0kB         32.0kB              2
             dp9           ml6621         32.0kB         32.0kB              2
             dp9           sb0446        294.6GB        322.5GB          11419
             dp9           gl7525        553.1MB        504.8MB          24000
             du7           sjr548        594.4MB        569.1MB          13577
             du7           nwe548         71.3MB         72.6MB            478
             du7           chs548        139.3GB        143.8GB            337
             dx2           hhz548          6.3TB          6.8TB          34762
             en0           bxr548          1.5GB          1.4GB          42912
             ep4           jcf548          2.2TB          2.4TB          16007
          public           glr548          1.9MB          1.9MB              2
          public           ttl548          1.7TB          1.7TB           6455
          public           slc548         43.5MB         43.0MB            298
             rr6           ijb548          8.0kB          1.3kB              2
            us94           mxk548         91.1MB         89.3MB           1225
             z50           sjr548          8.0kB          7.8kB              2
             z50           mxk548        156.0kB        148.4kB             39
------------------------------------------------------------------------------
