
Usage Report: Project=dp9 Period=2020.q4
=============================================================
    Grant:     9.00 MSU
     Used:     7.02 MSU
 Reserved:    16.50 KSU
    Avail:     1.96 MSU

Stakeholder                   Grant         Used        Avail
-------------------------------------------------------------
BoM                        9.00 MSU     7.04 MSU     1.96 MSU
------------------------------------------------------------- 

User                                        Used     Reserved
-------------------------------------------------------------    
vvk548                                   2.20 MSU     0.00 SU     
zxs548                                  42.81 KSU     0.00 SU     
ttl548                                  26.61 KSU    58.58 SU     
jtl548                                   1.52 MSU     0.00 SU     
as2291                                  13.03 KSU     3.17 SU     
mxk548                                   2.16 MSU     1.18 KSU    
dl9118                                 260.43 KSU     0.00 SU     
fs5892                                   7.52 KSU     0.00 SU     
glr548                                 234.66 KSU     7.20 KSU    
iib548                                 156.39 KSU     0.00 SU     
pjs548                                   1.32 KSU     0.00 SU     
sjr548                                 233.23 KSU     0.00 SU     
gsd548                                  49.47 KSU     8.06 KSU    
ixd548                                  15.32 SU      0.00 SU     
wml548                                  19.17 KSU     0.00 SU     
mjw548                                   4.52 KSU     0.00 SU     
jrf548                                  13.95 SU      0.00 SU     
yxm548                                 132.68 SU      0.00 SU     
cnf599                                  52.82 KSU     0.00 SU     
cst565                                  27.75 KSU     0.00 SU     
chs548                                   7.56 KSU     0.00 SU     
ycx548                                  12.27 SU      0.00 SU     
------------------------------------------------------------- 
    
