
Usage Report: Project=dp9 Period=2021.q1
=============================================================
    Grant:    18.00 MSU
     Used:     2.58 MSU
 Reserved:    11.96 KSU
    Avail:    15.41 MSU

Stakeholder                   Grant         Used        Avail
-------------------------------------------------------------
BoM                       18.00 MSU     2.59 MSU    15.41 MSU
------------------------------------------------------------- 

User                                        Used     Reserved
-------------------------------------------------------------    
as2291                                   7.04 KSU    16.00 SU     
ixd548                                  14.36 SU      0.00 SU     
ycx548                                  15.55 KSU     0.00 SU     
ttl548                                  17.07 KSU   126.91 SU     
vvk548                                   1.56 MSU     0.00 SU     
dl9118                                  20.12 KSU     0.00 SU     
iib548                                  88.52 KSU     0.00 SU     
wml548                                  24.11 SU      0.00 SU     
mxk548                                 759.09 KSU     4.62 KSU    
hhz548                                  27.66 KSU     7.20 KSU    
jtl548                                   1.99 KSU     0.00 SU     
sjr548                                  14.17 KSU     0.00 SU     
gl7525                                   5.02 SU      0.00 SU     
zhl548                                   0.00 SU      0.00 SU     
fs5892                                   0.57 SU      0.00 SU     
glr548                                  63.73 KSU     0.00 SU     
zxs548                                 101.40 SU      0.00 SU     
------------------------------------------------------------- 
    
