
Usage Report: Project=dp9 Period=2020.q4
=============================================================
    Grant:     9.00 MSU
     Used:     4.73 MSU
 Reserved:    51.87 KSU
    Avail:     4.22 MSU

Stakeholder                   Grant         Used        Avail
-------------------------------------------------------------
BoM                        9.00 MSU     4.78 MSU     4.22 MSU
------------------------------------------------------------- 

User                                        Used     Reserved
-------------------------------------------------------------    
vvk548                                 944.58 KSU    51.84 KSU    
zxs548                                  40.76 KSU     0.00 SU     
ttl548                                  18.00 KSU    28.75 SU     
jtl548                                   1.52 MSU     0.00 SU     
as2291                                   8.64 KSU     0.00 SU     
mxk548                                   1.38 MSU     0.00 SU     
dl9118                                 257.80 KSU     0.00 SU     
fs5892                                   7.49 KSU     0.00 SU     
glr548                                 113.06 KSU     0.00 SU     
iib548                                 129.13 KSU     0.00 SU     
pjs548                                   1.04 KSU     0.00 SU     
sjr548                                 231.54 KSU     0.00 SU     
gsd548                                  43.23 KSU     0.00 SU     
ixd548                                  10.04 SU      0.00 SU     
wml548                                   3.48 KSU     0.00 SU     
mjw548                                   4.52 KSU     0.00 SU     
jrf548                                  13.95 SU      0.00 SU     
yxm548                                 132.68 SU      0.00 SU     
cnf599                                  33.36 KSU     0.00 SU     
------------------------------------------------------------- 
    
