
Usage Report: Project=dp9 Period=2020.q4
=============================================================
    Grant:    18.00 MSU
     Used:    16.52 MSU
 Reserved:    21.25 SU 
    Avail:     1.48 MSU

Stakeholder                   Grant         Used        Avail
-------------------------------------------------------------
BoM                       18.00 MSU    16.52 MSU     1.48 MSU
------------------------------------------------------------- 

User                                        Used     Reserved
-------------------------------------------------------------    
vvk548                                   6.20 MSU     0.00 SU     
zxs548                                  57.59 KSU     0.00 SU     
ttl548                                  60.05 KSU     8.75 SU     
jtl548                                   1.94 MSU     0.00 SU     
as2291                                  33.88 KSU     0.00 SU     
mxk548                                   4.99 MSU    12.50 SU     
dl9118                                 946.83 KSU     0.00 SU     
fs5892                                   7.52 KSU     0.00 SU     
glr548                                   1.05 MSU     0.00 SU     
iib548                                 252.12 KSU     0.00 SU     
pjs548                                   1.50 KSU     0.00 SU     
sjr548                                 317.81 KSU     0.00 SU     
gsd548                                 151.93 KSU     0.00 SU     
ixd548                                  34.81 SU      0.00 SU     
wml548                                 314.79 KSU     0.00 SU     
mjw548                                   4.52 KSU     0.00 SU     
jrf548                                  13.95 SU      0.00 SU     
yxm548                                 132.68 SU      0.00 SU     
cnf599                                  52.91 KSU     0.00 SU     
cst565                                 100.82 KSU     0.00 SU     
chs548                                  45.49 KSU     0.00 SU     
ycx548                                  40.09 SU      0.00 SU     
mrd599                                   0.02 SU      0.00 SU     
cit548                                  10.09 SU      0.00 SU     
slc548                                   0.03 SU      0.00 SU     
------------------------------------------------------------- 
    
