
Usage Report: Project=dp9 Period=2021.q1
=============================================================
    Grant:    18.00 MSU
     Used:     4.83 MSU
 Reserved:    15.99 SU 
    Avail:    13.17 MSU

Stakeholder                   Grant         Used        Avail
-------------------------------------------------------------
BoM                       18.00 MSU     4.83 MSU    13.17 MSU
------------------------------------------------------------- 

User                                        Used     Reserved
-------------------------------------------------------------    
as2291                                  17.09 KSU    17.69 SU     
ixd548                                  19.73 SU      0.00 SU     
ycx548                                  15.55 KSU     0.00 SU     
ttl548                                  27.51 KSU     4.00 SU     
vvk548                                   1.57 MSU     0.00 SU     
dl9118                                  74.06 KSU     0.00 SU     
iib548                                 125.24 KSU     0.00 SU     
wml548                                  24.11 SU      0.00 SU     
mxk548                                   2.01 MSU     0.00 SU     
hhz548                                  71.01 KSU     0.00 SU     
jtl548                                  34.99 KSU     0.00 SU     
sjr548                                  40.25 KSU     0.00 SU     
gl7525                                   5.02 SU      0.00 SU     
zhl548                                  13.80 KSU     0.00 SU     
fs5892                                   7.22 SU      0.00 SU     
glr548                                 823.56 KSU     0.00 SU     
zxs548                                 161.06 SU      0.00 SU     
cnf599                                   2.76 KSU     0.00 SU     
jrf548                                  77.97 SU      0.00 SU     
sb0446                                   7.22 KSU     0.00 SU     
------------------------------------------------------------- 
    
