
Usage Report: Project=dp9 Period=2020.q2
=============================================================
    Grant:     6.00 MSU
     Used:     4.25 MSU
 Reserved:     4.66 KSU
    Avail:     1.75 MSU

Stakeholder                   Grant         Used        Avail
-------------------------------------------------------------
BoM                        6.00 MSU     4.25 MSU     1.75 MSU
------------------------------------------------------------- 

User                                        Used     Reserved
-------------------------------------------------------------    
gsd548                                 109.49 KSU     0.00 SU     
sjr548                                 850.95 KSU     0.00 SU     
ttl548                                  86.34 KSU    55.00 SU     
zxs548                                 237.57 KSU     0.00 SU     
mxk548                                   1.10 MSU     0.00 SU     
zhl548                                  12.36 KSU     0.00 SU     
vvk548                                  18.46 KSU     0.00 SU     
ixd548                                 792.04 SU      0.00 SU     
mjw548                                   5.11 KSU     0.00 SU     
jtl548                                   5.00 KSU     0.00 SU     
as2291                                   7.34 KSU     0.00 SU     
cjb548                                   0.01 SU      0.00 SU     
iib548                                   1.07 MSU     0.00 SU     
yxm548                                 102.86 SU      0.00 SU     
cnf599                                  12.47 KSU     0.00 SU     
glr548                                 195.99 KSU     0.00 SU     
hhz548                                   9.14 KSU     0.00 SU     
chs548                                   1.06 SU      0.00 SU     
nwe548                                 118.84 SU      0.00 SU     
cit548                                   1.32 KSU     0.00 SU     
mrd599                                   0.21 SU      0.00 SU     
fs5892                                 157.12 SU      0.00 SU     
wml548                                 527.13 KSU     4.61 KSU    
pjs548                                   0.02 SU      0.00 SU     
xds548                                   1.10 KSU     0.00 SU     
mjn548                                   0.78 SU      0.00 SU     
------------------------------------------------------------- 
    
