
Usage Report: Project=dp9 Period=2020.q3
=============================================================
    Grant:     9.00 MSU
     Used:   538.39 KSU
 Reserved:    13.75 SU 
    Avail:     8.46 MSU

Stakeholder                   Grant         Used        Avail
-------------------------------------------------------------
BoM                        9.00 MSU   496.39 KSU     8.50 MSU
------------------------------------------------------------- 

User                                        Used     Reserved
-------------------------------------------------------------    
ttl548                                  13.96 KSU    13.75 SU     
hhz548                                 309.42 KSU     0.00 SU     
mxk548                                   7.88 KSU     0.00 SU     
iib548                                   1.49 KSU     0.00 SU     
vvk548                                   1.92 KSU     0.00 SU     
yxm548                                  23.29 SU      0.00 SU     
zxs548                                   9.65 KSU     0.00 SU     
as2291                                 181.63 SU      0.00 SU     
gsd548                                  20.76 KSU     0.00 SU     
glr548                                  77.75 KSU     0.00 SU     
sjr548                                   1.73 KSU     0.00 SU     
wml548                                  91.98 KSU     0.00 SU     
jtl548                                   1.10 KSU     0.00 SU     
pjs548                                 518.66 SU      0.00 SU     
mjw548                                   9.18 SU      0.00 SU     
ixd548                                   5.88 SU      0.00 SU     
------------------------------------------------------------- 
    
