
Usage Report: Project=dp9 Period=2020.q2
=============================================================
    Grant:     6.00 MSU
     Used:     2.48 MSU
 Reserved:    12.58 KSU
    Avail:     3.50 MSU

Stakeholder                   Grant         Used        Avail
-------------------------------------------------------------
BoM                        6.00 MSU     2.50 MSU     3.50 MSU
------------------------------------------------------------- 

User                                        Used     Reserved
-------------------------------------------------------------    
gsd548                                  78.03 KSU     0.00 SU     
sjr548                                 850.72 KSU     0.00 SU     
ttl548                                  70.70 KSU    68.75 SU     
zxs548                                 162.92 KSU     0.00 SU     
mxk548                                 401.87 KSU    12.29 KSU    
zhl548                                  10.95 KSU     0.00 SU     
vvk548                                  14.82 KSU     0.00 SU     
ixd548                                 257.39 SU      0.00 SU     
mjw548                                   4.64 KSU     0.00 SU     
jtl548                                   3.90 KSU     0.00 SU     
as2291                                   6.49 KSU     0.00 SU     
cjb548                                   0.01 SU      0.00 SU     
iib548                                 675.85 KSU     0.00 SU     
yxm548                                  75.72 SU    168.00 SU     
cnf599                                  12.47 KSU     0.00 SU     
glr548                                 174.82 KSU    60.00 SU     
hhz548                                  24.39 SU      0.00 SU     
chs548                                   1.06 SU      0.00 SU     
nwe548                                 118.84 SU      0.00 SU     
cit548                                   1.32 KSU     0.00 SU     
mrd599                                   0.21 SU      0.00 SU     
fs5892                                 157.12 SU      0.00 SU     
wml548                                  14.62 KSU     0.00 SU     
------------------------------------------------------------- 
    
