
Usage Report: Project=dp9 Period=2020.q3
=============================================================
    Grant:     9.00 MSU
     Used:     5.23 MSU
 Reserved:    10.67 SU 
    Avail:     3.77 MSU

Stakeholder                   Grant         Used        Avail
-------------------------------------------------------------
BoM                        9.00 MSU     5.19 MSU     3.81 MSU
------------------------------------------------------------- 

User                                        Used     Reserved
-------------------------------------------------------------    
ttl548                                  94.13 KSU     0.00 SU     
hhz548                                 564.00 KSU     0.00 SU     
mxk548                                   2.23 MSU     0.00 SU     
iib548                                  40.77 KSU     0.00 SU     
vvk548                                 351.05 KSU     0.00 SU     
yxm548                                  48.98 SU      0.00 SU     
zxs548                                 122.52 KSU     0.00 SU     
as2291                                  15.91 KSU     0.00 SU     
gsd548                                 182.28 KSU     0.00 SU     
glr548                                 256.92 KSU     0.00 SU     
sjr548                                 429.43 KSU     0.00 SU     
wml548                                 732.24 KSU     0.00 SU     
jtl548                                 165.84 KSU    10.67 SU     
pjs548                                   2.29 KSU     0.00 SU     
mjw548                                  28.30 KSU     0.00 SU     
ixd548                                  31.60 SU      0.00 SU     
bxr548                                   0.93 SU      0.00 SU     
fs5892                                  62.73 SU      0.00 SU     
jrf548                                  96.25 SU      0.00 SU     
xds548                                  24.02 SU      0.00 SU     
dl9118                                  11.12 KSU     0.00 SU     
cnf599                                   4.45 KSU     0.00 SU     
------------------------------------------------------------- 
    
