
Usage Report: Project=dp9 Period=2021.q2
=============================================================
    Grant:    18.00 MSU
     Used:     2.53 MSU
 Reserved:   426.18 SU 
    Avail:    15.47 MSU

Stakeholder                   Grant         Used        Avail
-------------------------------------------------------------
BoM                       18.00 MSU     2.53 MSU    15.47 MSU
------------------------------------------------------------- 

User                                        Used     Reserved
-------------------------------------------------------------    
jtl548                                 711.43 KSU     0.00 SU     
dl9118                                   5.47 KSU     0.00 SU     
vvk548                                 534.70 KSU     0.00 SU     
mxk548                                 293.71 KSU     0.00 SU     
glr548                                 118.76 KSU     0.00 SU     
sjr548                                 655.41 KSU   220.50 SU     
ttl548                                   5.16 KSU   205.68 SU     
hhz548                                 186.27 KSU     0.00 SU     
as2291                                   2.72 KSU     0.00 SU     
iib548                                  17.61 KSU     0.00 SU     
------------------------------------------------------------- 
    
