
Usage Report: Project=dp9 Period=2020.q4
=============================================================
    Grant:     9.00 MSU
     Used:     5.58 MSU
 Reserved:    17.89 KSU
    Avail:     3.40 MSU

Stakeholder                   Grant         Used        Avail
-------------------------------------------------------------
BoM                        9.00 MSU     5.61 MSU     3.39 MSU
------------------------------------------------------------- 

User                                        Used     Reserved
-------------------------------------------------------------    
vvk548                                   1.41 MSU     5.18 KSU    
zxs548                                  41.28 KSU     0.00 SU     
ttl548                                  20.28 KSU     0.00 SU     
jtl548                                   1.52 MSU     0.00 SU     
as2291                                  10.02 KSU     2.00 SU     
mxk548                                   1.71 MSU     1.29 KSU    
dl9118                                 257.80 KSU     0.00 SU     
fs5892                                   7.52 KSU     0.00 SU     
glr548                                 140.24 KSU    11.26 KSU    
iib548                                 141.33 KSU     0.00 SU     
pjs548                                   1.32 KSU     0.00 SU     
sjr548                                 231.55 KSU     0.00 SU     
gsd548                                  43.23 KSU     0.00 SU     
ixd548                                  13.82 SU      0.00 SU     
wml548                                   3.51 KSU     0.00 SU     
mjw548                                   4.52 KSU     0.00 SU     
jrf548                                  13.95 SU      0.00 SU     
yxm548                                 132.68 SU      0.00 SU     
cnf599                                  33.43 KSU   150.00 SU     
cst565                                   6.50 KSU     0.00 SU     
chs548                                   5.86 KSU     0.00 SU     
ycx548                                  12.27 SU      0.00 SU     
------------------------------------------------------------- 
    
