
Usage Report: Project=dp9 Period=2020.q4
=============================================================
    Grant:     9.00 MSU
     Used:     3.22 MSU
 Reserved:     6.81 KSU
    Avail:     5.77 MSU

Stakeholder                   Grant         Used        Avail
-------------------------------------------------------------
BoM                        9.00 MSU     3.23 MSU     5.77 MSU
------------------------------------------------------------- 

User                                        Used     Reserved
-------------------------------------------------------------    
vvk548                                 657.58 KSU     0.00 SU     
zxs548                                  40.61 KSU     0.00 SU     
ttl548                                  11.68 KSU     8.75 SU     
jtl548                                   1.38 MSU     1.15 KSU    
as2291                                   5.70 KSU     2.50 SU     
mxk548                                 769.00 KSU     4.61 KSU    
dl9118                                  54.49 KSU   941.00 SU     
fs5892                                   7.36 KSU     0.00 SU     
glr548                                  67.14 KSU     0.00 SU     
iib548                                  98.67 KSU     0.00 SU     
pjs548                                 710.10 SU      0.00 SU     
sjr548                                  91.84 KSU     0.00 SU     
gsd548                                  31.39 KSU     0.00 SU     
ixd548                                   7.31 SU      0.00 SU     
wml548                                   3.39 KSU   100.00 SU     
mjw548                                   4.52 KSU     0.00 SU     
jrf548                                  13.95 SU      0.00 SU     
------------------------------------------------------------- 
    
