------------------------------------------------------------------------------
         project             user     space used      file size          count
------------------------------------------------------------------------------
          access           mjw548            0kB            5kB              1
          access           ycx548          3.8GB          3.8GB           5016
          access           axs599            0kB          750kB             95
          access           hhz548          4.0kB          3.6kB              1
          access           jtl548         12.4GB         12.4GB           7242
          access           iib548          4.0kB          3.4kB              1
          access           zhl548         44.0kB         33.8kB              3
          access           ixd548        930.0MB        930.0MB              4
          access           sjr548         58.4GB         58.4GB           2485
          access           xds548        280.0kB        230.2kB             26
          access           slc548            0kB            3kB              1
          access           nwe548            0kB           28kB              3
          access           mxk548          2.3TB          2.3TB          13383
          access           fs5892         25.3GB         25.3GB          11019
          access           as2291          3.5GB          3.4GB         104352
      access.dev           ycx548          9.6MB          9.3MB            168
      access.dev           axs599         12.0kB          850kB             23
      access.dev           mjn548          1.4MB          1.2MB            161
      access.dev           wml548         60.0kB         16.5kB             15
             dp9           mjw548        356.0GB        356.0GB            113
             dp9           mrd599          1.0GB          1.0GB             19
             dp9           cjb548         67.2GB         67.2GB          29980
             dp9           ycx548          9.2TB          9.4TB        3523084
             dp9           yxm548          1.7TB          1.7TB         147106
             dp9           glr548          5.6TB          5.6TB        2128674
             dp9           cnf599         30.9TB         35.9TB         256593
             dp9           ljr548        331.3GB        331.0GB         107830
             dp9           hhz548         17.8TB         20.8TB        1644743
             dp9           zxs548        406.1GB        402.9GB         910518
             dp9           mjn548       1007.2GB        990.8GB        3330724
             dp9           jtl548          5.9TB          6.0TB        3642776
             dp9           iib548          1.3TB          1.3TB        2720735
             dp9           hqz548        151.1GB        151.1GB            287
             dp9           rmb548          4.0kB          4.0kB              1
             dp9           zhl548        342.5GB        342.1GB         160459
             dp9           ixd548          1.6TB          1.6TB         457236
             dp9           wml548          2.6TB          2.6TB         367652
             dp9           bxr548        367.2MB        367.1MB             75
             dp9           ttl548         96.5GB         94.7GB         343619
             dp9           pjs548         41.9GB         41.7GB          98843
             dp9           gsd548          3.2TB          3.2TB         349410
             dp9           sjr548          2.0TB          2.0TB        2522504
             dp9           vvk548          4.6TB          4.6TB        1307649
             dp9           xds548          2.1TB          2.2TB         207658
             dp9           cit548          3.8TB          3.8TB         225958
             dp9           slc548        198.3GB        198.2GB         132735
             dp9           jrf548          2.1TB          2.2TB         333549
             dp9           sss548         65.2GB         66.7GB           5780
             dp9           axs548          7.7GB          7.7GB           2993
             dp9           ffb548         64.0kB         64.0kB             16
             dp9           dhs548          8.0kB          8.0kB              2
             dp9           kkp548        465.3GB        465.3GB            513
             dp9           ijb548          4.0kB          4.0kB              1
             dp9           nwe548         13.6GB         13.7GB          45212
             dp9           chs548        209.0GB        228.1GB          62712
             dp9           mxk548          7.0TB          7.2TB         924017
             dp9           fs5892         11.8TB         13.1TB         409138
             dp9           as2291          1.7TB          1.7TB        1088466
             dp9           jb6931        332.1MB        332.1MB              2
             dp9           bf7468          1.8MB          1.8MB              2
             dp9           dr8819        213.9GB        212.9GB         189479
             dp9           nt4021          4.0kB          4.0kB              1
             du7           ycx548         16.0kB          9.8kB              4
             du7           xds548        424.0kB        170.2kB             70
             du7           chs548         25.3TB         25.5TB         347685
             dx2           pag548        291.7MB        291.7MB              1
             en0           mjw548          4.0kB          4.0kB              1
             en0           bxr548        204.0kB         89.2kB             25
             er7           gxk548         45.8MB         45.7MB             16
            ma05           chs548          1.9MB          1.7MB            126
             y03           cjb548          1.9MB          1.9MB              1
             y03           sjr548         21.7MB         21.4MB            185
------------------------------------------------------------------------------
