
Usage Report: Project=dp9 Period=2021.q2
=============================================================
    Grant:    18.00 MSU
     Used:     2.09 MSU
 Reserved:    42.76 KSU
    Avail:    15.87 MSU

Stakeholder                   Grant         Used        Avail
-------------------------------------------------------------
BoM                       18.00 MSU     2.13 MSU    15.87 MSU
------------------------------------------------------------- 

User                                        Used     Reserved
-------------------------------------------------------------    
jtl548                                 610.72 KSU     6.77 KSU    
dl9118                                   5.47 KSU     0.00 SU     
vvk548                                 433.79 KSU    34.56 KSU    
mxk548                                 293.71 KSU     0.00 SU     
glr548                                  97.88 KSU     0.00 SU     
sjr548                                 500.36 KSU     1.21 KSU    
ttl548                                   4.39 KSU   213.85 SU     
hhz548                                 121.32 KSU     0.00 SU     
as2291                                   2.56 KSU     0.00 SU     
iib548                                  17.61 KSU     0.00 SU     
------------------------------------------------------------- 
    
