------------------------------------------------------------------------------
         project             user     space used      file size          count
------------------------------------------------------------------------------
             dp9           pjs548          103MB          103MB             86
             dp9           gsd548         32.0kB         32.0kB              2
             dp9           jtl548         8288GB         8347GB         925298
          access           jtl548         4203MB         4158MB          26128
             dp9           hw4629         32.0kB         32.0kB              2
             dp9           mjw548          255GB          255GB         303716
          access           mjw548         13.0TB         13.0TB        3592416
             dp9           jrf548         32.0kB         32.0kB              2
             dp9           mjn548         5208MB         5208MB            212
          access           mjn548          188kB          175kB              6
             dp9           bxr548         32.0kB         32.0kB              2
             en0           bxr548         1528MB         1448MB          42412
             dp9           rmb548         32.0kB         32.0kB              2
             dp9           yxm548         15.1TB         15.1TB        1197655
             dp9           vvk548          9.8TB          9.9TB         222386
          access           vvk548          424kB          384kB             17
          public           vvk548         28.0kB         23.8kB              4
             dp9           ach599         32.0kB         32.0kB              2
             dp9           mrd599         16.1GB         16.1GB          13237
          access           mrd599         32.7GB         32.7GB           4384
             dp9           dr8819          183GB          183GB           2994
             dp9           hhz548         53.3TB         53.7TB         443301
            us94           mxk548         96.8MB         94.7MB           1368
             dp9           mxk548          169TB          184TB         504018
             dp9           ycx548         32.0kB         32.0kB              2
             dp9           zhl548          889GB          901GB         227470
          access           zhl548          308kB          250kB             22
             dp9           hqz548         32.0kB         32.0kB              2
             dp9           nwe548         32.0kB         32.0kB              2
             dp9           sjr548         29.9TB         30.2TB        2175595
             dp9           xds548         60.8GB         60.8GB           1680
             dp9           cjb548         32.0kB         32.0kB              2
             dp9           ijb548         32.0kB         32.0kB              2
             rr6           ijb548          8.0kB          1.3kB              2
             dp9           ttl548         43.6TB         43.6TB         411745
          access           ttl548         69.2MB         68.5MB            457
             dp9           hhn548         32.0kB         32.0kB              2
             dp9           cnf599         11.2TB         11.2TB          90641
             dp9           zxs548         4861GB         4897GB         124186
             dp9           cs0369         32.0kB         32.0kB              2
             dp9           ljr548         32.0kB         32.0kB              2
             dp9           cit548          143MB          143MB             11
             dp9           nt4021          109GB          109GB           4384
             dp9           kkp548         32.0kB         32.0kB              2
             dp9           tc2375         32.0kB         32.0kB              2
             dp9           sl8973         32.0kB         32.0kB              2
             dp9           slc548         4076GB         4082GB          70258
          public           slc548         44.6MB         44.1MB            298
             dp9           jb6931         32.0kB         32.0kB              2
             dp9           sss548         32.0kB         32.0kB              2
             du7           chs548          144GB          144GB            337
             dp9           chs548         11.9MB         15.9MB             48
             d77           dl9118         52.7MB         47.1MB           3055
             dp9           dl9118         2046MB         4524MB          13494
             dp9           gxk548         32.0kB         32.0kB              2
             dp9           jcf548         32.0kB         32.0kB              2
             ep4           jcf548         2412GB         2482GB          16007
             dp9           ixd548          432kB          432kB             27
             dp9           fs5892         3657MB         3405MB         127868
             dp9           iib548         2349GB         2354GB        2686203
             dp9           wml548          207TB          221TB         513112
          access           wml548         8060MB         7645MB         203090
             dp9           as2291         22.8GB         22.8GB           3856
          access           as2291          4.0kB          1.0kB              1
             dp9           jl0029         32.0kB         32.0kB              2
             dp9           ml6621         32.0kB         32.0kB              2
             dp9           glr548         29.6TB         36.9TB        1007827
             du7           glr548         1792kB         1585kB            128
             dp9           pag548          128kB          128kB              8
             dx2           pag548          660kB          594kB             38
------------------------------------------------------------------------------
