
Usage Report: Project=dp9 Period=2021.q3
=============================================================
    Grant:    16.00 MSU
     Used:     2.68 MSU
 Reserved:     9.48 KSU
    Avail:    13.31 MSU
    
Stakeholder                   Grant         Used        Avail
-------------------------------------------------------------    
BoM                       16.00 MSU     2.69 MSU    13.31 MSU    
------------------------------------------------------------- 
    
User                                        Used     Reserved
-------------------------------------------------------------        
iib548                                  10.07 KSU     0.00 SU         
as2291                                  42.53 KSU    23.70 SU         
zxs548                                   3.03 KSU     0.00 SU         
ttl548                                  18.84 KSU   227.10 SU         
jtl548                                 156.70 KSU     0.00 SU         
glr548                                  55.79 KSU     0.00 SU         
sjr548                                   1.20 MSU     9.22 KSU        
vvk548                                 631.29 KSU     0.00 SU         
dl9118                                 873.72 SU      0.00 SU         
mxk548                                 557.04 KSU    16.96 SU         
ycx548                                  65.54 SU      0.00 SU         
slc548                                  33.21 SU      0.00 SU         
ixd548                                  20.47 SU      0.00 SU         
hhz548                                 188.19 SU      0.00 SU         
jrf548                                  19.81 SU      0.00 SU         
rad548                                  24.17 SU      0.00 SU         
cnf599                                 288.72 SU      0.00 SU         
jxh903                                   0.02 SU      0.00 SU         
yxm548                                  56.83 SU      0.00 SU         
-------------------------------------------------------------        

Storage Usage Report: Project=dp9
=============================================================
Filesystem        Used     iUsed    Allocation    iAllocation    
gdata1a      110.08 TB   32.23 M     270.00 TB        45.00 M        

Stakeholder                         Allocation    iAllocation
-------------------------------------------------------------            
BoM                                  270.00 TB        45.00 M                
-------------------------------------------------------------
            
