
Usage Report: Project=dp9 Period=2021.q2
=============================================================
    Grant:    18.00 MSU
     Used:    12.01 MSU
 Reserved:    11.06 KSU
    Avail:     5.98 MSU
    
Stakeholder                   Grant         Used        Avail
-------------------------------------------------------------    
BoM                       18.00 MSU    12.02 MSU     5.98 MSU    
------------------------------------------------------------- 
    
User                                        Used     Reserved
-------------------------------------------------------------        
jtl548                                   2.12 MSU     0.00 SU         
dl9118                                 159.31 KSU     0.00 SU         
vvk548                                 545.54 KSU     0.00 SU         
mxk548                                   5.42 MSU     4.61 KSU        
glr548                                 969.75 KSU     0.00 SU         
sjr548                                   1.68 MSU     1.44 KSU        
ttl548                                  68.62 KSU   224.51 SU         
hhz548                                 259.34 KSU     4.10 KSU        
as2291                                  75.86 KSU   692.67 SU         
iib548                                 329.39 KSU     0.00 SU         
ixd548                                  27.88 SU      0.00 SU         
cnf599                                 114.45 KSU     0.00 SU         
yxm548                                   1.02 KSU     0.00 SU         
wml548                                 263.80 KSU     0.00 SU         
pjs548                                 487.44 SU      0.00 SU         
nwe548                                   2.47 SU      0.00 SU         
ycx548                                   0.01 SU      0.00 SU         
zxs548                                   3.11 KSU     0.00 SU         
jrf548                                  80.20 SU      0.00 SU         
-------------------------------------------------------------        

Storage Usage Report: Project=dp9
=============================================================
Filesystem        Used     iUsed    Allocation    iAllocation    
gdata1a       99.59 TB   31.07 M     270.00 TB        45.00 M        

Stakeholder                         Allocation    iAllocation
-------------------------------------------------------------            
BoM                                  270.00 TB        45.00 M                
-------------------------------------------------------------
            
