
Usage Report: Project=dp9 Period=2021.q3
=============================================================
    Grant:    16.00 MSU
     Used:     6.00 MSU
 Reserved:     1.76 KSU
    Avail:     9.99 MSU
    
Stakeholder                   Grant         Used        Avail
-------------------------------------------------------------    
BoM                       16.00 MSU     6.01 MSU     9.99 MSU    
------------------------------------------------------------- 
    
User                                        Used     Reserved
-------------------------------------------------------------        
iib548                                  30.96 KSU     0.00 SU         
as2291                                  85.59 KSU     0.00 SU         
zxs548                                   3.37 KSU     0.00 SU         
ttl548                                  37.10 KSU   224.51 SU         
jtl548                                 278.44 KSU     0.00 SU         
glr548                                  82.46 KSU     0.00 SU         
sjr548                                   3.00 MSU     1.54 KSU        
vvk548                                 634.17 KSU     0.00 SU         
dl9118                                   4.03 KSU     0.00 SU         
mxk548                                   1.77 MSU     0.00 SU         
ycx548                                   8.59 KSU     0.00 SU         
slc548                                  39.92 SU      0.00 SU         
ixd548                                  36.06 SU      0.00 SU         
hhz548                                  68.00 KSU     0.00 SU         
jrf548                                  19.81 SU      0.00 SU         
rad548                                  24.17 SU      0.00 SU         
cnf599                                   2.40 KSU     0.00 SU         
jxh903                                   0.02 SU      0.00 SU         
yxm548                                  56.83 SU      0.00 SU         
cst565                                 191.71 SU      0.00 SU         
pjs548                                 336.09 SU      0.00 SU         
crd548                                 110.57 SU      0.00 SU         
wml548                                 136.10 SU      0.00 SU         
-------------------------------------------------------------        

Storage Usage Report: Project=dp9
=============================================================
Filesystem        Used     iUsed    Allocation    iAllocation    
gdata1a      111.28 TB   33.04 M     270.00 TB        45.00 M        

Stakeholder                         Allocation    iAllocation
-------------------------------------------------------------            
BoM                                  270.00 TB        45.00 M                
-------------------------------------------------------------
            
