
Usage Report: Project=dp9 Period=2020.q2
=============================================================
    Grant:     6.00 MSU
     Used:     1.25 MSU
 Reserved:    55.00 SU 
    Avail:     4.75 MSU

Stakeholder                   Grant         Used        Avail
-------------------------------------------------------------
BoM                        6.00 MSU     1.25 MSU     4.75 MSU
------------------------------------------------------------- 

User                                        Used     Reserved
-------------------------------------------------------------    
gsd548                                  34.77 KSU     0.00 SU     
sjr548                                 629.01 KSU     0.00 SU     
ttl548                                  56.30 KSU    55.00 SU     
zxs548                                  82.67 KSU     0.00 SU     
mxk548                                 224.60 KSU     0.00 SU     
zhl548                                  10.95 KSU     0.00 SU     
vvk548                                   8.70 KSU     0.00 SU     
ixd548                                  14.30 SU      0.00 SU     
mjw548                                 254.40 SU      0.00 SU     
jtl548                                   2.42 KSU     0.00 SU     
as2291                                   1.39 KSU     0.00 SU     
cjb548                                   0.01 SU      0.00 SU     
iib548                                 140.82 KSU     0.00 SU     
yxm548                                  44.82 SU      0.00 SU     
cnf599                                  12.47 KSU     0.00 SU     
glr548                                  49.87 KSU     0.00 SU     
hhz548                                  19.58 SU      0.00 SU     
chs548                                   1.06 SU      0.00 SU     
nwe548                                 118.84 SU      0.00 SU     
cit548                                 401.35 SU      0.00 SU     
------------------------------------------------------------- 
    
