
Usage Report: Project=dp9 Period=2020.q3
=============================================================
    Grant:     9.00 MSU
     Used:     1.21 MSU
 Reserved:     0.00 SU 
    Avail:     7.79 MSU

Stakeholder                   Grant         Used        Avail
-------------------------------------------------------------
BoM                        9.00 MSU     1.17 MSU     7.83 MSU
------------------------------------------------------------- 

User                                        Used     Reserved
-------------------------------------------------------------    
ttl548                                  23.92 KSU     0.00 SU     
hhz548                                 309.42 KSU     0.00 SU     
mxk548                                 482.85 KSU     0.00 SU     
iib548                                   2.81 KSU     0.00 SU     
vvk548                                   1.94 KSU     0.00 SU     
yxm548                                  43.13 SU      0.00 SU     
zxs548                                  18.31 KSU     0.00 SU     
as2291                                   1.34 KSU     0.00 SU     
gsd548                                  55.35 KSU     0.00 SU     
glr548                                  85.78 KSU     0.00 SU     
sjr548                                  18.92 KSU     0.00 SU     
wml548                                 205.56 KSU     0.00 SU     
jtl548                                   1.17 KSU     0.00 SU     
pjs548                                 813.27 SU      0.00 SU     
mjw548                                   9.18 SU      0.00 SU     
ixd548                                   8.52 SU      0.00 SU     
------------------------------------------------------------- 
    
