
Usage Report: Project=dp9 Period=2020.q4
=============================================================
    Grant:    18.00 MSU
     Used:    14.36 MSU
 Reserved:     5.27 KSU
    Avail:     3.64 MSU

Stakeholder                   Grant         Used        Avail
-------------------------------------------------------------
BoM                       18.00 MSU    14.36 MSU     3.64 MSU
------------------------------------------------------------- 

User                                        Used     Reserved
-------------------------------------------------------------    
vvk548                                   5.88 MSU     0.00 SU     
zxs548                                  57.22 KSU   480.00 SU     
ttl548                                  51.42 KSU   154.92 SU     
jtl548                                   1.78 MSU     0.00 SU     
as2291                                  28.41 KSU     1.00 SU     
mxk548                                   3.97 MSU     4.64 KSU    
dl9118                                 525.79 KSU     0.00 SU     
fs5892                                   7.52 KSU     0.00 SU     
glr548                                 988.08 KSU     0.00 SU     
iib548                                 241.08 KSU     0.00 SU     
pjs548                                   1.50 KSU     0.00 SU     
sjr548                                 300.50 KSU     0.00 SU     
gsd548                                 119.20 KSU     0.00 SU     
ixd548                                  29.44 SU      0.00 SU     
wml548                                 238.12 KSU     0.00 SU     
mjw548                                   4.52 KSU     0.00 SU     
jrf548                                  13.95 SU      0.00 SU     
yxm548                                 132.68 SU      0.00 SU     
cnf599                                  52.91 KSU     0.00 SU     
cst565                                 100.82 KSU     0.00 SU     
chs548                                   7.85 KSU     0.00 SU     
ycx548                                  32.12 SU      0.00 SU     
mrd599                                   0.02 SU      0.00 SU     
cit548                                  10.09 SU      0.00 SU     
slc548                                   0.03 SU      0.00 SU     
------------------------------------------------------------- 
    
