
Usage Report: Project=dp9 Period=2020.q4
=============================================================
    Grant:    18.00 MSU
     Used:    16.22 MSU
 Reserved:     4.75 KSU
    Avail:     1.78 MSU

Stakeholder                   Grant         Used        Avail
-------------------------------------------------------------
BoM                       18.00 MSU    16.22 MSU     1.78 MSU
------------------------------------------------------------- 

User                                        Used     Reserved
-------------------------------------------------------------    
vvk548                                   6.20 MSU     0.00 SU     
zxs548                                  57.59 KSU     0.00 SU     
ttl548                                  59.19 KSU     8.75 SU     
jtl548                                   1.93 MSU     0.00 SU     
as2291                                  32.71 KSU     1.00 SU     
mxk548                                   4.73 MSU     4.74 KSU    
dl9118                                 928.68 KSU     0.00 SU     
fs5892                                   7.52 KSU     0.00 SU     
glr548                                   1.05 MSU     0.00 SU     
iib548                                 252.11 KSU     0.00 SU     
pjs548                                   1.50 KSU     0.00 SU     
sjr548                                 317.81 KSU     0.00 SU     
gsd548                                 145.18 KSU     0.00 SU     
ixd548                                  33.30 SU      0.00 SU     
wml548                                 314.79 KSU     0.00 SU     
mjw548                                   4.52 KSU     0.00 SU     
jrf548                                  13.95 SU      0.00 SU     
yxm548                                 132.68 SU      0.00 SU     
cnf599                                  52.91 KSU     0.00 SU     
cst565                                 100.82 KSU     0.00 SU     
chs548                                  45.49 KSU     0.00 SU     
ycx548                                  40.09 SU      0.00 SU     
mrd599                                   0.02 SU      0.00 SU     
cit548                                  10.09 SU      0.00 SU     
slc548                                   0.03 SU      0.00 SU     
------------------------------------------------------------- 
    
