
Usage Report: Project=dp9 Period=2021.q2
=============================================================
    Grant:    18.00 MSU
     Used:     2.60 MSU
 Reserved:     2.11 KSU
    Avail:    15.40 MSU

Stakeholder                   Grant         Used        Avail
-------------------------------------------------------------
BoM                       18.00 MSU     2.60 MSU    15.40 MSU
------------------------------------------------------------- 

User                                        Used     Reserved
-------------------------------------------------------------    
jtl548                                 711.43 KSU     0.00 SU     
dl9118                                   5.88 KSU     1.73 KSU    
vvk548                                 534.70 KSU     0.00 SU     
mxk548                                 304.26 KSU     0.00 SU     
glr548                                 118.76 KSU     0.00 SU     
sjr548                                 696.64 KSU     0.00 SU     
ttl548                                   5.92 KSU   384.10 SU     
hhz548                                 202.80 KSU     0.00 SU     
as2291                                   2.76 KSU     0.00 SU     
iib548                                  17.71 KSU     0.00 SU     
------------------------------------------------------------- 
    
