
Usage Report: Project=dp9 Period=2021.q2
=============================================================
    Grant:    18.00 MSU
     Used:     7.60 MSU
 Reserved:     7.22 KSU
    Avail:    10.39 MSU
    
Stakeholder                   Grant         Used        Avail
-------------------------------------------------------------    
BoM                       18.00 MSU     7.61 MSU    10.39 MSU    
------------------------------------------------------------- 
    
User                                        Used     Reserved
-------------------------------------------------------------        
jtl548                                   1.73 MSU     2.39 KSU        
dl9118                                  42.46 KSU     0.00 SU         
vvk548                                 537.51 KSU     0.00 SU         
mxk548                                   2.55 MSU     4.61 KSU        
glr548                                 479.79 KSU     0.00 SU         
sjr548                                   1.68 MSU     9.50 SU         
ttl548                                  28.12 KSU   213.85 SU         
hhz548                                 209.78 KSU     0.00 SU         
as2291                                  22.08 KSU     0.00 SU         
iib548                                 180.98 KSU     0.00 SU         
ixd548                                   9.88 SU      0.00 SU         
cnf599                                   9.06 KSU     0.00 SU         
yxm548                                 824.75 SU      0.00 SU         
wml548                                 138.81 KSU     0.00 SU         
pjs548                                 192.38 SU      0.00 SU         
-------------------------------------------------------------        

Storage Usage Report: Project=dp9
=============================================================
Filesystem        Used     iUsed    Allocation    iAllocation    
gdata1a      118.80 TB   30.71 M     270.00 TB        45.00 M        

Stakeholder                         Allocation    iAllocation
-------------------------------------------------------------            
BoM                                  270.00 TB        45.00 M                
-------------------------------------------------------------
            
