
Usage Report: Project=dp9 Period=2021.q4
=============================================================
    Grant:    16.00 MSU
     Used:     1.50 MSU
 Reserved:    12.70 KSU
    Avail:    14.49 MSU
    
Stakeholder                   Grant         Used        Avail
-------------------------------------------------------------    
BoM                       16.00 MSU     1.51 MSU    14.49 MSU    
------------------------------------------------------------- 
    
User                                        Used     Reserved
-------------------------------------------------------------        
dl9118                                  19.72 KSU     0.00 SU         
vvk548                                 293.02 KSU     0.00 SU         
ttl548                                  10.65 KSU     7.08 SU         
as2291                                  70.28 KSU   120.00 SU         
mjz548                                 868.50 KSU     9.36 KSU        
iib548                                   1.58 KSU     0.00 SU         
glr548                                  10.09 KSU     3.00 SU         
slc548                                   1.37 KSU     0.00 SU         
pjs548                                  75.19 SU      0.00 SU         
pcl900                                 207.01 SU      0.00 SU         
sjr548                                  37.81 KSU     0.00 SU         
jtl548                                  43.40 KSU     0.00 SU         
zxs548                                 348.64 SU      0.00 SU         
cnf599                                  32.93 KSU     0.00 SU         
yxm548                                 328.29 SU      0.00 SU         
chs548                                   2.89 KSU     0.00 SU         
ycx548                                 244.65 SU      0.00 SU         
wml548                                 105.50 KSU     3.22 KSU        
hhz548                                  18.24 SU      0.00 SU         
cst565                                   0.12 SU      0.00 SU         
-------------------------------------------------------------        

Storage Usage Report: Project=dp9
=============================================================
Filesystem        Used     iUsed    Allocation    iAllocation    
gdata1a      148.49 TB   34.63 M     270.00 TB        45.00 M        

Stakeholder                         Allocation    iAllocation
-------------------------------------------------------------            
BoM                                  270.00 TB        45.00 M                
-------------------------------------------------------------
            
