------------------------------------------------------------------------------
         project             user     space used      file size          count
------------------------------------------------------------------------------
          access           mjw548            0kB            5kB              1
          access           mrd599         32.7GB         32.7GB           4384
          access           ycx548        842.4GB        842.4GB           5125
          access           axs599            0kB           56kB              1
          access           glr548            0kB           40kB              2
          access           mjn548        188.0kB        174.7kB              6
          access           jtl548         17.7GB         17.6GB          34457
          access           iib548        380.0kB        370.5kB              2
          access           zhl548        348.0kB        283.5kB             33
          access           ixd548        930.0MB        930.0MB              4
          access           wml548         13.0TB         13.0TB        3745508
          access           ttl548        290.6MB        162.9MB          37064
          access           sjr548          6.5GB          6.5GB           2095
          access           vvk548        864.0kB        751.4kB             54
          access           slc548        136.3GB        136.3GB             69
          access           jrf548         12.0kB         12.0kB              1
          access           crd548        260.0kB         81.1kB             56
          access           yxz548        184.0kB        173.5kB              5
          access           mxk548          2.2TB          2.2TB          13025
          access           fs5892         26.1GB         26.1GB           9651
          access           as2291          8.1GB          7.6GB         273185
          access           dl9118        216.9GB        216.9GB           3586
      access.dev           ycx548          9.6MB          9.3MB            168
      access.dev           axs599         12.0kB          850kB             23
      access.dev           mjn548          1.4MB          1.2MB            161
      access.dev           wml548         60.0kB         16.5kB             15
             dp9           mjw548        356.0GB        356.0GB            113
             dp9           mrd599         10.6GB         10.6GB            175
             dp9           cjb548         67.2GB         67.2GB          29980
             dp9           ycx548          1.7TB          1.7TB         327645
             dp9           yxm548          1.7TB          1.7TB         154342
             dp9           glr548          7.2TB          7.2TB        2636626
             dp9           cnf599          8.7TB          9.3TB         246207
             dp9           ljr548        331.3GB        331.0GB         107833
             dp9           hhz548         16.8TB         19.7TB        1479169
             dp9           zxs548        432.8GB        429.2GB        1172980
             dp9           mjn548       1007.8GB        991.2GB        3405105
             dp9           jtl548          6.5TB          6.5TB        4899649
             dp9           iib548          2.9TB          2.9TB        3310047
             dp9           hqz548        151.1GB        151.1GB            287
             dp9           rmb548          4.0kB          4.0kB              1
             dp9           zhl548        346.4GB        346.1GB         160712
             dp9           ixd548          2.4TB          2.4TB         522506
             dp9           wml548          2.6TB          2.6TB         366443
             dp9           bxr548        252.0GB        252.0GB            176
             dp9           ttl548        139.1GB        137.3GB         343628
             dp9           pjs548         19.8GB         19.6GB          72879
             dp9           gsd548          6.2GB          6.1GB         104312
             dp9           sjr548          2.9TB          2.9TB        2540916
             dp9           vvk548         14.4TB         14.4TB        1523312
             dp9           xds548          2.1TB          2.1TB         207617
             dp9           cit548          2.6TB          2.6TB         217164
             dp9           rad548         12.0kB         12.0kB              3
             dp9           slc548        550.3GB        550.1GB         188157
             dp9           jrf548        886.6GB        886.2GB         207860
             dp9           sss548         65.2GB         66.7GB           5780
             dp9           axs548          7.7GB          7.7GB           2993
             dp9           ffb548         64.0kB         64.0kB             16
             dp9           dhs548          8.0kB          8.0kB              2
             dp9           kkp548        465.3GB        465.3GB            513
             dp9           ijb548          4.0kB          4.0kB              1
             dp9           nwe548         14.9GB         15.0GB          69027
             dp9           chs548        208.6GB        227.6GB          59913
             dp9           yxz548         71.8MB         71.8MB              8
             dp9           mxk548          5.6TB          5.6TB         997441
             dp9           fs5892         17.3GB         16.5GB         288193
             dp9           as2291          4.7TB          4.7TB        2158998
             dp9           jb6931        332.1MB        332.1MB              2
             dp9           dl9118         36.4GB         36.2GB          93260
             dp9           bf7468          1.8MB          1.8MB              2
             dp9           dr8819         73.7GB         72.9GB         348147
             dp9           nt4021          4.0kB          4.0kB              1
             dp9           sb0446        152.9GB        152.8GB           7172
             dp9           gl7525        394.5MB        349.9MB          19839
             du7           ycx548         16.0kB          9.8kB              4
             du7           sjr548         55.1MB         48.0MB           3797
             du7           xds548        424.0kB        170.2kB             70
             du7           chs548          3.5TB          3.5TB         576007
             du7           cst565        205.2MB        203.7MB            625
             du7           as2291          4.0kB          4.0kB              1
             dx2           pag548        291.7MB        291.7MB              1
             en0           mjw548          4.0kB          4.0kB              1
             en0           bxr548        204.0kB         89.2kB             25
             en0           vvk548          8.2GB          8.2GB             12
             er7           gxk548         45.8MB         45.7MB             16
            kl02           glr548          3.1TB          3.1TB          31650
            ma05           chs548          1.9MB          1.7MB            126
             y03           sjr548         21.7MB         21.4MB            185
            wr45           ttl548         60.0kB          1.3kB             10
             ig2           wml548          2.1TB          2.1TB            111
             ig2           dl9118         33.0GB         33.0GB           1804
             ja4           ttl548          3.8TB          3.8TB         277705
             lb4           ttl548        150.3GB        150.3GB           5169
------------------------------------------------------------------------------
