
Usage Report: Project=dp9 Period=2020.q3
=============================================================
    Grant:     9.00 MSU
     Used:     1.95 MSU
 Reserved:     2.33 KSU
    Avail:     7.05 MSU

Stakeholder                   Grant         Used        Avail
-------------------------------------------------------------
BoM                        9.00 MSU     1.91 MSU     7.09 MSU
------------------------------------------------------------- 

User                                        Used     Reserved
-------------------------------------------------------------    
ttl548                                  31.63 KSU    13.75 SU     
hhz548                                 546.95 KSU     2.30 KSU    
mxk548                                 829.23 KSU    16.33 SU     
iib548                                   4.06 KSU     0.00 SU     
vvk548                                   8.81 KSU     0.00 SU     
yxm548                                  48.98 SU      0.00 SU     
zxs548                                  18.97 KSU     0.00 SU     
as2291                                   2.31 KSU     0.00 SU     
gsd548                                  98.25 KSU     0.00 SU     
glr548                                  85.82 KSU     0.00 SU     
sjr548                                  18.94 KSU     0.00 SU     
wml548                                 298.25 KSU     0.00 SU     
jtl548                                   4.27 KSU     0.00 SU     
pjs548                                 813.27 SU      0.00 SU     
mjw548                                   9.18 SU      0.00 SU     
ixd548                                  11.23 SU      0.00 SU     
bxr548                                   0.57 SU      0.00 SU     
fs5892                                   0.07 SU      0.00 SU     
jrf548                                  19.22 SU      0.00 SU     
------------------------------------------------------------- 
    
