
Usage Report: Project=dp9 Period=2020.q3
=============================================================
    Grant:     9.00 MSU
     Used:     4.67 MSU
 Reserved:     9.24 KSU
    Avail:     4.32 MSU

Stakeholder                   Grant         Used        Avail
-------------------------------------------------------------
BoM                        9.00 MSU     4.64 MSU     4.36 MSU
------------------------------------------------------------- 

User                                        Used     Reserved
-------------------------------------------------------------    
ttl548                                  90.50 KSU    13.75 SU     
hhz548                                 564.00 KSU     0.00 SU     
mxk548                                   1.77 MSU     9.23 KSU    
iib548                                  38.34 KSU     0.00 SU     
vvk548                                 351.05 KSU     0.00 SU     
yxm548                                  48.98 SU      0.00 SU     
zxs548                                 110.89 KSU     0.00 SU     
as2291                                  15.19 KSU     0.00 SU     
gsd548                                 172.40 KSU     0.00 SU     
glr548                                 236.70 KSU     0.00 SU     
sjr548                                 395.59 KSU     0.00 SU     
wml548                                 732.24 KSU     0.00 SU     
jtl548                                 153.94 KSU     0.00 SU     
pjs548                                   2.29 KSU     0.00 SU     
mjw548                                  28.30 KSU     0.00 SU     
ixd548                                  28.56 SU      0.00 SU     
bxr548                                   0.93 SU      0.00 SU     
fs5892                                  62.73 SU      0.00 SU     
jrf548                                  96.25 SU      0.00 SU     
xds548                                  21.83 SU      0.00 SU     
dl9118                                   5.31 KSU     0.00 SU     
cnf599                                   3.12 KSU     0.00 SU     
------------------------------------------------------------- 
    
