
Usage Report: Project=dp9 Period=2020.q4
=============================================================
    Grant:     9.00 MSU
     Used:   488.77 KSU
 Reserved:    26.74 KSU
    Avail:     8.48 MSU

Stakeholder                   Grant         Used        Avail
-------------------------------------------------------------
BoM                        9.00 MSU   515.51 KSU     8.48 MSU
------------------------------------------------------------- 

User                                        Used     Reserved
-------------------------------------------------------------    
vvk548                                 242.06 KSU    17.28 KSU    
zxs548                                   1.66 KSU   240.40 SU     
ttl548                                   2.83 KSU     0.00 SU     
jtl548                                 211.17 KSU     0.00 SU     
as2291                                 591.40 SU      0.00 SU     
mxk548                                  24.91 KSU     9.22 KSU    
dl9118                                 602.06 SU      0.00 SU     
fs5892                                 358.38 SU      0.00 SU     
glr548                                   1.10 KSU     0.00 SU     
iib548                                   3.36 KSU     0.00 SU     
pjs548                                 131.66 SU      0.00 SU     
sjr548                                   1.14 SU      0.00 SU     
------------------------------------------------------------- 
    
