------------------------------------------------------------------------------
         project             user     space used      file size          count
------------------------------------------------------------------------------
             dp9           mjw548          4.3GB          4.1GB          95104
             dp9           mrd599         19.6GB         19.5GB          27656
             dp9           jcf548         32.0kB         32.0kB              2
             dp9           cjb548         32.0kB         32.0kB              2
             dp9           ycx548          1.3TB          2.7TB          98814
             dp9           ach599         32.0kB         32.0kB              2
             dp9           yxm548         12.7TB         12.7TB        1125199
             dp9           glr548        101.3TB        104.1TB        2120563
             dp9           cnf599          7.4TB          7.4TB         207566
             dp9           ljr548          5.1GB          5.1GB           6492
             dp9           hhz548         37.9TB         38.3TB         551445
             dp9           zxs548          5.6TB          5.7TB         453204
             dp9           mjn548          5.1GB          5.1GB            212
             dp9           jtl548         72.4TB         72.7TB        2723116
             dp9           iib548          3.7TB          3.7TB        3875112
             dp9           gxk548         32.0kB         32.0kB              2
             dp9           hqz548         32.0kB         32.0kB              2
             dp9           rmb548         32.0kB         32.0kB              2
             dp9           zhl548          9.7TB          9.7TB         425460
             dp9           ixd548          8.4MB          8.4MB             34
             dp9           wml548        103.9TB        106.7TB         891762
             dp9           bxr548         83.7GB         83.7GB            104
             dp9           ttl548         77.4TB         77.4TB        1251981
             dp9           pjs548        795.2MB        792.4MB           1352
             dp9           gsd548         32.0kB         32.0kB              2
             dp9           sjr548         78.2TB         78.9TB        2415353
             dp9           vvk548        743.4GB        745.9GB         249454
             dp9           xds548        289.2GB        289.2GB           2345
             dp9           cit548        142.5MB        142.5MB             11
             dp9           slc548          4.3TB          4.3TB          84154
             dp9           jrf548         52.0kB         48.4kB              5
             dp9           pag548        128.0kB        128.0kB              8
             dp9           hhn548         32.0kB         32.0kB              2
             dp9           sss548         32.0kB         32.0kB              2
             dp9           kkp548         32.0kB         32.0kB              2
             dp9           ijb548         32.0kB         32.0kB              2
             dp9           nwe548         32.0kB         32.0kB              2
             dp9           chs548         12.2MB         16.1MB             60
             dp9           yxz548         32.0kB         32.0kB              2
             dp9           mxk548        343.9TB        354.2TB        1588336
             dp9           vov548          2.3TB          2.3TB          29078
             dp9           tc2375         32.0kB         32.0kB              2
             dp9           fs5892          1.3TB          2.1TB         267009
             dp9           jl0029         32.0kB         32.0kB              2
             dp9           as2291        641.2GB        641.0GB         119255
             dp9           jb6931         32.0kB         32.0kB              2
             dp9           dl9118          5.2TB          5.2TB         556430
             dp9           bf7468         32.0kB         32.0kB              2
             dp9           cs0369         32.0kB         32.0kB              2
             dp9           dr8819        189.8GB        189.8GB           5123
             dp9           nt4021        108.8GB        108.7GB           4384
             dp9           hw4629         32.0kB         32.0kB              2
             dp9           sl8973         32.0kB         32.0kB              2
             dp9           ml6621         32.0kB         32.0kB              2
             dp9           sb0446        322.3GB        322.5GB          11419
             dp9           gl7525        553.2MB        504.8MB          24000
             du7           sjr548          1.3GB          1.2GB          37062
             du7           nwe548         71.3MB         72.6MB            478
             du7           chs548        143.7GB        143.8GB            337
             du7           as2291        128.0MB        127.6MB            287
             dx2           hhz548          6.8TB          6.8TB          34762
             en0           bxr548          1.5GB          1.4GB          43318
             ep4           jcf548          2.4TB          2.4TB          16007
          public           glr548         81.5GB         81.5GB            168
          public           ttl548          1.7TB          1.7TB           6455
          public           slc548         42.7MB         42.3MB            288
             rr6           ijb548          8.0kB          1.3kB              2
            us94           mxk548         91.1MB         89.3MB           1225
             z50           sjr548          8.0kB          7.8kB              2
             z50           mxk548        156.0kB        148.4kB             39
------------------------------------------------------------------------------
