
Usage Report: Project=dp9 Period=2021.q2
=============================================================
    Grant:    18.00 MSU
     Used:     6.37 MSU
 Reserved:     7.25 KSU
    Avail:    11.63 MSU

Stakeholder                   Grant         Used        Avail
-------------------------------------------------------------
BoM                       18.00 MSU     6.37 MSU    11.63 MSU
------------------------------------------------------------- 

User                                        Used     Reserved
-------------------------------------------------------------    
jtl548                                   1.38 MSU     2.37 KSU    
dl9118                                  38.27 KSU     0.00 SU     
vvk548                                 536.25 KSU     0.00 SU     
mxk548                                   1.85 MSU     4.61 KSU    
glr548                                 431.57 KSU     0.00 SU     
sjr548                                   1.68 MSU     0.00 SU     
ttl548                                  21.93 KSU   217.93 SU     
hhz548                                 209.78 KSU     0.00 SU     
as2291                                  11.58 KSU     0.00 SU     
iib548                                 140.01 KSU     0.00 SU     
ixd548                                   5.17 SU      0.00 SU     
cnf599                                   3.74 KSU     0.00 SU     
yxm548                                 724.56 SU     50.00 SU     
wml548                                  67.23 KSU     0.00 SU     
pjs548                                 192.38 SU      0.00 SU     
-------------------------------------------------------------    

Storage Usage Report: Project=dp9
=============================================================
Filesystem        Used     iUsed    Allocation    iAllocation
gdata1a      117.80 TB   30.04 M     270.00 TB        45.00 M    

Stakeholder                         Allocation    iAllocation
-------------------------------------------------------------        
BoM                                  270.00 TB        45.00 M            
-------------------------------------------------------------
        
