
Usage Report: Project=dp9 Period=2021.q3
=============================================================
    Grant:    16.00 MSU
     Used:     6.43 MSU
 Reserved:   164.43 SU 
    Avail:     9.57 MSU
    
Stakeholder                   Grant         Used        Avail
-------------------------------------------------------------    
BoM                       16.00 MSU     6.43 MSU     9.57 MSU    
------------------------------------------------------------- 
    
User                                        Used     Reserved
-------------------------------------------------------------        
iib548                                  32.42 KSU     0.00 SU         
as2291                                  96.23 KSU     4.50 SU         
zxs548                                   3.70 KSU     0.00 SU         
ttl548                                  43.62 KSU   159.93 SU         
jtl548                                 278.65 KSU     0.00 SU         
glr548                                 110.03 KSU     0.00 SU         
sjr548                                   3.03 MSU     0.00 SU         
vvk548                                 664.18 KSU     0.00 SU         
dl9118                                   4.34 KSU     0.00 SU         
mxk548                                   2.00 MSU     0.00 SU         
ycx548                                  10.82 KSU     0.00 SU         
slc548                                  51.54 SU      0.00 SU         
ixd548                                 112.71 SU      0.00 SU         
hhz548                                 122.77 KSU     0.00 SU         
jrf548                                  19.81 SU      0.00 SU         
rad548                                  24.18 SU      0.00 SU         
cnf599                                  24.83 KSU     0.00 SU         
jxh903                                   0.02 SU      0.00 SU         
yxm548                                  56.83 SU      0.00 SU         
cst565                                 191.71 SU      0.00 SU         
pjs548                                 336.09 SU      0.00 SU         
crd548                                 110.57 SU      0.00 SU         
wml548                                 136.10 SU      0.00 SU         
mjz548                                   4.05 KSU     0.00 SU         
-------------------------------------------------------------        

Storage Usage Report: Project=dp9
=============================================================
Filesystem        Used     iUsed    Allocation    iAllocation    
gdata1a      114.05 TB   33.29 M     270.00 TB        45.00 M        

Stakeholder                         Allocation    iAllocation
-------------------------------------------------------------            
BoM                                  270.00 TB        45.00 M                
-------------------------------------------------------------
            
