
Usage Report: Project=dp9 Period=2021.q2
=============================================================
    Grant:    18.00 MSU
     Used:    10.23 MSU
 Reserved:     4.85 KSU
    Avail:     7.77 MSU
    
Stakeholder                   Grant         Used        Avail
-------------------------------------------------------------    
BoM                       18.00 MSU    10.23 MSU     7.77 MSU    
------------------------------------------------------------- 
    
User                                        Used     Reserved
-------------------------------------------------------------        
jtl548                                   1.99 MSU     3.51 KSU        
dl9118                                 142.27 KSU   200.00 SU         
vvk548                                 545.03 KSU     0.00 SU         
mxk548                                   4.26 MSU    69.33 SU         
glr548                                 665.69 KSU   840.00 SU         
sjr548                                   1.68 MSU     0.00 SU         
ttl548                                  52.31 KSU   231.18 SU         
hhz548                                 223.98 KSU     0.00 SU         
as2291                                  45.52 KSU     0.00 SU         
iib548                                 310.17 KSU     0.00 SU         
ixd548                                  21.34 SU      0.00 SU         
cnf599                                  55.57 KSU     0.00 SU         
yxm548                                 988.39 SU      0.00 SU         
wml548                                 262.79 KSU     0.00 SU         
pjs548                                 487.44 SU      0.00 SU         
nwe548                                   2.47 SU      0.00 SU         
ycx548                                   0.01 SU      0.00 SU         
zxs548                                   1.40 KSU     0.00 SU         
-------------------------------------------------------------        

Storage Usage Report: Project=dp9
=============================================================
Filesystem        Used     iUsed    Allocation    iAllocation    
gdata1a      100.87 TB   30.76 M     270.00 TB        45.00 M        

Stakeholder                         Allocation    iAllocation
-------------------------------------------------------------            
BoM                                  270.00 TB        45.00 M                
-------------------------------------------------------------
            
