
Usage Report: Project=dp9 Period=2021.q1
=============================================================
    Grant:    18.00 MSU
     Used:     6.44 MSU
 Reserved:     9.29 KSU
    Avail:    11.55 MSU

Stakeholder                   Grant         Used        Avail
-------------------------------------------------------------
BoM                       18.00 MSU     6.45 MSU    11.55 MSU
------------------------------------------------------------- 

User                                        Used     Reserved
-------------------------------------------------------------    
as2291                                  23.13 KSU     0.50 SU     
ixd548                                  23.26 SU      0.00 SU     
ycx548                                  15.57 KSU     0.00 SU     
ttl548                                  36.76 KSU     0.00 SU     
vvk548                                   1.57 MSU     0.00 SU     
dl9118                                  92.07 KSU     0.00 SU     
iib548                                 289.21 KSU     0.00 SU     
wml548                                  24.11 SU      0.00 SU     
mxk548                                   2.93 MSU     6.16 KSU    
hhz548                                 110.94 KSU     3.14 KSU    
jtl548                                 127.78 KSU     0.00 SU     
sjr548                                 112.45 KSU     0.00 SU     
gl7525                                   5.02 SU      0.00 SU     
zhl548                                  34.59 KSU     0.00 SU     
fs5892                                  19.09 SU      0.00 SU     
glr548                                   1.08 MSU     0.00 SU     
zxs548                                 161.06 SU      0.00 SU     
cnf599                                   2.76 KSU     0.00 SU     
jrf548                                  77.97 SU      0.00 SU     
sb0446                                  21.43 KSU     0.00 SU     
dr8819                                   0.46 SU      0.00 SU     
yxm548                                  15.82 SU      0.00 SU     
------------------------------------------------------------- 
    
