
Usage Report: Project=dp9 Period=2021.q2
=============================================================
    Grant:    18.00 MSU
     Used:    12.46 MSU
 Reserved:     5.34 KSU
    Avail:     5.54 MSU
    
Stakeholder                   Grant         Used        Avail
-------------------------------------------------------------    
BoM                       18.00 MSU    12.46 MSU     5.54 MSU    
------------------------------------------------------------- 
    
User                                        Used     Reserved
-------------------------------------------------------------        
jtl548                                   2.12 MSU     0.00 SU         
dl9118                                 168.08 KSU     0.00 SU         
vvk548                                 545.77 KSU     0.00 SU         
mxk548                                   5.73 MSU     0.00 SU         
glr548                                   1.02 MSU     0.00 SU         
sjr548                                   1.68 MSU     0.00 SU         
ttl548                                  81.21 KSU   264.51 SU         
hhz548                                 270.49 KSU     4.10 KSU        
as2291                                  96.84 KSU   129.33 SU         
iib548                                 338.93 KSU     0.00 SU         
ixd548                                  37.24 SU      0.00 SU         
cnf599                                 114.55 KSU     0.00 SU         
yxm548                                   1.02 KSU     0.00 SU         
wml548                                 264.77 KSU     0.00 SU         
pjs548                                 487.44 SU      0.00 SU         
nwe548                                  44.22 SU      0.00 SU         
ycx548                                   0.05 SU      0.00 SU         
zxs548                                   4.89 KSU     0.00 SU         
jrf548                                  80.20 SU      0.00 SU         
slc548                                   2.12 KSU     0.00 SU         
chs548                                 266.19 SU      0.00 SU         
cst565                                   9.28 KSU   853.33 SU         
-------------------------------------------------------------        

Storage Usage Report: Project=dp9
=============================================================
Filesystem        Used     iUsed    Allocation    iAllocation    
gdata1a      103.87 TB   31.55 M     270.00 TB        45.00 M        

Stakeholder                         Allocation    iAllocation
-------------------------------------------------------------            
BoM                                  270.00 TB        45.00 M                
-------------------------------------------------------------
            
