------------------------------------------------------------------------------
         project             user     space used      file size          count
------------------------------------------------------------------------------
          access           mjw548         13.0TB         13.0TB        3592416
          access           mrd599         32.7GB         32.7GB           4384
          access           mjn548        188.0kB        174.7kB              6
          access           jtl548          4.1GB          4.1GB          26128
          access           zhl548        308.0kB        250.0kB             22
          access           wml548          6.5GB          6.2GB         167904
          access           ttl548         79.8MB         79.0MB            502
          access           vvk548        424.0kB        384.4kB             17
          access           as2291          4.0kB          989kB              1
             dp9           mjw548          4.3GB          4.1GB          95104
             dp9           mrd599         16.1GB         16.1GB          13237
             dp9           jcf548         32.0kB         32.0kB              2
             dp9           cjb548         32.0kB         32.0kB              2
             dp9           ycx548         32.0kB         32.0kB              2
             dp9           ach599         32.0kB         32.0kB              2
             dp9           yxm548         15.1TB         15.1TB        1197756
             dp9           glr548         40.4TB         47.7TB        1293568
             dp9           cnf599         11.4TB         11.5TB         104281
             dp9           ljr548         32.0kB         32.0kB              2
             dp9           hhz548         53.3TB         53.7TB         443301
             dp9           zxs548          5.5TB          5.5TB         198014
             dp9           mjn548          5.1GB          5.1GB            212
             dp9           jtl548         19.2TB         19.2TB        1056914
             dp9           iib548          3.3TB          3.3TB        2824330
             dp9           gxk548         32.0kB         32.0kB              2
             dp9           hqz548         32.0kB         32.0kB              2
             dp9           rmb548         32.0kB         32.0kB              2
             dp9           zhl548        889.0GB        900.8GB         227470
             dp9           ixd548        432.0kB        432.0kB             27
             dp9           wml548        242.9TB        258.5TB         581516
             dp9           bxr548         32.0kB         32.0kB              2
             dp9           ttl548         50.4TB         50.4TB         450330
             dp9           pjs548        103.1MB        102.9MB             92
             dp9           gsd548         32.0kB         32.0kB              2
             dp9           sjr548         38.9TB         39.1TB        2313159
             dp9           vvk548         11.0TB         11.0TB         431143
             dp9           xds548        289.2GB        289.2GB           2345
             dp9           cit548        142.5MB        142.5MB             11
             dp9           slc548          4.2TB          4.2TB          75240
             dp9           jrf548         32.0kB         32.0kB              2
             dp9           pag548        128.0kB        128.0kB              8
             dp9           hhn548         32.0kB         32.0kB              2
             dp9           sss548         32.0kB         32.0kB              2
             dp9           kkp548         32.0kB         32.0kB              2
             dp9           ijb548         32.0kB         32.0kB              2
             dp9           nwe548         32.0kB         32.0kB              2
             dp9           chs548         12.1MB         16.0MB             50
             dp9           mxk548        318.8TB        329.7TB         931733
             dp9           tc2375         32.0kB         32.0kB              2
             dp9           fs5892          1.0TB          1.9TB         168172
             dp9           jl0029         32.0kB         32.0kB              2
             dp9           as2291         61.6MB         56.5MB           2383
             dp9           jb6931         32.0kB         32.0kB              2
             dp9           dl9118        152.1GB        152.2GB          48970
             dp9           cs0369         32.0kB         32.0kB              2
             dp9           dr8819        183.4GB        183.4GB           2994
             dp9           nt4021        108.8GB        108.7GB           4384
             dp9           hw4629         32.0kB         32.0kB              2
             dp9           sl8973         32.0kB         32.0kB              2
             dp9           ml6621         32.0kB         32.0kB              2
             du7           chs548        143.7GB        143.8GB            337
             dx2           pag548        660.0kB        594.1kB             38
             en0           bxr548          1.5GB          1.4GB          42412
             ep4           jcf548          2.4TB          2.4TB          16007
          public           slc548         25.9MB         25.6MB            201
             rr6           ijb548          8.0kB          1.3kB              2
            us94           mxk548         91.1MB         89.3MB           1225
------------------------------------------------------------------------------
