
Usage Report: Project=dp9 Period=2020.q3
=============================================================
    Grant:     9.00 MSU
     Used:   919.07 KSU
 Reserved:     9.41 KSU
    Avail:     8.07 MSU

Stakeholder                   Grant         Used        Avail
-------------------------------------------------------------
BoM                        9.00 MSU   886.46 KSU     8.11 MSU
------------------------------------------------------------- 

User                                        Used     Reserved
-------------------------------------------------------------    
ttl548                                  21.65 KSU    13.75 SU     
hhz548                                 309.42 KSU     0.00 SU     
mxk548                                 232.88 KSU     9.22 KSU    
iib548                                   2.81 KSU     0.00 SU     
vvk548                                   1.94 KSU     0.00 SU     
yxm548                                  35.68 SU      0.00 SU     
zxs548                                  17.14 KSU   180.00 SU     
as2291                                 360.52 SU      0.00 SU     
gsd548                                  42.12 KSU     0.00 SU     
glr548                                  82.63 KSU     0.00 SU     
sjr548                                  11.61 KSU     0.00 SU     
wml548                                 194.52 KSU     0.00 SU     
jtl548                                   1.15 KSU     0.00 SU     
pjs548                                 775.20 SU      0.00 SU     
mjw548                                   9.18 SU      0.00 SU     
ixd548                                   8.52 SU      0.00 SU     
------------------------------------------------------------- 
    
