------------------------------------------------------------------------------
         project             user     space used      file size          count
------------------------------------------------------------------------------
             dp9           mjw548          4.5GB          4.3GB          99070
             dp9           mrd599         19.6GB         19.6GB          28060
             dp9           jcf548         32.0kB         32.0kB              2
             dp9           cjb548         32.0kB         32.0kB              2
             dp9           ycx548          2.4TB          3.9TB         162287
             dp9           ach599         32.0kB         32.0kB              2
             dp9           yxm548         12.4TB         12.7TB        1125227
             dp9           glr548         91.9TB        100.9TB        2216356
             dp9           cnf599          6.2TB          7.0TB         207928
             dp9           ljr548          5.1GB          5.1GB           6492
             dp9           hhz548         37.9TB         41.4TB         630418
             dp9           zxs548          5.6TB          5.8TB         639126
             dp9           mjn548          5.1GB          5.1GB            212
             dp9           jtl548        110.7TB        113.8TB        3445734
             dp9           mxz548          4.0GB          4.5GB              3
             dp9           iib548          4.0TB          4.5TB        4303005
             dp9           gxk548         32.0kB         32.0kB              2
             dp9           hqz548         32.0kB         32.0kB              2
             dp9           rmb548         32.0kB         32.0kB              2
             dp9           zhl548          8.5TB          9.7TB         425461
             dp9           ixd548          1.1GB          1.1GB          19299
             dp9           wml548         95.9TB        106.7TB         891916
             dp9           bxr548         77.4GB         83.7GB            104
             dp9           ttl548        106.4TB        111.6TB        1427410
             dp9           pjs548        843.2MB        840.4MB           1392
             dp9           gsd548         32.0kB         32.0kB              2
             dp9           sjr548         94.6TB         98.9TB        2842809
             dp9           vvk548          6.4TB          6.4TB         461914
             dp9           xds548        289.2GB        289.2GB           2345
             dp9           cit548        142.5MB        142.5MB             11
             dp9           rad548          1.1MB        926.2kB            116
             dp9           slc548          5.2TB          5.3TB         127911
             dp9           jrf548         68.0kB         64.4kB              5
             dp9           pag548        128.0kB        128.0kB              8
             dp9           hhn548         32.0kB         32.0kB              2
             dp9           sss548         32.0kB         32.0kB              2
             dp9           kkp548         32.0kB         32.0kB              2
             dp9           ijb548         48.0kB         48.0kB              3
             dp9           nwe548         32.0kB         32.0kB              2
             dp9           chs548         12.3MB         16.2MB             61
             dp9           yxz548         32.0kB         32.0kB              2
             dp9           cst565        239.0GB        239.0GB            380
             dp9           mxk548        439.0TB        459.1TB        4291793
             dp9           vov548          3.1TB          3.1TB          39029
             dp9           tc2375         32.0kB         32.0kB              2
             dp9           fs5892          1.2TB          2.1TB         267008
             dp9           jl0029         32.0kB         32.0kB              2
             dp9           as2291          2.9TB          2.9TB         220079
             dp9           jb6931         32.0kB         32.0kB              2
             dp9           dl9118          4.7TB          5.2TB         610113
             dp9           bf7468         32.0kB         32.0kB              2
             dp9           cs0369         32.0kB         32.0kB              2
             dp9           dr8819        189.8GB        189.8GB           5123
             dp9           nt4021        108.8GB        108.7GB           4384
             dp9           hw4629         32.0kB         32.0kB              2
             dp9           sl8973         32.0kB         32.0kB              2
             dp9           ml6621         32.0kB         32.0kB              2
             dp9           sb0446        294.6GB        322.5GB          11419
             dp9           gl7525        553.1MB        504.8MB          24000
             du7           sjr548        722.4MB        696.7MB          13864
             du7           nwe548         71.3MB         72.6MB            478
             du7           chs548        139.3GB        143.8GB            337
             dx2           hhz548          6.3TB          6.8TB          34762
             en0           bxr548          1.5GB          1.4GB          42912
             ep4           jcf548          2.2TB          2.4TB          16007
          public           glr548          1.9MB          1.9MB              2
          public           ttl548          1.7TB          1.7TB           6453
          public           slc548         46.0MB         45.5MB            303
             rr6           ijb548          8.0kB          1.3kB              2
             z50           sjr548          8.0kB          7.8kB              2
             z50           mxk548        156.0kB        148.4kB             39
------------------------------------------------------------------------------
