
Usage Report: Project=dp9 Period=2020.q2
=============================================================
    Grant:     6.00 MSU
     Used:     6.00 MSU
 Reserved:    55.00 SU 
    Avail:   166.48 SU 

Stakeholder                   Grant         Used        Avail
-------------------------------------------------------------
BoM                        6.00 MSU     6.00 MSU   166.48 SU 
------------------------------------------------------------- 

User                                        Used     Reserved
-------------------------------------------------------------    
gsd548                                 142.69 KSU     0.00 SU     
sjr548                                 934.88 KSU     0.00 SU     
ttl548                                  97.45 KSU    55.00 SU     
zxs548                                 317.38 KSU     0.00 SU     
mxk548                                   1.64 MSU     0.00 SU     
zhl548                                  12.36 KSU     0.00 SU     
vvk548                                  19.16 KSU     0.00 SU     
ixd548                                 796.20 SU      0.00 SU     
mjw548                                   5.11 KSU     0.00 SU     
jtl548                                   5.14 KSU     0.00 SU     
as2291                                   7.63 KSU     0.00 SU     
cjb548                                   0.01 SU      0.00 SU     
iib548                                   1.12 MSU     0.00 SU     
yxm548                                 265.71 SU      0.00 SU     
cnf599                                  12.47 KSU     0.00 SU     
glr548                                 210.68 KSU     0.00 SU     
hhz548                                 266.69 KSU     0.00 SU     
chs548                                   1.06 SU      0.00 SU     
nwe548                                 118.84 SU      0.00 SU     
cit548                                   1.32 KSU     0.00 SU     
mrd599                                   0.21 SU      0.00 SU     
fs5892                                 157.12 SU      0.00 SU     
wml548                                   1.21 MSU     0.00 SU     
pjs548                                   0.02 SU      0.00 SU     
xds548                                   1.10 KSU     0.00 SU     
mjn548                                   0.78 SU      0.00 SU     
------------------------------------------------------------- 
    
