
Usage Report: Project=dp9 Period=2020.q3
=============================================================
    Grant:     9.00 MSU
     Used:   961.22 KSU
 Reserved:    13.75 SU 
    Avail:     8.04 MSU

Stakeholder                   Grant         Used        Avail
-------------------------------------------------------------
BoM                        9.00 MSU   919.21 KSU     8.08 MSU
------------------------------------------------------------- 

User                                        Used     Reserved
-------------------------------------------------------------    
ttl548                                  22.74 KSU    13.75 SU     
hhz548                                 309.42 KSU     0.00 SU     
mxk548                                 261.12 KSU     0.00 SU     
iib548                                   2.81 KSU     0.00 SU     
vvk548                                   1.94 KSU     0.00 SU     
yxm548                                  39.02 SU      0.00 SU     
zxs548                                  18.15 KSU     0.00 SU     
as2291                                 390.12 SU      0.00 SU     
gsd548                                  50.19 KSU     0.00 SU     
glr548                                  82.66 KSU     0.00 SU     
sjr548                                  15.30 KSU     0.00 SU     
wml548                                 194.52 KSU     0.00 SU     
jtl548                                   1.15 KSU     0.00 SU     
pjs548                                 775.20 SU      0.00 SU     
mjw548                                   9.18 SU      0.00 SU     
ixd548                                   8.52 SU      0.00 SU     
------------------------------------------------------------- 
    
