
Usage Report: Project=dp9 Period=2020.q3
=============================================================
    Grant:     9.00 MSU
     Used:   264.99 KSU
 Reserved:     4.62 KSU
    Avail:     8.73 MSU

Stakeholder                   Grant         Used        Avail
-------------------------------------------------------------
BoM                        9.00 MSU   227.59 KSU     8.77 MSU
------------------------------------------------------------- 

User                                        Used     Reserved
-------------------------------------------------------------    
ttl548                                   6.67 KSU    13.75 SU     
hhz548                                 202.13 KSU     4.61 KSU    
mxk548                                   7.80 KSU     0.00 SU     
iib548                                 982.56 SU      0.00 SU     
vvk548                                  18.17 SU      0.00 SU     
yxm548                                   0.47 SU      0.00 SU     
zxs548                                   7.41 KSU     0.00 SU     
as2291                                 153.17 SU      0.00 SU     
gsd548                                   8.55 KSU     0.00 SU     
glr548                                   8.46 KSU     0.00 SU     
sjr548                                   1.15 SU      0.00 SU     
wml548                                  22.83 KSU     0.00 SU     
------------------------------------------------------------- 
    
