
Usage Report: Project=dp9 Period=2021.q1
=============================================================
    Grant:    18.00 MSU
     Used:     7.59 MSU
 Reserved:   270.25 SU 
    Avail:    10.41 MSU

Stakeholder                   Grant         Used        Avail
-------------------------------------------------------------
BoM                       18.00 MSU     7.59 MSU    10.41 MSU
------------------------------------------------------------- 

User                                        Used     Reserved
-------------------------------------------------------------    
as2291                                  29.52 KSU     0.00 SU     
ixd548                                  25.61 SU      0.00 SU     
ycx548                                  15.57 KSU     0.00 SU     
ttl548                                  43.48 KSU     8.75 SU     
vvk548                                   1.57 MSU     0.00 SU     
dl9118                                  92.40 KSU     0.00 SU     
iib548                                 381.47 KSU     0.00 SU     
wml548                                  32.31 SU      0.00 SU     
mxk548                                   3.61 MSU   211.50 SU     
hhz548                                 173.62 KSU     0.00 SU     
jtl548                                 310.68 KSU     0.00 SU     
sjr548                                 131.77 KSU     0.00 SU     
gl7525                                   5.02 SU      0.00 SU     
zhl548                                  40.84 KSU     0.00 SU     
fs5892                                  19.09 SU      0.00 SU     
glr548                                   1.16 MSU     0.00 SU     
zxs548                                 161.06 SU      0.00 SU     
cnf599                                   2.76 KSU     0.00 SU     
jrf548                                  77.97 SU      0.00 SU     
sb0446                                  21.43 KSU     0.00 SU     
dr8819                                   0.46 SU      0.00 SU     
yxm548                                 192.82 SU     50.00 SU     
slc548                                  14.03 SU      0.00 SU     
------------------------------------------------------------- 
    
