------------------------------------------------------------------------------
         project             user     space used      file size          count
------------------------------------------------------------------------------
             dp9           mjw548          4.3GB          4.1GB          95104
             dp9           mrd599         19.6GB         19.5GB          27593
             dp9           jcf548         32.0kB         32.0kB              2
             dp9           cjb548         32.0kB         32.0kB              2
             dp9           ycx548          1.3TB          2.7TB          68673
             dp9           ach599         32.0kB         32.0kB              2
             dp9           yxm548         15.1TB         15.1TB        1197768
             dp9           glr548        144.7TB        148.0TB        1881718
             dp9           cnf599         11.6TB         11.6TB         134889
             dp9           ljr548          5.1GB          5.1GB           6492
             dp9           hhz548         58.0TB         58.4TB         662857
             dp9           zxs548          5.6TB          5.7TB         347855
             dp9           mjn548          5.1GB          5.1GB            212
             dp9           jtl548         33.3TB         33.5TB        1500156
             dp9           iib548          5.2TB          5.7TB        3456124
             dp9           gxk548         32.0kB         32.0kB              2
             dp9           hqz548         32.0kB         32.0kB              2
             dp9           rmb548         32.0kB         32.0kB              2
             dp9           zhl548          3.9TB          3.9TB         393068
             dp9           ixd548          8.4MB          8.4MB             31
             dp9           wml548         58.7TB         60.2TB         197599
             dp9           bxr548         32.0kB         32.0kB              2
             dp9           ttl548        109.8TB        109.8TB        1001046
             dp9           pjs548        213.5GB        213.5GB           2844
             dp9           gsd548         32.0kB         32.0kB              2
             dp9           sjr548         56.1TB         56.6TB        2019724
             dp9           vvk548         11.9TB         12.0TB         560593
             dp9           xds548        289.2GB        289.2GB           2345
             dp9           cit548        142.5MB        142.5MB             11
             dp9           slc548          4.2TB          4.2TB          78275
             dp9           jrf548         48.0kB         48.0kB              3
             dp9           pag548        128.0kB        128.0kB              8
             dp9           hhn548         32.0kB         32.0kB              2
             dp9           sss548         32.0kB         32.0kB              2
             dp9           kkp548         32.0kB         32.0kB              2
             dp9           ijb548         32.0kB         32.0kB              2
             dp9           nwe548         32.0kB         32.0kB              2
             dp9           chs548         12.2MB         16.1MB             58
             dp9           mxk548        464.2TB        474.4TB        1561478
             dp9           vov548          1.0TB          1.0TB          12823
             dp9           tc2375         32.0kB         32.0kB              2
             dp9           fs5892          1.3TB          2.1TB         200602
             dp9           jl0029         32.0kB         32.0kB              2
             dp9           as2291          2.3TB          2.3TB         236074
             dp9           jb6931         32.0kB         32.0kB              2
             dp9           dl9118         13.0TB         13.0TB         549253
             dp9           cs0369         32.0kB         32.0kB              2
             dp9           dr8819        189.8GB        189.8GB           5123
             dp9           nt4021        108.8GB        108.7GB           4384
             dp9           hw4629         32.0kB         32.0kB              2
             dp9           sl8973         32.0kB         32.0kB              2
             dp9           ml6621         32.0kB         32.0kB              2
             dp9           sb0446         56.9TB         56.9TB         470258
             dp9           gl7525        553.2MB        504.8MB          24000
             du7           sjr548        625.9MB        582.4MB          23198
             du7           chs548        143.7GB        143.8GB            337
             en0           bxr548          1.5GB          1.4GB          42709
             ep4           jcf548          2.4TB          2.4TB          16007
          public           ttl548          1.7TB          1.7TB           6448
          public           slc548         42.7MB         42.2MB            283
             rr6           ijb548          8.0kB          1.3kB              2
            us94           mxk548         91.1MB         89.3MB           1225
------------------------------------------------------------------------------
