
Usage Report: Project=dp9 Period=2020.q2
=============================================================
    Grant:     6.00 MSU
     Used:     5.50 MSU
 Reserved:     2.65 KSU
    Avail:   498.49 KSU

Stakeholder                   Grant         Used        Avail
-------------------------------------------------------------
BoM                        6.00 MSU     5.50 MSU   498.49 KSU
------------------------------------------------------------- 

User                                        Used     Reserved
-------------------------------------------------------------    
gsd548                                 130.34 KSU     0.00 SU     
sjr548                                 876.41 KSU     0.00 SU     
ttl548                                  93.64 KSU    55.00 SU     
zxs548                                 258.93 KSU   288.00 SU     
mxk548                                   1.53 MSU     0.00 SU     
zhl548                                  12.36 KSU     0.00 SU     
vvk548                                  19.13 KSU     0.00 SU     
ixd548                                 793.96 SU      0.00 SU     
mjw548                                   5.11 KSU     0.00 SU     
jtl548                                   5.14 KSU     0.00 SU     
as2291                                   7.53 KSU     0.00 SU     
cjb548                                   0.01 SU      0.00 SU     
iib548                                   1.11 MSU     0.00 SU     
yxm548                                 233.41 SU      0.00 SU     
cnf599                                  12.47 KSU     0.00 SU     
glr548                                 200.51 KSU     0.00 SU     
hhz548                                 157.27 KSU     2.30 KSU    
chs548                                   1.06 SU      0.00 SU     
nwe548                                 118.84 SU      0.00 SU     
cit548                                   1.32 KSU     0.00 SU     
mrd599                                   0.21 SU      0.00 SU     
fs5892                                 157.12 SU      0.00 SU     
wml548                                   1.07 MSU     0.00 SU     
pjs548                                   0.02 SU      0.00 SU     
xds548                                   1.10 KSU     0.00 SU     
mjn548                                   0.78 SU      0.00 SU     
------------------------------------------------------------- 
    
