
Usage Report: Project=dp9 Period=2021.q1
=============================================================
    Grant:    18.00 MSU
     Used:    10.38 MSU
 Reserved:     1.21 KSU
    Avail:     7.62 MSU

Stakeholder                   Grant         Used        Avail
-------------------------------------------------------------
BoM                       18.00 MSU    10.39 MSU     7.61 MSU
------------------------------------------------------------- 

User                                        Used     Reserved
-------------------------------------------------------------    
as2291                                  36.27 KSU     1.33 SU     
ixd548                                  35.60 SU      0.00 SU     
ycx548                                  15.58 KSU     0.00 SU     
ttl548                                  59.54 KSU     8.75 SU     
vvk548                                   1.58 MSU     0.00 SU     
dl9118                                 149.08 KSU     0.00 SU     
iib548                                 475.97 KSU     0.00 SU     
wml548                                  32.31 SU      0.00 SU     
mxk548                                   5.14 MSU     1.16 KSU    
hhz548                                 321.63 KSU     0.00 SU     
jtl548                                 539.90 KSU    32.00 SU     
sjr548                                 419.89 KSU     0.00 SU     
gl7525                                   5.02 SU      0.00 SU     
zhl548                                  40.86 KSU     0.00 SU     
fs5892                                  19.09 SU      0.00 SU     
glr548                                   1.58 MSU     0.00 SU     
zxs548                                 205.21 SU      0.00 SU     
cnf599                                   4.73 KSU     0.00 SU     
jrf548                                  77.97 SU      0.00 SU     
sb0446                                  21.43 KSU     0.00 SU     
dr8819                                   0.46 SU      0.00 SU     
yxm548                                 314.92 SU      0.00 SU     
slc548                                  62.10 SU      0.00 SU     
------------------------------------------------------------- 
    
