
Usage Report: Project=dp9 Period=2020.q3
=============================================================
    Grant:     9.00 MSU
     Used:     3.79 MSU
 Reserved:    57.00 SU 
    Avail:     5.21 MSU

Stakeholder                   Grant         Used        Avail
-------------------------------------------------------------
BoM                        9.00 MSU     3.75 MSU     5.25 MSU
------------------------------------------------------------- 

User                                        Used     Reserved
-------------------------------------------------------------    
ttl548                                  84.41 KSU    55.00 SU     
hhz548                                 564.00 KSU     0.00 SU     
mxk548                                   1.08 MSU     0.00 SU     
iib548                                  35.28 KSU     0.00 SU     
vvk548                                 351.05 KSU     0.00 SU     
yxm548                                  48.98 SU      0.00 SU     
zxs548                                  86.05 KSU     0.00 SU     
as2291                                  13.69 KSU     0.00 SU     
gsd548                                 168.53 KSU     0.00 SU     
glr548                                 224.15 KSU     2.00 SU     
sjr548                                 378.47 KSU     0.00 SU     
wml548                                 657.97 KSU     0.00 SU     
jtl548                                 104.60 KSU     0.00 SU     
pjs548                                   2.29 KSU     0.00 SU     
mjw548                                  28.28 KSU     0.00 SU     
ixd548                                  28.56 SU      0.00 SU     
bxr548                                   0.93 SU      0.00 SU     
fs5892                                  62.73 SU      0.00 SU     
jrf548                                  96.25 SU      0.00 SU     
xds548                                  21.83 SU      0.00 SU     
dl9118                                   3.35 KSU     0.00 SU     
cnf599                                   2.88 KSU     0.00 SU     
------------------------------------------------------------- 
    
