
Usage Report: Project=dp9 Period=2021.q1
=============================================================
    Grant:    18.00 MSU
     Used:     8.58 MSU
 Reserved:     5.39 KSU
    Avail:     9.41 MSU

Stakeholder                   Grant         Used        Avail
-------------------------------------------------------------
BoM                       18.00 MSU     8.59 MSU     9.41 MSU
------------------------------------------------------------- 

User                                        Used     Reserved
-------------------------------------------------------------    
as2291                                  31.84 KSU     0.00 SU     
ixd548                                  28.69 SU      0.00 SU     
ycx548                                  15.57 KSU     0.00 SU     
ttl548                                  47.50 KSU     8.75 SU     
vvk548                                   1.57 MSU     0.00 SU     
dl9118                                  92.62 KSU     0.00 SU     
iib548                                 387.46 KSU     0.00 SU     
wml548                                  32.31 SU      0.00 SU     
mxk548                                   4.19 MSU     4.61 KSU    
hhz548                                 234.33 KSU     0.00 SU     
jtl548                                 341.76 KSU     0.00 SU     
sjr548                                 371.77 KSU     0.00 SU     
gl7525                                   5.02 SU      0.00 SU     
zhl548                                  40.85 KSU     0.00 SU     
fs5892                                  19.09 SU      0.00 SU     
glr548                                   1.23 MSU   768.00 SU     
zxs548                                 161.06 SU      0.00 SU     
cnf599                                   2.76 KSU     0.00 SU     
jrf548                                  77.97 SU      0.00 SU     
sb0446                                  21.43 KSU     0.00 SU     
dr8819                                   0.46 SU      0.00 SU     
yxm548                                 314.92 SU      0.00 SU     
slc548                                  50.48 SU      0.00 SU     
------------------------------------------------------------- 
    
