
Usage Report: Project=dp9 Period=2020.q2
=============================================================
    Grant:     6.00 MSU
     Used:     4.32 MSU
 Reserved:    13.75 SU 
    Avail:     1.68 MSU

Stakeholder                   Grant         Used        Avail
-------------------------------------------------------------
BoM                        6.00 MSU     4.32 MSU     1.68 MSU
------------------------------------------------------------- 

User                                        Used     Reserved
-------------------------------------------------------------    
gsd548                                 109.49 KSU     0.00 SU     
sjr548                                 850.95 KSU     0.00 SU     
ttl548                                  86.94 KSU    13.75 SU     
zxs548                                 239.13 KSU     0.00 SU     
mxk548                                   1.10 MSU     0.00 SU     
zhl548                                  12.36 KSU     0.00 SU     
vvk548                                  18.46 KSU     0.00 SU     
ixd548                                 792.04 SU      0.00 SU     
mjw548                                   5.11 KSU     0.00 SU     
jtl548                                   5.00 KSU     0.00 SU     
as2291                                   7.34 KSU     0.00 SU     
cjb548                                   0.01 SU      0.00 SU     
iib548                                   1.07 MSU     0.00 SU     
yxm548                                 129.34 SU      0.00 SU     
cnf599                                  12.47 KSU     0.00 SU     
glr548                                 197.30 KSU     0.00 SU     
hhz548                                   9.14 KSU     0.00 SU     
chs548                                   1.06 SU      0.00 SU     
nwe548                                 118.84 SU      0.00 SU     
cit548                                   1.32 KSU     0.00 SU     
mrd599                                   0.21 SU      0.00 SU     
fs5892                                 157.12 SU      0.00 SU     
wml548                                 588.61 KSU     0.00 SU     
pjs548                                   0.02 SU      0.00 SU     
xds548                                   1.10 KSU     0.00 SU     
mjn548                                   0.78 SU      0.00 SU     
------------------------------------------------------------- 
    
