
Usage Report: Project=dp9 Period=2021.q2
=============================================================
    Grant:    18.00 MSU
     Used:     5.52 MSU
 Reserved:     4.94 KSU
    Avail:    12.47 MSU

Stakeholder                   Grant         Used        Avail
-------------------------------------------------------------
BoM                       18.00 MSU     5.53 MSU    12.47 MSU
------------------------------------------------------------- 

User                                        Used     Reserved
-------------------------------------------------------------    
jtl548                                   1.33 MSU     0.00 SU     
dl9118                                  26.30 KSU     4.61 KSU    
vvk548                                 535.41 KSU     0.00 SU     
mxk548                                   1.27 MSU     0.00 SU     
glr548                                 403.65 KSU     0.00 SU     
sjr548                                   1.61 MSU     0.00 SU     
ttl548                                  17.54 KSU   281.93 SU     
hhz548                                 209.78 KSU     0.00 SU     
as2291                                  10.33 KSU     0.00 SU     
iib548                                  78.58 KSU     0.00 SU     
ixd548                                   5.17 SU      0.00 SU     
cnf599                                   3.74 KSU     0.00 SU     
yxm548                                 325.15 SU     50.00 SU     
wml548                                  29.17 KSU     0.00 SU     
------------------------------------------------------------- 
    
