
Usage Report: Project=dp9 Period=2021.q1
=============================================================
    Grant:    18.00 MSU
     Used:     4.25 MSU
 Reserved:    16.39 KSU
    Avail:    13.73 MSU

Stakeholder                   Grant         Used        Avail
-------------------------------------------------------------
BoM                       18.00 MSU     4.27 MSU    13.73 MSU
------------------------------------------------------------- 

User                                        Used     Reserved
-------------------------------------------------------------    
as2291                                  15.12 KSU    39.27 SU     
ixd548                                  18.16 SU      0.00 SU     
ycx548                                  15.55 KSU     0.00 SU     
ttl548                                  23.62 KSU   113.74 SU     
vvk548                                   1.56 MSU     0.00 SU     
dl9118                                  64.16 KSU     1.54 KSU    
iib548                                 124.77 KSU     0.00 SU     
wml548                                  24.11 SU      0.00 SU     
mxk548                                   1.56 MSU     2.36 KSU    
hhz548                                  51.87 KSU   768.00 SU     
jtl548                                  34.27 KSU     0.00 SU     
sjr548                                  20.33 KSU     0.00 SU     
gl7525                                   5.02 SU      0.00 SU     
zhl548                                   9.13 SU      0.00 SU     
fs5892                                   0.57 SU      0.00 SU     
glr548                                 780.61 KSU    11.26 KSU    
zxs548                                 161.06 SU      0.00 SU     
cnf599                                 771.25 SU      0.00 SU     
jrf548                                  77.97 SU      0.00 SU     
sb0446                                   2.89 KSU   300.00 SU     
------------------------------------------------------------- 
    
