
Usage Report: Project=dp9 Period=2021.q4
=============================================================
    Grant:    16.00 MSU
     Used:   148.30 KSU
 Reserved:    35.42 KSU
    Avail:    15.82 MSU
    
Stakeholder                   Grant         Used        Avail
-------------------------------------------------------------    
BoM                       16.00 MSU   183.72 KSU    15.82 MSU    
------------------------------------------------------------- 
    
User                                        Used     Reserved
-------------------------------------------------------------        
dl9118                                   1.75 KSU   240.00 SU         
vvk548                                 114.92 KSU    34.56 KSU        
ttl548                                 876.57 SU      5.00 SU         
as2291                                   7.93 KSU   302.00 SU         
mjz548                                  13.36 KSU   308.75 SU         
iib548                                 673.78 SU      0.00 SU         
glr548                                   5.18 KSU     0.00 SU         
slc548                                   0.24 SU      0.00 SU         
pjs548                                   9.83 SU      0.00 SU         
pcl900                                   3.81 SU      0.00 SU         
sjr548                                   3.60 KSU     0.00 SU         
-------------------------------------------------------------        

Storage Usage Report: Project=dp9
=============================================================
Filesystem        Used     iUsed    Allocation    iAllocation    
gdata1a      135.52 TB   33.46 M     270.00 TB        45.00 M        

Stakeholder                         Allocation    iAllocation
-------------------------------------------------------------            
BoM                                  270.00 TB        45.00 M                
-------------------------------------------------------------
            
