
Usage Report: Project=dp9 Period=2020.q2
=============================================================
    Grant:     6.00 MSU
     Used:   476.90 KSU
 Reserved:     2.84 KSU
    Avail:     5.52 MSU

Stakeholder                   Grant         Used        Avail
-------------------------------------------------------------
BoM                        6.00 MSU   479.74 KSU     5.52 MSU
------------------------------------------------------------- 

User                                        Used     Reserved
-------------------------------------------------------------    
gsd548                                  28.09 KSU     0.00 SU     
sjr548                                 182.11 KSU     2.78 KSU    
ttl548                                  30.47 KSU    55.00 SU     
zxs548                                  50.98 KSU     0.00 SU     
mxk548                                 139.91 KSU     0.00 SU     
zhl548                                   5.46 KSU     0.00 SU     
vvk548                                   4.08 KSU     0.00 SU     
ixd548                                   9.66 SU      0.00 SU     
mjw548                                 254.40 SU      0.00 SU     
jtl548                                   1.19 KSU     0.00 SU     
as2291                                   1.22 KSU     0.00 SU     
cjb548                                   0.01 SU      0.00 SU     
iib548                                  10.04 KSU     0.00 SU     
yxm548                                  32.26 SU      0.00 SU     
cnf599                                  12.47 KSU     0.00 SU     
glr548                                  10.59 KSU     0.00 SU     
hhz548                                   0.22 SU      0.00 SU     
chs548                                   0.31 SU      0.00 SU     
------------------------------------------------------------- 
    
