
Usage Report: Project=dp9 Period=2020.q4
=============================================================
    Grant:    18.00 MSU
     Used:    13.76 MSU
 Reserved:    17.44 KSU
    Avail:     4.22 MSU

Stakeholder                   Grant         Used        Avail
-------------------------------------------------------------
BoM                       18.00 MSU    13.78 MSU     4.22 MSU
------------------------------------------------------------- 

User                                        Used     Reserved
-------------------------------------------------------------    
vvk548                                   5.88 MSU     0.00 SU     
zxs548                                  56.62 KSU     0.00 SU     
ttl548                                  49.89 KSU    15.00 SU     
jtl548                                   1.77 MSU   997.00 SU     
as2291                                  27.84 KSU    16.08 SU     
mxk548                                   3.66 MSU     0.00 SU     
dl9118                                 521.81 KSU   843.00 SU     
fs5892                                   7.52 KSU     0.00 SU     
glr548                                 818.13 KSU     7.50 KSU    
iib548                                 240.50 KSU     0.00 SU     
pjs548                                   1.50 KSU     0.00 SU     
sjr548                                 263.36 KSU     0.00 SU     
gsd548                                 107.11 KSU     8.06 KSU    
ixd548                                  29.44 SU      0.00 SU     
wml548                                 185.19 KSU     0.00 SU     
mjw548                                   4.52 KSU     0.00 SU     
jrf548                                  13.95 SU      0.00 SU     
yxm548                                 132.68 SU      0.00 SU     
cnf599                                  52.91 KSU     0.00 SU     
cst565                                 100.82 KSU     0.00 SU     
chs548                                   7.85 KSU     0.00 SU     
ycx548                                  32.12 SU      0.00 SU     
mrd599                                   0.02 SU      0.00 SU     
cit548                                  10.09 SU      0.00 SU     
slc548                                   0.03 SU      0.00 SU     
------------------------------------------------------------- 
    
