
Usage Report: Project=dp9 Period=2020.q3
=============================================================
    Grant:     9.00 MSU
     Used:   141.28 KSU
 Reserved:     6.94 KSU
    Avail:     8.85 MSU

Stakeholder                   Grant         Used        Avail
-------------------------------------------------------------
BoM                        9.00 MSU   106.19 KSU     8.89 MSU
------------------------------------------------------------- 

User                                        Used     Reserved
-------------------------------------------------------------    
ttl548                                   5.32 KSU    22.75 SU     
hhz548                                 120.19 KSU     6.91 KSU    
mxk548                                   7.79 KSU     0.00 SU     
iib548                                 529.52 SU      0.00 SU     
vvk548                                  17.72 SU      0.00 SU     
yxm548                                   0.37 SU      0.00 SU     
zxs548                                   7.41 KSU     0.00 SU     
as2291                                  10.61 SU      1.00 SU     
------------------------------------------------------------- 
    
