
Usage Report: Project=dp9 Period=2021.q1
=============================================================
    Grant:    18.00 MSU
     Used:     2.14 MSU
 Reserved:     1.30 KSU
    Avail:    15.85 MSU

Stakeholder                   Grant         Used        Avail
-------------------------------------------------------------
BoM                       18.00 MSU     2.15 MSU    15.85 MSU
------------------------------------------------------------- 

User                                        Used     Reserved
-------------------------------------------------------------    
as2291                                   3.92 KSU    16.82 SU     
ixd548                                  11.31 SU      0.00 SU     
ycx548                                  15.55 KSU     0.00 SU     
ttl548                                  12.84 KSU    99.25 SU     
vvk548                                   1.56 MSU     0.00 SU     
dl9118                                  17.77 KSU     0.00 SU     
iib548                                  65.83 KSU     0.00 SU     
wml548                                  24.11 SU      0.00 SU     
mxk548                                 451.73 KSU     1.18 KSU    
hhz548                                 406.26 SU      0.00 SU     
jtl548                                   1.99 KSU     0.00 SU     
sjr548                                  12.93 KSU     0.00 SU     
gl7525                                   5.02 SU      0.00 SU     
zhl548                                   0.00 SU      0.00 SU     
fs5892                                   0.57 SU      0.00 SU     
glr548                                  22.94 SU      0.00 SU     
zxs548                                  58.94 SU      0.00 SU     
------------------------------------------------------------- 
    
