
Usage Report: Project=dp9 Period=2020.q4
=============================================================
    Grant:    18.00 MSU
     Used:    13.08 MSU
 Reserved:    19.53 KSU
    Avail:     4.90 MSU

Stakeholder                   Grant         Used        Avail
-------------------------------------------------------------
BoM                       18.00 MSU    13.10 MSU     4.90 MSU
------------------------------------------------------------- 

User                                        Used     Reserved
-------------------------------------------------------------    
vvk548                                   5.86 MSU     8.69 KSU    
zxs548                                  56.62 KSU     0.00 SU     
ttl548                                  48.84 KSU   106.96 SU     
jtl548                                   1.63 MSU     0.00 SU     
as2291                                  26.26 KSU    28.08 SU     
mxk548                                   3.48 MSU    28.50 SU     
dl9118                                 398.09 KSU     2.41 KSU    
fs5892                                   7.52 KSU     0.00 SU     
glr548                                 646.74 KSU     7.50 KSU    
iib548                                 240.42 KSU     0.00 SU     
pjs548                                   1.50 KSU     0.00 SU     
sjr548                                 254.85 KSU   771.50 SU     
gsd548                                 107.11 KSU     0.00 SU     
ixd548                                  27.37 SU      0.00 SU     
wml548                                 153.44 KSU     0.00 SU     
mjw548                                   4.52 KSU     0.00 SU     
jrf548                                  13.95 SU      0.00 SU     
yxm548                                 132.68 SU      0.00 SU     
cnf599                                  52.87 KSU     0.00 SU     
cst565                                 100.82 KSU     0.00 SU     
chs548                                   7.85 KSU     0.00 SU     
ycx548                                  12.63 SU      0.00 SU     
mrd599                                   0.02 SU      0.00 SU     
cit548                                  10.09 SU      0.00 SU     
slc548                                   0.03 SU      0.00 SU     
------------------------------------------------------------- 
    
