
Usage Report: Project=dp9 Period=2020.q4
=============================================================
    Grant:    18.00 MSU
     Used:     9.13 MSU
 Reserved:    72.21 KSU
    Avail:     8.80 MSU

Stakeholder                   Grant         Used        Avail
-------------------------------------------------------------
BoM                       18.00 MSU     9.20 MSU     8.80 MSU
------------------------------------------------------------- 

User                                        Used     Reserved
-------------------------------------------------------------    
vvk548                                   3.03 MSU    69.12 KSU    
zxs548                                  55.41 KSU     0.00 SU     
ttl548                                  37.05 KSU     8.75 SU     
jtl548                                   1.56 MSU     0.00 SU     
as2291                                  18.17 KSU     0.00 SU     
mxk548                                   3.05 MSU     1.54 KSU    
dl9118                                 262.70 KSU     1.54 KSU    
fs5892                                   7.52 KSU     0.00 SU     
glr548                                 377.39 KSU     0.00 SU     
iib548                                 200.51 KSU     2.25 SU     
pjs548                                   1.43 KSU     0.00 SU     
sjr548                                 233.31 KSU     0.00 SU     
gsd548                                  86.74 KSU     0.00 SU     
ixd548                                  21.07 SU      0.00 SU     
wml548                                  40.70 KSU     0.00 SU     
mjw548                                   4.52 KSU     0.00 SU     
jrf548                                  13.95 SU      0.00 SU     
yxm548                                 132.68 SU      0.00 SU     
cnf599                                  52.87 KSU     0.00 SU     
cst565                                 100.82 KSU     0.00 SU     
chs548                                   7.77 KSU     0.00 SU     
ycx548                                  12.27 SU      0.00 SU     
mrd599                                   0.02 SU      0.00 SU     
cit548                                  10.09 SU      0.00 SU     
------------------------------------------------------------- 
    
