
Usage Report: Project=dp9 Period=2021.q2
=============================================================
    Grant:    18.00 MSU
     Used:     7.82 MSU
 Reserved:     5.65 KSU
    Avail:    10.18 MSU
    
Stakeholder                   Grant         Used        Avail
-------------------------------------------------------------    
BoM                       18.00 MSU     7.82 MSU    10.18 MSU    
------------------------------------------------------------- 
    
User                                        Used     Reserved
-------------------------------------------------------------        
jtl548                                   1.75 MSU     1.92 KSU        
dl9118                                 104.06 KSU     3.52 KSU        
vvk548                                 537.54 KSU     0.00 SU         
mxk548                                   2.67 MSU     0.00 SU         
glr548                                 479.79 KSU     0.00 SU         
sjr548                                   1.68 MSU     0.00 SU         
ttl548                                  29.05 KSU   201.60 SU         
hhz548                                 209.78 KSU     0.00 SU         
as2291                                  22.46 KSU     0.50 SU         
iib548                                 186.89 KSU     0.00 SU         
ixd548                                   9.88 SU      0.00 SU         
cnf599                                   9.06 KSU     0.00 SU         
yxm548                                 824.75 SU      0.00 SU         
wml548                                 138.81 KSU     0.00 SU         
pjs548                                 192.38 SU      0.00 SU         
nwe548                                   2.47 SU      0.00 SU         
-------------------------------------------------------------        

Storage Usage Report: Project=dp9
=============================================================
Filesystem        Used     iUsed    Allocation    iAllocation    
gdata1a      120.50 TB   30.75 M     270.00 TB        45.00 M        

Stakeholder                         Allocation    iAllocation
-------------------------------------------------------------            
BoM                                  270.00 TB        45.00 M                
-------------------------------------------------------------
            
