
Usage Report: Project=dp9 Period=2020.q3
=============================================================
    Grant:     9.00 MSU
     Used:     4.89 MSU
 Reserved:     3.86 KSU
    Avail:     4.10 MSU

Stakeholder                   Grant         Used        Avail
-------------------------------------------------------------
BoM                        9.00 MSU     4.85 MSU     4.15 MSU
------------------------------------------------------------- 

User                                        Used     Reserved
-------------------------------------------------------------    
ttl548                                  91.63 KSU    13.75 SU     
hhz548                                 564.00 KSU     0.00 SU     
mxk548                                   1.96 MSU     3.49 KSU    
iib548                                  38.43 KSU     0.00 SU     
vvk548                                 351.05 KSU     0.00 SU     
yxm548                                  48.98 SU      0.00 SU     
zxs548                                 120.59 KSU   360.00 SU     
as2291                                  15.44 KSU     0.00 SU     
gsd548                                 177.59 KSU     0.00 SU     
glr548                                 240.22 KSU     0.00 SU     
sjr548                                 402.85 KSU     0.00 SU     
wml548                                 732.24 KSU     0.00 SU     
jtl548                                 153.96 KSU     0.00 SU     
pjs548                                   2.29 KSU     0.00 SU     
mjw548                                  28.30 KSU     0.00 SU     
ixd548                                  30.83 SU      0.00 SU     
bxr548                                   0.93 SU      0.00 SU     
fs5892                                  62.73 SU      0.00 SU     
jrf548                                  96.25 SU      0.00 SU     
xds548                                  21.83 SU      0.00 SU     
dl9118                                   6.15 KSU     0.00 SU     
cnf599                                   4.45 KSU     0.00 SU     
------------------------------------------------------------- 
    
