
Usage Report: Project=dp9 Period=2020.q3
=============================================================
    Grant:     9.00 MSU
     Used:     5.99 MSU
 Reserved:    73.37 KSU
    Avail:     2.93 MSU

Stakeholder                   Grant         Used        Avail
-------------------------------------------------------------
BoM                        9.00 MSU     6.07 MSU     2.93 MSU
------------------------------------------------------------- 

User                                        Used     Reserved
-------------------------------------------------------------    
ttl548                                 101.96 KSU    58.00 SU     
hhz548                                 564.00 KSU     0.00 SU     
mxk548                                   2.53 MSU     7.50 SU     
iib548                                  42.17 KSU     0.00 SU     
vvk548                                 484.91 KSU    69.12 KSU    
yxm548                                  48.98 SU      0.00 SU     
zxs548                                 157.95 KSU     0.00 SU     
as2291                                  16.30 KSU     0.00 SU     
gsd548                                 202.32 KSU     0.00 SU     
glr548                                 283.49 KSU     0.00 SU     
sjr548                                 506.20 KSU     0.00 SU     
wml548                                 732.33 KSU     0.00 SU     
jtl548                                 306.69 KSU     4.18 KSU    
pjs548                                   2.54 KSU     0.00 SU     
mjw548                                  28.30 KSU     0.00 SU     
ixd548                                  34.22 SU      0.00 SU     
bxr548                                   0.93 SU      0.00 SU     
fs5892                                  62.73 SU      0.00 SU     
jrf548                                  96.25 SU      0.00 SU     
xds548                                 852.46 SU      0.00 SU     
dl9118                                  17.02 KSU     0.00 SU     
cnf599                                  19.78 KSU     0.00 SU     
------------------------------------------------------------- 
    
