
Usage Report: Project=dp9 Period=2021.q2
=============================================================
    Grant:    18.00 MSU
     Used:    10.63 MSU
 Reserved:     1.42 KSU
    Avail:     7.37 MSU
    
Stakeholder                   Grant         Used        Avail
-------------------------------------------------------------    
BoM                       18.00 MSU    10.63 MSU     7.37 MSU    
------------------------------------------------------------- 
    
User                                        Used     Reserved
-------------------------------------------------------------        
jtl548                                   2.09 MSU     0.00 SU         
dl9118                                 151.31 KSU     0.00 SU         
vvk548                                 545.03 KSU     0.00 SU         
mxk548                                   4.51 MSU     1.15 KSU        
glr548                                 684.91 KSU     0.00 SU         
sjr548                                   1.68 MSU     0.00 SU         
ttl548                                  55.83 KSU   211.10 SU         
hhz548                                 227.61 KSU    13.33 SU         
as2291                                  52.81 KSU    46.50 SU         
iib548                                 312.94 KSU     0.00 SU         
ixd548                                  21.34 SU      0.00 SU         
cnf599                                  55.57 KSU     0.00 SU         
yxm548                                   1.02 KSU     0.00 SU         
wml548                                 262.79 KSU     0.00 SU         
pjs548                                 487.44 SU      0.00 SU         
nwe548                                   2.47 SU      0.00 SU         
ycx548                                   0.01 SU      0.00 SU         
zxs548                                   2.27 KSU     0.00 SU         
-------------------------------------------------------------        

Storage Usage Report: Project=dp9
=============================================================
Filesystem        Used     iUsed    Allocation    iAllocation    
gdata1a       97.93 TB   30.77 M     270.00 TB        45.00 M        

Stakeholder                         Allocation    iAllocation
-------------------------------------------------------------            
BoM                                  270.00 TB        45.00 M                
-------------------------------------------------------------
            
