
Usage Report: Project=dp9 Period=2021.q2
=============================================================
    Grant:    18.00 MSU
     Used:     8.28 MSU
 Reserved:     1.17 KSU
    Avail:     9.72 MSU
    
Stakeholder                   Grant         Used        Avail
-------------------------------------------------------------    
BoM                       18.00 MSU     8.28 MSU     9.72 MSU    
------------------------------------------------------------- 
    
User                                        Used     Reserved
-------------------------------------------------------------        
jtl548                                   1.76 MSU     0.00 SU         
dl9118                                 135.94 KSU     0.00 SU         
vvk548                                 540.14 KSU     0.00 SU         
mxk548                                   2.99 MSU     1.15 KSU        
glr548                                 501.00 KSU     0.00 SU         
sjr548                                   1.68 MSU     0.00 SU         
ttl548                                  34.03 KSU     0.00 SU         
hhz548                                 209.78 KSU     0.00 SU         
as2291                                  30.38 KSU    17.00 SU         
iib548                                 225.08 KSU     0.00 SU         
ixd548                                   9.88 SU      0.00 SU         
cnf599                                   9.06 KSU     0.00 SU         
yxm548                                 824.75 SU      0.00 SU         
wml548                                 160.79 KSU     0.00 SU         
pjs548                                 192.38 SU      0.00 SU         
nwe548                                   2.47 SU      0.00 SU         
-------------------------------------------------------------        

Storage Usage Report: Project=dp9
=============================================================
Filesystem        Used     iUsed    Allocation    iAllocation    
gdata1a      145.60 TB   30.30 M     270.00 TB        45.00 M        

Stakeholder                         Allocation    iAllocation
-------------------------------------------------------------            
BoM                                  270.00 TB        45.00 M                
-------------------------------------------------------------
            
