
Usage Report: Project=dp9 Period=2021.q1
=============================================================
    Grant:    18.00 MSU
     Used:    10.73 MSU
 Reserved:    16.34 KSU
    Avail:     7.25 MSU

Stakeholder                   Grant         Used        Avail
-------------------------------------------------------------
BoM                       18.00 MSU    10.75 MSU     7.25 MSU
------------------------------------------------------------- 

User                                        Used     Reserved
-------------------------------------------------------------    
as2291                                  36.63 KSU     2.00 SU     
ixd548                                  38.22 SU      0.00 SU     
ycx548                                  15.58 KSU     0.00 SU     
ttl548                                  61.06 KSU     8.75 SU     
vvk548                                   1.58 MSU     0.00 SU     
dl9118                                 152.20 KSU     0.00 SU     
iib548                                 476.08 KSU     0.00 SU     
wml548                                  32.31 SU      0.00 SU     
mxk548                                   5.32 MSU     4.22 KSU    
hhz548                                 321.63 KSU     0.00 SU     
jtl548                                 605.42 KSU     0.00 SU     
sjr548                                 419.89 KSU     0.00 SU     
gl7525                                   5.02 SU      0.00 SU     
zhl548                                  40.88 KSU     0.00 SU     
fs5892                                  71.83 SU      0.00 SU     
glr548                                   1.68 MSU    12.10 KSU    
zxs548                                 205.21 SU      0.00 SU     
cnf599                                   4.73 KSU     0.00 SU     
jrf548                                  77.97 SU      0.00 SU     
sb0446                                  21.43 KSU     0.00 SU     
dr8819                                   0.46 SU      0.00 SU     
yxm548                                 314.92 SU      0.00 SU     
slc548                                  62.10 SU      0.00 SU     
------------------------------------------------------------- 
    
