
Usage Report: Project=dp9 Period=2020.q2
=============================================================
    Grant:     9.00 MSU
     Used:     8.79 MSU
 Reserved:     4.62 KSU
    Avail:   207.19 KSU

Stakeholder                   Grant         Used        Avail
-------------------------------------------------------------
BoM                        9.00 MSU     8.79 MSU   207.19 KSU
------------------------------------------------------------- 

User                                        Used     Reserved
-------------------------------------------------------------    
gsd548                                 190.16 KSU     0.00 SU     
sjr548                                   1.02 MSU     0.00 SU     
ttl548                                 119.32 KSU    13.75 SU     
zxs548                                 324.61 KSU     0.00 SU     
mxk548                                   1.68 MSU     0.00 SU     
zhl548                                  12.36 KSU     0.00 SU     
vvk548                                  21.06 KSU     0.00 SU     
ixd548                                 805.59 SU      0.00 SU     
mjw548                                   9.14 KSU     0.00 SU     
jtl548                                   7.61 KSU     0.00 SU     
as2291                                   8.68 KSU     0.00 SU     
cjb548                                   0.01 SU      0.00 SU     
iib548                                   1.24 MSU     0.00 SU     
yxm548                                 413.70 SU      0.00 SU     
cnf599                                  12.47 KSU     0.00 SU     
glr548                                 246.20 KSU     0.00 SU     
hhz548                                 844.95 KSU     4.61 KSU    
chs548                                  29.00 SU      0.00 SU     
nwe548                                 118.84 SU      0.00 SU     
cit548                                   1.42 KSU     0.00 SU     
mrd599                                   0.21 SU      0.00 SU     
fs5892                                 299.35 SU      0.00 SU     
wml548                                   3.05 MSU     0.00 SU     
pjs548                                 789.95 SU      0.00 SU     
xds548                                   1.10 KSU     0.00 SU     
mjn548                                   0.78 SU      0.00 SU     
------------------------------------------------------------- 
    
