
Usage Report: Project=dp9 Period=2020.q3
=============================================================
    Grant:     9.00 MSU
     Used:     7.67 MSU
 Reserved:    82.22 KSU
    Avail:     1.24 MSU

Stakeholder                   Grant         Used        Avail
-------------------------------------------------------------
BoM                        9.00 MSU     7.76 MSU     1.24 MSU
------------------------------------------------------------- 

User                                        Used     Reserved
-------------------------------------------------------------    
ttl548                                 106.00 KSU     8.75 SU     
hhz548                                 564.00 KSU     0.00 SU     
mxk548                                   2.92 MSU     1.54 KSU    
iib548                                  43.86 KSU     0.00 SU     
vvk548                                 621.60 KSU    69.12 KSU    
yxm548                                  48.98 SU      0.00 SU     
zxs548                                 193.85 KSU     0.00 SU     
as2291                                  18.02 KSU     3.17 SU     
gsd548                                 215.39 KSU     0.00 SU     
glr548                                 317.78 KSU     0.00 SU     
sjr548                                 534.38 KSU     0.00 SU     
wml548                                 732.36 KSU     0.00 SU     
jtl548                                   1.33 MSU    11.55 KSU    
pjs548                                   2.73 KSU     0.00 SU     
mjw548                                  35.85 KSU     0.00 SU     
ixd548                                  35.77 SU      0.00 SU     
bxr548                                   0.93 SU      0.00 SU     
fs5892                                 845.70 SU      0.00 SU     
jrf548                                  96.25 SU      0.00 SU     
xds548                                 852.46 SU      0.00 SU     
dl9118                                  18.05 KSU     0.00 SU     
cnf599                                  19.78 KSU     0.00 SU     
------------------------------------------------------------- 
    
