
Usage Report: Project=dp9 Period=2021.q2
=============================================================
    Grant:    18.00 MSU
     Used:     3.81 MSU
 Reserved:    53.16 KSU
    Avail:    14.14 MSU

Stakeholder                   Grant         Used        Avail
-------------------------------------------------------------
BoM                       18.00 MSU     3.86 MSU    14.14 MSU
------------------------------------------------------------- 

User                                        Used     Reserved
-------------------------------------------------------------    
jtl548                                   1.04 MSU     4.95 KSU    
dl9118                                   9.86 KSU     1.73 KSU    
vvk548                                 534.70 KSU     0.00 SU     
mxk548                                 609.00 KSU     1.16 KSU    
glr548                                 254.55 KSU    45.06 KSU    
sjr548                                   1.11 MSU    29.00 SU     
ttl548                                   9.28 KSU   241.68 SU     
hhz548                                 209.78 KSU     0.00 SU     
as2291                                   4.02 KSU     4.57 SU     
iib548                                  34.21 KSU     0.00 SU     
ixd548                                   2.83 SU      0.00 SU     
cnf599                                 204.08 SU      0.00 SU     
------------------------------------------------------------- 
    
