
Usage Report: Project=dp9 Period=2020.q4
=============================================================
    Grant:    18.00 MSU
     Used:     9.58 MSU
 Reserved:   103.72 KSU
    Avail:     8.31 MSU

Stakeholder                   Grant         Used        Avail
-------------------------------------------------------------
BoM                       18.00 MSU     9.69 MSU     8.31 MSU
------------------------------------------------------------- 

User                                        Used     Reserved
-------------------------------------------------------------    
vvk548                                   3.40 MSU   103.68 KSU    
zxs548                                  55.41 KSU     0.00 SU     
ttl548                                  37.87 KSU     7.00 SU     
jtl548                                   1.56 MSU     0.00 SU     
as2291                                  19.31 KSU    33.83 SU     
mxk548                                   3.08 MSU     0.00 SU     
dl9118                                 264.04 KSU     0.00 SU     
fs5892                                   7.52 KSU     0.00 SU     
glr548                                 426.99 KSU     0.00 SU     
iib548                                 200.58 KSU     0.00 SU     
pjs548                                   1.50 KSU     0.00 SU     
sjr548                                 233.32 KSU     0.00 SU     
gsd548                                  86.74 KSU     0.00 SU     
ixd548                                  21.86 SU      0.00 SU     
wml548                                  48.14 KSU     0.00 SU     
mjw548                                   4.52 KSU     0.00 SU     
jrf548                                  13.95 SU      0.00 SU     
yxm548                                 132.68 SU      0.00 SU     
cnf599                                  52.87 KSU     0.00 SU     
cst565                                 100.82 KSU     0.00 SU     
chs548                                   7.77 KSU     0.00 SU     
ycx548                                  12.27 SU      0.00 SU     
mrd599                                   0.02 SU      0.00 SU     
cit548                                  10.09 SU      0.00 SU     
------------------------------------------------------------- 
    
