------------------------------------------------------------------------------
         project             user     space used      file size          count
------------------------------------------------------------------------------
             dx2           pag548          660kB          594kB             38
             dp9           pag548          128kB          128kB              8
             dp9           ljr548         32.0kB         32.0kB              2
             dp9           ixd548          432kB          432kB             27
             en0           bxr548         1528MB         1448MB          42412
             dp9           bxr548         32.0kB         32.0kB              2
             dp9           gsd548         32.0kB         32.0kB              2
             du7           glr548         1792kB         1585kB            128
             dp9           glr548         17.3TB         17.5TB         489979
          access           as2291          4.0kB          1.0kB              1
             dp9           as2291          105MB         97.1MB           3552
             dp9           hhz548         42.7TB         43.1TB         394193
             dp9           gxk548         32.0kB         32.0kB              2
             dp9           rmb548         32.0kB         32.0kB              2
             dp9           cjb548         32.0kB         32.0kB              2
             dp9           tc2375         32.0kB         32.0kB              2
             dp9           ach599         32.0kB         32.0kB              2
             dp9           ycx548         32.0kB         32.0kB              2
             dp9           hqz548         32.0kB         32.0kB              2
             dp9           sl8973         32.0kB         32.0kB              2
             dp9           yxm548         15.1TB         15.1TB         697737
             dp9           jb6931         32.0kB         32.0kB              2
          public           pjs548         32.0kB         32.0kB              2
             dp9           pjs548          820kB          787kB             25
             dp9           sss548         32.0kB         32.0kB              2
             du7           chs548          144GB          144GB            337
             dp9           chs548         11.9MB         15.9MB             48
             dp9           cit548          143MB          142MB              8
             dp9           mjw548         1071GB         1070GB         519623
          access           mjw548         13.0TB         13.0TB        3592416
          access           mjn548          188kB          175kB              6
             dp9           mjn548         5208MB         5208MB            212
          access           wml548         25.9GB         28.8GB         477401
             dp9           wml548          122TB          130TB         297999
             dp9           hw4629         32.0kB         32.0kB              2
          access           jtl548         4203MB         4158MB          26128
          public           jtl548         36.0kB         35.4kB              3
             dp9           jtl548         2935GB         2938GB         586612
          access           vvk548          424kB          384kB             17
          public           vvk548         1556kB         1405kB             88
             dp9           vvk548          948GB          948GB         163316
             dp9           ml6621         32.0kB         32.0kB              2
             dp9           iib548         2188GB         2192GB        2117360
             dp9           nwe548         32.0kB         32.0kB              2
             dp9           zxs548         3907GB         3907GB         108171
             dp9           cnf599         11.1TB         11.1TB          60094
             dp9           dr8819          183GB          183GB            227
          public           slc548          116MB          115MB            773
             dp9           slc548         3738GB         3743GB          68942
             ep4           jcf548         2412GB         2482GB          16007
             dp9           jcf548         32.0kB         32.0kB              2
             dp9           jrf548         32.0kB         32.0kB              2
             dp9           kkp548         32.0kB         32.0kB              2
             dp9           sjr548         16.7TB         17.2TB         745320
             dp9           hhn548         32.0kB         32.0kB              2
             dp9           fs5892         2470MB         2352MB          59983
             dp9           cs0369         32.0kB         32.0kB              2
             dp9           jl0029         32.0kB         32.0kB              2
             y03           ttl548         2797GB         2797GB           4724
          access           ttl548         37.8MB         37.4MB            283
             dp9           ttl548         29.6TB         29.6TB         345245
            us94           mxk548         96.8MB         94.7MB           1368
             dp9           mxk548         53.0TB         54.0TB         251722
          access           zhl548          308kB          250kB             22
             dp9           zhl548          887GB          898GB         226157
             rr6           ijb548          8.0kB          1.3kB              2
             dp9           ijb548         32.0kB         32.0kB              2
             dp9           nt4021          109GB          109GB           4384
             dp9           mrd599          900MB          873MB          11847
             dp9           xds548         26.2GB         26.2GB           1626
------------------------------------------------------------------------------
