
Usage Report: Project=dp9 Period=2020.q3
=============================================================
    Grant:     9.00 MSU
     Used:     2.90 MSU
 Reserved:     0.00 SU 
    Avail:     6.10 MSU

Stakeholder                   Grant         Used        Avail
-------------------------------------------------------------
BoM                        9.00 MSU     2.86 MSU     6.14 MSU
------------------------------------------------------------- 

User                                        Used     Reserved
-------------------------------------------------------------    
ttl548                                  62.47 KSU     0.00 SU     
hhz548                                 564.00 KSU     0.00 SU     
mxk548                                   1.03 MSU     0.00 SU     
iib548                                  22.94 KSU     0.00 SU     
vvk548                                 170.08 KSU     0.00 SU     
yxm548                                  48.98 SU      0.00 SU     
zxs548                                  22.27 KSU     0.00 SU     
as2291                                   3.67 KSU     0.00 SU     
gsd548                                 127.71 KSU     0.00 SU     
glr548                                 123.92 KSU     0.00 SU     
sjr548                                 228.90 KSU     0.00 SU     
wml548                                 454.50 KSU     0.00 SU     
jtl548                                  88.17 KSU     0.00 SU     
pjs548                                   2.09 KSU     0.00 SU     
mjw548                                   9.18 SU      0.00 SU     
ixd548                                  20.13 SU      0.00 SU     
bxr548                                   0.93 SU      0.00 SU     
fs5892                                  62.73 SU      0.00 SU     
jrf548                                  96.25 SU      0.00 SU     
xds548                                  16.16 SU      0.00 SU     
------------------------------------------------------------- 
    
