
Usage Report: Project=dp9 Period=2020.q3
=============================================================
    Grant:     9.00 MSU
     Used:     3.63 MSU
 Reserved:    55.00 SU 
    Avail:     5.37 MSU

Stakeholder                   Grant         Used        Avail
-------------------------------------------------------------
BoM                        9.00 MSU     3.59 MSU     5.41 MSU
------------------------------------------------------------- 

User                                        Used     Reserved
-------------------------------------------------------------    
ttl548                                  82.13 KSU    55.00 SU     
hhz548                                 564.00 KSU     0.00 SU     
mxk548                                   1.08 MSU     0.00 SU     
iib548                                  30.50 KSU     0.00 SU     
vvk548                                 351.05 KSU     0.00 SU     
yxm548                                  48.98 SU      0.00 SU     
zxs548                                  84.95 KSU     0.00 SU     
as2291                                  13.22 KSU     0.00 SU     
gsd548                                 158.79 KSU     0.00 SU     
glr548                                 203.71 KSU     0.00 SU     
sjr548                                 363.47 KSU     0.00 SU     
wml548                                 573.46 KSU     0.00 SU     
jtl548                                  97.87 KSU     0.00 SU     
pjs548                                   2.21 KSU     0.00 SU     
mjw548                                  19.68 KSU     0.00 SU     
ixd548                                  27.81 SU      0.00 SU     
bxr548                                   0.93 SU      0.00 SU     
fs5892                                  62.73 SU      0.00 SU     
jrf548                                  96.25 SU      0.00 SU     
xds548                                  16.16 SU      0.00 SU     
dl9118                                 149.10 SU      0.00 SU     
cnf599                                   2.37 KSU     0.00 SU     
------------------------------------------------------------- 
    
