
Usage Report: Project=dp9 Period=2020.q2
=============================================================
    Grant:     6.00 MSU
     Used:     2.97 MSU
 Reserved:   236.75 SU 
    Avail:     3.03 MSU

Stakeholder                   Grant         Used        Avail
-------------------------------------------------------------
BoM                        6.00 MSU     2.97 MSU     3.03 MSU
------------------------------------------------------------- 

User                                        Used     Reserved
-------------------------------------------------------------    
gsd548                                  78.50 KSU     0.00 SU     
sjr548                                 850.72 KSU     0.00 SU     
ttl548                                  73.49 KSU    68.75 SU     
zxs548                                 163.89 KSU     0.00 SU     
mxk548                                 599.25 KSU     0.00 SU     
zhl548                                  10.95 KSU     0.00 SU     
vvk548                                  18.42 KSU     0.00 SU     
ixd548                                 580.11 SU      0.00 SU     
mjw548                                   4.66 KSU     0.00 SU     
jtl548                                   3.92 KSU     0.00 SU     
as2291                                   6.58 KSU     0.00 SU     
cjb548                                   0.01 SU      0.00 SU     
iib548                                 925.63 KSU     0.00 SU     
yxm548                                  75.72 SU    168.00 SU     
cnf599                                  12.47 KSU     0.00 SU     
glr548                                 184.69 KSU     0.00 SU     
hhz548                                  24.39 SU      0.00 SU     
chs548                                   1.06 SU      0.00 SU     
nwe548                                 118.84 SU      0.00 SU     
cit548                                   1.32 KSU     0.00 SU     
mrd599                                   0.21 SU      0.00 SU     
fs5892                                 157.12 SU      0.00 SU     
wml548                                  30.12 KSU     0.00 SU     
pjs548                                   0.02 SU      0.00 SU     
------------------------------------------------------------- 
    
