
Usage Report: Project=dp9 Period=2020.q2
=============================================================
    Grant:     9.00 MSU
     Used:     8.49 MSU
 Reserved:   103.00 SU 
    Avail:   509.17 KSU

Stakeholder                   Grant         Used        Avail
-------------------------------------------------------------
BoM                        9.00 MSU     8.49 MSU   509.17 KSU
------------------------------------------------------------- 

User                                        Used     Reserved
-------------------------------------------------------------    
gsd548                                 183.57 KSU     0.00 SU     
sjr548                                   1.02 MSU     0.00 SU     
ttl548                                 116.48 KSU    55.00 SU     
zxs548                                 324.61 KSU     0.00 SU     
mxk548                                   1.66 MSU     0.00 SU     
zhl548                                  12.36 KSU     0.00 SU     
vvk548                                  20.96 KSU     0.00 SU     
ixd548                                 805.59 SU      0.00 SU     
mjw548                                   9.14 KSU     0.00 SU     
jtl548                                   7.29 KSU     0.00 SU     
as2291                                   8.60 KSU     0.00 SU     
cjb548                                   0.01 SU      0.00 SU     
iib548                                   1.24 MSU     0.00 SU     
yxm548                                 400.54 SU      0.00 SU     
cnf599                                  12.47 KSU     0.00 SU     
glr548                                 245.11 KSU     0.00 SU     
hhz548                                 841.12 KSU     0.00 SU     
chs548                                   1.06 SU      0.00 SU     
nwe548                                 118.84 SU      0.00 SU     
cit548                                   1.42 KSU     0.00 SU     
mrd599                                   0.21 SU      0.00 SU     
fs5892                                 299.35 SU      0.00 SU     
wml548                                   2.78 MSU    48.00 SU     
pjs548                                 789.95 SU      0.00 SU     
xds548                                   1.10 KSU     0.00 SU     
mjn548                                   0.78 SU      0.00 SU     
------------------------------------------------------------- 
    
