
Usage Report: Project=dp9 Period=2021.q2
=============================================================
    Grant:    18.00 MSU
     Used:    13.32 MSU
 Reserved:    45.31 KSU
    Avail:     4.64 MSU
    
Stakeholder                   Grant         Used        Avail
-------------------------------------------------------------    
BoM                       18.00 MSU    13.36 MSU     4.64 MSU    
------------------------------------------------------------- 
    
User                                        Used     Reserved
-------------------------------------------------------------        
jtl548                                   2.32 MSU     2.74 KSU        
dl9118                                 170.84 KSU     4.61 KSU        
vvk548                                 801.34 KSU    34.56 KSU        
mxk548                                   6.00 MSU    96.00 SU         
glr548                                   1.08 MSU     2.41 KSU        
sjr548                                   1.69 MSU     0.00 SU         
ttl548                                  88.81 KSU   262.01 SU         
hhz548                                 295.55 KSU     0.00 SU         
as2291                                 106.73 KSU   629.58 SU         
iib548                                 341.55 KSU     0.00 SU         
ixd548                                  41.26 SU      0.00 SU         
cnf599                                 114.55 KSU     0.00 SU         
yxm548                                   1.02 KSU     0.00 SU         
wml548                                 264.77 KSU     0.00 SU         
pjs548                                 487.44 SU      0.00 SU         
nwe548                                  70.10 SU      0.00 SU         
ycx548                                   0.08 SU      0.00 SU         
zxs548                                   6.04 KSU     0.00 SU         
jrf548                                  80.20 SU      0.00 SU         
slc548                                   2.54 KSU     0.00 SU         
chs548                                 266.19 SU      0.00 SU         
cst565                                  25.18 KSU     0.00 SU         
-------------------------------------------------------------        

Storage Usage Report: Project=dp9
=============================================================
Filesystem        Used     iUsed    Allocation    iAllocation    
gdata1a      104.95 TB   31.16 M     270.00 TB        45.00 M        

Stakeholder                         Allocation    iAllocation
-------------------------------------------------------------            
BoM                                  270.00 TB        45.00 M                
-------------------------------------------------------------
            
