
Usage Report: Project=dp9 Period=2020.q2
=============================================================
    Grant:     6.00 MSU
     Used:   358.79 KSU
 Reserved:    55.00 SU 
    Avail:     5.64 MSU

Stakeholder                   Grant         Used        Avail
-------------------------------------------------------------
BoM                        6.00 MSU   358.84 KSU     5.64 MSU
------------------------------------------------------------- 

User                                        Used     Reserved
-------------------------------------------------------------    
gsd548                                  28.09 KSU     0.00 SU     
sjr548                                 130.01 KSU     0.00 SU     
ttl548                                  25.72 KSU    55.00 SU     
zxs548                                  38.24 KSU     0.00 SU     
mxk548                                 104.83 KSU     0.00 SU     
zhl548                                   3.98 KSU     0.00 SU     
vvk548                                   2.64 KSU     0.00 SU     
ixd548                                   9.66 SU      0.00 SU     
mjw548                                 163.87 SU      0.00 SU     
jtl548                                   1.19 KSU     0.00 SU     
as2291                                   1.07 KSU     0.00 SU     
cjb548                                   0.01 SU      0.00 SU     
iib548                                   9.99 KSU     0.00 SU     
yxm548                                  32.26 SU      0.00 SU     
cnf599                                  12.47 KSU     0.00 SU     
glr548                                 359.94 SU      0.00 SU     
hhz548                                   0.22 SU      0.00 SU     
------------------------------------------------------------- 
    
