
Usage Report: Project=dp9 Period=2020.q3
=============================================================
    Grant:     9.00 MSU
     Used:     1.89 MSU
 Reserved:     2.32 KSU
    Avail:     7.11 MSU

Stakeholder                   Grant         Used        Avail
-------------------------------------------------------------
BoM                        9.00 MSU     1.85 MSU     7.15 MSU
------------------------------------------------------------- 

User                                        Used     Reserved
-------------------------------------------------------------    
ttl548                                  30.57 KSU    13.75 SU     
hhz548                                 517.46 KSU     2.30 KSU    
mxk548                                 812.06 KSU     0.00 SU     
iib548                                   3.42 KSU     0.00 SU     
vvk548                                   4.85 KSU     0.00 SU     
yxm548                                  48.98 SU      0.00 SU     
zxs548                                  18.97 KSU     0.00 SU     
as2291                                   2.26 KSU     0.00 SU     
gsd548                                  91.70 KSU     0.00 SU     
glr548                                  85.82 KSU     0.00 SU     
sjr548                                  18.94 KSU     0.00 SU     
wml548                                 298.25 KSU     0.00 SU     
jtl548                                   1.21 KSU     0.00 SU     
pjs548                                 813.27 SU      0.00 SU     
mjw548                                   9.18 SU      0.00 SU     
ixd548                                  11.23 SU      0.00 SU     
bxr548                                   0.57 SU      0.00 SU     
fs5892                                   0.07 SU      0.00 SU     
------------------------------------------------------------- 
    
