FILESYSTEM  SCAN DATE   PROJECT     GROUP  USER    SPACE USED  TOTAL SIZE  COUNT
gdata       2020-11-26  access      dp9    mjw548          0B          5B  1
gdata       2020-11-26  access      dp9    ycx548        3.8G        3.8G  5016
gdata       2020-11-26  access      dp9    axs599          0B        750B  95
gdata       2020-11-26  access      dp9    hhz548        4.0K        3.6K  1
gdata       2020-11-26  access      dp9    jtl548       12.4G       12.4G  7242
gdata       2020-11-26  access      dp9    iib548        4.0K        3.4K  1
gdata       2020-11-26  access      dp9    zhl548       44.0K       33.8K  3
gdata       2020-11-26  access      dp9    ixd548      930.0M      930.0M  4
gdata       2020-11-26  access      dp9    sjr548        4.1G        4.1G  1176
gdata       2020-11-26  access      dp9    xds548      280.0K      230.2K  26
gdata       2020-11-26  access      dp9    slc548          0B          3B  1
gdata       2020-11-26  access      dp9    nwe548          0B         28B  3
gdata       2020-11-26  access      dp9    mxk548        2.3T        2.3T  13383
gdata       2020-11-26  access      dp9    fs5892       43.0G       43.0G  19438
gdata       2020-11-26  access      dp9    as2291        3.5G        3.4G  104352
gdata       2020-11-26  access      dp9    dl9118      439.1M      439.1M  26
gdata       2020-11-26  access.dev  dp9    ycx548        9.6M        9.3M  168
gdata       2020-11-26  access.dev  dp9    axs599       12.0K        850B  23
gdata       2020-11-26  access.dev  dp9    mjn548        1.4M        1.2M  161
gdata       2020-11-26  access.dev  dp9    wml548       60.0K       16.5K  15
gdata       2020-11-26  dp9         dp9    mjw548      356.0G      356.0G  113
gdata       2020-11-26  dp9         dp9    mrd599        1.0G        1.0G  19
gdata       2020-11-26  dp9         dp9    cjb548       67.2G       67.2G  29980
gdata       2020-11-26  dp9         dp9    ycx548        8.3T        8.6T  2422563
gdata       2020-11-26  dp9         dp9    yxm548        1.7T        1.7T  147106
gdata       2020-11-26  dp9         dp9    glr548        8.4T        8.4T  1887150
gdata       2020-11-26  dp9         dp9    cnf599        5.1T        5.7T  196442
gdata       2020-11-26  dp9         dp9    ljr548      331.3G      331.0G  107833
gdata       2020-11-26  dp9         dp9    hhz548       15.3T       18.3T  1447591
gdata       2020-11-26  dp9         dp9    zxs548      417.3G      413.7G  1075030
gdata       2020-11-26  dp9         dp9    mjn548     1007.4G      990.9G  3373653
gdata       2020-11-26  dp9         dp9    jtl548        1.8T        1.8T  2013888
gdata       2020-11-26  dp9         dp9    iib548        1.5T        1.5T  2734480
gdata       2020-11-26  dp9         dp9    hqz548      151.1G      151.1G  287
gdata       2020-11-26  dp9         dp9    rmb548        4.0K        4.0K  1
gdata       2020-11-26  dp9         dp9    zhl548      342.5G      342.1G  160459
gdata       2020-11-26  dp9         dp9    ixd548        1.6T        1.6T  459979
gdata       2020-11-26  dp9         dp9    wml548        2.6T        2.6T  368973
gdata       2020-11-26  dp9         dp9    bxr548      367.2M      367.1M  75
gdata       2020-11-26  dp9         dp9    ttl548       96.5G       94.7G  343619
gdata       2020-11-26  dp9         dp9    pjs548       41.9G       41.7G  98863
gdata       2020-11-26  dp9         dp9    gsd548        3.1T        3.1T  351552
gdata       2020-11-26  dp9         dp9    sjr548        2.5T        2.5T  2587582
gdata       2020-11-26  dp9         dp9    vvk548        4.2T        4.2T  1111072
gdata       2020-11-26  dp9         dp9    xds548        2.1T        2.1T  207618
gdata       2020-11-26  dp9         dp9    cit548        2.6T        2.6T  217326
gdata       2020-11-26  dp9         dp9    slc548      202.1G      202.0G  133923
gdata       2020-11-26  dp9         dp9    jrf548      700.8G      700.3G  207494
gdata       2020-11-26  dp9         dp9    sss548       65.2G       66.7G  5780
gdata       2020-11-26  dp9         dp9    axs548        7.7G        7.7G  2993
gdata       2020-11-26  dp9         dp9    ffb548       64.0K       64.0K  16
gdata       2020-11-26  dp9         dp9    dhs548        8.0K        8.0K  2
gdata       2020-11-26  dp9         dp9    kkp548      465.3G      465.3G  513
gdata       2020-11-26  dp9         dp9    ijb548        4.0K        4.0K  1
gdata       2020-11-26  dp9         dp9    nwe548       13.6G       13.7G  45212
gdata       2020-11-26  dp9         dp9    chs548      209.1G      228.1G  62720
gdata       2020-11-26  dp9         dp9    mxk548        3.3T        3.4T  798961
gdata       2020-11-26  dp9         dp9    fs5892        7.6G        7.1G  124534
gdata       2020-11-26  dp9         dp9    as2291        2.0T        2.0T  1100643
gdata       2020-11-26  dp9         dp9    jb6931      332.1M      332.1M  2
gdata       2020-11-26  dp9         dp9    bf7468        1.8M        1.8M  2
gdata       2020-11-26  dp9         dp9    dr8819      213.9G      212.9G  189479
gdata       2020-11-26  dp9         dp9    nt4021        4.0K        4.0K  1
gdata       2020-11-26  du7         dp9    ycx548       16.0K        9.8K  4
gdata       2020-11-26  du7         dp9    xds548      424.0K      170.2K  70
gdata       2020-11-26  du7         dp9    chs548       25.4T       25.6T  502266
gdata       2020-11-26  du7         dp9    cst565      152.3M      152.0M  197
gdata       2020-11-26  dx2         dp9    pag548      291.7M      291.7M  1
gdata       2020-11-26  en0         dp9    mjw548        4.0K        4.0K  1
gdata       2020-11-26  en0         dp9    bxr548      204.0K       89.2K  25
gdata       2020-11-26  er7         dp9    gxk548       45.8M       45.7M  16
gdata       2020-11-26  ma05        dp9    chs548        1.9M        1.7M  126
gdata       2020-11-26  y03         dp9    sjr548       21.7M       21.4M  185
gdata       2020-12-14  ig2         dp9    dl9118       88.5M       88.5M  6
gdata       2020-12-14  ja4         dp9    ttl548      363.3G      363.2G  30106
