
Usage Report: Project=dp9 Period=2020.q3
=============================================================
    Grant:     9.00 MSU
     Used:   736.78 KSU
 Reserved:   380.15 SU 
    Avail:     8.26 MSU

Stakeholder                   Grant         Used        Avail
-------------------------------------------------------------
BoM                        9.00 MSU   695.14 KSU     8.30 MSU
------------------------------------------------------------- 

User                                        Used     Reserved
-------------------------------------------------------------    
ttl548                                  20.59 KSU    13.75 SU     
hhz548                                 309.42 KSU     0.00 SU     
mxk548                                  97.25 KSU    90.00 SU     
iib548                                   2.81 KSU     0.00 SU     
vvk548                                   1.93 KSU     0.00 SU     
yxm548                                  35.68 SU      0.00 SU     
zxs548                                  16.52 KSU   276.40 SU     
as2291                                 323.09 SU      0.00 SU     
gsd548                                  34.28 KSU     0.00 SU     
glr548                                  81.56 KSU     0.00 SU     
sjr548                                  11.61 KSU     0.00 SU     
wml548                                 158.77 KSU     0.00 SU     
jtl548                                   1.15 KSU     0.00 SU     
pjs548                                 518.66 SU      0.00 SU     
mjw548                                   9.18 SU      0.00 SU     
ixd548                                   6.64 SU      0.00 SU     
------------------------------------------------------------- 
    
