
Usage Report: Project=dp9 Period=2020.q3
=============================================================
    Grant:     9.00 MSU
     Used:     2.61 MSU
 Reserved:    30.80 KSU
    Avail:     6.36 MSU

Stakeholder                   Grant         Used        Avail
-------------------------------------------------------------
BoM                        9.00 MSU     2.60 MSU     6.40 MSU
------------------------------------------------------------- 

User                                        Used     Reserved
-------------------------------------------------------------    
ttl548                                  55.95 KSU    13.75 SU     
hhz548                                 564.00 KSU     0.00 SU     
mxk548                                 946.10 KSU     0.00 SU     
iib548                                  22.41 KSU     0.00 SU     
vvk548                                 124.79 KSU    27.65 KSU    
yxm548                                  48.98 SU      0.00 SU     
zxs548                                  19.07 KSU     0.00 SU     
as2291                                   3.64 KSU     0.00 SU     
gsd548                                 127.71 KSU     0.00 SU     
glr548                                 106.32 KSU     0.00 SU     
sjr548                                 160.38 KSU     3.14 KSU    
wml548                                 406.03 KSU     0.00 SU     
jtl548                                  68.72 KSU     0.00 SU     
pjs548                                   1.41 KSU     0.00 SU     
mjw548                                   9.18 SU      0.00 SU     
ixd548                                  19.31 SU      0.00 SU     
bxr548                                   0.93 SU      0.00 SU     
fs5892                                  62.73 SU      0.00 SU     
jrf548                                  96.25 SU      0.00 SU     
xds548                                  16.16 SU      0.00 SU     
------------------------------------------------------------- 
    
