
Usage Report: Project=dp9 Period=2021.q1
=============================================================
    Grant:    18.00 MSU
     Used:   278.22 KSU
 Reserved:     6.92 KSU
    Avail:    17.71 MSU

Stakeholder                   Grant         Used        Avail
-------------------------------------------------------------
BoM                       18.00 MSU   285.14 KSU    17.71 MSU
------------------------------------------------------------- 

User                                        Used     Reserved
-------------------------------------------------------------    
as2291                                 322.82 SU      0.00 SU     
ixd548                                   6.38 SU      0.00 SU     
ycx548                                 145.02 SU      0.00 SU     
ttl548                                   5.00 KSU     9.25 SU     
vvk548                                  86.38 KSU     6.91 KSU    
dl9118                                   2.25 KSU     0.00 SU     
iib548                                   1.76 KSU     0.00 SU     
wml548                                  24.11 SU      0.00 SU     
mxk548                                 182.33 KSU     0.00 SU     
------------------------------------------------------------- 
    
