
Usage Report: Project=dp9 Period=2020.q2
=============================================================
    Grant:     6.00 MSU
     Used:   302.00 KSU
 Reserved:    55.00 SU 
    Avail:     5.70 MSU

Stakeholder                   Grant         Used        Avail
-------------------------------------------------------------
BoM                        6.00 MSU   302.05 KSU     5.70 MSU
------------------------------------------------------------- 

User                                        Used     Reserved
-------------------------------------------------------------    
gsd548                                  13.14 KSU     0.00 SU     
sjr548                                 128.63 KSU     0.00 SU     
ttl548                                  21.24 KSU    55.00 SU     
zxs548                                  18.16 KSU     0.00 SU     
mxk548                                 104.83 KSU     0.00 SU     
zhl548                                   2.47 KSU     0.00 SU     
vvk548                                   2.33 KSU     0.00 SU     
ixd548                                   6.19 SU      0.00 SU     
mjw548                                  66.18 SU      0.00 SU     
jtl548                                   1.19 KSU     0.00 SU     
as2291                                 517.20 SU      0.00 SU     
cjb548                                   0.01 SU      0.00 SU     
iib548                                   8.41 KSU     0.00 SU     
yxm548                                  25.80 SU      0.00 SU     
cnf599                                 985.23 SU      0.00 SU     
glr548                                   0.15 SU      0.00 SU     
------------------------------------------------------------- 
    
