
Usage Report: Project=dp9 Period=2020.q4
=============================================================
    Grant:     9.00 MSU
     Used:     2.29 MSU
 Reserved:     7.69 KSU
    Avail:     6.70 MSU

Stakeholder                   Grant         Used        Avail
-------------------------------------------------------------
BoM                        9.00 MSU     2.30 MSU     6.70 MSU
------------------------------------------------------------- 

User                                        Used     Reserved
-------------------------------------------------------------    
vvk548                                 368.71 KSU     0.00 SU     
zxs548                                  32.24 KSU     0.00 SU     
ttl548                                   8.79 KSU     8.75 SU     
jtl548                                   1.30 MSU     0.00 SU     
as2291                                   4.07 KSU     0.00 SU     
mxk548                                 498.31 KSU     7.68 KSU    
dl9118                                   7.41 KSU     0.00 SU     
fs5892                                   4.86 KSU     0.00 SU     
glr548                                  10.55 KSU     0.00 SU     
iib548                                  38.10 KSU     0.00 SU     
pjs548                                 131.66 SU      0.00 SU     
sjr548                                   2.18 KSU     0.00 SU     
gsd548                                  12.74 KSU     0.00 SU     
ixd548                                   4.67 SU      0.00 SU     
wml548                                   0.54 SU      0.00 SU     
mjw548                                   4.52 KSU     0.00 SU     
jrf548                                  13.95 SU      0.00 SU     
------------------------------------------------------------- 
    
