
Usage Report: Project=dp9 Period=2020.q3
=============================================================
    Grant:     9.00 MSU
     Used:     2.08 MSU
 Reserved:    35.08 SU 
    Avail:     6.92 MSU

Stakeholder                   Grant         Used        Avail
-------------------------------------------------------------
BoM                        9.00 MSU     2.04 MSU     6.96 MSU
------------------------------------------------------------- 

User                                        Used     Reserved
-------------------------------------------------------------    
ttl548                                  42.48 KSU    13.75 SU     
hhz548                                 564.00 KSU     0.00 SU     
mxk548                                 869.04 KSU    21.33 SU     
iib548                                  17.99 KSU     0.00 SU     
vvk548                                  19.81 KSU     0.00 SU     
yxm548                                  48.98 SU      0.00 SU     
zxs548                                  19.02 KSU     0.00 SU     
as2291                                   3.08 KSU     0.00 SU     
gsd548                                 115.30 KSU     0.00 SU     
glr548                                  99.00 KSU     0.00 SU     
sjr548                                  18.96 KSU     0.00 SU     
wml548                                 298.25 KSU     0.00 SU     
jtl548                                  13.35 KSU     0.00 SU     
pjs548                                   1.15 KSU     0.00 SU     
mjw548                                   9.18 SU      0.00 SU     
ixd548                                  14.33 SU      0.00 SU     
bxr548                                   0.93 SU      0.00 SU     
fs5892                                   0.07 SU      0.00 SU     
jrf548                                  56.64 SU      0.00 SU     
------------------------------------------------------------- 
    
