
Usage Report: Project=dp9 Period=2021.q1
=============================================================
    Grant:    18.00 MSU
     Used:     1.89 MSU
 Reserved:     8.75 SU 
    Avail:    16.11 MSU

Stakeholder                   Grant         Used        Avail
-------------------------------------------------------------
BoM                       18.00 MSU     1.89 MSU    16.11 MSU
------------------------------------------------------------- 

User                                        Used     Reserved
-------------------------------------------------------------    
as2291                                 322.82 SU      0.00 SU     
ixd548                                   8.74 SU      0.00 SU     
ycx548                                  15.55 KSU     0.00 SU     
ttl548                                  10.36 KSU     8.75 SU     
vvk548                                   1.56 MSU     0.00 SU     
dl9118                                  17.57 KSU     0.00 SU     
iib548                                   3.21 KSU     0.00 SU     
wml548                                  24.11 SU      0.00 SU     
mxk548                                 283.46 KSU     0.00 SU     
hhz548                                 345.84 SU      0.00 SU     
jtl548                                   1.99 KSU     0.00 SU     
sjr548                                  25.31 SU      0.00 SU     
gl7525                                   5.02 SU      0.00 SU     
zhl548                                   0.00 SU      0.00 SU     
------------------------------------------------------------- 
    
