
Usage Report: Project=dp9 Period=2021.q4
=============================================================
    Grant:    16.00 MSU
     Used:     5.37 MSU
 Reserved:     7.82 KSU
    Avail:    10.62 MSU
    
Stakeholder                   Grant         Used        Avail
-------------------------------------------------------------    
BoM                       16.00 MSU     5.38 MSU    10.62 MSU    
------------------------------------------------------------- 
    
User                                        Used     Reserved
-------------------------------------------------------------        
dl9118                                  23.57 KSU     0.00 SU         
vvk548                                 456.41 KSU     0.00 SU         
ttl548                                  26.46 KSU    44.17 SU         
as2291                                 101.01 KSU    10.00 SU         
mjz548                                   2.70 MSU   985.75 SU         
iib548                                  18.66 KSU     0.00 SU         
glr548                                  10.73 KSU     0.00 SU         
slc548                                 932.86 KSU     6.78 KSU        
pjs548                                 845.02 SU      0.00 SU         
pcl900                                   1.82 KSU     0.00 SU         
sjr548                                 545.12 KSU     0.00 SU         
jtl548                                 103.39 KSU     0.00 SU         
zxs548                                  13.68 KSU     0.00 SU         
cnf599                                  37.40 KSU     0.00 SU         
yxm548                                   1.42 KSU     0.00 SU         
chs548                                   2.89 KSU     0.00 SU         
ycx548                                 244.65 SU      0.00 SU         
wml548                                 352.49 KSU     0.00 SU         
hhz548                                 276.14 SU      0.00 SU         
cst565                                   0.12 SU      0.00 SU         
mxk548                                  39.13 KSU     0.00 SU         
rad548                                  14.16 SU      0.00 SU         
ixd548                                   9.77 SU      0.00 SU         
-------------------------------------------------------------        

Storage Usage Report: Project=dp9
=============================================================
Filesystem        Used     iUsed    Allocation    iAllocation    
gdata1a      182.07 TB   34.78 M     270.00 TB        45.00 M        

Stakeholder                         Allocation    iAllocation
-------------------------------------------------------------            
BoM                                  270.00 TB        45.00 M                
-------------------------------------------------------------
            
