
Usage Report: Project=dp9 Period=2020.q2
=============================================================
    Grant:     6.00 MSU
     Used:     3.36 MSU
 Reserved:   231.75 SU 
    Avail:     2.64 MSU

Stakeholder                   Grant         Used        Avail
-------------------------------------------------------------
BoM                        6.00 MSU     3.36 MSU     2.64 MSU
------------------------------------------------------------- 

User                                        Used     Reserved
-------------------------------------------------------------    
gsd548                                  89.26 KSU     0.00 SU     
sjr548                                 850.76 KSU     0.00 SU     
ttl548                                  77.30 KSU    55.00 SU     
zxs548                                 165.44 KSU     0.00 SU     
mxk548                                 725.27 KSU     8.33 SU     
zhl548                                  10.95 KSU     0.00 SU     
vvk548                                  18.42 KSU     0.00 SU     
ixd548                                 788.67 SU      0.00 SU     
mjw548                                   4.68 KSU     0.00 SU     
jtl548                                   4.65 KSU     0.00 SU     
as2291                                   7.08 KSU     0.00 SU     
cjb548                                   0.01 SU      0.00 SU     
iib548                                   1.06 MSU     0.00 SU     
yxm548                                  95.24 SU    168.00 SU     
cnf599                                  12.47 KSU     0.00 SU     
glr548                                 189.67 KSU     0.00 SU     
hhz548                                  78.13 SU      0.00 SU     
chs548                                   1.06 SU      0.00 SU     
nwe548                                 118.84 SU      0.00 SU     
cit548                                   1.32 KSU     0.00 SU     
mrd599                                   0.21 SU      0.00 SU     
fs5892                                 157.12 SU      0.00 SU     
wml548                                 132.10 KSU     0.00 SU     
pjs548                                   0.02 SU      0.00 SU     
xds548                                  15.49 SU      0.00 SU     
mjn548                                   0.78 SU      0.00 SU     
------------------------------------------------------------- 
    
