
Usage Report: Project=dp9 Period=2021.q2
=============================================================
    Grant:    18.00 MSU
     Used:     5.63 MSU
 Reserved:     2.56 KSU
    Avail:    12.37 MSU

Stakeholder                   Grant         Used        Avail
-------------------------------------------------------------
BoM                       18.00 MSU     5.64 MSU    12.36 MSU
------------------------------------------------------------- 

User                                        Used     Reserved
-------------------------------------------------------------    
jtl548                                   1.33 MSU     0.00 SU     
dl9118                                  30.73 KSU     1.15 KSU    
vvk548                                 535.41 KSU     0.00 SU     
mxk548                                   1.37 MSU     1.16 KSU    
glr548                                 403.65 KSU     0.00 SU     
sjr548                                   1.61 MSU     0.00 SU     
ttl548                                  18.91 KSU   201.60 SU     
hhz548                                 209.78 KSU     0.00 SU     
as2291                                  10.58 KSU     0.00 SU     
iib548                                  78.58 KSU     0.00 SU     
ixd548                                   5.17 SU      0.00 SU     
cnf599                                   3.74 KSU     0.00 SU     
yxm548                                 424.49 SU     50.00 SU     
wml548                                  29.17 KSU     0.00 SU     
------------------------------------------------------------- 
    
