
Usage Report: Project=dp9 Period=2020.q3
=============================================================
    Grant:     9.00 MSU
     Used:     3.44 MSU
 Reserved:    69.14 KSU
    Avail:     5.49 MSU

Stakeholder                   Grant         Used        Avail
-------------------------------------------------------------
BoM                        9.00 MSU     3.47 MSU     5.53 MSU
------------------------------------------------------------- 

User                                        Used     Reserved
-------------------------------------------------------------    
ttl548                                  76.18 KSU    13.75 SU     
hhz548                                 564.00 KSU     0.00 SU     
mxk548                                   1.08 MSU     0.00 SU     
iib548                                  29.25 KSU     0.00 SU     
vvk548                                 281.88 KSU    69.12 KSU    
yxm548                                  48.98 SU      0.00 SU     
zxs548                                  81.60 KSU     0.00 SU     
as2291                                  12.06 KSU     0.00 SU     
gsd548                                 153.58 KSU     0.00 SU     
glr548                                 189.99 KSU     0.00 SU     
sjr548                                 353.91 KSU     0.00 SU     
wml548                                 518.03 KSU     0.00 SU     
jtl548                                  97.08 KSU     0.00 SU     
pjs548                                   2.19 KSU     0.00 SU     
mjw548                                   5.67 KSU     0.00 SU     
ixd548                                  25.95 SU      0.00 SU     
bxr548                                   0.93 SU      0.00 SU     
fs5892                                  62.73 SU      0.00 SU     
jrf548                                  96.25 SU      0.00 SU     
xds548                                  16.16 SU      0.00 SU     
dl9118                                 107.44 SU      1.67 SU     
------------------------------------------------------------- 
    
