------------------------------------------------------------------------------
         project             user     space used      file size          count
------------------------------------------------------------------------------
             dp9           mjw548          4.3GB          4.1GB          95104
             dp9           mrd599         19.6GB         19.5GB          27593
             dp9           jcf548         32.0kB         32.0kB              2
             dp9           cjb548         32.0kB         32.0kB              2
             dp9           ycx548          1.3TB          2.7TB          98804
             dp9           ach599         32.0kB         32.0kB              2
             dp9           yxm548         15.4TB         15.4TB        1248337
             dp9           glr548        146.8TB        150.8TB        2017562
             dp9           cnf599         11.8TB         11.9TB         255111
             dp9           ljr548          5.1GB          5.1GB           6492
             dp9           hhz548         64.8TB         65.2TB         762248
             dp9           zxs548          5.6TB          5.7TB         367655
             dp9           mjn548          5.1GB          5.1GB            212
             dp9           jtl548         47.1TB         47.4TB        1781566
             dp9           iib548          6.4TB          7.0TB        3604328
             dp9           gxk548         32.0kB         32.0kB              2
             dp9           hqz548         32.0kB         32.0kB              2
             dp9           rmb548         32.0kB         32.0kB              2
             dp9           zhl548          6.9TB          6.9TB         403428
             dp9           ixd548          8.4MB          8.4MB             34
             dp9           wml548         58.7TB         60.2TB         197599
             dp9           bxr548         32.0kB         32.0kB              2
             dp9           ttl548         64.0TB         64.1TB         950420
             dp9           pjs548        214.1GB        214.1GB           2894
             dp9           gsd548         32.0kB         32.0kB              2
             dp9           sjr548         92.1TB         94.5TB        2406684
             dp9           vvk548         12.1TB         12.1TB         561510
             dp9           xds548        289.2GB        289.2GB           2345
             dp9           cit548        142.5MB        142.5MB             11
             dp9           slc548          4.4TB          4.4TB          96979
             dp9           jrf548         48.0kB         48.0kB              3
             dp9           pag548        128.0kB        128.0kB              8
             dp9           hhn548         32.0kB         32.0kB              2
             dp9           sss548         32.0kB         32.0kB              2
             dp9           kkp548         32.0kB         32.0kB              2
             dp9           ijb548         32.0kB         32.0kB              2
             dp9           nwe548         32.0kB         32.0kB              2
             dp9           chs548         12.2MB         16.1MB             58
             dp9           mxk548        551.6TB        563.5TB        1972591
             dp9           vov548          1.4TB          1.4TB          17217
             dp9           tc2375         32.0kB         32.0kB              2
             dp9           fs5892          1.3TB          2.1TB         200600
             dp9           jl0029         32.0kB         32.0kB              2
             dp9           as2291          1.5TB          1.5TB         194534
             dp9           jb6931         32.0kB         32.0kB              2
             dp9           dl9118          8.7TB          8.7TB         470281
             dp9           cs0369         32.0kB         32.0kB              2
             dp9           dr8819        189.8GB        189.8GB           5123
             dp9           nt4021        108.8GB        108.7GB           4384
             dp9           hw4629         32.0kB         32.0kB              2
             dp9           sl8973         32.0kB         32.0kB              2
             dp9           ml6621         32.0kB         32.0kB              2
             dp9           sb0446        322.3GB        322.5GB          11419
             dp9           gl7525        553.2MB        504.8MB          24000
             du7           sjr548          1.1GB       1023.9MB          36484
             du7           chs548        143.7GB        143.8GB            337
             en0           bxr548          1.5GB          1.4GB          42902
             ep4           jcf548          2.4TB          2.4TB          16007
          public           glr548         16.0GB         16.0GB            147
          public           ttl548          1.7TB          1.7TB           6455
          public           pjs548        234.2MB        234.2MB              8
          public           slc548         42.0MB         41.6MB            288
             rr6           ijb548          8.0kB          1.3kB              2
            us94           mxk548         91.1MB         89.3MB           1225
------------------------------------------------------------------------------
