------------------------------------------------------------------------------
         project             user     space used      file size          count
------------------------------------------------------------------------------
             dp9           mjw548          4.3GB          4.1GB          95104
             dp9           mrd599         19.6GB         19.5GB          27593
             dp9           jcf548         32.0kB         32.0kB              2
             dp9           cjb548         32.0kB         32.0kB              2
             dp9           ycx548          1.3TB          2.7TB          68675
             dp9           ach599         32.0kB         32.0kB              2
             dp9           yxm548         15.1TB         15.1TB        1197768
             dp9           glr548        133.2TB        136.4TB        1824081
             dp9           cnf599         11.4TB         11.5TB         105910
             dp9           ljr548          5.1GB          5.1GB           6492
             dp9           hhz548         56.8TB         57.1TB         564688
             dp9           zxs548          5.6TB          5.7TB         347855
             dp9           mjn548          5.1GB          5.1GB            212
             dp9           jtl548         28.1TB         28.2TB        1443646
             dp9           iib548          5.0TB          5.6TB        3387942
             dp9           gxk548         32.0kB         32.0kB              2
             dp9           hqz548         32.0kB         32.0kB              2
             dp9           rmb548         32.0kB         32.0kB              2
             dp9           zhl548        889.4GB        901.2GB         247037
             dp9           ixd548        432.0kB        432.0kB             27
             dp9           wml548        160.8TB        164.9TB         465585
             dp9           bxr548         32.0kB         32.0kB              2
             dp9           ttl548         71.9TB         71.9TB         810795
             dp9           pjs548        213.6GB        213.6GB           2737
             dp9           gsd548         32.0kB         32.0kB              2
             dp9           sjr548         47.4TB         47.7TB        1931893
             dp9           vvk548         11.8TB         11.8TB         556663
             dp9           xds548        289.2GB        289.2GB           2345
             dp9           cit548        142.5MB        142.5MB             11
             dp9           slc548          4.2TB          4.2TB          77665
             dp9           jrf548         32.0kB         32.0kB              2
             dp9           pag548        128.0kB        128.0kB              8
             dp9           hhn548         32.0kB         32.0kB              2
             dp9           sss548         32.0kB         32.0kB              2
             dp9           kkp548         32.0kB         32.0kB              2
             dp9           ijb548         32.0kB         32.0kB              2
             dp9           nwe548         32.0kB         32.0kB              2
             dp9           chs548         12.1MB         16.1MB             51
             dp9           mxk548        401.3TB        410.8TB        1508499
             dp9           vov548        818.1GB        818.1GB           9897
             dp9           tc2375         32.0kB         32.0kB              2
             dp9           fs5892          1.3TB          2.1TB         200602
             dp9           jl0029         32.0kB         32.0kB              2
             dp9           as2291          1.1TB          1.1TB         125018
             dp9           jb6931         32.0kB         32.0kB              2
             dp9           dl9118         10.5TB         10.5TB         429353
             dp9           cs0369         32.0kB         32.0kB              2
             dp9           dr8819        183.4GB        183.4GB           2994
             dp9           nt4021        108.8GB        108.7GB           4384
             dp9           hw4629         32.0kB         32.0kB              2
             dp9           sl8973         32.0kB         32.0kB              2
             dp9           ml6621         32.0kB         32.0kB              2
             dp9           sb0446         17.2TB         17.2TB         115510
             dp9           gl7525        553.2MB        504.8MB          24000
             du7           chs548        143.7GB        143.8GB            337
             en0           bxr548          1.5GB          1.4GB          42709
             ep4           jcf548          2.4TB          2.4TB          16007
          public           ttl548          1.7TB          1.7TB           6455
          public           slc548        203.3MB        202.7MB            381
             rr6           ijb548          8.0kB          1.3kB              2
            us94           mxk548         91.1MB         89.3MB           1225
------------------------------------------------------------------------------
