
Usage Report: Project=dp9 Period=2021.q2
=============================================================
    Grant:    18.00 MSU
     Used:     6.55 MSU
 Reserved:     4.65 KSU
    Avail:    11.45 MSU

Stakeholder                   Grant         Used        Avail
-------------------------------------------------------------
BoM                       18.00 MSU     6.55 MSU    11.45 MSU
------------------------------------------------------------- 

User                                        Used     Reserved
-------------------------------------------------------------    
jtl548                                   1.41 MSU     3.57 KSU    
dl9118                                  38.27 KSU     0.00 SU     
vvk548                                 536.25 KSU     0.00 SU     
mxk548                                   1.95 MSU   655.33 SU     
glr548                                 438.50 KSU   210.00 SU     
sjr548                                   1.68 MSU     0.00 SU     
ttl548                                  22.90 KSU   209.76 SU     
hhz548                                 209.78 KSU     0.00 SU     
as2291                                  11.94 KSU     7.67 SU     
iib548                                 144.11 KSU     0.00 SU     
ixd548                                   5.17 SU      0.00 SU     
cnf599                                   4.10 KSU     0.00 SU     
yxm548                                 824.75 SU      0.00 SU     
wml548                                 109.48 KSU     0.00 SU     
pjs548                                 192.38 SU      0.00 SU     
-------------------------------------------------------------    

Storage Usage Report: Project=dp9
=============================================================
Filesystem        Used     iUsed    Allocation    iAllocation    
gdata1a      116.83 TB   30.09 M     270.00 TB        45.00 M        

Stakeholder                         Allocation    iAllocation
-------------------------------------------------------------            
BoM                                  270.00 TB        45.00 M                
-------------------------------------------------------------
            
