
Usage Report: Project=dp9 Period=2020.q3
=============================================================
    Grant:     9.00 MSU
     Used:     2.20 MSU
 Reserved:   471.00 SU 
    Avail:     6.80 MSU

Stakeholder                   Grant         Used        Avail
-------------------------------------------------------------
BoM                        9.00 MSU     2.16 MSU     6.84 MSU
------------------------------------------------------------- 

User                                        Used     Reserved
-------------------------------------------------------------    
ttl548                                  46.85 KSU    55.00 SU     
hhz548                                 564.00 KSU     0.00 SU     
mxk548                                 888.98 KSU     0.00 SU     
iib548                                  20.07 KSU     0.00 SU     
vvk548                                  45.76 KSU     0.00 SU     
yxm548                                  48.98 SU      0.00 SU     
zxs548                                  19.02 KSU     0.00 SU     
as2291                                   3.31 KSU     0.00 SU     
gsd548                                 127.71 KSU     0.00 SU     
glr548                                 105.27 KSU     0.00 SU     
sjr548                                  31.15 KSU   416.00 SU     
wml548                                 328.37 KSU     0.00 SU     
jtl548                                  22.52 KSU     0.00 SU     
pjs548                                   1.34 KSU     0.00 SU     
mjw548                                   9.18 SU      0.00 SU     
ixd548                                  16.60 SU      0.00 SU     
bxr548                                   0.93 SU      0.00 SU     
fs5892                                  34.06 SU      0.00 SU     
jrf548                                  56.64 SU      0.00 SU     
------------------------------------------------------------- 
    
