
Usage Report: Project=dp9 Period=2021.q1
=============================================================
    Grant:    18.00 MSU
     Used:     2.35 MSU
 Reserved:   311.15 SU 
    Avail:    15.65 MSU

Stakeholder                   Grant         Used        Avail
-------------------------------------------------------------
BoM                       18.00 MSU     2.36 MSU    15.64 MSU
------------------------------------------------------------- 

User                                        Used     Reserved
-------------------------------------------------------------    
as2291                                   6.68 KSU     0.00 SU     
ixd548                                  14.36 SU      0.00 SU     
ycx548                                  15.55 KSU     0.00 SU     
ttl548                                  16.22 KSU   176.15 SU     
vvk548                                   1.56 MSU     0.00 SU     
dl9118                                  17.96 KSU     0.00 SU     
iib548                                  88.21 KSU     0.00 SU     
wml548                                  24.11 SU      0.00 SU     
mxk548                                 631.40 KSU   135.00 SU     
hhz548                                 421.44 SU      0.00 SU     
jtl548                                   1.99 KSU     0.00 SU     
sjr548                                  14.11 KSU     0.00 SU     
gl7525                                   5.02 SU      0.00 SU     
zhl548                                   0.00 SU      0.00 SU     
fs5892                                   0.57 SU      0.00 SU     
glr548                                  76.72 SU      0.00 SU     
zxs548                                 101.40 SU      0.00 SU     
------------------------------------------------------------- 
    
