
Usage Report: Project=dp9 Period=2021.q2
=============================================================
    Grant:    18.00 MSU
     Used:     5.21 MSU
 Reserved:     5.97 KSU
    Avail:    12.78 MSU

Stakeholder                   Grant         Used        Avail
-------------------------------------------------------------
BoM                       18.00 MSU     5.22 MSU    12.78 MSU
------------------------------------------------------------- 

User                                        Used     Reserved
-------------------------------------------------------------    
jtl548                                   1.33 MSU     0.00 SU     
dl9118                                  16.94 KSU     4.61 KSU    
vvk548                                 534.79 KSU     0.00 SU     
mxk548                                   1.15 MSU     1.15 KSU    
glr548                                 382.95 KSU     0.00 SU     
sjr548                                   1.49 MSU     0.00 SU     
ttl548                                  14.60 KSU   205.68 SU     
hhz548                                 209.78 KSU     0.00 SU     
as2291                                   9.72 KSU     0.00 SU     
iib548                                  37.96 KSU     0.00 SU     
ixd548                                   5.17 SU      0.00 SU     
cnf599                                   3.74 KSU     0.00 SU     
yxm548                                 220.06 SU      0.00 SU     
wml548                                  29.17 KSU     0.00 SU     
------------------------------------------------------------- 
    
