
Usage Report: Project=dp9 Period=2020.q4
=============================================================
    Grant:     9.00 MSU
     Used:     7.93 MSU
 Reserved:   203.00 SU 
    Avail:     1.07 MSU

Stakeholder                   Grant         Used        Avail
-------------------------------------------------------------
BoM                        9.00 MSU     7.93 MSU     1.07 MSU
------------------------------------------------------------- 

User                                        Used     Reserved
-------------------------------------------------------------    
vvk548                                   2.21 MSU     0.00 SU     
zxs548                                  51.37 KSU     0.00 SU     
ttl548                                  32.89 KSU   112.00 SU     
jtl548                                   1.53 MSU     0.00 SU     
as2291                                  16.96 KSU    91.00 SU     
mxk548                                   2.76 MSU     0.00 SU     
dl9118                                 261.21 KSU     0.00 SU     
fs5892                                   7.52 KSU     0.00 SU     
glr548                                 362.62 KSU     0.00 SU     
iib548                                 200.15 KSU     0.00 SU     
pjs548                                   1.32 KSU     0.00 SU     
sjr548                                 233.30 KSU     0.00 SU     
gsd548                                  76.06 KSU     0.00 SU     
ixd548                                  19.53 SU      0.00 SU     
wml548                                  29.21 KSU     0.00 SU     
mjw548                                   4.52 KSU     0.00 SU     
jrf548                                  13.95 SU      0.00 SU     
yxm548                                 132.68 SU      0.00 SU     
cnf599                                  52.87 KSU     0.00 SU     
cst565                                 100.82 KSU     0.00 SU     
chs548                                   7.77 KSU     0.00 SU     
ycx548                                  12.27 SU      0.00 SU     
------------------------------------------------------------- 
    
