
Usage Report: Project=dp9 Period=2020.q3
=============================================================
    Grant:     9.00 MSU
     Used:     3.81 MSU
 Reserved:    91.85 SU 
    Avail:     5.19 MSU

Stakeholder                   Grant         Used        Avail
-------------------------------------------------------------
BoM                        9.00 MSU     3.76 MSU     5.24 MSU
------------------------------------------------------------- 

User                                        Used     Reserved
-------------------------------------------------------------    
ttl548                                  85.44 KSU    55.00 SU     
hhz548                                 564.00 KSU     0.00 SU     
mxk548                                   1.08 MSU     0.00 SU     
iib548                                  37.94 KSU     0.00 SU     
vvk548                                 351.05 KSU     0.00 SU     
yxm548                                  48.98 SU      0.00 SU     
zxs548                                  86.55 KSU     0.00 SU     
as2291                                  14.11 KSU    36.85 SU     
gsd548                                 168.53 KSU     0.00 SU     
glr548                                 228.17 KSU     0.00 SU     
sjr548                                 386.17 KSU     0.00 SU     
wml548                                 661.33 KSU     0.00 SU     
jtl548                                 104.61 KSU     0.00 SU     
pjs548                                   2.29 KSU     0.00 SU     
mjw548                                  28.28 KSU     0.00 SU     
ixd548                                  28.56 SU      0.00 SU     
bxr548                                   0.93 SU      0.00 SU     
fs5892                                  62.73 SU      0.00 SU     
jrf548                                  96.25 SU      0.00 SU     
xds548                                  21.83 SU      0.00 SU     
dl9118                                   3.35 KSU     0.00 SU     
cnf599                                   2.88 KSU     0.00 SU     
------------------------------------------------------------- 
    
