
Usage Report: Project=dp9 Period=2020.q3
=============================================================
    Grant:     9.00 MSU
     Used:     2.15 MSU
 Reserved:     2.32 KSU
    Avail:     6.85 MSU

Stakeholder                   Grant         Used        Avail
-------------------------------------------------------------
BoM                        9.00 MSU     2.11 MSU     6.89 MSU
------------------------------------------------------------- 

User                                        Used     Reserved
-------------------------------------------------------------    
ttl548                                  44.98 KSU    13.75 SU     
hhz548                                 564.00 KSU     0.00 SU     
mxk548                                 883.81 KSU     2.30 KSU    
iib548                                  19.10 KSU     0.00 SU     
vvk548                                  45.37 KSU     0.00 SU     
yxm548                                  48.98 SU      0.00 SU     
zxs548                                  19.02 KSU     0.00 SU     
as2291                                   3.24 KSU     0.00 SU     
gsd548                                 121.57 KSU     0.00 SU     
glr548                                 105.25 KSU     0.00 SU     
sjr548                                  18.97 KSU     0.00 SU     
wml548                                 301.80 KSU     0.00 SU     
jtl548                                  22.22 KSU     0.00 SU     
pjs548                                   1.20 KSU     0.00 SU     
mjw548                                   9.18 SU      0.00 SU     
ixd548                                  16.60 SU      0.00 SU     
bxr548                                   0.93 SU      0.00 SU     
fs5892                                   0.11 SU      0.00 SU     
jrf548                                  56.64 SU      0.00 SU     
------------------------------------------------------------- 
    
