
Usage Report: Project=dp9 Period=2020.q4
=============================================================
    Grant:    18.00 MSU
     Used:    14.50 MSU
 Reserved:     4.00 SU 
    Avail:     3.50 MSU

Stakeholder                   Grant         Used        Avail
-------------------------------------------------------------
BoM                       18.00 MSU    14.50 MSU     3.50 MSU
------------------------------------------------------------- 

User                                        Used     Reserved
-------------------------------------------------------------    
vvk548                                   5.88 MSU     0.00 SU     
zxs548                                  57.49 KSU     0.00 SU     
ttl548                                  52.67 KSU     3.00 SU     
jtl548                                   1.80 MSU     0.00 SU     
as2291                                  28.90 KSU     1.00 SU     
mxk548                                   4.04 MSU     0.00 SU     
dl9118                                 525.79 KSU     0.00 SU     
fs5892                                   7.52 KSU     0.00 SU     
glr548                                 988.58 KSU     0.00 SU     
iib548                                 241.08 KSU     0.00 SU     
pjs548                                   1.50 KSU     0.00 SU     
sjr548                                 307.52 KSU     0.00 SU     
gsd548                                 125.79 KSU     0.00 SU     
ixd548                                  30.21 SU      0.00 SU     
wml548                                 271.81 KSU     0.00 SU     
mjw548                                   4.52 KSU     0.00 SU     
jrf548                                  13.95 SU      0.00 SU     
yxm548                                 132.68 SU      0.00 SU     
cnf599                                  52.91 KSU     0.00 SU     
cst565                                 100.82 KSU     0.00 SU     
chs548                                   7.85 KSU     0.00 SU     
ycx548                                  32.12 SU      0.00 SU     
mrd599                                   0.02 SU      0.00 SU     
cit548                                  10.09 SU      0.00 SU     
slc548                                   0.03 SU      0.00 SU     
------------------------------------------------------------- 
    
