
Usage Report: Project=dp9 Period=2020.q3
=============================================================
    Grant:     9.00 MSU
     Used:     3.09 MSU
 Reserved:     2.99 KSU
    Avail:     5.91 MSU

Stakeholder                   Grant         Used        Avail
-------------------------------------------------------------
BoM                        9.00 MSU     3.05 MSU     5.95 MSU
------------------------------------------------------------- 

User                                        Used     Reserved
-------------------------------------------------------------    
ttl548                                  69.75 KSU    55.00 SU     
hhz548                                 564.00 KSU     0.00 SU     
mxk548                                   1.07 MSU     0.00 SU     
iib548                                  26.24 KSU     0.00 SU     
vvk548                                 171.98 KSU     0.00 SU     
yxm548                                  48.98 SU      0.00 SU     
zxs548                                  31.13 KSU     1.63 KSU    
as2291                                   4.87 KSU     0.00 SU     
gsd548                                 134.02 KSU     0.00 SU     
glr548                                 175.11 KSU     0.00 SU     
sjr548                                 283.87 KSU   808.00 SU     
wml548                                 461.33 KSU   500.00 SU     
jtl548                                  97.07 KSU     0.00 SU     
pjs548                                   2.19 KSU     0.00 SU     
mjw548                                   1.20 KSU     0.00 SU     
ixd548                                  23.68 SU      0.00 SU     
bxr548                                   0.93 SU      0.00 SU     
fs5892                                  62.73 SU      0.00 SU     
jrf548                                  96.25 SU      0.00 SU     
xds548                                  16.16 SU      0.00 SU     
------------------------------------------------------------- 
    
