
Usage Report: Project=dp9 Period=2020.q2
=============================================================
    Grant:     6.00 MSU
     Used:     1.82 MSU
 Reserved:    10.08 KSU
    Avail:     4.17 MSU

Stakeholder                   Grant         Used        Avail
-------------------------------------------------------------
BoM                        6.00 MSU     1.83 MSU     4.17 MSU
------------------------------------------------------------- 

User                                        Used     Reserved
-------------------------------------------------------------    
gsd548                                  55.24 KSU     0.00 SU     
sjr548                                 813.30 KSU    10.07 KSU    
ttl548                                  61.14 KSU    13.75 SU     
zxs548                                 116.32 KSU     0.00 SU     
mxk548                                 224.61 KSU     0.00 SU     
zhl548                                  10.95 KSU     0.00 SU     
vvk548                                   9.96 KSU     0.00 SU     
ixd548                                  16.65 SU      0.00 SU     
mjw548                                 352.00 SU      0.00 SU     
jtl548                                   2.84 KSU     0.00 SU     
as2291                                   6.14 KSU     0.00 SU     
cjb548                                   0.01 SU      0.00 SU     
iib548                                 377.48 KSU     0.00 SU     
yxm548                                  63.34 SU      0.00 SU     
cnf599                                  12.47 KSU     0.00 SU     
glr548                                 124.44 KSU     0.00 SU     
hhz548                                  24.37 SU      0.00 SU     
chs548                                   1.06 SU      0.00 SU     
nwe548                                 118.84 SU      0.00 SU     
cit548                                 892.39 SU      0.00 SU     
mrd599                                   0.21 SU      0.00 SU     
------------------------------------------------------------- 
    
