
Usage Report: Project=dp9 Period=2021.q3
=============================================================
    Grant:    16.00 MSU
     Used:     2.88 MSU
 Reserved:     1.79 KSU
    Avail:    13.12 MSU
    
Stakeholder                   Grant         Used        Avail
-------------------------------------------------------------    
BoM                       16.00 MSU     2.88 MSU    13.12 MSU    
------------------------------------------------------------- 
    
User                                        Used     Reserved
-------------------------------------------------------------        
iib548                                  19.35 KSU     0.00 SU         
as2291                                  51.76 KSU    27.00 SU         
zxs548                                   3.07 KSU     0.00 SU         
ttl548                                  20.74 KSU   224.51 SU         
jtl548                                 158.70 KSU     0.00 SU         
glr548                                  56.55 KSU     0.00 SU         
sjr548                                   1.37 MSU     1.54 KSU        
vvk548                                 631.29 KSU     0.00 SU         
dl9118                                 905.99 SU      0.00 SU         
mxk548                                 564.90 KSU     0.00 SU         
ycx548                                  65.54 SU      0.00 SU         
slc548                                  33.21 SU      0.00 SU         
ixd548                                  25.98 SU      0.00 SU         
hhz548                                 188.19 SU      0.00 SU         
jrf548                                  19.81 SU      0.00 SU         
rad548                                  24.17 SU      0.00 SU         
cnf599                                 288.72 SU      0.00 SU         
jxh903                                   0.02 SU      0.00 SU         
yxm548                                  56.83 SU      0.00 SU         
cst565                                  71.98 SU      0.00 SU         
pjs548                                  62.57 SU      0.00 SU         
-------------------------------------------------------------        

Storage Usage Report: Project=dp9
=============================================================
Filesystem        Used     iUsed    Allocation    iAllocation    
gdata1a      109.90 TB   32.76 M     270.00 TB        45.00 M        

Stakeholder                         Allocation    iAllocation
-------------------------------------------------------------            
BoM                                  270.00 TB        45.00 M                
-------------------------------------------------------------
            
