
Usage Report: Project=dp9 Period=2021.q3
=============================================================
    Grant:    16.00 MSU
     Used:     7.29 MSU
 Reserved:     7.16 KSU
    Avail:     8.70 MSU
    
Stakeholder                   Grant         Used        Avail
-------------------------------------------------------------    
BoM                       16.00 MSU     7.30 MSU     8.70 MSU    
------------------------------------------------------------- 
    
User                                        Used     Reserved
-------------------------------------------------------------        
iib548                                  34.07 KSU     0.00 SU         
as2291                                 161.05 KSU     0.00 SU         
zxs548                                   3.73 KSU     0.00 SU         
ttl548                                  58.30 KSU   252.18 SU         
jtl548                                 285.26 KSU     0.00 SU         
glr548                                 132.89 KSU     0.00 SU         
sjr548                                   3.03 MSU     0.00 SU         
vvk548                                 673.83 KSU     0.00 SU         
dl9118                                   5.09 KSU     0.00 SU         
mxk548                                   2.64 MSU     4.61 KSU        
ycx548                                  10.83 KSU     0.00 SU         
slc548                                  51.54 SU      0.00 SU         
ixd548                                 117.68 SU      0.00 SU         
hhz548                                 215.33 KSU     2.30 KSU        
jrf548                                  19.81 SU      0.00 SU         
rad548                                  24.18 SU      0.00 SU         
cnf599                                  25.00 KSU     0.00 SU         
jxh903                                   0.02 SU      0.00 SU         
yxm548                                  56.83 SU      0.00 SU         
cst565                                 191.71 SU      0.00 SU         
pjs548                                 336.09 SU      0.00 SU         
crd548                                 110.57 SU      0.00 SU         
wml548                                 136.10 SU      0.00 SU         
mjz548                                  11.16 KSU     0.00 SU         
mrd599                                  17.78 SU      0.00 SU         
zhl548                                   0.84 SU      0.00 SU         
-------------------------------------------------------------        

Storage Usage Report: Project=dp9
=============================================================
Filesystem        Used     iUsed    Allocation    iAllocation    
gdata1a      111.33 TB   34.06 M     270.00 TB        45.00 M        

Stakeholder                         Allocation    iAllocation
-------------------------------------------------------------            
BoM                                  270.00 TB        45.00 M                
-------------------------------------------------------------
            
