
Usage Report: Project=dp9 Period=2020.q3
=============================================================
    Grant:     9.00 MSU
     Used:     1.39 MSU
 Reserved:     2.31 KSU
    Avail:     7.61 MSU

Stakeholder                   Grant         Used        Avail
-------------------------------------------------------------
BoM                        9.00 MSU     1.35 MSU     7.65 MSU
------------------------------------------------------------- 

User                                        Used     Reserved
-------------------------------------------------------------    
ttl548                                  24.97 KSU     0.00 SU     
hhz548                                 311.33 KSU     2.30 KSU    
mxk548                                 585.09 KSU     8.33 SU     
iib548                                   2.81 KSU     0.00 SU     
vvk548                                   1.96 KSU     0.00 SU     
yxm548                                  43.30 SU      0.00 SU     
zxs548                                  18.31 KSU     0.00 SU     
as2291                                   2.11 KSU     0.00 SU     
gsd548                                  63.43 KSU     0.00 SU     
glr548                                  85.78 KSU     0.00 SU     
sjr548                                  18.92 KSU     0.00 SU     
wml548                                 270.67 KSU     0.00 SU     
jtl548                                   1.17 KSU     0.00 SU     
pjs548                                 813.27 SU      0.00 SU     
mjw548                                   9.18 SU      0.00 SU     
ixd548                                   8.52 SU      0.00 SU     
------------------------------------------------------------- 
    
