root(0) 106
ycx548(5420) 146139212463745
yxm548(5719) 14576535403681
glr548(5727) 2377681699637
cnf599(5768) 118342009806008
ljr548(5784) 67098654642
hhz548(5823) 168153934099596
zxs548(5834) 40976572728608
jtl548(6212) 75092324983939
iib548(6343) 3864453663462
hqz548(6446) 105342623285
zhl548(6612) 122297810157001
ixd548(6616) 2343557991056
wml548(6674) 4140275861699
ttl548(7544) 178860081196021
pjs548(7881) 4460467534576
sjr548(8098) 81802400748697
vvk548(8205) 1593930293842
xds548(8239) 16672058747510
cit548(8244) 128451286533059
slc548(8276) 7175403096615
jrf548(8285) 48313519461463
nwe548(10526) 9297580572560
chs548(10528) 36121544214163
mxk548(10810) 72990300375020
fs5892(12091) 8881017464643
as2291(12159) 855336138202
dp9 total =  1293951736512836 (1176.84 TB)
