
Usage Report: Project=dp9 Period=2021.q3
=============================================================
    Grant:    16.00 MSU
     Used:     7.96 MSU
 Reserved:     1.27 KSU
    Avail:     8.04 MSU
    
Stakeholder                   Grant         Used        Avail
-------------------------------------------------------------    
BoM                       16.00 MSU     7.96 MSU     8.04 MSU    
------------------------------------------------------------- 
    
User                                        Used     Reserved
-------------------------------------------------------------        
iib548                                 115.87 KSU     0.00 SU         
as2291                                 252.69 KSU     0.00 SU         
zxs548                                   4.84 KSU   225.00 SU         
ttl548                                  68.90 KSU     0.00 SU         
jtl548                                 285.30 KSU     0.00 SU         
glr548                                 162.76 KSU     0.00 SU         
sjr548                                   3.04 MSU     0.00 SU         
vvk548                                 692.24 KSU     0.00 SU         
dl9118                                  15.85 KSU     0.00 SU         
mxk548                                   2.74 MSU     0.00 SU         
ycx548                                  11.08 KSU     0.00 SU         
slc548                                   4.71 KSU     0.00 SU         
ixd548                                 176.72 SU      0.00 SU         
hhz548                                 475.96 KSU     0.00 SU         
jrf548                                  19.81 SU      0.00 SU         
rad548                                  24.18 SU      0.00 SU         
cnf599                                  25.00 KSU     0.00 SU         
jxh903                                   0.02 SU      0.00 SU         
yxm548                                  56.83 SU      0.00 SU         
cst565                                 191.71 SU      0.00 SU         
pjs548                                 542.48 SU      0.00 SU         
crd548                                 110.57 SU      0.00 SU         
wml548                                 136.10 SU      0.00 SU         
mjz548                                  14.46 KSU     0.00 SU         
mrd599                                  17.78 SU      0.00 SU         
zhl548                                 206.95 SU      0.00 SU         
dr8819                                  54.72 KSU     1.04 KSU        
-------------------------------------------------------------        

Storage Usage Report: Project=dp9
=============================================================
Filesystem        Used     iUsed    Allocation    iAllocation    
gdata1a      111.47 TB   35.13 M     270.00 TB        45.00 M        

Stakeholder                         Allocation    iAllocation
-------------------------------------------------------------            
BoM                                  270.00 TB        45.00 M                
-------------------------------------------------------------
            
