
Usage Report: Project=dp9 Period=2020.q3
=============================================================
    Grant:     9.00 MSU
     Used:     5.07 MSU
 Reserved:    71.25 SU 
    Avail:     3.93 MSU

Stakeholder                   Grant         Used        Avail
-------------------------------------------------------------
BoM                        9.00 MSU     5.02 MSU     3.98 MSU
------------------------------------------------------------- 

User                                        Used     Reserved
-------------------------------------------------------------    
ttl548                                  93.02 KSU    55.00 SU     
hhz548                                 564.00 KSU     0.00 SU     
mxk548                                   2.10 MSU    16.25 SU     
iib548                                  40.70 KSU     0.00 SU     
vvk548                                 351.05 KSU     0.00 SU     
yxm548                                  48.98 SU      0.00 SU     
zxs548                                 121.80 KSU     0.00 SU     
as2291                                  15.69 KSU     0.00 SU     
gsd548                                 182.28 KSU     0.00 SU     
glr548                                 250.96 KSU     0.00 SU     
sjr548                                 414.32 KSU     0.00 SU     
wml548                                 732.24 KSU     0.00 SU     
jtl548                                 153.96 KSU     0.00 SU     
pjs548                                   2.29 KSU     0.00 SU     
mjw548                                  28.30 KSU     0.00 SU     
ixd548                                  30.83 SU      0.00 SU     
bxr548                                   0.93 SU      0.00 SU     
fs5892                                  62.73 SU      0.00 SU     
jrf548                                  96.25 SU      0.00 SU     
xds548                                  21.83 SU      0.00 SU     
dl9118                                   9.85 KSU     0.00 SU     
cnf599                                   4.45 KSU     0.00 SU     
------------------------------------------------------------- 
    
