
Usage Report: Project=dp9 Period=2021.q1
=============================================================
    Grant:    18.00 MSU
     Used:     5.55 MSU
 Reserved:   141.66 SU 
    Avail:    12.45 MSU

Stakeholder                   Grant         Used        Avail
-------------------------------------------------------------
BoM                       18.00 MSU     5.55 MSU    12.45 MSU
------------------------------------------------------------- 

User                                        Used     Reserved
-------------------------------------------------------------    
as2291                                  20.42 KSU     0.00 SU     
ixd548                                  20.93 SU      0.00 SU     
ycx548                                  15.55 KSU     0.00 SU     
ttl548                                  32.59 KSU   119.16 SU     
vvk548                                   1.57 MSU     0.00 SU     
dl9118                                  83.60 KSU     0.00 SU     
iib548                                 133.99 KSU     0.00 SU     
wml548                                  24.11 SU      0.00 SU     
mxk548                                   2.51 MSU    20.50 SU     
hhz548                                  77.73 KSU     0.00 SU     
jtl548                                 126.42 KSU     0.00 SU     
sjr548                                  55.53 KSU     0.00 SU     
gl7525                                   5.02 SU      0.00 SU     
zhl548                                  20.71 KSU     2.00 SU     
fs5892                                  19.09 SU      0.00 SU     
glr548                                 891.61 KSU     0.00 SU     
zxs548                                 161.06 SU      0.00 SU     
cnf599                                   2.76 KSU     0.00 SU     
jrf548                                  77.97 SU      0.00 SU     
sb0446                                  13.16 KSU     0.00 SU     
dr8819                                   0.46 SU      0.00 SU     
------------------------------------------------------------- 
    
