
Usage Report: Project=dp9 Period=2020.q2
=============================================================
    Grant:     6.00 MSU
     Used:   581.54 KSU
 Reserved:   992.63 SU 
    Avail:     5.42 MSU

Stakeholder                   Grant         Used        Avail
-------------------------------------------------------------
BoM                        6.00 MSU   582.53 KSU     5.42 MSU
------------------------------------------------------------- 

User                                        Used     Reserved
-------------------------------------------------------------    
gsd548                                  28.09 KSU     0.00 SU     
sjr548                                 223.03 KSU    43.13 SU     
ttl548                                  38.48 KSU   949.50 SU     
zxs548                                  50.98 KSU     0.00 SU     
mxk548                                 195.61 KSU     0.00 SU     
zhl548                                   5.46 KSU     0.00 SU     
vvk548                                   4.09 KSU     0.00 SU     
ixd548                                   9.66 SU      0.00 SU     
mjw548                                 254.40 SU      0.00 SU     
jtl548                                   1.19 KSU     0.00 SU     
as2291                                   1.22 KSU     0.00 SU     
cjb548                                   0.01 SU      0.00 SU     
iib548                                  10.04 KSU     0.00 SU     
yxm548                                  32.26 SU      0.00 SU     
cnf599                                  12.47 KSU     0.00 SU     
glr548                                  10.59 KSU     0.00 SU     
hhz548                                   0.22 SU      0.00 SU     
chs548                                   0.31 SU      0.00 SU     
------------------------------------------------------------- 
    
