
Usage Report: Project=dp9 Period=2020.q3
=============================================================
    Grant:     9.00 MSU
     Used:     2.05 MSU
 Reserved:    28.75 SU 
    Avail:     6.95 MSU

Stakeholder                   Grant         Used        Avail
-------------------------------------------------------------
BoM                        9.00 MSU     2.00 MSU     7.00 MSU
------------------------------------------------------------- 

User                                        Used     Reserved
-------------------------------------------------------------    
ttl548                                  39.45 KSU    13.75 SU     
hhz548                                 564.00 KSU     0.00 SU     
mxk548                                 855.36 KSU     0.00 SU     
iib548                                  14.91 KSU     0.00 SU     
vvk548                                  14.02 KSU     0.00 SU     
yxm548                                  48.98 SU      0.00 SU     
zxs548                                  18.99 KSU     0.00 SU     
as2291                                   2.86 KSU     0.00 SU     
gsd548                                 115.30 KSU     0.00 SU     
glr548                                  91.81 KSU     0.00 SU     
sjr548                                  18.96 KSU     0.00 SU     
wml548                                 298.25 KSU     0.00 SU     
jtl548                                  10.75 KSU     0.00 SU     
pjs548                                   1.07 KSU     0.00 SU     
mjw548                                   9.18 SU      0.00 SU     
ixd548                                  14.33 SU      0.00 SU     
bxr548                                   0.93 SU      0.00 SU     
fs5892                                   0.07 SU      0.00 SU     
jrf548                                  46.67 SU     15.00 SU     
------------------------------------------------------------- 
    
