
Usage Report: Project=dp9 Period=2020.q4
=============================================================
    Grant:     9.00 MSU
     Used:     3.95 MSU
 Reserved:    11.42 KSU
    Avail:     5.03 MSU

Stakeholder                   Grant         Used        Avail
-------------------------------------------------------------
BoM                        9.00 MSU     3.97 MSU     5.03 MSU
------------------------------------------------------------- 

User                                        Used     Reserved
-------------------------------------------------------------    
vvk548                                 676.83 KSU     0.00 SU     
zxs548                                  40.61 KSU     0.00 SU     
ttl548                                  14.83 KSU   124.75 SU     
jtl548                                   1.51 MSU     0.00 SU     
as2291                                   7.57 KSU    22.17 SU     
mxk548                                   1.09 MSU    37.25 SU     
dl9118                                 127.48 KSU     3.16 KSU    
fs5892                                   7.36 KSU     0.00 SU     
glr548                                  70.45 KSU     0.00 SU     
iib548                                 128.77 KSU     0.00 SU     
pjs548                                 932.43 SU      0.00 SU     
sjr548                                 231.16 KSU     8.16 SU     
gsd548                                  38.03 KSU     8.06 KSU    
ixd548                                   9.25 SU      0.00 SU     
wml548                                   3.43 KSU     0.00 SU     
mjw548                                   4.52 KSU     0.00 SU     
jrf548                                  13.95 SU      0.00 SU     
yxm548                                  49.46 SU      0.00 SU     
------------------------------------------------------------- 
    
