------------------------------------------------------------------------------
         project             user     space used      file size          count
------------------------------------------------------------------------------
          access           mjw548            0kB            5kB              1
          access           mrd599         32.7GB         32.7GB           4384
          access           ycx548          4.6GB          4.6GB           5003
          access           axs599            0kB           56kB              1
          access           mjn548        188.0kB        174.7kB              6
          access           jtl548         17.6GB         17.5GB          34360
          access           zhl548        360.0kB        295.5kB             33
          access           ixd548        930.0MB        930.0MB              4
          access           wml548         13.0TB         13.0TB        3820886
          access           ttl548        222.8MB        150.0MB          21530
          access           sjr548          6.2GB          6.2GB           1679
          access           vvk548        956.0kB        842.4kB             56
          access           slc548            0kB           18kB              6
          access           mxk548          2.2TB          2.2TB          13021
          access           fs5892         26.1GB         26.1GB           9651
          access           as2291          6.3GB          6.0GB         181645
          access           dl9118        439.2MB        439.2MB             27
      access.dev           ycx548          9.6MB          9.3MB            168
      access.dev           axs599         12.0kB          850kB             23
      access.dev           mjn548          1.4MB          1.2MB            161
      access.dev           wml548         60.0kB         16.5kB             15
             dp9           mjw548        356.0GB        356.0GB            113
             dp9           mrd599         10.6GB         10.6GB            175
             dp9           cjb548         67.2GB         67.2GB          29980
             dp9           ycx548        962.2GB        961.8GB         205558
             dp9           yxm548          1.7TB          1.7TB         147106
             dp9           glr548          6.9TB          6.9TB        2288766
             dp9           cnf599          8.2TB          8.2TB         211996
             dp9           ljr548        331.2GB        331.0GB         107833
             dp9           hhz548         18.4TB         18.4TB        1447717
             dp9           zxs548        427.9GB        426.1GB        1245474
             dp9           mjn548        999.6GB        991.0GB        3395120
             dp9           jtl548          3.9TB          3.9TB        2524230
             dp9           iib548          2.0TB          2.0TB        2929867
             dp9           hqz548        151.1GB        151.1GB            287
             dp9           rmb548          4.0kB          4.0kB              1
             dp9           zhl548        346.4GB        346.1GB         160712
             dp9           ixd548          2.1TB          2.1TB         518692
             dp9           wml548          2.6TB          2.6TB         365245
             dp9           bxr548        367.2MB        367.1MB             75
             dp9           ttl548        137.6GB        136.8GB         343624
             dp9           pjs548         41.9GB         41.7GB          98861
             dp9           gsd548         10.5GB         10.2GB         175919
             dp9           sjr548          2.6TB          2.6TB        2658817
             dp9           vvk548          4.0TB          3.9TB        1448191
             dp9           xds548          2.1TB          2.1TB         207617
             dp9           cit548          2.6TB          2.6TB         217414
             dp9           slc548          1.2TB          1.2TB         306965
             dp9           jrf548        755.1GB        754.6GB         207576
             dp9           sss548         66.7GB         66.7GB           5780
             dp9           axs548          7.7GB          7.7GB           2993
             dp9           ffb548         64.0kB         64.0kB             16
             dp9           dhs548          8.0kB          8.0kB              2
             dp9           kkp548        465.3GB        465.3GB            513
             dp9           ijb548          4.0kB          4.0kB              1
             dp9           nwe548         13.7GB         13.6GB          45209
             dp9           chs548        227.7GB        227.6GB          59913
             dp9           mxk548          3.4TB          3.4TB         877604
             dp9           fs5892         16.8GB         16.2GB         287391
             dp9           as2291          1.7TB          1.7TB        1175323
             dp9           jb6931        332.1MB        332.1MB              2
             dp9           dl9118         22.9GB         22.9GB           4756
             dp9           bf7468          4.0kB          4.0kB              2
             dp9           dr8819         73.6GB         72.9GB         348115
             dp9           nt4021          4.0kB          4.0kB              1
             dp9           sb0446        152.9GB        152.8GB           7172
             dp9           gl7525        394.5MB        349.9MB          19839
             du7           ycx548         16.0kB          9.8kB              4
             du7           sjr548         55.0MB         47.8MB           3943
             du7           xds548        256.0kB        162.2kB             70
             du7           chs548         18.1TB         18.1TB         139116
             du7           as2291          2.8MB          1.9MB            469
             dx2           pag548        291.7MB        291.7MB              1
             en0           mjw548          4.0kB          4.0kB              1
             en0           bxr548        128.0kB         89.2kB             25
             er7           gxk548         45.8MB         45.7MB             16
            kl02           glr548          3.1TB          3.1TB          31650
            ma05           chs548          1.9MB          1.7MB            126
             y03           sjr548         21.7MB         21.4MB            185
             ig2           dl9118         33.0GB         33.0GB           1804
             ja4           ttl548          1.1TB          1.1TB          86321
             lb4           ttl548         26.0GB         26.0GB           1179
------------------------------------------------------------------------------
