
Usage Report: Project=dp9 Period=2020.q3
=============================================================
    Grant:     9.00 MSU
     Used:     5.33 MSU
 Reserved:    15.56 KSU
    Avail:     3.65 MSU

Stakeholder                   Grant         Used        Avail
-------------------------------------------------------------
BoM                        9.00 MSU     5.31 MSU     3.69 MSU
------------------------------------------------------------- 

User                                        Used     Reserved
-------------------------------------------------------------    
ttl548                                  95.25 KSU    55.00 SU     
hhz548                                 564.00 KSU     0.00 SU     
mxk548                                   2.29 MSU   144.00 SU     
iib548                                  40.86 KSU     0.00 SU     
vvk548                                 351.05 KSU     0.00 SU     
yxm548                                  48.98 SU      0.00 SU     
zxs548                                 123.40 KSU     0.00 SU     
as2291                                  15.97 KSU     0.00 SU     
gsd548                                 182.28 KSU     0.00 SU     
glr548                                 262.99 KSU     0.00 SU     
sjr548                                 446.05 KSU     0.67 SU     
wml548                                 732.24 KSU     0.00 SU     
jtl548                                 179.99 KSU     0.00 SU     
pjs548                                   2.29 KSU     0.00 SU     
mjw548                                  28.30 KSU     0.00 SU     
ixd548                                  31.60 SU      0.00 SU     
bxr548                                   0.93 SU      0.00 SU     
fs5892                                  62.73 SU      0.00 SU     
jrf548                                  96.25 SU      0.00 SU     
xds548                                  24.02 SU      0.00 SU     
dl9118                                  13.13 KSU     0.00 SU     
cnf599                                   5.90 KSU    15.36 KSU    
------------------------------------------------------------- 
    
