------------------------------------------------------------------------------
         project             user     space used      file size          count
------------------------------------------------------------------------------
             dp9           zxs548          399GB          396GB         837442
             dp9           yxm548         1694GB         1733GB         147106
             dp9           fs5892         11.8TB         13.1TB         215196
          access           fs5892         25.3GB         25.3GB          11019
             dp9           ijb548          4.0kB          4.0kB              1
             dp9           cnf599         30.9TB         35.9TB         256592
             dp9           rmb548          4.0kB          4.0kB              1
             dp9           iib548         4068GB         4659GB        2803571
          access           iib548          4.0kB          3.4kB              1
      access.dev           axs599         12.0kB          0.8kB             23
          access           axs599          0.0kB          0.7kB             95
             dp9           cit548         3884GB         3884GB         134187
             y03           cjb548         1972kB         1967kB              1
             dp9           cjb548         67.2GB         67.2GB          29980
             dp9           sss548         65.2GB         66.7GB           5780
             dp9           mxk548         6941GB         7158GB         797977
          access           mxk548         1919GB         1919GB            481
             dp9           vvk548         4397GB         4427GB        1437874
             dp9           wml548         2605GB         2623GB         358155
      access.dev           wml548         60.0kB         16.5kB             15
             dp9           gsd548         3182GB         3181GB         411407
             dp9           bxr548          367MB          367MB             75
             en0           bxr548          204kB         89.2kB             25
             dp9           ixd548         1394GB         1393GB         498191
          access           ixd548          930MB          930MB              7
             dp9           jb6931          332MB          332MB              2
             dp9           hqz548          151GB          151GB            287
          access           ycx548         3877MB         3866MB           5016
             du7           ycx548         16.0kB          9.8kB              4
             dp9           ycx548         9428GB         9666GB        3522006
      access.dev           ycx548         9796kB         9500kB            168
             dp9           slc548          198GB          198GB         132735
          access           slc548         1492GB         1492GB            902
          access           nwe548          0.0kB          0.0kB              3
             du7           nwe548         30.8GB         30.8GB           3253
             dp9           nwe548         4933MB         5037MB          42708
             dp9           glr548         2826GB         2862GB        1526318
             du7           glr548         8844kB         8213kB            350
             dp9           zhl548          342GB          342GB         160459
          access           zhl548         44.0kB         33.8kB              3
             dp9           dhs548          8.0kB          8.0kB              2
             dp9           dr8819          214GB          213GB         188760
             dp9           kkp548          465GB          465GB            513
             dp9           pjs548         28.7GB         28.6GB          35149
             du7           gxk548         12.6MB         10.2MB           1253
             er7           gxk548         45.8MB         45.7MB             16
             dp9           mjw548          357GB          357GB          24301
             en0           mjw548          4.0kB          4.0kB              1
             dp9           bf7468         1836kB         1832kB              2
             dp9           ttl548         96.5GB         94.7GB         343620
             y03           ttl548         69.9GB         69.9GB            295
             dp9           nt4021          4.0kB          4.0kB              1
             dp9           hhz548         18.1TB         21.1TB        1632134
          access           hhz548          4.0kB          3.6kB              1
             dp9           xds548         2183GB         2220GB         186231
          access           xds548          408kB          353kB             28
             du7           xds548          424kB          170kB             70
             dp9           as2291         1041GB         1039GB         519809
          access           as2291         1856MB         1778MB          44185
             dp9           mrd599         1025MB         1025MB             19
             dx2           pag548          292MB          292MB              1
             dp9           axs548         7915MB         7909MB           2993
             dp9           jrf548         2039GB         2046GB         333334
             dp9           ljr548          331GB          331GB         107830
             dp9           jtl548         50.0TB         52.2TB        5351752
          access           jtl548         12.4GB         12.4GB           7242
             dp9           sjr548         1795GB         1829GB        1901510
          access           sjr548         4719MB         4727MB           1357
          access           sl8973          176kB          167kB              4
             dp9           ffb548         64.0kB         64.0kB             16
             dp9           mjn548         1007GB          991GB        3328875
      access.dev           mjn548         1476kB         1226kB            161
             du7           chs548          602GB          609GB          14814
            ma05           chs548         2288kB         1996kB            148
             dp9           chs548          198GB          217GB           8957
------------------------------------------------------------------------------
