
Usage Report: Project=dp9 Period=2021.q2
=============================================================
    Grant:    18.00 MSU
     Used:     3.28 MSU
 Reserved:    10.71 KSU
    Avail:    14.71 MSU

Stakeholder                   Grant         Used        Avail
-------------------------------------------------------------
BoM                       18.00 MSU     3.29 MSU    14.71 MSU
------------------------------------------------------------- 

User                                        Used     Reserved
-------------------------------------------------------------    
jtl548                                 902.10 KSU     8.19 KSU    
dl9118                                   8.98 KSU     0.00 SU     
vvk548                                 534.70 KSU     0.00 SU     
mxk548                                 470.84 KSU     1.16 KSU    
glr548                                 150.74 KSU     0.00 SU     
sjr548                                 962.80 KSU     1.15 KSU    
ttl548                                   8.36 KSU   209.76 SU     
hhz548                                 209.78 KSU     0.00 SU     
as2291                                   3.40 KSU     3.73 SU     
iib548                                  27.89 KSU     0.00 SU     
ixd548                                   2.83 SU      0.00 SU     
cnf599                                 204.08 SU      0.00 SU     
------------------------------------------------------------- 
    
