
Usage Report: Project=dp9 Period=2021.q2
=============================================================
    Grant:    18.00 MSU
     Used:     7.99 MSU
 Reserved:   406.18 SU 
    Avail:    10.01 MSU
    
Stakeholder                   Grant         Used        Avail
-------------------------------------------------------------    
BoM                       18.00 MSU     7.99 MSU    10.01 MSU    
------------------------------------------------------------- 
    
User                                        Used     Reserved
-------------------------------------------------------------        
jtl548                                   1.76 MSU     0.00 SU         
dl9118                                 135.71 KSU     0.00 SU         
vvk548                                 539.17 KSU     0.00 SU         
mxk548                                   2.75 MSU   159.33 SU         
glr548                                 493.59 KSU     0.00 SU         
sjr548                                   1.68 MSU     0.00 SU         
ttl548                                  29.99 KSU   213.85 SU         
hhz548                                 209.78 KSU     0.00 SU         
as2291                                  23.30 KSU    33.00 SU         
iib548                                 214.99 KSU     0.00 SU         
ixd548                                   9.88 SU      0.00 SU         
cnf599                                   9.06 KSU     0.00 SU         
yxm548                                 824.75 SU      0.00 SU         
wml548                                 138.81 KSU     0.00 SU         
pjs548                                 192.38 SU      0.00 SU         
nwe548                                   2.47 SU      0.00 SU         
-------------------------------------------------------------        

Storage Usage Report: Project=dp9
=============================================================
Filesystem        Used     iUsed    Allocation    iAllocation    
gdata1a      129.41 TB   30.88 M     270.00 TB        45.00 M        

Stakeholder                         Allocation    iAllocation
-------------------------------------------------------------            
BoM                                  270.00 TB        45.00 M                
-------------------------------------------------------------
            
