------------------------------------------------------------------------------
         project             user     space used      file size          count
------------------------------------------------------------------------------
          access           mrd599         32.7GB         32.7GB           4384
             dp9           mrd599         16.2GB         16.2GB          13909
             dp9           jb6931         32.0kB         32.0kB              2
             dp9           iib548         2328GB         2333GB        2416964
             dp9           hw4629         32.0kB         32.0kB              2
             dp9           zxs548         4958GB         5302GB         125956
            us94           mxk548         96.8MB         94.7MB           1368
             dp9           mxk548          144TB          149TB         430611
             dp9           cnf599         11.1TB         11.1TB          60166
             dp9           yxm548         15.1TB         15.1TB        1197684
             du7           chs548          144GB          144GB            337
             dp9           chs548         11.9MB         15.9MB             48
             dp9           ycx548         32.0kB         32.0kB              2
             dp9           bxr548         32.0kB         32.0kB              2
             en0           bxr548         1528MB         1448MB          42412
             dp9           nwe548         32.0kB         32.0kB              2
             dp9           hhz548         53.4TB         53.7TB         443074
             dp9           hhn548         32.0kB         32.0kB              2
             rr6           ijb548          8.0kB          1.3kB              2
             dp9           ijb548         32.0kB         32.0kB              2
             dp9           pjs548          840kB          804kB             25
             dp9           slc548         3738GB         3743GB          69500
          public           slc548         2696kB         2681kB             80
             dp9           vvk548          992GB          992GB         192129
          access           vvk548          424kB          384kB             17
             dp9           mjw548         1069GB         1069GB         519116
          access           mjw548         13.0TB         13.0TB        3592416
             dp9           cjb548         32.0kB         32.0kB              2
             dp9           sss548         32.0kB         32.0kB              2
             dp9           cs0369         32.0kB         32.0kB              2
             dp9           gsd548         32.0kB         32.0kB              2
             dp9           sl8973         32.0kB         32.0kB              2
             dp9           ixd548          432kB          432kB             27
             dp9           nt4021          109GB          109GB           4384
             dp9           jrf548         32.0kB         32.0kB              2
             dp9           cit548          143MB          142MB              8
             dp9           ach599         32.0kB         32.0kB              2
             dp9           xds548         60.8GB         60.8GB           1680
             dp9           wml548          199TB          210TB         429419
          access           wml548         25.9GB         28.8GB         477401
             dp9           jtl548         3757GB         3778GB         715404
          access           jtl548         4203MB         4158MB          26128
             dp9           tc2375         32.0kB         32.0kB              2
          access           ttl548         69.2MB         68.5MB            456
             dp9           ttl548         37.1TB         37.2TB         393042
             dp9           as2291          105MB         97.1MB           3552
          access           as2291          4.0kB          1.0kB              1
             dp9           jl0029         32.0kB         32.0kB              2
             dp9           gxk548         32.0kB         32.0kB              2
             dp9           jcf548         32.0kB         32.0kB              2
             ep4           jcf548         2412GB         2482GB          16007
             dp9           kkp548         32.0kB         32.0kB              2
             dp9           dr8819          183GB          183GB           2994
             dp9           rmb548         32.0kB         32.0kB              2
             dp9           ljr548         32.0kB         32.0kB              2
             dp9           sjr548         17.6TB         18.1TB        1937799
             du7           glr548         1792kB         1585kB            128
             dp9           glr548         20.1TB         20.3TB         636619
             dp9           ml6621         32.0kB         32.0kB              2
             dp9           hqz548         32.0kB         32.0kB              2
             dp9           fs5892         2853MB         2657MB          98857
             dx2           pag548          660kB          594kB             38
             dp9           pag548          128kB          128kB              8
             dp9           zhl548          889GB          901GB         227470
          access           zhl548          308kB          250kB             22
             dp9           mjn548         5208MB         5208MB            212
          access           mjn548          188kB          175kB              6
------------------------------------------------------------------------------
