
Usage Report: Project=dp9 Period=2020.q3
=============================================================
    Grant:     9.00 MSU
     Used:     1.80 MSU
 Reserved:     2.32 KSU
    Avail:     7.20 MSU

Stakeholder                   Grant         Used        Avail
-------------------------------------------------------------
BoM                        9.00 MSU     1.76 MSU     7.24 MSU
------------------------------------------------------------- 

User                                        Used     Reserved
-------------------------------------------------------------    
ttl548                                  29.47 KSU    13.75 SU     
hhz548                                 476.66 KSU     2.30 KSU    
mxk548                                 771.61 KSU     3.75 SU     
iib548                                   3.38 KSU     0.00 SU     
vvk548                                   4.82 KSU     0.00 SU     
yxm548                                  43.30 SU      0.00 SU     
zxs548                                  18.97 KSU     0.00 SU     
as2291                                   2.16 KSU     0.00 SU     
gsd548                                  84.90 KSU     0.00 SU     
glr548                                  85.78 KSU     0.00 SU     
sjr548                                  18.94 KSU     0.00 SU     
wml548                                 298.25 KSU     0.00 SU     
jtl548                                   1.17 KSU     0.00 SU     
pjs548                                 813.27 SU      0.00 SU     
mjw548                                   9.18 SU      0.00 SU     
ixd548                                  11.23 SU      0.00 SU     
bxr548                                   0.19 SU      0.00 SU     
------------------------------------------------------------- 
    
