
Usage Report: Project=dp9 Period=2021.q1
=============================================================
    Grant:    18.00 MSU
     Used:     7.93 MSU
 Reserved:     8.48 KSU
    Avail:    10.06 MSU

Stakeholder                   Grant         Used        Avail
-------------------------------------------------------------
BoM                       18.00 MSU     7.94 MSU    10.06 MSU
------------------------------------------------------------- 

User                                        Used     Reserved
-------------------------------------------------------------    
as2291                                  30.74 KSU     0.50 SU     
ixd548                                  27.89 SU      0.00 SU     
ycx548                                  15.57 KSU     0.00 SU     
ttl548                                  45.07 KSU     8.75 SU     
vvk548                                   1.57 MSU     0.00 SU     
dl9118                                  92.48 KSU     0.00 SU     
iib548                                 381.47 KSU     0.00 SU     
wml548                                  32.31 SU      0.00 SU     
mxk548                                   3.83 MSU     7.32 KSU    
hhz548                                 191.49 KSU     0.00 SU     
jtl548                                 310.84 KSU     0.00 SU     
sjr548                                 202.55 KSU     1.15 KSU    
gl7525                                   5.02 SU      0.00 SU     
zhl548                                  40.84 KSU     0.00 SU     
fs5892                                  19.09 SU      0.00 SU     
glr548                                   1.19 MSU     0.00 SU     
zxs548                                 161.06 SU      0.00 SU     
cnf599                                   2.76 KSU     0.00 SU     
jrf548                                  77.97 SU      0.00 SU     
sb0446                                  21.43 KSU     0.00 SU     
dr8819                                   0.46 SU      0.00 SU     
yxm548                                 288.25 SU      0.00 SU     
slc548                                  15.80 SU      0.00 SU     
------------------------------------------------------------- 
    
