
Usage Report: Project=dp9 Period=2021.q3
=============================================================
    Grant:     9.00 MSU
     Used:     1.79 MSU
 Reserved:    14.19 KSU
    Avail:     7.19 MSU
    
Stakeholder                   Grant         Used        Avail
-------------------------------------------------------------    
BoM                        9.00 MSU     1.81 MSU     7.19 MSU    
------------------------------------------------------------- 
    
User                                        Used     Reserved
-------------------------------------------------------------        
iib548                                   1.96 KSU     0.00 SU         
as2291                                  13.02 KSU   137.97 SU         
zxs548                                   1.68 KSU     0.00 SU         
ttl548                                   8.51 KSU   224.51 SU         
jtl548                                 146.43 KSU     0.00 SU         
glr548                                  22.31 KSU     0.00 SU         
sjr548                                 696.58 KSU    13.82 KSU        
vvk548                                 610.91 KSU     0.00 SU         
dl9118                                 495.87 SU      0.00 SU         
mxk548                                 291.24 KSU     0.00 SU         
ycx548                                  41.51 SU      0.00 SU         
slc548                                  33.16 SU      0.00 SU         
ixd548                                   6.47 SU      0.00 SU         
hhz548                                 185.01 SU      0.00 SU         
-------------------------------------------------------------        

Storage Usage Report: Project=dp9
=============================================================
Filesystem        Used     iUsed    Allocation    iAllocation    
gdata1a      106.41 TB   31.86 M     270.00 TB        45.00 M        

Stakeholder                         Allocation    iAllocation
-------------------------------------------------------------            
BoM                                  270.00 TB        45.00 M                
-------------------------------------------------------------
            
