
Usage Report: Project=dp9 Period=2020.q2
=============================================================
    Grant:     6.00 MSU
     Used:    23.09 KSU
 Reserved:    17.25 SU 
    Avail:     5.98 MSU

Stakeholder                   Grant         Used        Avail
-------------------------------------------------------------
BoM                        6.00 MSU    23.11 KSU     5.98 MSU
------------------------------------------------------------- 

User                                        Used     Reserved
-------------------------------------------------------------    
gsd548                                   6.46 KSU     0.00 SU     
sjr548                                   9.74 KSU     0.00 SU     
ttl548                                   2.35 KSU    17.25 SU     
zxs548                                   4.37 KSU     0.00 SU     
mxk548                                  28.26 SU      0.00 SU     
zhl548                                   1.03 SU      0.00 SU     
vvk548                                  95.18 SU      0.00 SU     
ixd548                                   3.97 SU      0.00 SU     
mjw548                                  44.16 SU      0.00 SU     
jtl548                                   1.65 SU      0.00 SU     
------------------------------------------------------------- 
    
