
Usage Report: Project=dp9 Period=2021.q1
=============================================================
    Grant:    18.00 MSU
     Used:     2.10 MSU
 Reserved:     5.78 KSU
    Avail:    15.90 MSU

Stakeholder                   Grant         Used        Avail
-------------------------------------------------------------
BoM                       18.00 MSU     2.10 MSU    15.90 MSU
------------------------------------------------------------- 

User                                        Used     Reserved
-------------------------------------------------------------    
as2291                                   2.95 KSU    10.74 SU     
ixd548                                  11.31 SU      0.00 SU     
ycx548                                  15.55 KSU     0.00 SU     
ttl548                                  12.20 KSU     8.75 SU     
vvk548                                   1.56 MSU     0.00 SU     
dl9118                                  17.57 KSU     0.00 SU     
iib548                                  65.83 KSU     0.00 SU     
wml548                                  24.11 SU      0.00 SU     
mxk548                                 410.75 KSU     5.76 KSU    
hhz548                                 345.84 SU      0.00 SU     
jtl548                                   1.99 KSU     0.00 SU     
sjr548                                   7.00 KSU     0.00 SU     
gl7525                                   5.02 SU      0.00 SU     
zhl548                                   0.00 SU      0.00 SU     
fs5892                                   0.57 SU      0.00 SU     
glr548                                   7.72 SU      0.00 SU     
zxs548                                  35.12 SU      0.00 SU     
------------------------------------------------------------- 
    
