
Usage Report: Project=dp9 Period=2021.q2
=============================================================
    Grant:    18.00 MSU
     Used:    12.54 MSU
 Reserved:     2.33 KSU
    Avail:     5.45 MSU
    
Stakeholder                   Grant         Used        Avail
-------------------------------------------------------------    
BoM                       18.00 MSU    12.55 MSU     5.45 MSU    
------------------------------------------------------------- 
    
User                                        Used     Reserved
-------------------------------------------------------------        
jtl548                                   2.15 MSU   404.33 SU         
dl9118                                 168.92 KSU     1.20 KSU        
vvk548                                 565.55 KSU     0.00 SU         
mxk548                                   5.73 MSU     0.00 SU         
glr548                                   1.05 MSU     0.00 SU         
sjr548                                   1.69 MSU     0.00 SU         
ttl548                                  84.07 KSU   278.85 SU         
hhz548                                 270.50 KSU     0.00 SU         
as2291                                  98.66 KSU   195.00 SU         
iib548                                 338.97 KSU     0.00 SU         
ixd548                                  39.72 SU      0.00 SU         
cnf599                                 114.55 KSU     0.00 SU         
yxm548                                   1.02 KSU     0.00 SU         
wml548                                 264.77 KSU     0.00 SU         
pjs548                                 487.44 SU      0.00 SU         
nwe548                                  70.10 SU      0.00 SU         
ycx548                                   0.05 SU      0.00 SU         
zxs548                                   5.43 KSU     0.00 SU         
jrf548                                  80.20 SU      0.00 SU         
slc548                                   2.54 KSU     0.00 SU         
chs548                                 266.19 SU      0.00 SU         
cst565                                  15.39 KSU   256.00 SU         
-------------------------------------------------------------        

Storage Usage Report: Project=dp9
=============================================================
Filesystem        Used     iUsed    Allocation    iAllocation    
gdata1a      103.99 TB   31.14 M     270.00 TB        45.00 M        

Stakeholder                         Allocation    iAllocation
-------------------------------------------------------------            
BoM                                  270.00 TB        45.00 M                
-------------------------------------------------------------
            
