
Usage Report: Project=dp9 Period=2021.q3
=============================================================
    Grant:    16.00 MSU
     Used:     6.14 MSU
 Reserved:   210.85 SU 
    Avail:     9.86 MSU
    
Stakeholder                   Grant         Used        Avail
-------------------------------------------------------------    
BoM                       16.00 MSU     6.14 MSU     9.86 MSU    
------------------------------------------------------------- 
    
User                                        Used     Reserved
-------------------------------------------------------------        
iib548                                  32.30 KSU     0.00 SU         
as2291                                  91.71 KSU     0.00 SU         
zxs548                                   3.61 KSU     0.00 SU         
ttl548                                  40.88 KSU   197.85 SU         
jtl548                                 278.48 KSU     0.00 SU         
glr548                                  93.07 KSU     0.00 SU         
sjr548                                   3.03 MSU     0.00 SU         
vvk548                                 643.91 KSU     0.00 SU         
dl9118                                   4.15 KSU     0.00 SU         
mxk548                                   1.77 MSU     0.00 SU         
ycx548                                  10.82 KSU     0.00 SU         
slc548                                  51.53 SU      0.00 SU         
ixd548                                  38.97 SU      0.00 SU         
hhz548                                 104.61 KSU    13.00 SU         
jrf548                                  19.81 SU      0.00 SU         
rad548                                  24.18 SU      0.00 SU         
cnf599                                  24.82 KSU     0.00 SU         
jxh903                                   0.02 SU      0.00 SU         
yxm548                                  56.83 SU      0.00 SU         
cst565                                 191.71 SU      0.00 SU         
pjs548                                 336.09 SU      0.00 SU         
crd548                                 110.57 SU      0.00 SU         
wml548                                 136.10 SU      0.00 SU         
-------------------------------------------------------------        

Storage Usage Report: Project=dp9
=============================================================
Filesystem        Used     iUsed    Allocation    iAllocation    
gdata1a      113.73 TB   33.20 M     270.00 TB        45.00 M        

Stakeholder                         Allocation    iAllocation
-------------------------------------------------------------            
BoM                                  270.00 TB        45.00 M                
-------------------------------------------------------------
            
