
Usage Report: Project=dp9 Period=2020.q3
=============================================================
    Grant:     9.00 MSU
     Used:     1.98 MSU
 Reserved:    13.75 SU 
    Avail:     7.02 MSU

Stakeholder                   Grant         Used        Avail
-------------------------------------------------------------
BoM                        9.00 MSU     1.94 MSU     7.06 MSU
------------------------------------------------------------- 

User                                        Used     Reserved
-------------------------------------------------------------    
ttl548                                  34.64 KSU    13.75 SU     
hhz548                                 564.00 KSU     0.00 SU     
mxk548                                 835.70 KSU     0.00 SU     
iib548                                   9.81 KSU     0.00 SU     
vvk548                                   8.81 KSU     0.00 SU     
yxm548                                  48.98 SU      0.00 SU     
zxs548                                  18.99 KSU     0.00 SU     
as2291                                   2.33 KSU     0.00 SU     
gsd548                                  98.25 KSU     0.00 SU     
glr548                                  86.08 KSU     0.00 SU     
sjr548                                  18.95 KSU     0.00 SU     
wml548                                 298.25 KSU     0.00 SU     
jtl548                                   5.97 KSU     0.00 SU     
pjs548                                 928.90 SU      0.00 SU     
mjw548                                   9.18 SU      0.00 SU     
ixd548                                  11.23 SU      0.00 SU     
bxr548                                   0.93 SU      0.00 SU     
fs5892                                   0.07 SU      0.00 SU     
jrf548                                  39.14 SU      0.00 SU     
------------------------------------------------------------- 
    
