
Usage Report: Project=dp9 Period=2021.q1
=============================================================
    Grant:    18.00 MSU
     Used:     1.92 MSU
 Reserved:     1.17 KSU
    Avail:    16.08 MSU

Stakeholder                   Grant         Used        Avail
-------------------------------------------------------------
BoM                       18.00 MSU     1.92 MSU    16.08 MSU
------------------------------------------------------------- 

User                                        Used     Reserved
-------------------------------------------------------------    
as2291                                 784.85 SU      9.50 SU     
ixd548                                  11.31 SU      0.00 SU     
ycx548                                  15.55 KSU     0.00 SU     
ttl548                                  10.94 KSU     8.75 SU     
vvk548                                   1.56 MSU     0.00 SU     
dl9118                                  17.57 KSU     0.00 SU     
iib548                                   4.68 KSU     0.00 SU     
wml548                                  24.11 SU      0.00 SU     
mxk548                                 302.97 KSU     1.15 KSU    
hhz548                                 345.84 SU      0.00 SU     
jtl548                                   1.99 KSU     0.00 SU     
sjr548                                  25.31 SU      0.00 SU     
gl7525                                   5.02 SU      0.00 SU     
zhl548                                   0.00 SU      0.00 SU     
------------------------------------------------------------- 
    
