
Usage Report: Project=dp9 Period=2020.q2
=============================================================
    Grant:     6.00 MSU
     Used:   813.35 KSU
 Reserved:     2.45 KSU
    Avail:     5.18 MSU

Stakeholder                   Grant         Used        Avail
-------------------------------------------------------------
BoM                        6.00 MSU   815.80 KSU     5.18 MSU
------------------------------------------------------------- 

User                                        Used     Reserved
-------------------------------------------------------------    
gsd548                                  34.77 KSU     0.00 SU     
sjr548                                 342.41 KSU     2.40 KSU    
ttl548                                  47.55 KSU    55.00 SU     
zxs548                                  59.66 KSU     0.00 SU     
mxk548                                 224.46 KSU     0.00 SU     
zhl548                                   8.21 KSU     0.00 SU     
vvk548                                   5.66 KSU     0.00 SU     
ixd548                                  12.91 SU      0.00 SU     
mjw548                                 254.40 SU      0.00 SU     
jtl548                                   1.20 KSU     0.00 SU     
as2291                                   1.37 KSU     0.00 SU     
cjb548                                   0.01 SU      0.00 SU     
iib548                                  54.75 KSU     0.00 SU     
yxm548                                  44.82 SU      0.00 SU     
cnf599                                  12.47 KSU     0.00 SU     
glr548                                  20.41 KSU     0.00 SU     
hhz548                                   0.22 SU      0.00 SU     
chs548                                   0.93 SU      0.00 SU     
nwe548                                 118.84 SU      0.00 SU     
------------------------------------------------------------- 
    
