
Usage Report: Project=dp9 Period=2021.q2
=============================================================
    Grant:    18.00 MSU
     Used:    10.37 MSU
 Reserved:     1.13 KSU
    Avail:     7.62 MSU
    
Stakeholder                   Grant         Used        Avail
-------------------------------------------------------------    
BoM                       18.00 MSU    10.38 MSU     7.62 MSU    
------------------------------------------------------------- 
    
User                                        Used     Reserved
-------------------------------------------------------------        
jtl548                                   2.03 MSU     1.09 KSU        
dl9118                                 151.31 KSU     0.00 SU         
vvk548                                 545.03 KSU     0.00 SU         
mxk548                                   4.35 MSU     0.00 SU         
glr548                                 666.00 KSU     0.00 SU         
sjr548                                   1.68 MSU     0.00 SU         
ttl548                                  53.62 KSU    34.58 SU         
hhz548                                 224.07 KSU     0.00 SU         
as2291                                  46.44 KSU     2.00 SU         
iib548                                 312.54 KSU     0.00 SU         
ixd548                                  21.34 SU      0.00 SU         
cnf599                                  55.57 KSU     0.00 SU         
yxm548                                 988.39 SU      0.00 SU         
wml548                                 262.79 KSU     0.00 SU         
pjs548                                 487.44 SU      0.00 SU         
nwe548                                   2.47 SU      0.00 SU         
ycx548                                   0.01 SU      0.00 SU         
zxs548                                   1.64 KSU     0.00 SU         
-------------------------------------------------------------        

Storage Usage Report: Project=dp9
=============================================================
Filesystem        Used     iUsed    Allocation    iAllocation    
gdata1a       97.56 TB   30.50 M     270.00 TB        45.00 M        

Stakeholder                         Allocation    iAllocation
-------------------------------------------------------------            
BoM                                  270.00 TB        45.00 M                
-------------------------------------------------------------
            
