
Usage Report: Project=dp9 Period=2020.q3
=============================================================
    Grant:     9.00 MSU
     Used:     3.24 MSU
 Reserved:     7.38 KSU
    Avail:     5.75 MSU

Stakeholder                   Grant         Used        Avail
-------------------------------------------------------------
BoM                        9.00 MSU     3.21 MSU     5.79 MSU
------------------------------------------------------------- 

User                                        Used     Reserved
-------------------------------------------------------------    
ttl548                                  74.01 KSU    55.00 SU     
hhz548                                 564.00 KSU     0.00 SU     
mxk548                                   1.08 MSU     0.00 SU     
iib548                                  27.68 KSU     0.00 SU     
vvk548                                 197.17 KSU     6.91 KSU    
yxm548                                  48.98 SU      0.00 SU     
zxs548                                  72.62 KSU     0.00 SU     
as2291                                  10.10 KSU     0.00 SU     
gsd548                                 141.37 KSU     0.00 SU     
glr548                                 183.67 KSU     1.67 SU     
sjr548                                 331.17 KSU   416.00 SU     
wml548                                 462.33 KSU     0.00 SU     
jtl548                                  97.08 KSU     0.00 SU     
pjs548                                   2.19 KSU     0.00 SU     
mjw548                                   1.20 KSU     0.00 SU     
ixd548                                  25.18 SU      0.00 SU     
bxr548                                   0.93 SU      0.00 SU     
fs5892                                  62.73 SU      0.00 SU     
jrf548                                  96.25 SU      0.00 SU     
xds548                                  16.16 SU      0.00 SU     
------------------------------------------------------------- 
    
