
Usage Report: Project=dp9 Period=2021.q2
=============================================================
    Grant:    18.00 MSU
     Used:     9.51 MSU
 Reserved:     7.42 KSU
    Avail:     8.48 MSU
    
Stakeholder                   Grant         Used        Avail
-------------------------------------------------------------    
BoM                       18.00 MSU     9.52 MSU     8.48 MSU    
------------------------------------------------------------- 
    
User                                        Used     Reserved
-------------------------------------------------------------        
jtl548                                   1.84 MSU     2.59 KSU        
dl9118                                 136.13 KSU     0.00 SU         
vvk548                                 543.21 KSU     0.00 SU         
mxk548                                   3.83 MSU     4.61 KSU        
glr548                                 629.55 KSU     0.00 SU         
sjr548                                   1.68 MSU     0.00 SU         
ttl548                                  46.68 KSU   222.01 SU         
hhz548                                 210.00 KSU     0.00 SU         
as2291                                  38.29 KSU     0.50 SU         
iib548                                 241.35 KSU     0.00 SU         
ixd548                                   9.88 SU      0.00 SU         
cnf599                                  55.44 KSU     0.00 SU         
yxm548                                 826.44 SU      0.00 SU         
wml548                                 262.79 KSU     0.00 SU         
pjs548                                 487.44 SU      0.00 SU         
nwe548                                   2.47 SU      0.00 SU         
ycx548                                   0.01 SU      0.00 SU         
zxs548                                 226.13 SU      0.00 SU         
-------------------------------------------------------------        

Storage Usage Report: Project=dp9
=============================================================
Filesystem        Used     iUsed    Allocation    iAllocation    
gdata1a       99.90 TB   30.59 M     270.00 TB        45.00 M        

Stakeholder                         Allocation    iAllocation
-------------------------------------------------------------            
BoM                                  270.00 TB        45.00 M                
-------------------------------------------------------------
            
