
Usage Report: Project=dp9 Period=2020.q4
=============================================================
    Grant:     9.00 MSU
     Used:     5.80 MSU
 Reserved:    45.71 KSU
    Avail:     3.15 MSU

Stakeholder                   Grant         Used        Avail
-------------------------------------------------------------
BoM                        9.00 MSU     5.85 MSU     3.15 MSU
------------------------------------------------------------- 

User                                        Used     Reserved
-------------------------------------------------------------    
vvk548                                   1.53 MSU    41.47 KSU    
zxs548                                  41.30 KSU     0.00 SU     
ttl548                                  20.30 KSU     0.00 SU     
jtl548                                   1.52 MSU     0.00 SU     
as2291                                  10.23 KSU     2.00 SU     
mxk548                                   1.78 MSU     4.24 KSU    
dl9118                                 257.84 KSU     0.00 SU     
fs5892                                   7.52 KSU     0.00 SU     
glr548                                 146.84 KSU     0.00 SU     
iib548                                 141.34 KSU     0.00 SU     
pjs548                                   1.32 KSU     0.00 SU     
sjr548                                 232.66 KSU     0.00 SU     
gsd548                                  44.39 KSU     0.00 SU     
ixd548                                  13.82 SU      0.00 SU     
wml548                                   3.51 KSU     0.00 SU     
mjw548                                   4.52 KSU     0.00 SU     
jrf548                                  13.95 SU      0.00 SU     
yxm548                                 132.68 SU      0.00 SU     
cnf599                                  46.25 KSU     0.00 SU     
cst565                                   7.24 KSU     0.00 SU     
chs548                                   5.89 KSU     0.00 SU     
ycx548                                  12.27 SU      0.00 SU     
------------------------------------------------------------- 
    
