
Usage Report: Project=dp9 Period=2020.q3
=============================================================
    Grant:     9.00 MSU
     Used:     2.06 MSU
 Reserved:    45.83 SU 
    Avail:     6.94 MSU

Stakeholder                   Grant         Used        Avail
-------------------------------------------------------------
BoM                        9.00 MSU     2.01 MSU     6.99 MSU
------------------------------------------------------------- 

User                                        Used     Reserved
-------------------------------------------------------------    
ttl548                                  40.49 KSU    13.75 SU     
hhz548                                 564.00 KSU     0.00 SU     
mxk548                                 856.38 KSU    32.08 SU     
iib548                                  17.60 KSU     0.00 SU     
vvk548                                  15.03 KSU     0.00 SU     
yxm548                                  48.98 SU      0.00 SU     
zxs548                                  18.99 KSU     0.00 SU     
as2291                                   3.01 KSU     0.00 SU     
gsd548                                 115.30 KSU     0.00 SU     
glr548                                  93.92 KSU     0.00 SU     
sjr548                                  18.96 KSU     0.00 SU     
wml548                                 298.25 KSU     0.00 SU     
jtl548                                  12.73 KSU     0.00 SU     
pjs548                                   1.07 KSU     0.00 SU     
mjw548                                   9.18 SU      0.00 SU     
ixd548                                  14.33 SU      0.00 SU     
bxr548                                   0.93 SU      0.00 SU     
fs5892                                   0.07 SU      0.00 SU     
jrf548                                  56.64 SU      0.00 SU     
------------------------------------------------------------- 
    
