
Usage Report: Project=dp9 Period=2021.q3
=============================================================
    Grant:     9.00 MSU
     Used:     1.22 MSU
 Reserved:    72.15 KSU
    Avail:     7.71 MSU
    
Stakeholder                   Grant         Used        Avail
-------------------------------------------------------------    
BoM                        9.00 MSU     1.29 MSU     7.71 MSU    
------------------------------------------------------------- 
    
User                                        Used     Reserved
-------------------------------------------------------------        
iib548                                 195.33 SU      0.00 SU         
as2291                                  10.62 KSU   392.73 SU         
zxs548                                 904.07 SU      0.00 SU         
ttl548                                   6.64 KSU   221.43 SU         
jtl548                                 115.01 KSU     1.13 KSU        
glr548                                  22.30 KSU     0.00 SU         
sjr548                                 344.78 KSU     1.28 KSU        
vvk548                                 483.49 KSU    69.12 KSU        
dl9118                                 336.16 SU      0.00 SU         
mxk548                                 232.11 KSU     8.00 SU         
ycx548                                  39.63 SU      0.00 SU         
slc548                                   9.37 SU      0.00 SU         
ixd548                                   2.64 SU      0.00 SU         
-------------------------------------------------------------        

Storage Usage Report: Project=dp9
=============================================================
Filesystem        Used     iUsed    Allocation    iAllocation    
gdata1a      105.96 TB   31.80 M     270.00 TB        45.00 M        

Stakeholder                         Allocation    iAllocation
-------------------------------------------------------------            
BoM                                  270.00 TB        45.00 M                
-------------------------------------------------------------
            
