
Usage Report: Project=dp9 Period=2020.q3
=============================================================
    Grant:     9.00 MSU
     Used:   712.76 KSU
 Reserved:     2.41 KSU
    Avail:     8.28 MSU

Stakeholder                   Grant         Used        Avail
-------------------------------------------------------------
BoM                        9.00 MSU   673.16 KSU     8.33 MSU
------------------------------------------------------------- 

User                                        Used     Reserved
-------------------------------------------------------------    
ttl548                                  18.13 KSU    13.75 SU     
hhz548                                 309.42 KSU     0.00 SU     
mxk548                                  79.18 KSU     0.00 SU     
iib548                                   2.81 KSU     0.00 SU     
vvk548                                   1.93 KSU     0.00 SU     
yxm548                                  35.68 SU      0.00 SU     
zxs548                                  15.90 KSU     0.00 SU     
as2291                                 298.32 SU      0.00 SU     
gsd548                                  34.28 KSU     0.00 SU     
glr548                                  78.71 KSU     2.40 KSU    
sjr548                                  11.61 KSU     0.00 SU     
wml548                                 158.77 KSU     0.00 SU     
jtl548                                   1.15 KSU     0.00 SU     
pjs548                                 518.66 SU      0.00 SU     
mjw548                                   9.18 SU      0.00 SU     
ixd548                                   6.64 SU      0.00 SU     
------------------------------------------------------------- 
    
