
Usage Report: Project=dp9 Period=2020.q2
=============================================================
    Grant:     8.00 MSU
     Used:     7.05 MSU
 Reserved:     2.36 KSU
    Avail:   946.34 KSU

Stakeholder                   Grant         Used        Avail
-------------------------------------------------------------
BoM                        8.00 MSU     7.05 MSU   946.34 KSU
------------------------------------------------------------- 

User                                        Used     Reserved
-------------------------------------------------------------    
gsd548                                 155.44 KSU     0.00 SU     
sjr548                                   1.02 MSU     0.00 SU     
ttl548                                 108.74 KSU    55.00 SU     
zxs548                                 324.61 KSU     0.00 SU     
mxk548                                   1.65 MSU     0.00 SU     
zhl548                                  12.36 KSU     0.00 SU     
vvk548                                  20.72 KSU     0.00 SU     
ixd548                                 801.55 SU      0.00 SU     
mjw548                                   5.22 KSU     0.00 SU     
jtl548                                   6.91 KSU     0.00 SU     
as2291                                   8.29 KSU     0.00 SU     
cjb548                                   0.01 SU      0.00 SU     
iib548                                   1.15 MSU     0.00 SU     
yxm548                                 400.30 SU      0.00 SU     
cnf599                                  12.47 KSU     0.00 SU     
glr548                                 230.44 KSU     0.00 SU     
hhz548                                 453.59 KSU     2.30 KSU    
chs548                                   1.06 SU      0.00 SU     
nwe548                                 118.84 SU      0.00 SU     
cit548                                   1.42 KSU     0.00 SU     
mrd599                                   0.21 SU      0.00 SU     
fs5892                                 299.35 SU      0.00 SU     
wml548                                   1.89 MSU     0.00 SU     
pjs548                                 789.95 SU      0.00 SU     
xds548                                   1.10 KSU     0.00 SU     
mjn548                                   0.78 SU      0.00 SU     
------------------------------------------------------------- 
    
