
Usage Report: Project=dp9 Period=2021.q2
=============================================================
    Grant:    18.00 MSU
     Used:     6.77 MSU
 Reserved:     4.91 KSU
    Avail:    11.23 MSU
    
Stakeholder                   Grant         Used        Avail
-------------------------------------------------------------    
BoM                       18.00 MSU     6.77 MSU    11.23 MSU    
------------------------------------------------------------- 
    
User                                        Used     Reserved
-------------------------------------------------------------        
jtl548                                   1.47 MSU     3.50 KSU        
dl9118                                  38.27 KSU     0.00 SU         
vvk548                                 537.30 KSU     0.00 SU         
mxk548                                   2.06 MSU     1.18 KSU        
glr548                                 438.60 KSU     0.00 SU         
sjr548                                   1.68 MSU     0.00 SU         
ttl548                                  23.93 KSU   230.76 SU         
hhz548                                 209.78 KSU     0.00 SU         
as2291                                  12.33 KSU     3.00 SU         
iib548                                 156.96 KSU     0.00 SU         
ixd548                                   5.17 SU      0.00 SU         
cnf599                                   5.21 KSU     0.00 SU         
yxm548                                 824.75 SU      0.00 SU         
wml548                                 138.81 KSU     0.00 SU         
pjs548                                 192.38 SU      0.00 SU         
-------------------------------------------------------------        

Storage Usage Report: Project=dp9
=============================================================
Filesystem        Used     iUsed    Allocation    iAllocation    
gdata1a      117.62 TB   30.19 M     270.00 TB        45.00 M        

Stakeholder                         Allocation    iAllocation
-------------------------------------------------------------            
BoM                                  270.00 TB        45.00 M                
-------------------------------------------------------------
            
