
Usage Report: Project=dp9 Period=2021.q1
=============================================================
    Grant:    18.00 MSU
     Used:     6.10 MSU
 Reserved:     2.52 KSU
    Avail:    11.90 MSU

Stakeholder                   Grant         Used        Avail
-------------------------------------------------------------
BoM                       18.00 MSU     6.10 MSU    11.90 MSU
------------------------------------------------------------- 

User                                        Used     Reserved
-------------------------------------------------------------    
as2291                                  22.70 KSU     0.00 SU     
ixd548                                  23.26 SU      0.00 SU     
ycx548                                  15.55 KSU     0.00 SU     
ttl548                                  35.13 KSU   104.99 SU     
vvk548                                   1.57 MSU     0.00 SU     
dl9118                                  90.02 KSU     0.00 SU     
iib548                                 145.16 KSU     0.00 SU     
wml548                                  24.11 SU      0.00 SU     
mxk548                                   2.76 MSU    12.50 SU     
hhz548                                  86.39 KSU     2.40 KSU    
jtl548                                 126.82 KSU     0.00 SU     
sjr548                                 110.73 KSU     0.00 SU     
gl7525                                   5.02 SU      0.00 SU     
zhl548                                  34.58 KSU     0.00 SU     
fs5892                                  19.09 SU      0.00 SU     
glr548                                   1.08 MSU     0.00 SU     
zxs548                                 161.06 SU      0.00 SU     
cnf599                                   2.76 KSU     0.00 SU     
jrf548                                  77.97 SU      0.00 SU     
sb0446                                  21.43 KSU     0.00 SU     
dr8819                                   0.46 SU      0.00 SU     
yxm548                                  15.82 SU      0.00 SU     
------------------------------------------------------------- 
    
