root(0) 776
ycx548(5420) 146139212463745
yxm548(5719) 14576535403681
glr548(5727) 1707631825449
cnf599(5768) 87641094120632
ljr548(5784) 67098654642
hhz548(5823) 168153934099596
zxs548(5834) 40976572728608
jtl548(6212) 50311687511471
iib548(6343) 3864453663462
hqz548(6446) 105342623285
zhl548(6612) 122297810157001
ixd548(6616) 2343557991056
wml548(6674) 4140275861699
ttl548(7544) 178860081196021
pjs548(7881) 4460467534576
sjr548(8098) 81802400748697
vvk548(8205) 265870431757
xds548(8239) 16672058747510
cit548(8244) 127142982822718
slc548(8276) 7175403096615
jrf548(8285) 48313519461463
nwe548(10526) 9297580572560
chs548(10528) 36121544214163
mxk548(10810) 67086480300891
fs5892(12091) 8881017464643
as2291(12159) 855336138202
dp9 total =  1229259949834919 (1118.01 TB)
