
Usage Report: Project=dp9 Period=2021.q1
=============================================================
    Grant:    18.00 MSU
     Used:     9.66 MSU
 Reserved:   848.75 SU 
    Avail:     8.34 MSU

Stakeholder                   Grant         Used        Avail
-------------------------------------------------------------
BoM                       18.00 MSU     9.66 MSU     8.34 MSU
------------------------------------------------------------- 

User                                        Used     Reserved
-------------------------------------------------------------    
as2291                                  35.01 KSU     0.00 SU     
ixd548                                  35.60 SU      0.00 SU     
ycx548                                  15.58 KSU     0.00 SU     
ttl548                                  56.45 KSU     8.75 SU     
vvk548                                   1.58 MSU     0.00 SU     
dl9118                                 131.63 KSU     0.00 SU     
iib548                                 443.19 KSU     0.00 SU     
wml548                                  32.31 SU      0.00 SU     
mxk548                                   4.81 MSU     0.00 SU     
hhz548                                 299.87 KSU     0.00 SU     
jtl548                                 423.69 KSU     0.00 SU     
sjr548                                 393.74 KSU     0.00 SU     
gl7525                                   5.02 SU      0.00 SU     
zhl548                                  40.85 KSU     0.00 SU     
fs5892                                  19.09 SU      0.00 SU     
glr548                                   1.41 MSU   840.00 SU     
zxs548                                 205.21 SU      0.00 SU     
cnf599                                   4.12 KSU     0.00 SU     
jrf548                                  77.97 SU      0.00 SU     
sb0446                                  21.43 KSU     0.00 SU     
dr8819                                   0.46 SU      0.00 SU     
yxm548                                 314.92 SU      0.00 SU     
slc548                                  62.10 SU      0.00 SU     
------------------------------------------------------------- 
    
