
Usage Report: Project=dp9 Period=2021.q1
=============================================================
    Grant:    18.00 MSU
     Used:     1.36 MSU
 Reserved:    73.36 KSU
    Avail:    16.56 MSU

Stakeholder                   Grant         Used        Avail
-------------------------------------------------------------
BoM                       18.00 MSU     1.44 MSU    16.56 MSU
------------------------------------------------------------- 

User                                        Used     Reserved
-------------------------------------------------------------    
as2291                                 322.82 SU      0.00 SU     
ixd548                                   8.74 SU      0.00 SU     
ycx548                                  15.54 KSU     0.00 SU     
ttl548                                   7.62 KSU     0.00 SU     
vvk548                                   1.04 MSU    69.12 KSU    
dl9118                                  16.42 KSU     1.15 KSU    
iib548                                   2.74 KSU     0.00 SU     
wml548                                  24.11 SU      0.00 SU     
mxk548                                 273.74 KSU     3.08 KSU    
hhz548                                 345.84 SU      0.00 SU     
jtl548                                   1.17 KSU     0.00 SU     
------------------------------------------------------------- 
    
