
Usage Report: Project=dp9 Period=2020.q2
=============================================================
    Grant:     6.00 MSU
     Used:   440.83 KSU
 Reserved:    55.00 SU 
    Avail:     5.56 MSU

Stakeholder                   Grant         Used        Avail
-------------------------------------------------------------
BoM                        6.00 MSU   440.88 KSU     5.56 MSU
------------------------------------------------------------- 

User                                        Used     Reserved
-------------------------------------------------------------    
gsd548                                  28.09 KSU     0.00 SU     
sjr548                                 166.14 KSU     0.00 SU     
ttl548                                  28.85 KSU    55.00 SU     
zxs548                                  50.97 KSU     0.00 SU     
mxk548                                 121.72 KSU     0.00 SU     
zhl548                                   5.46 KSU     0.00 SU     
vvk548                                   3.80 KSU     0.00 SU     
ixd548                                   9.66 SU      0.00 SU     
mjw548                                 254.40 SU      0.00 SU     
jtl548                                   1.19 KSU     0.00 SU     
as2291                                   1.22 KSU     0.00 SU     
cjb548                                   0.01 SU      0.00 SU     
iib548                                  10.04 KSU     0.00 SU     
yxm548                                  32.26 SU      0.00 SU     
cnf599                                  12.47 KSU     0.00 SU     
glr548                                  10.59 KSU     0.00 SU     
hhz548                                   0.22 SU      0.00 SU     
chs548                                   0.31 SU      0.00 SU     
------------------------------------------------------------- 
    
