
Usage Report: Project=dp9 Period=2021.q2
=============================================================
    Grant:    18.00 MSU
     Used:     7.00 MSU
 Reserved:     5.88 KSU
    Avail:    10.99 MSU
    
Stakeholder                   Grant         Used        Avail
-------------------------------------------------------------    
BoM                       18.00 MSU     7.01 MSU    10.99 MSU    
------------------------------------------------------------- 
    
User                                        Used     Reserved
-------------------------------------------------------------        
jtl548                                   1.55 MSU     5.17 KSU        
dl9118                                  38.27 KSU     0.00 SU         
vvk548                                 537.51 KSU     0.00 SU         
mxk548                                   2.19 MSU   471.33 SU         
glr548                                 445.47 KSU     0.00 SU         
sjr548                                   1.68 MSU     2.50 SU         
ttl548                                  25.22 KSU   214.43 SU         
hhz548                                 209.78 KSU     0.00 SU         
as2291                                  13.36 KSU    18.00 SU         
iib548                                 173.11 KSU     0.00 SU         
ixd548                                   5.17 SU      0.00 SU         
cnf599                                   5.21 KSU     0.00 SU         
yxm548                                 824.75 SU      0.00 SU         
wml548                                 138.81 KSU     0.00 SU         
pjs548                                 192.38 SU      0.00 SU         
-------------------------------------------------------------        

Storage Usage Report: Project=dp9
=============================================================
Filesystem        Used     iUsed    Allocation    iAllocation    
gdata1a      118.05 TB   30.23 M     270.00 TB        45.00 M        

Stakeholder                         Allocation    iAllocation
-------------------------------------------------------------            
BoM                                  270.00 TB        45.00 M                
-------------------------------------------------------------
            
