
Usage Report: Project=dp9 Period=2021.q2
=============================================================
    Grant:    18.00 MSU
     Used:    10.12 MSU
 Reserved:     6.09 KSU
    Avail:     7.87 MSU
    
Stakeholder                   Grant         Used        Avail
-------------------------------------------------------------    
BoM                       18.00 MSU    10.13 MSU     7.87 MSU    
------------------------------------------------------------- 
    
User                                        Used     Reserved
-------------------------------------------------------------        
jtl548                                   1.98 MSU     1.24 KSU        
dl9118                                 142.24 KSU     0.00 SU         
vvk548                                 544.38 KSU     0.00 SU         
mxk548                                   4.19 MSU     4.61 KSU        
glr548                                 638.24 KSU     0.00 SU         
sjr548                                   1.68 MSU     0.00 SU         
ttl548                                  51.11 KSU   231.18 SU         
hhz548                                 220.18 KSU     0.00 SU         
as2291                                  43.95 KSU    12.00 SU         
iib548                                 309.74 KSU     0.00 SU         
ixd548                                   9.88 SU      0.00 SU         
cnf599                                  55.57 KSU     0.00 SU         
yxm548                                 988.39 SU      0.00 SU         
wml548                                 262.79 KSU     0.00 SU         
pjs548                                 487.44 SU      0.00 SU         
nwe548                                   2.47 SU      0.00 SU         
ycx548                                   0.01 SU      0.00 SU         
zxs548                                   1.39 KSU     0.00 SU         
-------------------------------------------------------------        

Storage Usage Report: Project=dp9
=============================================================
Filesystem        Used     iUsed    Allocation    iAllocation    
gdata1a      100.86 TB   30.94 M     270.00 TB        45.00 M        

Stakeholder                         Allocation    iAllocation
-------------------------------------------------------------            
BoM                                  270.00 TB        45.00 M                
-------------------------------------------------------------
            
