------------------------------------------------------------------------------
         project             user     space used      file size          count
------------------------------------------------------------------------------
             dp9           mjw548          4.3GB          4.1GB          95104
             dp9           mrd599         19.6GB         19.5GB          27593
             dp9           jcf548         32.0kB         32.0kB              2
             dp9           cjb548         32.0kB         32.0kB              2
             dp9           ycx548          1.3TB          2.7TB          68673
             dp9           ach599         32.0kB         32.0kB              2
             dp9           yxm548         15.1TB         15.1TB        1197768
             dp9           glr548        142.8TB        146.1TB        1852126
             dp9           cnf599         11.6TB         11.6TB         134889
             dp9           ljr548          5.1GB          5.1GB           6492
             dp9           hhz548         57.0TB         57.4TB         613766
             dp9           zxs548          5.6TB          5.7TB         347855
             dp9           mjn548          5.1GB          5.1GB            212
             dp9           jtl548         31.8TB         32.0TB        1472565
             dp9           iib548          5.1TB          5.7TB        3416038
             dp9           gxk548         32.0kB         32.0kB              2
             dp9           hqz548         32.0kB         32.0kB              2
             dp9           rmb548         32.0kB         32.0kB              2
             dp9           zhl548          2.0TB          2.0TB         255435
             dp9           ixd548        432.0kB        432.0kB             27
             dp9           wml548        160.8TB        164.9TB         465585
             dp9           bxr548         32.0kB         32.0kB              2
             dp9           ttl548         91.1TB         91.1TB         906739
             dp9           pjs548        213.6GB        213.6GB           2737
             dp9           gsd548         32.0kB         32.0kB              2
             dp9           sjr548         47.7TB         48.0TB        1935972
             dp9           vvk548         11.8TB         11.8TB         556663
             dp9           xds548        289.2GB        289.2GB           2345
             dp9           cit548        142.5MB        142.5MB             11
             dp9           slc548          4.2TB          4.2TB          77859
             dp9           jrf548         48.0kB         48.0kB              3
             dp9           pag548        128.0kB        128.0kB              8
             dp9           hhn548         32.0kB         32.0kB              2
             dp9           sss548         32.0kB         32.0kB              2
             dp9           kkp548         32.0kB         32.0kB              2
             dp9           ijb548         32.0kB         32.0kB              2
             dp9           nwe548         32.0kB         32.0kB              2
             dp9           chs548         12.1MB         16.1MB             51
             dp9           mxk548        464.0TB        474.2TB        1834442
             dp9           vov548        940.0GB        939.9GB          11367
             dp9           tc2375         32.0kB         32.0kB              2
             dp9           fs5892          1.3TB          2.1TB         200602
             dp9           jl0029         32.0kB         32.0kB              2
             dp9           as2291          1.0TB          1.0TB         132913
             dp9           jb6931         32.0kB         32.0kB              2
             dp9           dl9118         13.0TB         13.0TB         536693
             dp9           cs0369         32.0kB         32.0kB              2
             dp9           dr8819        183.4GB        183.4GB           2994
             dp9           nt4021        108.8GB        108.7GB           4384
             dp9           hw4629         32.0kB         32.0kB              2
             dp9           sl8973         32.0kB         32.0kB              2
             dp9           ml6621         32.0kB         32.0kB              2
             dp9           sb0446         25.7TB         25.7TB         193190
             dp9           gl7525        553.2MB        504.8MB          24000
             du7           chs548        143.7GB        143.8GB            337
             en0           bxr548          1.5GB          1.4GB          42709
             ep4           jcf548          2.4TB          2.4TB          16007
          public           ttl548          1.8TB          1.8TB           6867
          public           slc548        230.9MB        230.0MB            560
             rr6           ijb548          8.0kB          1.3kB              2
            us94           mxk548         91.1MB         89.3MB           1225
------------------------------------------------------------------------------
