
Usage Report: Project=dp9 Period=2021.q2
=============================================================
    Grant:    18.00 MSU
     Used:     5.81 MSU
 Reserved:   334.01 SU 
    Avail:    12.19 MSU

Stakeholder                   Grant         Used        Avail
-------------------------------------------------------------
BoM                       18.00 MSU     5.81 MSU    12.19 MSU
------------------------------------------------------------- 

User                                        Used     Reserved
-------------------------------------------------------------    
jtl548                                   1.33 MSU     0.00 SU     
dl9118                                  31.88 KSU     0.00 SU     
vvk548                                 535.41 KSU     0.00 SU     
mxk548                                   1.53 MSU   135.00 SU     
glr548                                 417.73 KSU     0.00 SU     
sjr548                                   1.61 MSU     0.00 SU     
ttl548                                  20.10 KSU   197.51 SU     
hhz548                                 209.78 KSU     0.00 SU     
as2291                                  10.90 KSU     1.50 SU     
iib548                                  78.58 KSU     0.00 SU     
ixd548                                   5.17 SU      0.00 SU     
cnf599                                   3.74 KSU     0.00 SU     
yxm548                                 539.75 SU      0.00 SU     
wml548                                  29.17 KSU     0.00 SU     
------------------------------------------------------------- 
    
