
Usage Report: Project=dp9 Period=2021.q2
=============================================================
    Grant:    18.00 MSU
     Used:   732.39 KSU
 Reserved:    58.08 KSU
    Avail:    17.21 MSU

Stakeholder                   Grant         Used        Avail
-------------------------------------------------------------
BoM                       18.00 MSU   790.47 KSU    17.21 MSU
------------------------------------------------------------- 

User                                        Used     Reserved
-------------------------------------------------------------    
jtl548                                 156.63 KSU     8.13 KSU    
dl9118                                   1.20 KSU     1.73 KSU    
vvk548                                  64.08 KSU    34.56 KSU    
mxk548                                 121.93 KSU     1.16 KSU    
glr548                                  89.69 KSU    11.26 KSU    
sjr548                                 178.36 KSU     1.21 KSU    
ttl548                                 922.86 SU     16.25 SU     
hhz548                                 100.82 KSU     0.00 SU     
as2291                                   1.19 KSU     5.67 SU     
iib548                                  17.56 KSU     0.00 SU     
------------------------------------------------------------- 
    
