
Usage Report: Project=dp9 Period=2021.q3
=============================================================
    Grant:    16.00 MSU
     Used:    12.96 MSU
 Reserved:    35.79 KSU
    Avail:     3.00 MSU
    
Stakeholder                   Grant         Used        Avail
-------------------------------------------------------------    
BoM                       16.00 MSU    13.05 MSU     2.95 MSU    
------------------------------------------------------------- 
    
User                                        Used     Reserved
-------------------------------------------------------------        
iib548                                 158.11 KSU     0.00 SU         
as2291                                 418.62 KSU    43.50 SU         
zxs548                                   5.66 KSU     0.00 SU         
ttl548                                  92.25 KSU     5.00 SU         
jtl548                                 434.34 KSU     0.00 SU         
glr548                                 254.97 KSU     0.00 SU         
sjr548                                   3.07 MSU     0.00 SU         
vvk548                                   4.11 MSU    34.56 KSU        
dl9118                                  96.81 KSU     0.00 SU         
mxk548                                   2.74 MSU     0.00 SU         
ycx548                                  11.08 KSU     0.00 SU         
slc548                                  13.85 KSU     0.00 SU         
ixd548                                 185.10 SU      0.00 SU         
hhz548                                 477.56 KSU     0.00 SU         
jrf548                                  19.81 SU      0.00 SU         
rad548                                  24.18 SU      0.00 SU         
cnf599                                  42.84 KSU     0.00 SU         
jxh903                                   0.02 SU      0.00 SU         
yxm548                                  56.83 SU      0.00 SU         
cst565                                 191.71 SU      0.00 SU         
pjs548                                 895.50 SU      0.00 SU         
crd548                                 110.57 SU      0.00 SU         
wml548                                 136.10 SU      0.00 SU         
mjz548                                 864.29 KSU     1.18 KSU        
mrd599                                  17.78 SU      0.00 SU         
zhl548                                 339.64 SU      0.00 SU         
dr8819                                 170.34 KSU     0.00 SU         
pcl900                                 439.55 SU      0.00 SU         
-------------------------------------------------------------        

Storage Usage Report: Project=dp9
=============================================================
Filesystem        Used     iUsed    Allocation    iAllocation    
gdata1a      134.19 TB   33.32 M     270.00 TB        45.00 M        

Stakeholder                         Allocation    iAllocation
-------------------------------------------------------------            
BoM                                  270.00 TB        45.00 M                
-------------------------------------------------------------
            
