
Usage Report: Project=dp9 Period=2020.q2
=============================================================
    Grant:     6.00 MSU
     Used:     5.35 MSU
 Reserved:    10.41 KSU
    Avail:   638.81 KSU

Stakeholder                   Grant         Used        Avail
-------------------------------------------------------------
BoM                        6.00 MSU     5.36 MSU   638.81 KSU
------------------------------------------------------------- 

User                                        Used     Reserved
-------------------------------------------------------------    
gsd548                                 130.34 KSU     0.00 SU     
sjr548                                 874.57 KSU     2.38 KSU    
ttl548                                  92.74 KSU    55.00 SU     
zxs548                                 248.74 KSU   288.00 SU     
mxk548                                   1.46 MSU     5.38 KSU    
zhl548                                  12.36 KSU     0.00 SU     
vvk548                                  18.76 KSU     0.00 SU     
ixd548                                 793.96 SU      0.00 SU     
mjw548                                   5.11 KSU     0.00 SU     
jtl548                                   5.12 KSU     0.00 SU     
as2291                                   7.53 KSU     0.00 SU     
cjb548                                   0.01 SU      0.00 SU     
iib548                                   1.11 MSU     0.00 SU     
yxm548                                 233.41 SU      0.00 SU     
cnf599                                  12.47 KSU     0.00 SU     
glr548                                 200.51 KSU     0.00 SU     
hhz548                                 116.09 KSU     2.30 KSU    
chs548                                   1.06 SU      0.00 SU     
nwe548                                 118.84 SU      0.00 SU     
cit548                                   1.32 KSU     0.00 SU     
mrd599                                   0.21 SU      0.00 SU     
fs5892                                 157.12 SU      0.00 SU     
wml548                                   1.05 MSU     0.00 SU     
pjs548                                   0.02 SU      0.00 SU     
xds548                                   1.10 KSU     0.00 SU     
mjn548                                   0.78 SU      0.00 SU     
------------------------------------------------------------- 
    
