
Usage Report: Project=dp9 Period=2020.q4
=============================================================
    Grant:     9.00 MSU
     Used:     2.77 MSU
 Reserved:    49.02 KSU
    Avail:     6.18 MSU

Stakeholder                   Grant         Used        Avail
-------------------------------------------------------------
BoM                        9.00 MSU     2.82 MSU     6.18 MSU
------------------------------------------------------------- 

User                                        Used     Reserved
-------------------------------------------------------------    
vvk548                                 536.98 KSU    17.28 KSU    
zxs548                                  40.61 KSU     0.00 SU     
ttl548                                  10.23 KSU     8.75 SU     
jtl548                                   1.34 MSU     0.00 SU     
as2291                                   4.97 KSU     2.00 SU     
mxk548                                 651.09 KSU     1.29 KSU    
dl9118                                  22.36 KSU   768.00 SU     
fs5892                                   7.36 KSU     0.00 SU     
glr548                                  37.68 KSU     0.00 SU     
iib548                                  46.39 KSU    28.76 KSU    
pjs548                                 271.80 SU      0.00 SU     
sjr548                                  35.76 KSU   910.93 SU     
gsd548                                  25.42 KSU     0.00 SU     
ixd548                                   6.53 SU      0.00 SU     
wml548                                 473.07 SU      0.00 SU     
mjw548                                   4.52 KSU     0.00 SU     
jrf548                                  13.95 SU      0.00 SU     
------------------------------------------------------------- 
    
