------------------------------------------------------------------------------
         project             user     space used      file size          count
------------------------------------------------------------------------------
             dp9           mjw548          4.3GB          4.1GB          95104
             dp9           mrd599         19.6GB         19.5GB          27599
             dp9           jcf548         32.0kB         32.0kB              2
             dp9           cjb548         32.0kB         32.0kB              2
             dp9           ycx548          1.1GB          1.0GB          50849
             dp9           ach599         32.0kB         32.0kB              2
             dp9           yxm548         15.1TB         15.1TB        1197758
             dp9           glr548        122.2TB        130.0TB        1642714
             dp9           cnf599         11.4TB         11.5TB         105910
             dp9           ljr548          5.1GB          5.1GB           6492
             dp9           hhz548         54.2TB         54.6TB         516321
             dp9           zxs548          5.6TB          5.7TB         267605
             dp9           mjn548          5.1GB          5.1GB            212
             dp9           jtl548         24.8TB         24.8TB        1367138
             dp9           iib548          4.1TB          4.7TB        3290660
             dp9           gxk548         32.0kB         32.0kB              2
             dp9           hqz548         32.0kB         32.0kB              2
             dp9           rmb548         32.0kB         32.0kB              2
             dp9           zhl548        889.5GB        901.2GB         247313
             dp9           ixd548        432.0kB        432.0kB             27
             dp9           wml548        145.4TB        149.1TB         418714
             dp9           bxr548         32.0kB         32.0kB              2
             dp9           ttl548         39.3TB         39.3TB         628237
             dp9           pjs548        219.9MB        217.7MB           1152
             dp9           gsd548         32.0kB         32.0kB              2
             dp9           sjr548         45.4TB         45.7TB        1871878
             dp9           vvk548          6.1TB          6.1TB         299197
             dp9           xds548        289.2GB        289.2GB           2345
             dp9           cit548        142.5MB        142.5MB             11
             dp9           slc548          4.2TB          4.2TB          77144
             dp9           jrf548         32.0kB         32.0kB              2
             dp9           pag548        128.0kB        128.0kB              8
             dp9           hhn548         32.0kB         32.0kB              2
             dp9           sss548         32.0kB         32.0kB              2
             dp9           kkp548         32.0kB         32.0kB              2
             dp9           ijb548         32.0kB         32.0kB              2
             dp9           nwe548         32.0kB         32.0kB              2
             dp9           chs548         12.1MB         16.1MB             50
             dp9           mxk548        520.8TB        535.6TB        1445781
             dp9           vov548        240.8GB        240.8GB           2909
             dp9           tc2375         32.0kB         32.0kB              2
             dp9           fs5892          1.3TB          2.1TB         200598
             dp9           jl0029         32.0kB         32.0kB              2
             dp9           as2291        386.9GB        386.7GB         131743
             dp9           jb6931         32.0kB         32.0kB              2
             dp9           dl9118         11.1TB         11.1TB         434324
             dp9           cs0369         32.0kB         32.0kB              2
             dp9           dr8819        183.4GB        183.4GB           2994
             dp9           nt4021        108.8GB        108.7GB           4384
             dp9           hw4629         32.0kB         32.0kB              2
             dp9           sl8973         32.0kB         32.0kB              2
             dp9           ml6621         32.0kB         32.0kB              2
             du7           chs548        143.7GB        143.8GB            337
             en0           bxr548          1.5GB          1.4GB          42709
             ep4           jcf548          2.4TB          2.4TB          16007
          public           glr548          5.6TB          5.6TB          58184
          public           cnf599          1.2GB          1.2GB              5
          public           ttl548          1.7TB          1.7TB           6454
          public           slc548         22.4MB         22.2MB            175
             rr6           ijb548          8.0kB          1.3kB              2
            us94           mxk548         91.1MB         89.3MB           1225
------------------------------------------------------------------------------
