
Usage Report: Project=dp9 Period=2020.q4
=============================================================
    Grant:     9.00 MSU
     Used:     1.49 MSU
 Reserved:    14.08 KSU
    Avail:     7.49 MSU

Stakeholder                   Grant         Used        Avail
-------------------------------------------------------------
BoM                        9.00 MSU     1.51 MSU     7.49 MSU
------------------------------------------------------------- 

User                                        Used     Reserved
-------------------------------------------------------------    
vvk548                                 368.61 KSU     0.00 SU     
zxs548                                  19.37 KSU     0.00 SU     
ttl548                                   6.17 KSU   104.50 SU     
jtl548                                 785.04 KSU     9.36 KSU    
as2291                                   3.55 KSU     8.57 SU     
mxk548                                 236.48 KSU     4.61 KSU    
dl9118                                   7.41 KSU     0.00 SU     
fs5892                                   4.86 KSU     0.00 SU     
glr548                                   6.71 KSU     0.00 SU     
iib548                                  37.65 KSU     0.00 SU     
pjs548                                 131.66 SU      0.00 SU     
sjr548                                 598.79 SU      0.53 SU     
gsd548                                  12.74 KSU     0.00 SU     
ixd548                                   4.67 SU      0.00 SU     
wml548                                   0.54 SU      0.00 SU     
mjw548                                   4.52 KSU     0.00 SU     
jrf548                                  13.95 SU      0.00 SU     
------------------------------------------------------------- 
    
