
Usage Report: Project=dp9 Period=2020.q2
=============================================================
    Grant:     6.00 MSU
     Used:    41.24 KSU
 Reserved:    17.25 SU 
    Avail:     5.96 MSU

Stakeholder                   Grant         Used        Avail
-------------------------------------------------------------
BoM                        6.00 MSU    41.26 KSU     5.96 MSU
------------------------------------------------------------- 

User                                        Used     Reserved
-------------------------------------------------------------    
gsd548                                   7.13 KSU     0.00 SU     
sjr548                                  20.84 KSU     0.00 SU     
ttl548                                   7.16 KSU    17.25 SU     
zxs548                                   4.38 KSU     0.00 SU     
mxk548                                  48.21 SU      0.00 SU     
zhl548                                   1.03 SU      0.00 SU     
vvk548                                 411.15 SU      0.00 SU     
ixd548                                   3.97 SU      0.00 SU     
mjw548                                  44.16 SU      0.00 SU     
jtl548                                   1.15 KSU     0.00 SU     
as2291                                  72.99 SU      0.00 SU     
cjb548                                   0.01 SU      0.00 SU     
------------------------------------------------------------- 
    
