
Usage Report: Project=dp9 Period=2021.q1
=============================================================
    Grant:    18.00 MSU
     Used:     9.08 MSU
 Reserved:     3.34 KSU
    Avail:     8.92 MSU

Stakeholder                   Grant         Used        Avail
-------------------------------------------------------------
BoM                       18.00 MSU     9.08 MSU     8.92 MSU
------------------------------------------------------------- 

User                                        Used     Reserved
-------------------------------------------------------------    
as2291                                  34.02 KSU     0.67 SU     
ixd548                                  30.96 SU      0.00 SU     
ycx548                                  15.58 KSU     0.00 SU     
ttl548                                  53.25 KSU     8.75 SU     
vvk548                                   1.58 MSU     0.00 SU     
dl9118                                 114.47 KSU     0.00 SU     
iib548                                 407.47 KSU     0.00 SU     
wml548                                  32.31 SU      0.00 SU     
mxk548                                   4.44 MSU   192.00 SU     
hhz548                                 278.97 KSU     0.00 SU     
jtl548                                 349.15 KSU   741.00 SU     
sjr548                                 388.07 KSU     0.00 SU     
gl7525                                   5.02 SU      0.00 SU     
zhl548                                  40.85 KSU     0.00 SU     
fs5892                                  19.09 SU      0.00 SU     
glr548                                   1.36 MSU     2.40 KSU    
zxs548                                 205.21 SU      0.00 SU     
cnf599                                   2.76 KSU     0.00 SU     
jrf548                                  77.97 SU      0.00 SU     
sb0446                                  21.43 KSU     0.00 SU     
dr8819                                   0.46 SU      0.00 SU     
yxm548                                 314.92 SU      0.00 SU     
slc548                                  62.10 SU      0.00 SU     
------------------------------------------------------------- 
    
