
Usage Report: Project=dp9 Period=2020.q4
=============================================================
    Grant:     9.00 MSU
     Used:     8.92 MSU
 Reserved:    77.19 KSU
    Avail:     2.37 KSU

Stakeholder                   Grant         Used        Avail
-------------------------------------------------------------
BoM                        9.00 MSU     9.00 MSU     2.37 KSU
------------------------------------------------------------- 

User                                        Used     Reserved
-------------------------------------------------------------    
vvk548                                   2.89 MSU    69.12 KSU    
zxs548                                  55.41 KSU     0.00 SU     
ttl548                                  35.56 KSU     0.00 SU     
jtl548                                   1.56 MSU     0.00 SU     
as2291                                  18.07 KSU     4.00 SU     
mxk548                                   3.01 MSU     0.00 SU     
dl9118                                 262.69 KSU     0.00 SU     
fs5892                                   7.52 KSU     0.00 SU     
glr548                                 362.98 KSU     0.00 SU     
iib548                                 200.46 KSU     0.00 SU     
pjs548                                   1.35 KSU     0.00 SU     
sjr548                                 233.31 KSU     0.00 SU     
gsd548                                  76.06 KSU     8.06 KSU    
ixd548                                  19.53 SU      0.00 SU     
wml548                                  38.78 KSU     0.00 SU     
mjw548                                   4.52 KSU     0.00 SU     
jrf548                                  13.95 SU      0.00 SU     
yxm548                                 132.68 SU      0.00 SU     
cnf599                                  52.87 KSU     0.00 SU     
cst565                                 100.82 KSU     0.00 SU     
chs548                                   7.77 KSU     0.00 SU     
ycx548                                  12.27 SU      0.00 SU     
mrd599                                   0.02 SU      0.00 SU     
------------------------------------------------------------- 
    
