
Usage Report: Project=dp9 Period=2020.q4
=============================================================
    Grant:     9.00 MSU
     Used:     3.84 MSU
 Reserved:    29.62 KSU
    Avail:     5.13 MSU

Stakeholder                   Grant         Used        Avail
-------------------------------------------------------------
BoM                        9.00 MSU     3.87 MSU     5.13 MSU
------------------------------------------------------------- 

User                                        Used     Reserved
-------------------------------------------------------------    
vvk548                                 664.48 KSU    17.28 KSU    
zxs548                                  40.61 KSU     0.00 SU     
ttl548                                  14.24 KSU     0.00 SU     
jtl548                                   1.51 MSU     0.00 SU     
as2291                                   7.17 KSU    17.74 SU     
mxk548                                   1.03 MSU    21.25 SU     
dl9118                                  94.69 KSU   782.00 SU     
fs5892                                   7.36 KSU     0.00 SU     
glr548                                  70.45 KSU     0.00 SU     
iib548                                 126.23 KSU     3.25 KSU    
pjs548                                 710.10 SU    192.00 SU     
sjr548                                 230.98 KSU     8.67 SU     
gsd548                                  31.39 KSU     8.06 KSU    
ixd548                                   9.25 SU      0.00 SU     
wml548                                   3.43 KSU     0.00 SU     
mjw548                                   4.52 KSU     0.00 SU     
jrf548                                  13.95 SU      0.00 SU     
yxm548                                  49.46 SU      0.00 SU     
------------------------------------------------------------- 
    
