
Usage Report: Project=dp9 Period=2021.q2
=============================================================
    Grant:    18.00 MSU
     Used:     8.17 MSU
 Reserved:   805.93 SU 
    Avail:     9.83 MSU
    
Stakeholder                   Grant         Used        Avail
-------------------------------------------------------------    
BoM                       18.00 MSU     8.17 MSU     9.83 MSU    
------------------------------------------------------------- 
    
User                                        Used     Reserved
-------------------------------------------------------------        
jtl548                                   1.76 MSU     0.00 SU         
dl9118                                 135.71 KSU     0.00 SU         
vvk548                                 540.14 KSU     0.00 SU         
mxk548                                   2.88 MSU   583.33 SU         
glr548                                 501.00 KSU     0.00 SU         
sjr548                                   1.68 MSU     0.00 SU         
ttl548                                  32.10 KSU   222.60 SU         
hhz548                                 209.78 KSU     0.00 SU         
as2291                                  27.64 KSU     0.00 SU         
iib548                                 225.08 KSU     0.00 SU         
ixd548                                   9.88 SU      0.00 SU         
cnf599                                   9.06 KSU     0.00 SU         
yxm548                                 824.75 SU      0.00 SU         
wml548                                 160.79 KSU     0.00 SU         
pjs548                                 192.38 SU      0.00 SU         
nwe548                                   2.47 SU      0.00 SU         
-------------------------------------------------------------        

Storage Usage Report: Project=dp9
=============================================================
Filesystem        Used     iUsed    Allocation    iAllocation    
gdata1a      134.83 TB   30.31 M     270.00 TB        45.00 M        

Stakeholder                         Allocation    iAllocation
-------------------------------------------------------------            
BoM                                  270.00 TB        45.00 M                
-------------------------------------------------------------
            
