------------------------------------------------------------------------------
         project             user     space used      file size          count
------------------------------------------------------------------------------
          access           mrd599         32.7GB         32.7GB           4384
          access           mjn548        188.0kB        174.7kB              6
          access           jtl548          4.1GB          4.1GB          26128
          access           zhl548        308.0kB        250.0kB             22
          access           wml548         13.0TB         13.0TB        3759695
          access           ttl548         34.7MB         34.3MB            280
          access           vvk548        424.0kB        384.4kB             17
          access           as2291          4.0kB          989kB              1
             dp9           mjw548          4.3GB          4.1GB          95104
             dp9           mrd599         19.6GB         19.5GB          27599
             dp9           jcf548         32.0kB         32.0kB              2
             dp9           cjb548         32.0kB         32.0kB              2
             dp9           ycx548        978.8MB        881.6MB          47792
             dp9           ach599         32.0kB         32.0kB              2
             dp9           yxm548         15.1TB         15.1TB        1197757
             dp9           glr548        105.3TB        112.6TB        1641225
             dp9           cnf599         11.4TB         11.5TB         105908
             dp9           ljr548          5.1GB          5.1GB           6492
             dp9           hhz548         54.2TB         54.5TB         516238
             dp9           zxs548          5.5TB          5.6TB         241573
             dp9           mjn548          5.1GB          5.1GB            212
             dp9           jtl548         22.6TB         22.6TB        4769712
             dp9           iib548          4.1TB          4.7TB        3272084
             dp9           gxk548         32.0kB         32.0kB              2
             dp9           hqz548         32.0kB         32.0kB              2
             dp9           rmb548         32.0kB         32.0kB              2
             dp9           zhl548        889.5GB        901.2GB         247313
             dp9           ixd548        432.0kB        432.0kB             27
             dp9           wml548        282.1TB        298.8TB         694788
             dp9           bxr548         32.0kB         32.0kB              2
             dp9           ttl548         36.6TB         36.6TB         608986
             dp9           pjs548        219.9MB        217.7MB           1155
             dp9           gsd548         32.0kB         32.0kB              2
             dp9           sjr548         45.7TB         45.9TB       22528477
             dp9           vvk548         11.1TB         11.5TB         291127
             dp9           xds548        289.2GB        289.2GB           2345
             dp9           cit548        142.5MB        142.5MB             11
             dp9           slc548          4.2TB          4.2TB          76995
             dp9           jrf548         32.0kB         32.0kB              2
             dp9           pag548        128.0kB        128.0kB              8
             dp9           hhn548         32.0kB         32.0kB              2
             dp9           sss548         32.0kB         32.0kB              2
             dp9           kkp548         32.0kB         32.0kB              2
             dp9           ijb548         32.0kB         32.0kB              2
             dp9           nwe548         32.0kB         32.0kB              2
             dp9           chs548         12.1MB         16.0MB             50
             dp9           mxk548        545.1TB        559.0TB        1334625
             dp9           vov548         89.3GB         89.2GB           1087
             dp9           tc2375         32.0kB         32.0kB              2
             dp9           fs5892          1.3TB          2.1TB         200598
             dp9           jl0029         32.0kB         32.0kB              2
             dp9           as2291        436.7GB        436.5GB         125786
             dp9           jb6931         32.0kB         32.0kB              2
             dp9           dl9118         11.4TB         11.4TB         515835
             dp9           cs0369         32.0kB         32.0kB              2
             dp9           dr8819        183.4GB        183.4GB           2994
             dp9           nt4021        108.8GB        108.7GB           4384
             dp9           hw4629         32.0kB         32.0kB              2
             dp9           sl8973         32.0kB         32.0kB              2
             dp9           ml6621         32.0kB         32.0kB              2
             du7           chs548        143.7GB        143.8GB            337
             en0           bxr548          1.5GB          1.4GB          42709
             ep4           jcf548          2.4TB          2.4TB          16007
          public           glr548          2.6TB          2.6TB          26083
          public           ttl548        867.4GB        867.4GB           3350
          public           slc548         16.1MB         15.9MB            139
             rr6           ijb548          8.0kB          1.3kB              2
            us94           mxk548         91.1MB         89.3MB           1225
------------------------------------------------------------------------------
