
Usage Report: Project=dp9 Period=2020.q4
=============================================================
    Grant:    18.00 MSU
     Used:    15.79 MSU
 Reserved:     1.16 KSU
    Avail:     2.21 MSU

Stakeholder                   Grant         Used        Avail
-------------------------------------------------------------
BoM                       18.00 MSU    15.79 MSU     2.21 MSU
------------------------------------------------------------- 

User                                        Used     Reserved
-------------------------------------------------------------    
vvk548                                   6.19 MSU     0.00 SU     
zxs548                                  57.59 KSU     0.00 SU     
ttl548                                  57.51 KSU     8.75 SU     
jtl548                                   1.82 MSU     0.00 SU     
as2291                                  30.91 KSU     9.75 SU     
mxk548                                   4.45 MSU     1.02 KSU    
dl9118                                 892.66 KSU   125.00 SU     
fs5892                                   7.52 KSU     0.00 SU     
glr548                                   1.05 MSU     0.00 SU     
iib548                                 249.16 KSU     0.00 SU     
pjs548                                   1.50 KSU     0.00 SU     
sjr548                                 317.81 KSU     0.00 SU     
gsd548                                 145.18 KSU     0.00 SU     
ixd548                                  32.53 SU      0.00 SU     
wml548                                 314.79 KSU     0.00 SU     
mjw548                                   4.52 KSU     0.00 SU     
jrf548                                  13.95 SU      0.00 SU     
yxm548                                 132.68 SU      0.00 SU     
cnf599                                  52.91 KSU     0.00 SU     
cst565                                 100.82 KSU     0.00 SU     
chs548                                  45.49 KSU     0.00 SU     
ycx548                                  40.09 SU      0.00 SU     
mrd599                                   0.02 SU      0.00 SU     
cit548                                  10.09 SU      0.00 SU     
slc548                                   0.03 SU      0.00 SU     
------------------------------------------------------------- 
    
