
Usage Report: Project=dp9 Period=2020.q2
=============================================================
    Grant:     6.00 MSU
     Used:   177.49 KSU
 Reserved:    77.43 SU 
    Avail:     5.82 MSU

Stakeholder                   Grant         Used        Avail
-------------------------------------------------------------
BoM                        6.00 MSU   177.56 KSU     5.82 MSU
------------------------------------------------------------- 

User                                        Used     Reserved
-------------------------------------------------------------    
gsd548                                  12.19 KSU     0.00 SU     
sjr548                                  40.75 KSU     2.77 SU     
ttl548                                  10.46 KSU    58.67 SU     
zxs548                                   7.05 KSU     0.00 SU     
mxk548                                 104.83 KSU     0.00 SU     
zhl548                                  29.59 SU     16.00 SU     
vvk548                                 738.14 SU      0.00 SU     
ixd548                                   6.19 SU      0.00 SU     
mjw548                                  44.16 SU      0.00 SU     
jtl548                                   1.15 KSU     0.00 SU     
as2291                                 108.57 SU      0.00 SU     
cjb548                                   0.01 SU      0.00 SU     
iib548                                 107.01 SU      0.00 SU     
yxm548                                  10.38 SU      0.00 SU     
------------------------------------------------------------- 
    
