
Usage Report: Project=dp9 Period=2020.q4
=============================================================
    Grant:     9.00 MSU
     Used:     7.80 MSU
 Reserved:    48.83 KSU
    Avail:     1.15 MSU

Stakeholder                   Grant         Used        Avail
-------------------------------------------------------------
BoM                        9.00 MSU     7.85 MSU     1.15 MSU
------------------------------------------------------------- 

User                                        Used     Reserved
-------------------------------------------------------------    
vvk548                                   2.21 MSU     0.00 SU     
zxs548                                  43.13 KSU     0.00 SU     
ttl548                                  31.80 KSU     6.67 SU     
jtl548                                   1.53 MSU     0.00 SU     
as2291                                  16.38 KSU     0.83 SU     
mxk548                                   2.70 MSU    28.50 SU     
dl9118                                 261.21 KSU     0.00 SU     
fs5892                                   7.52 KSU     0.00 SU     
glr548                                 361.83 KSU     0.00 SU     
iib548                                 186.63 KSU    48.80 KSU    
pjs548                                   1.32 KSU     0.00 SU     
sjr548                                 233.29 KSU     0.00 SU     
gsd548                                  69.79 KSU     0.00 SU     
ixd548                                  18.74 SU      0.00 SU     
wml548                                  29.16 KSU     0.00 SU     
mjw548                                   4.52 KSU     0.00 SU     
jrf548                                  13.95 SU      0.00 SU     
yxm548                                 132.68 SU      0.00 SU     
cnf599                                  52.87 KSU     0.00 SU     
cst565                                  61.79 KSU     0.00 SU     
chs548                                   7.77 KSU     0.00 SU     
ycx548                                  12.27 SU      0.00 SU     
------------------------------------------------------------- 
    
