
Usage Report: Project=dp9 Period=2020.q4
=============================================================
    Grant:     9.00 MSU
     Used:     7.67 MSU
 Reserved:     8.21 KSU
    Avail:     1.33 MSU

Stakeholder                   Grant         Used        Avail
-------------------------------------------------------------
BoM                        9.00 MSU     7.67 MSU     1.33 MSU
------------------------------------------------------------- 

User                                        Used     Reserved
-------------------------------------------------------------    
vvk548                                   2.20 MSU   576.00 SU     
zxs548                                  42.81 KSU     0.00 SU     
ttl548                                  31.13 KSU    15.00 SU     
jtl548                                   1.53 MSU     0.00 SU     
as2291                                  16.05 KSU     0.00 SU     
mxk548                                   2.63 MSU    12.50 SU     
dl9118                                 260.44 KSU   768.00 SU     
fs5892                                   7.52 KSU     0.00 SU     
glr548                                 331.08 KSU     0.00 SU     
iib548                                 174.72 KSU     6.84 KSU    
pjs548                                   1.32 KSU     0.00 SU     
sjr548                                 233.29 KSU     0.00 SU     
gsd548                                  63.64 KSU     0.00 SU     
ixd548                                  15.32 SU      0.00 SU     
wml548                                  29.13 KSU     0.00 SU     
mjw548                                   4.52 KSU     0.00 SU     
jrf548                                  13.95 SU      0.00 SU     
yxm548                                 132.68 SU      0.00 SU     
cnf599                                  52.87 KSU     0.00 SU     
cst565                                  51.05 KSU     0.00 SU     
chs548                                   7.77 KSU     0.00 SU     
ycx548                                  12.27 SU      0.00 SU     
------------------------------------------------------------- 
    
