
Usage Report: Project=dp9 Period=2020.q2
=============================================================
    Grant:     6.00 MSU
     Used:     2.11 MSU
 Reserved:    10.10 KSU
    Avail:     3.88 MSU

Stakeholder                   Grant         Used        Avail
-------------------------------------------------------------
BoM                        6.00 MSU     2.12 MSU     3.88 MSU
------------------------------------------------------------- 

User                                        Used     Reserved
-------------------------------------------------------------    
gsd548                                  62.44 KSU     8.06 KSU    
sjr548                                 850.68 KSU    72.00 SU     
ttl548                                  67.25 KSU    68.00 SU     
zxs548                                 149.42 KSU     1.90 KSU    
mxk548                                 276.22 KSU     0.00 SU     
zhl548                                  10.95 KSU     0.00 SU     
vvk548                                  10.55 KSU     0.00 SU     
ixd548                                  18.92 SU      0.00 SU     
mjw548                                 406.66 SU      0.00 SU     
jtl548                                   3.56 KSU     0.00 SU     
as2291                                   6.33 KSU     0.00 SU     
cjb548                                   0.01 SU      0.00 SU     
iib548                                 517.14 KSU     0.00 SU     
yxm548                                  69.64 SU      0.00 SU     
cnf599                                  12.47 KSU     0.00 SU     
glr548                                 140.24 KSU     0.00 SU     
hhz548                                  24.39 SU      0.00 SU     
chs548                                   1.06 SU      0.00 SU     
nwe548                                 118.84 SU      0.00 SU     
cit548                                   1.32 KSU     0.00 SU     
mrd599                                   0.21 SU      0.00 SU     
fs5892                                  77.97 SU      0.00 SU     
------------------------------------------------------------- 
    
