
Usage Report: Project=dp9 Period=2021.q1
=============================================================
    Grant:    18.00 MSU
     Used:     9.25 MSU
 Reserved:    29.25 SU 
    Avail:     8.75 MSU

Stakeholder                   Grant         Used        Avail
-------------------------------------------------------------
BoM                       18.00 MSU     9.25 MSU     8.75 MSU
------------------------------------------------------------- 

User                                        Used     Reserved
-------------------------------------------------------------    
as2291                                  34.28 KSU     0.00 SU     
ixd548                                  30.96 SU      0.00 SU     
ycx548                                  15.58 KSU     0.00 SU     
ttl548                                  54.06 KSU     8.75 SU     
vvk548                                   1.58 MSU     0.00 SU     
dl9118                                 114.47 KSU     0.00 SU     
iib548                                 407.47 KSU     0.00 SU     
wml548                                  32.31 SU      0.00 SU     
mxk548                                   4.57 MSU    20.50 SU     
hhz548                                 278.97 KSU     0.00 SU     
jtl548                                 378.54 KSU     0.00 SU     
sjr548                                 388.07 KSU     0.00 SU     
gl7525                                   5.02 SU      0.00 SU     
zhl548                                  40.85 KSU     0.00 SU     
fs5892                                  19.09 SU      0.00 SU     
glr548                                   1.37 MSU     0.00 SU     
zxs548                                 205.21 SU      0.00 SU     
cnf599                                   2.76 KSU     0.00 SU     
jrf548                                  77.97 SU      0.00 SU     
sb0446                                  21.43 KSU     0.00 SU     
dr8819                                   0.46 SU      0.00 SU     
yxm548                                 314.92 SU      0.00 SU     
slc548                                  62.10 SU      0.00 SU     
------------------------------------------------------------- 
    
