
Usage Report: Project=dp9 Period=2020.q4
=============================================================
    Grant:    18.00 MSU
     Used:     9.03 MSU
 Reserved:    81.23 KSU
    Avail:     8.89 MSU

Stakeholder                   Grant         Used        Avail
-------------------------------------------------------------
BoM                       18.00 MSU     9.11 MSU     8.89 MSU
------------------------------------------------------------- 

User                                        Used     Reserved
-------------------------------------------------------------    
vvk548                                   2.96 MSU    69.12 KSU    
zxs548                                  55.41 KSU     0.00 SU     
ttl548                                  36.62 KSU    60.00 SU     
jtl548                                   1.56 MSU     0.00 SU     
as2291                                  18.15 KSU    18.43 SU     
mxk548                                   3.03 MSU    21.25 SU     
dl9118                                 262.70 KSU     1.54 KSU    
fs5892                                   7.52 KSU     0.00 SU     
glr548                                 371.86 KSU     2.40 KSU    
iib548                                 200.46 KSU     0.00 SU     
pjs548                                   1.36 KSU     0.00 SU     
sjr548                                 233.31 KSU     0.00 SU     
gsd548                                  82.84 KSU     8.06 KSU    
ixd548                                  21.07 SU      0.00 SU     
wml548                                  38.78 KSU     0.00 SU     
mjw548                                   4.52 KSU     0.00 SU     
jrf548                                  13.95 SU      0.00 SU     
yxm548                                 132.68 SU      0.00 SU     
cnf599                                  52.87 KSU     0.00 SU     
cst565                                 100.82 KSU     0.00 SU     
chs548                                   7.77 KSU     0.00 SU     
ycx548                                  12.27 SU      0.00 SU     
mrd599                                   0.02 SU      0.00 SU     
cit548                                   0.00 SU      7.00 SU     
------------------------------------------------------------- 
    
