------------------------------------------------------------------------------
         project             user     space used      file size          count
------------------------------------------------------------------------------
          access           ycx548         3877MB         3866MB           5016
             du7           ycx548         16.0kB          9.8kB              4
      access.dev           ycx548         9796kB         9500kB            168
             dp9           ycx548         9428GB         9666GB        3522006
          access           sjr548         4638MB         4642MB           1356
             dp9           sjr548         1767GB         1801GB        1662984
          access           nwe548          0.0kB          0.0kB              3
             du7           nwe548         30.8GB         30.8GB           3253
             dp9           nwe548         1361MB         1357MB          42578
             dp9           xbw554         16.0kB         16.0kB              2
             y03           cjb548         1972kB         1967kB              1
             dp9           cjb548         67.2GB         67.2GB          29980
             y03           ttl548         69.9GB         69.9GB            295
             dp9           ttl548         96.5GB         94.7GB         343620
             dp9           wml548         2424GB         2441GB         344732
      access.dev           wml548         60.0kB         16.5kB             15
             dp9           cs0369         1521MB         1488MB           5985
             dp9           bxr548          367MB          367MB             75
             en0           bxr548          204kB         89.2kB             25
          access           mxk548         81.0GB         81.0GB            370
             dp9           mxk548         6936GB         7154GB         731910
             dp9           dr8819          214GB          213GB         188760
             dp9           tc2375          116GB          116GB             53
          access           iib548          4.0kB          3.4kB              1
             dp9           iib548         4066GB         4658GB        2763269
             dp9           pjs548         22.7GB         22.7GB          35123
             du7           chs548          602GB          609GB          14815
             dp9           chs548          198GB          217GB           8957
            ma05           chs548         2288kB         1996kB            148
             dp9           axs548         7915MB         7909MB           2993
             dp9           tjg548          4.0kB          4.0kB              1
          access           sl8973          176kB          167kB              4
             dp9           sl8973          4.0kB          4.0kB              1
          access           zhl548         44.0kB         33.8kB              3
             dp9           zhl548          342GB          342GB         160459
             dp9           cit548         3881GB         3880GB         133075
             dp9           nt4021          4.0kB          4.0kB              1
             du7           glr548         8844kB         8213kB            350
             dp9           glr548         2611GB         2648GB        1405060
             dp9           mrd599         1025MB         1025MB             19
             dp9           sss548         65.2GB         66.7GB           5780
          access           as2291          300MB          293MB           3669
             dp9           as2291         1124GB         1123GB         404927
             dp9           yxm548         1694GB         1733GB         147104
          access           hhz548          4.0kB          3.6kB              1
             dp9           hhz548         18.0TB         21.0TB        1628039
          access           fs5892         25.3GB         25.3GB          11019
             dp9           fs5892         11.8TB         13.1TB         111238
             dp9           jb6931          332MB          332MB              2
             dp9           mjn548         1007GB          991GB        3328875
      access.dev           mjn548         1476kB         1226kB            161
             dp9           cnf599         30.9TB         35.9TB         256592
             dp9           kkp548          465GB          465GB            513
             dp9           vvk548         4340GB         4370GB        1415686
             dp9           ijb548          4.0kB          4.0kB              1
             dp9           hqz548          151GB          151GB            287
             dp9           jrf548         1994GB         2000GB         333311
             dp9           rmb548          4.0kB          4.0kB              1
             dp9           bf7468         1836kB         1832kB              2
          access           xds548          280kB          231kB             26
             du7           xds548          424kB          170kB             70
             dp9           xds548         2183GB         2220GB         186172
          access           ixd548          930MB          930MB              7
             dp9           ixd548         1136GB         1134GB         491724
          access           slc548         1492GB         1492GB            902
             dp9           slc548          198GB          198GB         132696
             er7           gxk548         45.8MB         45.7MB             16
             du7           gxk548         12.6MB         10.2MB           1253
             dp9           gxk548          101GB          101GB          19476
             dp9           dhs548         12.0kB         12.0kB              3
             dp9           ljr548          331GB          331GB         107830
          access           axs599          0.0kB          0.7kB             95
      access.dev           axs599         12.0kB          0.8kB             23
             dp9           gsd548         3121GB         3120GB         386260
             dp9           zxs548          392GB          389GB         821865
          access           jtl548         12.4GB         12.4GB           7242
             dp9           jtl548         62.9TB         65.7TB        5368586
             dx2           pag548          292MB          292MB              1
             dp9           pag548         80.7GB         80.7GB            598
             dp9           hhn548          4.0kB          4.0kB              1
             dp9           mjw548          357GB          357GB          22251
             en0           mjw548          4.0kB          4.0kB              1
             dp9           ffb548         64.0kB         64.0kB             16
------------------------------------------------------------------------------
