------------------------------------------------------------------------------
         project             user     space used      file size          count
------------------------------------------------------------------------------
             dp9           mjw548          4.3GB          4.1GB          95104
             dp9           mrd599         19.6GB         19.5GB          27594
             dp9           jcf548         32.0kB         32.0kB              2
             dp9           cjb548         32.0kB         32.0kB              2
             dp9           ycx548          1.3TB          2.7TB          98804
             dp9           ach599         32.0kB         32.0kB              2
             dp9           yxm548         15.4TB         15.4TB        1248338
             dp9           glr548        155.7TB        159.6TB        2165167
             dp9           cnf599         11.6TB         11.7TB         252822
             dp9           ljr548          5.1GB          5.1GB           6492
             dp9           hhz548         66.9TB         67.3TB         789682
             dp9           zxs548          5.6TB          5.7TB         367655
             dp9           mjn548          5.1GB          5.1GB            212
             dp9           jtl548         56.0TB         56.4TB        2066377
             dp9           iib548          6.4TB          7.1TB        3697756
             dp9           gxk548         32.0kB         32.0kB              2
             dp9           hqz548         32.0kB         32.0kB              2
             dp9           rmb548         32.0kB         32.0kB              2
             dp9           zhl548          9.5TB          9.5TB         425388
             dp9           ixd548          8.4MB          8.4MB             34
             dp9           wml548         58.7TB         60.2TB         197599
             dp9           bxr548         32.0kB         32.0kB              2
             dp9           ttl548         85.3TB         85.4TB        1083588
             dp9           pjs548        214.1GB        214.1GB           2899
             dp9           gsd548         32.0kB         32.0kB              2
             dp9           sjr548         94.6TB         97.0TB        2485179
             dp9           vvk548         15.8TB         15.9TB         564703
             dp9           xds548        289.2GB        289.2GB           2345
             dp9           cit548        142.5MB        142.5MB             11
             dp9           slc548          4.4TB          4.4TB         100171
             dp9           jrf548         48.0kB         48.0kB              3
             dp9           pag548        128.0kB        128.0kB              8
             dp9           hhn548         32.0kB         32.0kB              2
             dp9           sss548         32.0kB         32.0kB              2
             dp9           kkp548         32.0kB         32.0kB              2
             dp9           ijb548         32.0kB         32.0kB              2
             dp9           nwe548         32.0kB         32.0kB              2
             dp9           chs548         12.2MB         16.1MB             58
             dp9           mxk548        556.4TB        568.2TB        1724828
             dp9           vov548          1.5TB          1.5TB          18875
             dp9           tc2375         32.0kB         32.0kB              2
             dp9           fs5892          1.3TB          2.1TB         251713
             dp9           jl0029         32.0kB         32.0kB              2
             dp9           as2291          1.4TB          1.5TB         194370
             dp9           jb6931         32.0kB         32.0kB              2
             dp9           dl9118          9.5TB          9.5TB         613150
             dp9           cs0369         32.0kB         32.0kB              2
             dp9           dr8819        189.8GB        189.8GB           5123
             dp9           nt4021        108.8GB        108.7GB           4384
             dp9           hw4629         32.0kB         32.0kB              2
             dp9           sl8973         32.0kB         32.0kB              2
             dp9           ml6621         32.0kB         32.0kB              2
             dp9           sb0446        322.3GB        322.5GB          11419
             dp9           gl7525        553.2MB        504.8MB          24000
             du7           sjr548        964.2MB        896.4MB          36201
             du7           chs548        143.7GB        143.8GB            337
             du7           as2291        128.0MB        127.6MB            287
             en0           bxr548          1.5GB          1.4GB          42912
             ep4           jcf548          2.4TB          2.4TB          16007
          public           glr548         23.7GB         23.7GB            201
          public           ttl548          1.7TB          1.7TB           6571
          public           slc548          1.5GB          1.5GB           2817
             rr6           ijb548          8.0kB          1.3kB              2
            us94           mxk548         91.1MB         89.3MB           1225
------------------------------------------------------------------------------
