
Usage Report: Project=dp9 Period=2021.q1
=============================================================
    Grant:    18.00 MSU
     Used:     5.95 MSU
 Reserved:    22.67 KSU
    Avail:    12.03 MSU

Stakeholder                   Grant         Used        Avail
-------------------------------------------------------------
BoM                       18.00 MSU     5.97 MSU    12.03 MSU
------------------------------------------------------------- 

User                                        Used     Reserved
-------------------------------------------------------------    
as2291                                  22.08 KSU     9.67 SU     
ixd548                                  23.26 SU      0.00 SU     
ycx548                                  15.55 KSU     0.00 SU     
ttl548                                  34.30 KSU   104.99 SU     
vvk548                                   1.57 MSU     0.00 SU     
dl9118                                  87.87 KSU     0.00 SU     
iib548                                 145.16 KSU     0.00 SU     
wml548                                  24.11 SU      0.00 SU     
mxk548                                   2.69 MSU    28.50 SU     
hhz548                                  81.11 KSU     0.00 SU     
jtl548                                 126.61 KSU     0.00 SU     
sjr548                                  88.18 KSU     0.00 SU     
gl7525                                   5.02 SU      0.00 SU     
zhl548                                  34.58 KSU     0.00 SU     
fs5892                                  19.09 SU      0.00 SU     
glr548                                   1.03 MSU    22.53 KSU    
zxs548                                 161.06 SU      0.00 SU     
cnf599                                   2.76 KSU     0.00 SU     
jrf548                                  77.97 SU      0.00 SU     
sb0446                                  21.43 KSU     0.00 SU     
dr8819                                   0.46 SU      0.00 SU     
yxm548                                   0.10 SU      0.00 SU     
------------------------------------------------------------- 
    
