
Usage Report: Project=dp9 Period=2021.q4
=============================================================
    Grant:    16.00 MSU
     Used:   792.92 SU 
 Reserved:   273.59 SU 
    Avail:    16.00 MSU
    
Stakeholder                   Grant         Used        Avail
-------------------------------------------------------------    
BoM                       16.00 MSU     1.07 KSU    16.00 MSU    
------------------------------------------------------------- 
    
User                                        Used     Reserved
-------------------------------------------------------------        
dl9118                                   0.00 SU     85.08 SU         
vvk548                                   0.00 SU      0.00 SU         
ttl548                                  33.81 SU    129.01 SU         
as2291                                 759.12 SU     53.50 SU         
mjz548                                   0.00 SU      6.00 SU         
-------------------------------------------------------------        

Storage Usage Report: Project=dp9
=============================================================
Filesystem        Used     iUsed    Allocation    iAllocation    
gdata1a      134.79 TB   33.27 M     270.00 TB        45.00 M        

Stakeholder                         Allocation    iAllocation
-------------------------------------------------------------            
BoM                                  270.00 TB        45.00 M                
-------------------------------------------------------------
            
