
Usage Report: Project=dp9 Period=2021.q4
=============================================================
    Grant:    16.00 MSU
     Used:   615.90 KSU
 Reserved:     7.18 KSU
    Avail:    15.38 MSU
    
Stakeholder                   Grant         Used        Avail
-------------------------------------------------------------    
BoM                       16.00 MSU   623.08 KSU    15.38 MSU    
------------------------------------------------------------- 
    
User                                        Used     Reserved
-------------------------------------------------------------        
dl9118                                  14.16 KSU     0.00 SU         
vvk548                                 228.63 KSU    48.00 SU         
ttl548                                   4.58 KSU    16.50 SU         
as2291                                  34.17 KSU   167.00 SU         
mjz548                                 262.40 KSU     6.94 KSU        
iib548                                   1.49 KSU     0.00 SU         
glr548                                   9.43 KSU     0.00 SU         
slc548                                   1.37 KSU     0.00 SU         
pjs548                                   9.83 SU      0.00 SU         
pcl900                                   3.81 SU      0.00 SU         
sjr548                                  17.81 KSU     0.00 SU         
jtl548                                   9.88 KSU     0.00 SU         
zxs548                                 294.75 SU      0.00 SU         
cnf599                                  31.68 KSU     0.00 SU         
-------------------------------------------------------------        

Storage Usage Report: Project=dp9
=============================================================
Filesystem        Used     iUsed    Allocation    iAllocation    
gdata1a      139.60 TB   33.74 M     270.00 TB        45.00 M        

Stakeholder                         Allocation    iAllocation
-------------------------------------------------------------            
BoM                                  270.00 TB        45.00 M                
-------------------------------------------------------------
            
