
Usage Report: Project=dp9 Period=2021.q1
=============================================================
    Grant:    18.00 MSU
     Used:     1.05 MSU
 Reserved:    70.27 KSU
    Avail:    16.88 MSU

Stakeholder                   Grant         Used        Avail
-------------------------------------------------------------
BoM                       18.00 MSU     1.12 MSU    16.88 MSU
------------------------------------------------------------- 

User                                        Used     Reserved
-------------------------------------------------------------    
as2291                                 322.82 SU      0.00 SU     
ixd548                                   7.56 SU      0.00 SU     
ycx548                                  15.54 KSU     0.00 SU     
ttl548                                   7.62 KSU     0.00 SU     
vvk548                                 764.68 KSU    69.12 KSU    
dl9118                                  15.26 KSU     1.15 KSU    
iib548                                   2.74 KSU     0.00 SU     
wml548                                  24.11 SU      0.00 SU     
mxk548                                 241.42 KSU     0.00 SU     
hhz548                                 345.84 SU      0.00 SU     
jtl548                                   1.17 KSU     0.00 SU     
------------------------------------------------------------- 
    
