
Usage Report: Project=dp9 Period=2021.q1
=============================================================
    Grant:    18.00 MSU
     Used:     8.87 MSU
 Reserved:   429.88 SU 
    Avail:     9.13 MSU

Stakeholder                   Grant         Used        Avail
-------------------------------------------------------------
BoM                       18.00 MSU     8.87 MSU     9.13 MSU
------------------------------------------------------------- 

User                                        Used     Reserved
-------------------------------------------------------------    
as2291                                  33.21 KSU     1.13 SU     
ixd548                                  30.96 SU      0.00 SU     
ycx548                                  15.58 KSU     0.00 SU     
ttl548                                  51.53 KSU     8.75 SU     
vvk548                                   1.57 MSU     0.00 SU     
dl9118                                  98.25 KSU     0.00 SU     
iib548                                 393.08 KSU     0.00 SU     
wml548                                  32.31 SU      0.00 SU     
mxk548                                   4.31 MSU     0.00 SU     
hhz548                                 275.55 KSU     0.00 SU     
jtl548                                 342.06 KSU     0.00 SU     
sjr548                                 385.61 KSU     0.00 SU     
gl7525                                   5.02 SU      0.00 SU     
zhl548                                  40.85 KSU     0.00 SU     
fs5892                                  19.09 SU      0.00 SU     
glr548                                   1.32 MSU   420.00 SU     
zxs548                                 161.06 SU      0.00 SU     
cnf599                                   2.76 KSU     0.00 SU     
jrf548                                  77.97 SU      0.00 SU     
sb0446                                  21.43 KSU     0.00 SU     
dr8819                                   0.46 SU      0.00 SU     
yxm548                                 314.92 SU      0.00 SU     
slc548                                  62.10 SU      0.00 SU     
------------------------------------------------------------- 
    
