
Usage Report: Project=dp9 Period=2021.q2
=============================================================
    Grant:    18.00 MSU
     Used:     4.98 MSU
 Reserved:     1.74 KSU
    Avail:    13.02 MSU

Stakeholder                   Grant         Used        Avail
-------------------------------------------------------------
BoM                       18.00 MSU     4.98 MSU    13.02 MSU
------------------------------------------------------------- 

User                                        Used     Reserved
-------------------------------------------------------------    
jtl548                                   1.33 MSU     0.00 SU     
dl9118                                  13.72 KSU     1.73 KSU    
vvk548                                 534.75 KSU     0.00 SU     
mxk548                                 983.99 KSU     0.00 SU     
glr548                                 376.08 KSU     0.00 SU     
sjr548                                   1.48 MSU     0.00 SU     
ttl548                                  12.19 KSU     8.75 SU     
hhz548                                 209.78 KSU     0.00 SU     
as2291                                   8.04 KSU     6.07 SU     
iib548                                  35.38 KSU     0.00 SU     
ixd548                                   2.83 SU      0.00 SU     
cnf599                                 204.08 SU      0.00 SU     
yxm548                                  39.64 SU      0.00 SU     
------------------------------------------------------------- 
    
