FILESYSTEM  SCAN DATE   PROJECT  GROUP  USER    SPACE USED  TOTAL SIZE  COUNT
scratch     2020-12-15  access   dp9    mrd599       32.7G       32.7G  4384
scratch     2020-12-15  access   dp9    mjn548      188.0K      174.7K  6
scratch     2020-12-15  access   dp9    jtl548        4.1G        4.1G  26128
scratch     2020-12-15  access   dp9    zhl548      308.0K      250.0K  22
scratch     2020-12-15  access   dp9    wml548       13.0T       13.0T  3759695
scratch     2020-12-15  access   dp9    ttl548       34.7M       34.3M  280
scratch     2020-12-15  access   dp9    vvk548      424.0K      384.4K  17
scratch     2020-12-15  access   dp9    as2291        4.0K        989B  1
scratch     2020-12-15  dp9      dp9    mjw548        4.3G        4.1G  95104
scratch     2020-12-15  dp9      dp9    mrd599       19.6G       19.5G  27599
scratch     2020-12-15  dp9      dp9    jcf548       32.0K       32.0K  2
scratch     2020-12-15  dp9      dp9    cjb548       32.0K       32.0K  2
scratch     2020-12-15  dp9      dp9    ycx548        1.1G        1.0G  50847
scratch     2020-12-15  dp9      dp9    ach599       32.0K       32.0K  2
scratch     2020-12-15  dp9      dp9    yxm548       15.1T       15.1T  1197758
scratch     2020-12-15  dp9      dp9    glr548      121.2T      129.1T  1633215
scratch     2020-12-15  dp9      dp9    cnf599       11.4T       11.5T  105910
scratch     2020-12-15  dp9      dp9    ljr548        5.1G        5.1G  6492
scratch     2020-12-15  dp9      dp9    hhz548       54.2T       54.6T  516321
scratch     2020-12-15  dp9      dp9    zxs548        5.6T        5.7T  267596
scratch     2020-12-15  dp9      dp9    mjn548        5.1G        5.1G  212
scratch     2020-12-15  dp9      dp9    jtl548       23.4T       23.4T  2909389
scratch     2020-12-15  dp9      dp9    iib548        4.1T        4.7T  3290544
scratch     2020-12-15  dp9      dp9    gxk548       32.0K       32.0K  2
scratch     2020-12-15  dp9      dp9    hqz548       32.0K       32.0K  2
scratch     2020-12-15  dp9      dp9    rmb548       32.0K       32.0K  2
scratch     2020-12-15  dp9      dp9    zhl548      889.5G      901.2G  247313
scratch     2020-12-15  dp9      dp9    ixd548      432.0K      432.0K  27
scratch     2020-12-15  dp9      dp9    wml548      145.4T      149.1T  418642
scratch     2020-12-15  dp9      dp9    bxr548       32.0K       32.0K  2
scratch     2020-12-15  dp9      dp9    ttl548       38.6T       38.6T  623306
scratch     2020-12-15  dp9      dp9    pjs548      219.9M      217.7M  1152
scratch     2020-12-15  dp9      dp9    gsd548       32.0K       32.0K  2
scratch     2020-12-15  dp9      dp9    sjr548       45.4T       45.7T  1871276
scratch     2020-12-15  dp9      dp9    vvk548        6.1T        6.1T  291776
scratch     2020-12-15  dp9      dp9    xds548      289.2G      289.2G  2345
scratch     2020-12-15  dp9      dp9    cit548      142.5M      142.5M  11
scratch     2020-12-15  dp9      dp9    slc548        4.2T        4.2T  77121
scratch     2020-12-15  dp9      dp9    jrf548       32.0K       32.0K  2
scratch     2020-12-15  dp9      dp9    pag548      128.0K      128.0K  8
scratch     2020-12-15  dp9      dp9    hhn548       32.0K       32.0K  2
scratch     2020-12-15  dp9      dp9    sss548       32.0K       32.0K  2
scratch     2020-12-15  dp9      dp9    kkp548       32.0K       32.0K  2
scratch     2020-12-15  dp9      dp9    ijb548       32.0K       32.0K  2
scratch     2020-12-15  dp9      dp9    nwe548       32.0K       32.0K  2
scratch     2020-12-15  dp9      dp9    chs548       12.1M       16.1M  50
scratch     2020-12-15  dp9      dp9    mxk548      565.5T      580.3T  1457854
scratch     2020-12-15  dp9      dp9    vov548      199.1G      199.1G  2406
scratch     2020-12-15  dp9      dp9    tc2375       32.0K       32.0K  2
scratch     2020-12-15  dp9      dp9    fs5892        1.3T        2.1T  200598
scratch     2020-12-15  dp9      dp9    jl0029       32.0K       32.0K  2
scratch     2020-12-15  dp9      dp9    as2291      365.0G      364.8G  128373
scratch     2020-12-15  dp9      dp9    jb6931       32.0K       32.0K  2
scratch     2020-12-15  dp9      dp9    dl9118       16.9T       16.9T  643313
scratch     2020-12-15  dp9      dp9    cs0369       32.0K       32.0K  2
scratch     2020-12-15  dp9      dp9    dr8819      183.4G      183.4G  2994
scratch     2020-12-15  dp9      dp9    nt4021      108.8G      108.7G  4384
scratch     2020-12-15  dp9      dp9    hw4629       32.0K       32.0K  2
scratch     2020-12-15  dp9      dp9    sl8973       32.0K       32.0K  2
scratch     2020-12-15  dp9      dp9    ml6621       32.0K       32.0K  2
scratch     2020-12-15  du7      dp9    chs548      143.7G      143.8G  337
scratch     2020-12-15  en0      dp9    bxr548        1.5G        1.4G  42709
scratch     2020-12-15  ep4      dp9    jcf548        2.4T        2.4T  16007
scratch     2020-12-15  public   dp9    glr548        6.9T        6.9T  70655
scratch     2020-12-15  public   dp9    cnf599        1.2G        1.2G  5
scratch     2020-12-15  public   dp9    ttl548        1.8T        1.8T  7020
scratch     2020-12-15  public   dp9    slc548       24.8M       24.6M  187
scratch     2020-12-15  rr6      dp9    ijb548        8.0K        1.3K  2
scratch     2020-12-15  us94     dp9    mxk548       91.1M       89.3M  1225
