
Usage Report: Project=dp9 Period=2021.q1
=============================================================
    Grant:    18.00 MSU
     Used:    10.01 MSU
 Reserved:    15.98 KSU
    Avail:     7.97 MSU

Stakeholder                   Grant         Used        Avail
-------------------------------------------------------------
BoM                       18.00 MSU    10.03 MSU     7.97 MSU
------------------------------------------------------------- 

User                                        Used     Reserved
-------------------------------------------------------------    
as2291                                  35.59 KSU     4.00 SU     
ixd548                                  35.60 SU      0.00 SU     
ycx548                                  15.58 KSU     0.00 SU     
ttl548                                  57.96 KSU     0.00 SU     
vvk548                                   1.58 MSU     0.00 SU     
dl9118                                 146.00 KSU     0.00 SU     
iib548                                 466.81 KSU     0.00 SU     
wml548                                  32.31 SU      0.00 SU     
mxk548                                   4.95 MSU     1.15 KSU    
hhz548                                 321.61 KSU     0.00 SU     
jtl548                                 445.64 KSU     3.14 KSU    
sjr548                                 402.53 KSU     0.00 SU     
gl7525                                   5.02 SU      0.00 SU     
zhl548                                  40.85 KSU     0.00 SU     
fs5892                                  19.09 SU      0.00 SU     
glr548                                   1.53 MSU    11.68 KSU    
zxs548                                 205.21 SU      0.00 SU     
cnf599                                   4.73 KSU     0.00 SU     
jrf548                                  77.97 SU      0.00 SU     
sb0446                                  21.43 KSU     0.00 SU     
dr8819                                   0.46 SU      0.00 SU     
yxm548                                 314.92 SU      0.00 SU     
slc548                                  62.10 SU      0.00 SU     
------------------------------------------------------------- 
    
