
Usage Report: Project=dp9 Period=2020.q4
=============================================================
    Grant:    18.00 MSU
     Used:    12.94 MSU
 Reserved:     2.56 KSU
    Avail:     5.06 MSU

Stakeholder                   Grant         Used        Avail
-------------------------------------------------------------
BoM                       18.00 MSU    12.94 MSU     5.06 MSU
------------------------------------------------------------- 

User                                        Used     Reserved
-------------------------------------------------------------    
vvk548                                   5.80 MSU     1.15 KSU    
zxs548                                  56.62 KSU     0.00 SU     
ttl548                                  48.23 KSU   143.25 SU     
jtl548                                   1.63 MSU    72.00 SU     
as2291                                  26.09 KSU     6.67 SU     
mxk548                                   3.45 MSU     0.00 SU     
dl9118                                 374.84 KSU   741.00 SU     
fs5892                                   7.52 KSU     0.00 SU     
glr548                                 645.83 KSU   100.00 SU     
iib548                                 240.07 KSU     0.00 SU     
pjs548                                   1.50 KSU     0.00 SU     
sjr548                                 249.57 KSU   349.83 SU     
gsd548                                 107.11 KSU     0.00 SU     
ixd548                                  27.37 SU      0.00 SU     
wml548                                 138.77 KSU     0.00 SU     
mjw548                                   4.52 KSU     0.00 SU     
jrf548                                  13.95 SU      0.00 SU     
yxm548                                 132.68 SU      0.00 SU     
cnf599                                  52.87 KSU     0.00 SU     
cst565                                 100.82 KSU     0.00 SU     
chs548                                   7.85 KSU     0.00 SU     
ycx548                                  12.63 SU      0.00 SU     
mrd599                                   0.02 SU      0.00 SU     
cit548                                  10.09 SU      0.00 SU     
slc548                                   0.03 SU      0.00 SU     
------------------------------------------------------------- 
    
