
Usage Report: Project=dp9 Period=2021.q2
=============================================================
    Grant:    18.00 MSU
     Used:    12.96 MSU
 Reserved:    50.64 KSU
    Avail:     4.99 MSU
    
Stakeholder                   Grant         Used        Avail
-------------------------------------------------------------    
BoM                       18.00 MSU    13.01 MSU     4.99 MSU    
------------------------------------------------------------- 
    
User                                        Used     Reserved
-------------------------------------------------------------        
jtl548                                   2.28 MSU    24.00 SU         
dl9118                                 170.20 KSU     0.00 SU         
vvk548                                 642.10 KSU    50.11 KSU        
mxk548                                   5.88 MSU     0.00 SU         
glr548                                   1.07 MSU     0.00 SU         
sjr548                                   1.69 MSU     0.00 SU         
ttl548                                  87.84 KSU    62.50 SU         
hhz548                                 278.92 KSU     0.00 SU         
as2291                                 103.52 KSU   437.00 SU         
iib548                                 341.54 KSU     0.00 SU         
ixd548                                  41.26 SU      0.00 SU         
cnf599                                 114.55 KSU     0.00 SU         
yxm548                                   1.02 KSU     0.00 SU         
wml548                                 264.77 KSU     0.00 SU         
pjs548                                 487.44 SU      0.00 SU         
nwe548                                  70.10 SU      0.00 SU         
ycx548                                   0.05 SU      0.00 SU         
zxs548                                   6.04 KSU     0.00 SU         
jrf548                                  80.20 SU      0.00 SU         
slc548                                   2.54 KSU     0.00 SU         
chs548                                 266.19 SU      0.00 SU         
cst565                                  25.18 KSU     0.00 SU         
-------------------------------------------------------------        

Storage Usage Report: Project=dp9
=============================================================
Filesystem        Used     iUsed    Allocation    iAllocation    
gdata1a      104.62 TB   31.05 M     270.00 TB        45.00 M        

Stakeholder                         Allocation    iAllocation
-------------------------------------------------------------            
BoM                                  270.00 TB        45.00 M                
-------------------------------------------------------------
            
