root(0) 836
ycx548(5420) 146139212463745
yxm548(5719) 14576535403681
glr548(5727) 28041273082961
cnf599(5768) 124031950316728
ljr548(5784) 67098654642
hhz548(5823) 189417016571717
zxs548(5834) 40976572728608
jtl548(6212) 75217781084463
iib548(6343) 3864453663462
hqz548(6446) 105345640616
zhl548(6612) 122297810157001
ixd548(6616) 2343557991056
wml548(6674) 4140275861699
ttl548(7544) 178860081196021
pjs548(7881) 4486822847216
sjr548(8098) 90824206335697
vvk548(8205) 1651806087434
xds548(8239) 16672058747510
cit548(8244) 128451286533059
slc548(8276) 8019870271355
jrf548(8285) 48313519461463
crd548(9037) 18885298493916
nwe548(10526) 9297580572560
chs548(10528) 36121544214163
mxk548(10810) 700101206344971
fs5892(12091) 8881017464643
as2291(12159) 10341759201886
dl9118(13107) 79001465126
dp9 total =  2012205942858235 (1830.09 TB)
