-----------------------------------------------------------------------
           fs      Usage     Quota     Limit   iUsage   iQuota   iLimit
-----------------------------------------------------------------------
   hh5 scratch   61.18GB    72.0GB    72.0GB     6668   164000   164000
   lb4 scratch    21.7GB    72.0GB    72.0GB       79   164000   164000
   dp9 scratch  937.18TB    1.17PB    1.17PB 28486671 60095000 60095000
  qa11 scratch   57.19TB   160.0TB   160.0TB  5614947 16000000 16000000
   en0 scratch  135.63TB   160.0TB   160.0TB 13754427 15000000 15000000
   fj8 scratch   180.0KB    72.0GB    72.0GB       45   164000   164000
   fk4 scratch    1.93MB     5.0TB     5.0TB      495   150000   150000
  wr45 scratch    2.79GB    72.0GB    72.0GB       28   164000   164000
access   gdata    9.82TB    35.0TB   36.75TB   524710  2806000  2946300
   hh5   gdata  592.55TB   685.0TB  719.25TB  5622911 36476000 38299800
   lb4   gdata  534.68TB   720.0TB   756.0TB  7229746 38125000 40031250
   ig2   gdata   24.22TB    80.0TB    84.0TB    32274  5623000  5904150
   dp9   gdata  105.76TB   270.0TB   283.5TB 31804226 45000000 47250000
  qa11   gdata   67.68TB   100.0TB   105.0TB  4555509  6803000  7143150
   en0   gdata   89.08TB   130.0TB   136.5TB  3451842  8521000  8947050
   fj8   gdata   36.39TB   105.0TB  110.25TB  9982525 19715000 20700750
   fk4   gdata   79.95TB    90.0TB    94.5TB  4544123  6217000  6527850
  wr45   gdata  739.53TB   870.0TB   913.5TB 14205213 45109000 47364450
-----------------------------------------------------------------------
