-----------------------------------------------------------------------
           fs      Usage     Quota     Limit   iUsage   iQuota   iLimit
-----------------------------------------------------------------------
   hh5 scratch   61.18GB        0B        0B     6672        0        0
   lb4 scratch    21.7GB        0B        0B       79        0        0
   dp9 scratch  892.54TB    1.17PB    2.34PB 24228764 60095000 120190000
  qa11 scratch   59.24TB   160.0TB   320.0TB  5615280 16000000 32000000
   en0 scratch  138.78TB   160.0TB   320.0TB 13425105 15000000 30000000
   fj8 scratch   180.0KB        0B        0B       45        0        0
   fk4 scratch    1.93MB     5.0TB     8.0TB      495   150000   300000
  wr45 scratch    2.79GB        0B        0B       28        0        0
access   gdata    9.82TB    35.0TB   36.75TB   519957  2806000  2946300
   hh5   gdata  570.33TB   685.0TB  719.25TB  6542309 36476000 38299800
   lb4   gdata  526.58TB   720.0TB   756.0TB  6188885 38125000 40031250
   ig2   gdata   56.42TB    80.0TB    84.0TB    34691  5623000  5904150
   dp9   gdata   97.59TB   270.0TB   283.5TB 30498643 45000000 47250000
  qa11   gdata   67.56TB   100.0TB   105.0TB  4540046  6803000  7143150
   en0   gdata   88.04TB   130.0TB   136.5TB  4361538  8521000  8947050
   fj8   gdata   36.39TB   105.0TB  110.25TB  9982525 19715000 20700750
   fk4   gdata   79.22TB    80.0TB    84.0TB  4505048  5623000  5904150
  wr45   gdata  660.67TB   870.0TB   913.5TB 11303513 45109000 47364450
-----------------------------------------------------------------------
