-----------------------------------------------------------------------
           fs      Usage     Quota     Limit   iUsage   iQuota   iLimit
-----------------------------------------------------------------------
   y03 scratch    3.96TB    10.0TB    10.0TB   718297  1018000  1018000
   hh5 scratch   61.27GB    72.0GB    72.0GB     6940   164000   164000
   lb4 scratch    1.87GB    72.0GB    72.0GB     1808   164000   164000
   ig2 scratch    1.35GB        0B        0B       16        0        0
   dp9 scratch    1.05PB    1.17PB    1.17PB 37595350 60095000 60095000
  qb52 scratch    60.0KB    72.0GB    72.0GB       15   164000   164000
  dk92 scratch  700.76MB    72.0GB    72.0GB      990   164000   164000
   y03   gdata  1000.2GB     2.0TB     2.1TB    43259  3780000  3969000
access   gdata    9.88TB    35.0TB   36.75TB   794728  2806000  2946300
   hh5   gdata  618.93TB   685.0TB  719.25TB  5149096 36476000 38299800
   lb4   gdata  539.99TB   720.0TB   756.0TB  7553541 38125000 40031250
   ja4   gdata  212.77TB   220.0TB   231.0TB  4315697 13438000 14109900
   ig2   gdata   73.76TB    80.0TB    84.0TB   152542  5623000  5904150
   dp9   gdata  188.66TB   270.0TB   283.5TB 32835600 45000000 47250000
access.admin   gdata   17.01TB    36.0TB    37.8TB  4137896  5700000  5985000
  dk92   gdata   42.99GB     2.0TB     2.1TB   189275   312000   327600
  hr22   gdata  201.49MB   128.0GB   134.4GB    13837    82000    86100
-----------------------------------------------------------------------
