-----------------------------------------------------------------------
           fs      Usage     Quota     Limit   iUsage   iQuota   iLimit
-----------------------------------------------------------------------
   hh5 scratch   61.18GB    72.0GB    72.0GB     6710   164000   164000
   lb4 scratch    21.7GB    72.0GB    72.0GB       89   164000   164000
   dp9 scratch  962.83TB    1.17PB    1.17PB 30423239 60095000 60095000
  qa11 scratch   57.19TB   160.0TB   160.0TB  5614947 16000000 16000000
   en0 scratch  139.07TB   160.0TB   160.0TB 13785402 15000000 15000000
   fj8 scratch   180.0KB    72.0GB    72.0GB       45   164000   164000
   fk4 scratch    1.93MB     5.0TB     5.0TB      495   150000   150000
  wr45 scratch    2.79GB    72.0GB    72.0GB       38   164000   164000
access   gdata    9.82TB    35.0TB   36.75TB   524710  2806000  2946300
   hh5   gdata  588.93TB   685.0TB  719.25TB  5688395 36476000 38299800
   lb4   gdata  534.76TB   720.0TB   756.0TB  7229769 38125000 40031250
   ig2   gdata   25.45TB    80.0TB    84.0TB    32336  5623000  5904150
   dp9   gdata   109.9TB   270.0TB   283.5TB 32791716 45000000 47250000
  qa11   gdata   67.68TB   100.0TB   105.0TB  4562318  6803000  7143150
   en0   gdata   90.23TB   130.0TB   136.5TB  3484737  8521000  8947050
   fj8   gdata   36.39TB   105.0TB  110.25TB  9982570 19715000 20700750
   fk4   gdata   80.38TB    90.0TB    94.5TB  4565056  6217000  6527850
  wr45   gdata  759.45TB   870.0TB   913.5TB 14744011 45109000 47364450
-----------------------------------------------------------------------
