-----------------------------------------------------------------------
           fs      Usage     Quota     Limit   iUsage   iQuota   iLimit
-----------------------------------------------------------------------
   y03 scratch     5.7TB    10.0TB    10.0TB   694274  1018000  1018000
   hh5 scratch   61.21GB    72.0GB    72.0GB     6926   164000   164000
   lb4 scratch    1.87GB    72.0GB    72.0GB     1807   164000   164000
   ig2 scratch    1.35GB        0B        0B       16        0        0
   dp9 scratch    1.02PB    1.17PB    1.17PB 36455568 60095000 60095000
  qb52 scratch    60.0KB    72.0GB    72.0GB       15   164000   164000
  dk92 scratch    1.07GB    72.0GB    72.0GB    25379   164000   164000
   y03   gdata 1020.69GB     2.0TB     2.1TB    46165  3780000  3969000
access   gdata    9.87TB    35.0TB   36.75TB   792854  2806000  2946300
   hh5   gdata  617.31TB   685.0TB  719.25TB  5122129 36476000 38299800
   lb4   gdata  539.64TB   720.0TB   756.0TB  7553253 38125000 40031250
   ja4   gdata  212.77TB   220.0TB   231.0TB  4315697 13438000 14109900
   ig2   gdata   82.23TB    80.0TB    84.0TB   120239  5623000  5904150 Over size limit
   dp9   gdata  169.79TB   270.0TB   283.5TB 34472234 45000000 47250000
access.admin   gdata   17.01TB    36.0TB    37.8TB  3920445  5700000  5985000
  dk92   gdata   42.99GB     2.0TB     2.1TB   189227   312000   327600
  hr22   gdata  201.49MB   128.0GB   134.4GB    13837    82000    86100
-----------------------------------------------------------------------
