-----------------------------------------------------------------------
           fs      Usage     Quota     Limit   iUsage   iQuota   iLimit
-----------------------------------------------------------------------
   y03 scratch    5.22TB    10.0TB    10.0TB   692661  1018000  1018000
   hh5 scratch   61.19GB    72.0GB    72.0GB     6859   164000   164000
   lb4 scratch    1.85GB    72.0GB    72.0GB      101   164000   164000
   ig2 scratch     2.2GB        0B        0B       17        0        0
   dp9 scratch    1.05PB    1.17PB    1.17PB 37263564 60095000 60095000
  qb52 scratch    60.0KB    72.0GB    72.0GB       15   164000   164000
  dk92 scratch    1.47GB    72.0GB    72.0GB    25405   164000   164000
   y03   gdata 1020.69GB     1.0TB    1.05TB    46150  3779000  3967950
access   gdata    9.87TB    35.0TB   36.75TB   792851  2806000  2946300
   hh5   gdata  617.07TB   685.0TB  719.25TB  5111892 36476000 38299800
   lb4   gdata  539.64TB   720.0TB   756.0TB  7551119 38125000 40031250
   ja4   gdata  212.77TB   220.0TB   231.0TB  4315697 13438000 14109900
   ig2   gdata   73.78TB    80.0TB    84.0TB    29639  5623000  5904150
   dp9   gdata  151.78TB   270.0TB   283.5TB 34441461 45000000 47250000
access.admin   gdata    17.0TB    36.0TB    37.8TB  3919093  5700000  5985000
  dk92   gdata   42.07GB     2.0TB     2.1TB   148535   312000   327600
  hr22   gdata  201.49MB   128.0GB   134.4GB    13837    82000    86100
-----------------------------------------------------------------------
