-----------------------------------------------------------------------
           fs      Usage     Quota     Limit   iUsage   iQuota   iLimit
-----------------------------------------------------------------------
   hh5 scratch  103.14GB        0B        0B    12568        0        0
   lb4 scratch    21.7GB        0B        0B       79        0        0
   dp9 scratch  930.71TB    1.17PB    2.34PB 25197089 60095000 120190000
  qa11 scratch   59.24TB   160.0TB   320.0TB  5615280 16000000 32000000
   en0 scratch  140.54TB   160.0TB   320.0TB 13424564 15000000 30000000
   fj8 scratch   180.0KB        0B        0B       45        0        0
   fk4 scratch    1.93MB     5.0TB     8.0TB      495   150000   300000
  wr45 scratch    2.79GB        0B        0B       28        0        0
access   gdata    9.82TB    35.0TB   36.75TB   524702  2806000  2946300
   hh5   gdata  562.16TB   685.0TB  719.25TB  5451098 36476000 38299800
   lb4   gdata  527.48TB   720.0TB   756.0TB  6194552 38125000 40031250
   ig2   gdata    23.7TB    80.0TB    84.0TB    32219  5623000  5904150
   dp9   gdata  103.65TB   270.0TB   283.5TB 31601906 45000000 47250000
  qa11   gdata   67.63TB   100.0TB   105.0TB  4554497  6803000  7143150
   en0   gdata   89.61TB   130.0TB   136.5TB  3429464  8521000  8947050
   fj8   gdata   36.39TB   105.0TB  110.25TB  9982525 19715000 20700750
   fk4   gdata   79.66TB    90.0TB    94.5TB  4528163  6217000  6527850
  wr45   gdata  692.11TB   870.0TB   913.5TB 12158110 45109000 47364450
-----------------------------------------------------------------------
