
Usage Report: Project=dp9 Period=2021.q4
=============================================================
    Grant:    16.00 MSU
     Used:     2.95 MSU
 Reserved:    12.67 KSU
    Avail:    13.04 MSU
    
Stakeholder                   Grant         Used        Avail
-------------------------------------------------------------    
BoM                       16.00 MSU     2.96 MSU    13.04 MSU    
------------------------------------------------------------- 
    
User                                        Used     Reserved
-------------------------------------------------------------        
dl9118                                  21.24 KSU     0.00 SU         
vvk548                                 293.48 KSU     0.00 SU         
ttl548                                  17.66 KSU    19.50 SU         
as2291                                  83.18 KSU   118.00 SU         
mjz548                                   1.86 MSU     9.51 KSU        
iib548                                   9.77 KSU     0.00 SU         
glr548                                  10.72 KSU     0.00 SU         
slc548                                  29.29 KSU     0.00 SU         
pjs548                                 353.24 SU      0.00 SU         
pcl900                                 233.03 SU      0.00 SU         
sjr548                                 237.39 KSU     2.41 KSU        
jtl548                                  72.75 KSU   480.00 SU         
zxs548                                 348.64 SU      0.00 SU         
cnf599                                  33.03 KSU     0.00 SU         
yxm548                                 869.61 SU     24.00 SU         
chs548                                   2.89 KSU     0.00 SU         
ycx548                                 244.65 SU      0.00 SU         
wml548                                 274.00 KSU   112.00 SU         
hhz548                                  21.26 SU      0.00 SU         
cst565                                   0.12 SU      0.00 SU         
-------------------------------------------------------------        

Storage Usage Report: Project=dp9
=============================================================
Filesystem        Used     iUsed    Allocation    iAllocation    
gdata1a      165.79 TB   34.48 M     270.00 TB        45.00 M        

Stakeholder                         Allocation    iAllocation
-------------------------------------------------------------            
BoM                                  270.00 TB        45.00 M                
-------------------------------------------------------------
            
