
Usage Report: Project=dp9 Period=2021.q4
=============================================================
    Grant:    16.00 MSU
     Used:   365.43 KSU
 Reserved:     1.83 KSU
    Avail:    15.63 MSU
    
Stakeholder                   Grant         Used        Avail
-------------------------------------------------------------    
BoM                       16.00 MSU   367.26 KSU    15.63 MSU    
------------------------------------------------------------- 
    
User                                        Used     Reserved
-------------------------------------------------------------        
dl9118                                  12.16 KSU     0.00 SU         
vvk548                                 165.82 KSU     0.00 SU         
ttl548                                   3.16 KSU     8.75 SU         
as2291                                  22.00 KSU   290.00 SU         
mjz548                                 136.78 KSU     1.53 KSU        
iib548                                 673.78 SU      0.00 SU         
glr548                                   5.25 KSU     0.00 SU         
slc548                                   0.24 SU      0.00 SU         
pjs548                                   9.83 SU      0.00 SU         
pcl900                                   3.81 SU      0.00 SU         
sjr548                                  15.46 KSU     0.00 SU         
jtl548                                   3.86 KSU     0.00 SU         
zxs548                                 239.04 SU      0.00 SU         
-------------------------------------------------------------        

Storage Usage Report: Project=dp9
=============================================================
Filesystem        Used     iUsed    Allocation    iAllocation    
gdata1a      137.65 TB   33.67 M     270.00 TB        45.00 M        

Stakeholder                         Allocation    iAllocation
-------------------------------------------------------------            
BoM                                  270.00 TB        45.00 M                
-------------------------------------------------------------
            
