
Usage Report: Project=dp9 Period=2021.q4
=============================================================
    Grant:    16.00 MSU
     Used:   896.27 KSU
 Reserved:     2.97 KSU
    Avail:    15.10 MSU
    
Stakeholder                   Grant         Used        Avail
-------------------------------------------------------------    
BoM                       16.00 MSU   899.24 KSU    15.10 MSU    
------------------------------------------------------------- 
    
User                                        Used     Reserved
-------------------------------------------------------------        
dl9118                                  17.23 KSU     0.00 SU         
vvk548                                 229.24 KSU     0.00 SU         
ttl548                                   6.85 KSU     0.00 SU         
as2291                                  61.58 KSU    28.00 SU         
mjz548                                 488.12 KSU     2.90 KSU        
iib548                                   1.58 KSU     0.00 SU         
glr548                                   9.84 KSU     0.00 SU         
slc548                                   1.37 KSU     0.00 SU         
pjs548                                   9.83 SU      0.00 SU         
pcl900                                  69.06 SU      0.00 SU         
sjr548                                  24.71 KSU     0.00 SU         
jtl548                                  19.59 KSU     0.00 SU         
zxs548                                 348.64 SU      0.00 SU         
cnf599                                  32.93 KSU     0.00 SU         
yxm548                                  26.08 SU      0.00 SU         
chs548                                   2.79 KSU    40.50 SU         
-------------------------------------------------------------        

Storage Usage Report: Project=dp9
=============================================================
Filesystem        Used     iUsed    Allocation    iAllocation    
gdata1a      143.19 TB   34.28 M     270.00 TB        45.00 M        

Stakeholder                         Allocation    iAllocation
-------------------------------------------------------------            
BoM                                  270.00 TB        45.00 M                
-------------------------------------------------------------
            
