
Usage Report: Project=dp9 Period=2021.q4
=============================================================
    Grant:    16.00 MSU
     Used:   232.92 KSU
 Reserved:   808.67 SU 
    Avail:    15.77 MSU
    
Stakeholder                   Grant         Used        Avail
-------------------------------------------------------------    
BoM                       16.00 MSU   233.73 KSU    15.77 MSU    
------------------------------------------------------------- 
    
User                                        Used     Reserved
-------------------------------------------------------------        
dl9118                                   1.85 KSU   240.00 SU         
vvk548                                 161.84 KSU     0.00 SU         
ttl548                                   1.65 KSU     2.67 SU         
as2291                                  11.44 KSU    24.00 SU         
mjz548                                  46.67 KSU   542.00 SU         
iib548                                 673.78 SU      0.00 SU         
glr548                                   5.18 KSU     0.00 SU         
slc548                                   0.24 SU      0.00 SU         
pjs548                                   9.83 SU      0.00 SU         
pcl900                                   3.81 SU      0.00 SU         
sjr548                                   3.60 KSU     0.00 SU         
-------------------------------------------------------------        

Storage Usage Report: Project=dp9
=============================================================
Filesystem        Used     iUsed    Allocation    iAllocation    
gdata1a      135.81 TB   33.47 M     270.00 TB        45.00 M        

Stakeholder                         Allocation    iAllocation
-------------------------------------------------------------            
BoM                                  270.00 TB        45.00 M                
-------------------------------------------------------------
            
