------------------------------------------------------------------------------
         project             user     space used      file size          count
------------------------------------------------------------------------------
             dx2           hhz548          3.6TB          3.9TB          26368
             dx2           pcl900         49.1MB         41.6MB           3718
             z00           pcl900          4.0kB          243kB              1
             dp9           mjw548          4.5GB          4.3GB          99070
             dp9           mrd599         19.9GB         19.8GB          37528
             dp9           jcf548         32.0kB         32.0kB              2
             dp9           cjb548         32.0kB         32.0kB              2
             dp9           ycx548          3.8TB          5.2TB         175175
             dp9           ach599         32.0kB         32.0kB              2
             dp9           yxm548         12.4TB         12.7TB        1125707
             dp9           glr548         60.8TB         66.4TB        2539139
             dp9           cnf599          8.5TB          9.3TB         270617
             dp9           ljr548          5.1GB          5.1GB           6492
             dp9           hhz548         18.6TB         21.0TB         607682
             dp9           zxs548          5.6TB          5.7TB         602713
             dp9           mjn548          5.1GB          5.1GB            212
             dp9           jtl548        117.0TB        120.1TB        3613781
             dp9           mxz548          4.0GB          4.5GB              4
             dp9           iib548          3.4TB          3.8TB        3722702
             dp9           gxk548         32.0kB         32.0kB              2
             dp9           hqz548         32.0kB         32.0kB              2
             dp9           rmb548         32.0kB         32.0kB              2
             dp9           zhl548         10.2TB         11.4TB         830975
             dp9           ixd548          2.1GB          2.0GB          28568
             dp9           wml548        102.4TB        113.2TB         974106
             dp9           bxr548         77.4GB         83.7GB            104
             dp9           ttl548         45.1TB         47.5TB         975282
             dp9           pjs548        127.8GB        127.8GB           1470
             dp9           gsd548         32.0kB         32.0kB              2
             dp9           sjr548         84.0TB         86.7TB        2806881
             dp9           vvk548         12.3TB         12.3TB         821935
             dp9           xds548        289.2GB        289.2GB           2345
             dp9           cit548        142.5MB        142.5MB             11
             dp9           rad548         48.0kB         48.0kB              3
             dp9           slc548          6.7TB          6.8TB         135347
             dp9           jrf548         68.0kB         64.4kB              5
             dp9           mjz548          8.0TB          8.0TB         436036
             dp9           pag548        128.0kB        128.0kB              8
             dp9           hhn548         32.0kB         32.0kB              2
             dp9           sss548         32.0kB         32.0kB              2
             dp9           kkp548         32.0kB         32.0kB              2
             dp9           crd548          8.5GB          8.3GB         191889
             dp9           ijb548        284.0kB        249.2kB             19
             dp9           jfl548         32.0kB         32.0kB              2
             dp9           nwe548         32.0kB         32.0kB              2
             dp9           chs548         12.3MB         16.2MB             64
             dp9           yxz548         32.0kB         32.0kB              2
             dp9           cst565         64.0kB         50.9kB              7
             dp9           mxk548        535.8TB        556.6TB        5965396
             dp9           vov548          4.0TB          4.0TB          50893
             dp9           tc2375         32.0kB         32.0kB              2
             dp9           fs5892          1.2TB          2.1TB         267008
             dp9           jl0029         32.0kB         32.0kB              2
             dp9           as2291        672.9GB        672.5GB         234643
             dp9           jb6931         32.0kB         32.0kB              2
             dp9           dl9118          1.0TB          1.0TB         355802
             dp9           bf7468         32.0kB         32.0kB              2
             dp9           cs0369         32.0kB         32.0kB              2
             dp9           dr8819          3.8TB          3.8TB         143217
             dp9           nt4021        108.8GB        108.7GB           4384
             dp9           hw4629         32.0kB         32.0kB              2
             dp9           pcl900          8.9GB          8.9GB          25532
             dp9           sl8973         32.0kB         32.0kB              2
             dp9           ml6621         32.0kB         32.0kB              2
             dp9           sb0446        294.6GB        322.5GB          11419
             dp9           gl7525        553.1MB        504.8MB          24000
             dp9           ea9534         32.0kB         32.0kB              2
             dp9           kw9063         32.0kB         32.0kB              2
             du7           ixd548         17.3MB         15.1MB           1238
             du7           sjr548          1.9GB          1.9GB          19448
             du7           nwe548         71.3MB         72.6MB            478
             du7           chs548        139.4GB        143.9GB            810
             du7           as2291        128.0MB        127.6MB            287
             en0           bxr548          1.5GB          1.4GB          42912
             en0           mjz548        187.5MB        155.3MB          13998
             ep4           jcf548          2.2TB          2.4TB          16007
          public           glr548          8.3GB          8.3GB              8
          public           ttl548          1.7TB          1.7TB           6446
          public           slc548         62.0MB         61.4MB            382
          public           dl9118        492.8MB        492.7MB             24
             rr6           ijb548          8.0kB          1.3kB              2
             z50           sjr548          8.0kB          7.8kB              2
             z50           mxk548        156.0kB        148.4kB             39
------------------------------------------------------------------------------
