
Usage Report: Project=dp9 Period=2021.q4
=============================================================
    Grant:    16.00 MSU
     Used:     3.08 MSU
 Reserved:    12.98 KSU
    Avail:    12.90 MSU
    
Stakeholder                   Grant         Used        Avail
-------------------------------------------------------------    
BoM                       16.00 MSU     3.10 MSU    12.90 MSU    
------------------------------------------------------------- 
    
User                                        Used     Reserved
-------------------------------------------------------------        
dl9118                                  21.24 KSU     0.00 SU         
vvk548                                 293.48 KSU     0.00 SU         
ttl548                                  18.39 KSU    62.75 SU         
as2291                                  84.56 KSU   151.50 SU         
mjz548                                   1.98 MSU    12.75 KSU        
iib548                                   9.77 KSU     0.00 SU         
glr548                                  10.72 KSU     0.00 SU         
slc548                                  29.29 KSU     0.00 SU         
pjs548                                 353.24 SU      0.00 SU         
pcl900                                 233.03 SU      0.00 SU         
sjr548                                 252.08 KSU    15.00 SU         
jtl548                                  72.75 KSU     0.00 SU         
zxs548                                 348.64 SU      0.00 SU         
cnf599                                  33.03 KSU     0.00 SU         
yxm548                                 869.61 SU      0.00 SU         
chs548                                   2.89 KSU     0.00 SU         
ycx548                                 244.65 SU      0.00 SU         
wml548                                 274.00 KSU     0.00 SU         
hhz548                                  21.26 SU      0.00 SU         
cst565                                   0.12 SU      0.00 SU         
-------------------------------------------------------------        

Storage Usage Report: Project=dp9
=============================================================
Filesystem        Used     iUsed    Allocation    iAllocation    
gdata1a      167.64 TB   34.47 M     270.00 TB        45.00 M        

Stakeholder                         Allocation    iAllocation
-------------------------------------------------------------            
BoM                                  270.00 TB        45.00 M                
-------------------------------------------------------------
            
