------------------------------------------------------------------------------
         project             user     space used      file size          count
------------------------------------------------------------------------------
          access           mjw548            0kB            5kB              1
          access           mrd599         32.7GB         32.7GB           4384
          access           cjb548         24.0kB         20.8kB              1
          access           ycx548          1.0TB          1.0TB           5396
          access           axs599            0kB           56kB              1
          access           glr548         16.0kB         13.9kB              3
          access           mjn548        188.0kB        174.7kB              6
          access           jtl548         19.6GB         19.5GB          34459
          access           iib548        380.0kB        370.5kB              2
          access           zhl548          6.7GB          6.4GB         159327
          access           ixd548        930.0MB        930.0MB              4
          access           wml548         13.0TB         13.0TB        3745513
          access           ttl548        290.6MB        162.9MB          37063
          access           sjr548          6.5GB          6.5GB           2104
          access           vvk548        892.0kB        776.4kB             56
          access           slc548        136.3GB        136.3GB            204
          access           jrf548         12.0kB         12.0kB              1
          access           mjz548        292.0kB        226.9kB             28
          access           crd548        260.0kB         81.1kB             56
          access           mxk548          2.2TB          2.2TB          13025
          access           fs5892         26.1GB         26.1GB           9651
          access           as2291        450.4MB        449.8MB            350
          access           dl9118        257.3GB        257.3GB          14707
          access           pcl900          2.4MB          2.1MB            148
      access.dev           ycx548          9.6MB          9.3MB            168
      access.dev           axs599         12.0kB          850kB             23
      access.dev           mjn548          1.4MB          1.2MB            161
      access.dev           wml548         60.0kB         16.5kB             15
             dp9           mjw548        356.0GB        356.0GB            113
             dp9           mrd599         10.6GB         10.6GB            175
             dp9           cjb548        557.0MB        560.7MB           3575
             dp9           ycx548          3.0TB          3.0TB         355738
             dp9           yxm548          1.7TB          1.7TB         158402
             dp9           glr548          7.2TB          7.3TB        2822995
             dp9           cnf599         12.6TB         13.2TB         257580
             dp9           ljr548        331.3GB        331.0GB         107833
             dp9           hhz548         14.6TB         17.0TB        1193265
             dp9           zxs548        439.5GB        435.8GB        1196081
             dp9           mjn548       1008.0GB        991.3GB        3447850
             dp9           jtl548          7.9TB          8.0TB        5068732
             dp9           iib548          2.9TB          2.9TB        3259412
             dp9           hqz548        151.1GB        151.1GB            287
             dp9           rmb548          4.0kB          4.0kB              1
             dp9           zhl548        346.4GB        346.1GB         162077
             dp9           ixd548          4.3TB          4.3TB         574424
             dp9           wml548          2.6TB          2.6TB         368131
             dp9           bxr548        252.0GB        252.0GB            176
             dp9           ttl548        139.1GB        137.3GB         343568
             dp9           pjs548         19.9GB         19.7GB          73754
             dp9           gsd548          5.6MB          4.8MB            449
             dp9           sjr548          3.0TB          3.1TB        2824506
             dp9           vvk548         19.5TB         19.5TB        1531177
             dp9           xds548          2.1TB          2.1TB         207617
             dp9           cit548          2.6TB          2.6TB         217331
             dp9           rad548        568.6MB        538.0MB          15592
             dp9           slc548        819.9GB        819.5GB         214363
             dp9           jrf548        887.7GB        887.3GB         208311
             dp9           mjz548         51.8TB         51.9TB         787349
             dp9           sss548         65.2GB         66.7GB           5780
             dp9           axs548          7.7GB          7.7GB           2993
             dp9           ffb548         64.0kB         64.0kB             16
             dp9           dhs548          8.0kB          8.0kB              2
             dp9           kkp548        465.3GB        465.3GB            513
             dp9           crd548        188.1MB        182.0MB           3199
             dp9           ijb548          4.0kB          4.0kB              1
             dp9           nwe548         14.9GB         15.0GB          69027
             dp9           chs548        223.9GB        242.7GB         203530
             dp9           yxz548         71.8MB         71.8MB              8
             dp9           mxk548          5.7TB          5.7TB        1057283
             dp9           fs5892         18.6GB         17.7GB         312328
             dp9           as2291          5.9TB          5.9TB        2256481
             dp9           jb6931        332.1MB        332.1MB              2
             dp9           dl9118        167.0GB        166.5GB         271218
             dp9           bf7468          1.8MB          1.8MB              2
             dp9           dr8819        928.6GB        927.9GB         348177
             dp9           nt4021          4.0kB          4.0kB              1
             dp9           pcl900         19.5GB         19.2GB         119298
             dp9           sb0446        152.9GB        152.8GB           7172
             dp9           gl7525        394.5MB        349.9MB          19839
             du7           ycx548         16.0kB          9.8kB              4
             du7           ixd548         68.0kB         45.1kB             12
             du7           sjr548        175.0MB        149.7MB          16839
             du7           xds548        424.0kB        170.2kB             70
             du7           chs548          3.6TB          3.6TB         578133
             du7           cst565        205.2MB        203.7MB            625
             du7           as2291          1.0MB        723.2kB            175
             dx2           pag548        291.7MB        291.7MB              1
             en0           mjw548          4.0kB          4.0kB              1
             en0           bxr548        204.0kB         89.2kB             25
             en0           vvk548          8.2GB          8.2GB             12
             en0           mjz548         43.3MB         38.2MB           2738
             er7           gxk548         45.8MB         45.7MB             16
            kl02           glr548          3.1TB          3.1TB          31650
            ma05           chs548          1.9MB          1.7MB            126
            qr88           ijb548          2.7MB          2.7MB             13
             y03           sjr548         21.7MB         21.4MB            185
            wr45           ttl548         60.0kB          1.3kB             10
             ig2           wml548          2.1TB          2.1TB            113
             ig2           ttl548         49.8GB         58.9GB            422
             ig2           dl9118         33.0GB         33.0GB           1804
             ja4           ttl548          3.8TB          3.8TB         277705
             lb4           ttl548        150.4GB        150.4GB           5531
------------------------------------------------------------------------------
