
Usage Report: Project=dp9 Period=2021.q4
=============================================================
    Grant:    16.00 MSU
     Used:     5.82 MSU
 Reserved:     5.88 KSU
    Avail:    10.18 MSU
    
Stakeholder                   Grant         Used        Avail
-------------------------------------------------------------    
BoM                       16.00 MSU     5.82 MSU    10.18 MSU    
------------------------------------------------------------- 
    
User                                        Used     Reserved
-------------------------------------------------------------        
dl9118                                  23.67 KSU   240.00 SU         
vvk548                                 456.70 KSU     0.00 SU         
ttl548                                  27.96 KSU    62.50 SU         
as2291                                 104.50 KSU     4.00 SU         
mjz548                                   2.88 MSU     5.46 KSU        
iib548                                  18.66 KSU     0.00 SU         
glr548                                  10.73 KSU     0.00 SU         
slc548                                   1.19 MSU   111.33 SU         
pjs548                                 845.02 SU      0.00 SU         
pcl900                                   1.82 KSU     0.00 SU         
sjr548                                 545.16 KSU     0.00 SU         
jtl548                                 103.39 KSU     0.00 SU         
zxs548                                  13.68 KSU     0.00 SU         
cnf599                                  37.40 KSU     0.00 SU         
yxm548                                   1.46 KSU     0.00 SU         
chs548                                   2.89 KSU     0.00 SU         
ycx548                                 244.65 SU      0.00 SU         
wml548                                 352.49 KSU     0.00 SU         
hhz548                                 276.14 SU      0.00 SU         
cst565                                   0.12 SU      0.00 SU         
mxk548                                  44.49 KSU     0.00 SU         
rad548                                  14.16 SU      0.00 SU         
ixd548                                   9.77 SU      0.00 SU         
aai562                                 673.16 SU      0.00 SU         
-------------------------------------------------------------        

Storage Usage Report: Project=dp9
=============================================================
Filesystem        Used     iUsed    Allocation    iAllocation    
gdata1a      184.05 TB   34.17 M     270.00 TB        45.00 M        

Stakeholder                         Allocation    iAllocation
-------------------------------------------------------------            
BoM                                  270.00 TB        45.00 M                
-------------------------------------------------------------
            
