
Usage Report: Project=dp9 Period=2021.q3
=============================================================
    Grant:    16.00 MSU
     Used:     7.73 MSU
 Reserved:   507.51 SU 
    Avail:     8.26 MSU
    
Stakeholder                   Grant         Used        Avail
-------------------------------------------------------------    
BoM                       16.00 MSU     7.74 MSU     8.26 MSU    
------------------------------------------------------------- 
    
User                                        Used     Reserved
-------------------------------------------------------------        
iib548                                  36.16 KSU     0.00 SU         
as2291                                 213.87 KSU    64.50 SU         
zxs548                                   4.26 KSU     0.00 SU         
ttl548                                  66.36 KSU   185.01 SU         
jtl548                                 285.27 KSU     0.00 SU         
glr548                                 133.29 KSU     0.00 SU         
sjr548                                   3.03 MSU     0.00 SU         
vvk548                                 691.59 KSU     0.00 SU         
dl9118                                   6.98 KSU     0.00 SU         
mxk548                                   2.74 MSU     0.00 SU         
ycx548                                  11.08 KSU     0.00 SU         
slc548                                  59.08 SU      0.00 SU         
ixd548                                 172.96 SU      0.00 SU         
hhz548                                 475.96 KSU     0.00 SU         
jrf548                                  19.81 SU      0.00 SU         
rad548                                  24.18 SU      0.00 SU         
cnf599                                  25.00 KSU     0.00 SU         
jxh903                                   0.02 SU      0.00 SU         
yxm548                                  56.83 SU      0.00 SU         
cst565                                 191.71 SU      0.00 SU         
pjs548                                 389.79 SU      0.00 SU         
crd548                                 110.57 SU      0.00 SU         
wml548                                 136.10 SU      0.00 SU         
mjz548                                  13.56 KSU   258.00 SU         
mrd599                                  17.78 SU      0.00 SU         
zhl548                                 157.01 SU      0.00 SU         
-------------------------------------------------------------        

Storage Usage Report: Project=dp9
=============================================================
Filesystem        Used     iUsed    Allocation    iAllocation    
gdata1a      111.26 TB   34.30 M     270.00 TB        45.00 M        

Stakeholder                         Allocation    iAllocation
-------------------------------------------------------------            
BoM                                  270.00 TB        45.00 M                
-------------------------------------------------------------
            
