
Usage Report: Project=dp9 Period=2021.q4
=============================================================
    Grant:    16.00 MSU
     Used:     1.31 MSU
 Reserved:     3.51 KSU
    Avail:    14.68 MSU
    
Stakeholder                   Grant         Used        Avail
-------------------------------------------------------------    
BoM                       16.00 MSU     1.32 MSU    14.68 MSU    
------------------------------------------------------------- 
    
User                                        Used     Reserved
-------------------------------------------------------------        
dl9118                                  19.46 KSU   342.67 SU         
vvk548                                 293.02 KSU     0.00 SU         
ttl548                                   9.90 KSU     0.00 SU         
as2291                                  68.64 KSU    18.00 SU         
mjz548                                 756.09 KSU     3.11 KSU        
iib548                                   1.58 KSU     0.00 SU         
glr548                                   9.85 KSU     0.00 SU         
slc548                                   1.37 KSU     0.00 SU         
pjs548                                   9.83 SU      0.00 SU         
pcl900                                 142.94 SU      0.00 SU         
sjr548                                  30.86 KSU     0.00 SU         
jtl548                                  43.40 KSU     8.33 SU         
zxs548                                 348.64 SU      0.00 SU         
cnf599                                  32.93 KSU     0.00 SU         
yxm548                                 253.40 SU     24.00 SU         
chs548                                   2.89 KSU     0.00 SU         
ycx548                                 244.65 SU      0.00 SU         
wml548                                  42.04 KSU     0.00 SU         
hhz548                                  18.24 SU      0.00 SU         
cst565                                   0.12 SU      0.00 SU         
-------------------------------------------------------------        

Storage Usage Report: Project=dp9
=============================================================
Filesystem        Used     iUsed    Allocation    iAllocation    
gdata1a      146.94 TB   34.53 M     270.00 TB        45.00 M        

Stakeholder                         Allocation    iAllocation
-------------------------------------------------------------            
BoM                                  270.00 TB        45.00 M                
-------------------------------------------------------------
            
