
Usage Report: Project=dp9 Period=2021.q4
=============================================================
    Grant:    16.00 MSU
     Used:     1.99 MSU
 Reserved:    13.18 KSU
    Avail:    14.00 MSU
    
Stakeholder                   Grant         Used        Avail
-------------------------------------------------------------    
BoM                       16.00 MSU     2.00 MSU    14.00 MSU    
------------------------------------------------------------- 
    
User                                        Used     Reserved
-------------------------------------------------------------        
dl9118                                  20.12 KSU     0.00 SU         
vvk548                                 293.05 KSU     0.00 SU         
ttl548                                  12.68 KSU    15.42 SU         
as2291                                  77.25 KSU    79.50 SU         
mjz548                                   1.28 MSU    12.58 KSU        
iib548                                   7.93 KSU     0.00 SU         
glr548                                  10.71 KSU     0.00 SU         
slc548                                  10.95 KSU     0.00 SU         
pjs548                                 330.52 SU      0.00 SU         
pcl900                                 233.03 SU      0.00 SU         
sjr548                                  59.86 KSU   431.27 SU         
jtl548                                  56.48 KSU    76.00 SU         
zxs548                                 348.64 SU      0.00 SU         
cnf599                                  32.97 KSU     0.00 SU         
yxm548                                 553.51 SU      0.00 SU         
chs548                                   2.89 KSU     0.00 SU         
ycx548                                 244.65 SU      0.00 SU         
wml548                                 127.67 KSU     0.00 SU         
hhz548                                  18.24 SU      0.00 SU         
cst565                                   0.12 SU      0.00 SU         
-------------------------------------------------------------        

Storage Usage Report: Project=dp9
=============================================================
Filesystem        Used     iUsed    Allocation    iAllocation    
gdata1a      156.06 TB   34.75 M     270.00 TB        45.00 M        

Stakeholder                         Allocation    iAllocation
-------------------------------------------------------------            
BoM                                  270.00 TB        45.00 M                
-------------------------------------------------------------
            
