------------------------------------------------------------------------------
         project             user     space used      file size          count
------------------------------------------------------------------------------
             dp9           mjw548          4.5GB          4.3GB          99070
             dp9           mrd599         19.8GB         19.8GB          37527
             dp9           jcf548         32.0kB         32.0kB              2
             dp9           cjb548         32.0kB         32.0kB              2
             dp9           ycx548          3.7TB          5.1TB         174896
             dp9           ach599         32.0kB         32.0kB              2
             dp9           yxm548         12.4TB         12.7TB        1125499
             dp9           glr548         57.5TB         63.1TB        1847175
             dp9           cnf599          7.5TB          8.2TB         228563
             dp9           ljr548          5.1GB          5.1GB           6492
             dp9           hhz548         18.7TB         21.0TB         579269
             dp9           zxs548          5.6TB          5.7TB         562324
             dp9           mjn548          5.1GB          5.1GB            212
             dp9           jtl548        122.6TB        125.8TB        3731814
             dp9           mxz548          4.0GB          4.5GB              4
             dp9           iib548          4.1TB          4.6TB        4420373
             dp9           gxk548         32.0kB         32.0kB              2
             dp9           hqz548         32.0kB         32.0kB              2
             dp9           rmb548         32.0kB         32.0kB              2
             dp9           zhl548          9.5TB         10.6TB         824494
             dp9           ixd548          2.1GB          2.0GB          28568
             dp9           wml548         95.9TB        106.7TB         891955
             dp9           bxr548         77.4GB         83.7GB            104
             dp9           ttl548         50.0TB         52.3TB        1020720
             dp9           pjs548        843.7MB        840.9MB           1399
             dp9           gsd548         32.0kB         32.0kB              2
             dp9           sjr548         80.4TB         83.0TB        2609774
             dp9           vvk548         10.4TB         10.4TB         429032
             dp9           xds548        289.2GB        289.2GB           2345
             dp9           cit548        142.5MB        142.5MB             11
             dp9           rad548         48.0kB         48.0kB              3
             dp9           slc548          6.5TB          6.6TB         133572
             dp9           jrf548         68.0kB         64.4kB              5
             dp9           mjz548          3.1TB          3.1TB          94133
             dp9           pag548        128.0kB        128.0kB              8
             dp9           hhn548         32.0kB         32.0kB              2
             dp9           sss548         32.0kB         32.0kB              2
             dp9           kkp548         32.0kB         32.0kB              2
             dp9           crd548          5.6GB          5.5GB         108438
             dp9           ijb548        284.0kB        249.2kB             19
             dp9           nwe548         32.0kB         32.0kB              2
             dp9           chs548         12.3MB         16.2MB             64
             dp9           yxz548         32.0kB         32.0kB              2
             dp9           cst565         16.0kB         16.0kB              1
             dp9           mxk548        535.8TB        556.6TB        5965396
             dp9           vov548          3.6TB          3.6TB          45383
             dp9           tc2375         32.0kB         32.0kB              2
             dp9           fs5892          1.2TB          2.1TB         267008
             dp9           jl0029         32.0kB         32.0kB              2
             dp9           as2291          1.5TB          1.5TB         261955
             dp9           jb6931         32.0kB         32.0kB              2
             dp9           dl9118          4.0TB          4.4TB         547939
             dp9           bf7468         32.0kB         32.0kB              2
             dp9           cs0369         32.0kB         32.0kB              2
             dp9           dr8819          3.8TB          3.8TB         143217
             dp9           nt4021        108.8GB        108.7GB           4384
             dp9           hw4629         32.0kB         32.0kB              2
             dp9           sl8973         32.0kB         32.0kB              2
             dp9           ml6621         32.0kB         32.0kB              2
             dp9           sb0446        294.6GB        322.5GB          11419
             dp9           gl7525        553.1MB        504.8MB          24000
             du7           sjr548          1.1GB          1.1GB          17957
             du7           nwe548         71.3MB         72.6MB            478
             du7           chs548        139.3GB        143.8GB            337
             dx2           hhz548          3.6TB          3.9TB          26368
             en0           bxr548          1.5GB          1.4GB          42912
             en0           mjz548        187.5MB        155.3MB          13998
             ep4           jcf548          2.2TB          2.4TB          16007
          public           ttl548          1.3TB          1.3TB           5049
          public           vvk548         16.0kB         16.0kB              1
          public           slc548         42.1MB         41.7MB            278
             rr6           ijb548          8.0kB          1.3kB              2
             z50           sjr548          8.0kB          7.8kB              2
             z50           mxk548        156.0kB        148.4kB             39
------------------------------------------------------------------------------
