------------------------------------------------------------------------------
         project             user     space used      file size          count
------------------------------------------------------------------------------
             dx2           hhz548          3.6TB          3.9TB          26379
             dx2           pcl900        110.2MB         92.6MB           8719
             z00           pcl900          4.0kB          243kB              1
             dp9           mjw548          4.5GB          4.3GB          99070
             dp9           mrd599         19.9GB         19.8GB          37528
             dp9           jcf548         32.0kB         32.0kB              2
             dp9           cjb548         32.0kB         32.0kB              2
             dp9           ycx548          3.8TB          5.2TB         175175
             dp9           ach599         32.0kB         32.0kB              2
             dp9           yxm548         12.4TB         12.7TB        1168534
             dp9           glr548         60.8TB         66.5TB        2542073
             dp9           cnf599          9.5TB         10.4TB         288212
             dp9           ljr548          5.1GB          5.1GB           6492
             dp9           hhz548         16.9TB         19.2TB         629813
             dp9           zxs548          5.6TB          5.7TB         603353
             dp9           mjn548          5.1GB          5.1GB            212
             dp9           jtl548        114.5TB        117.6TB        3604897
             dp9           mxz548          4.0GB          4.5GB              4
             dp9           iib548          3.6TB          3.9TB        3770537
             dp9           gxk548         32.0kB         32.0kB              2
             dp9           hqz548         32.0kB         32.0kB              2
             dp9           rmb548         32.0kB         32.0kB              2
             dp9           zhl548         10.2TB         11.4TB         830975
             dp9           ixd548          2.1GB          2.0GB          28568
             dp9           wml548        146.8TB        157.5TB        1712155
             dp9           bxr548         77.4GB         83.7GB            104
             dp9           ttl548         36.7TB         38.1TB         889604
             dp9           pjs548        128.5GB        128.5GB           1279
             dp9           gsd548         32.0kB         32.0kB              2
             dp9           sjr548         64.7TB         66.0TB        2418285
             dp9           vvk548          5.2TB          5.2TB         422796
             dp9           xds548        289.2GB        289.2GB           2345
             dp9           cit548        142.5MB        142.5MB             11
             dp9           rad548         48.0kB         48.0kB              3
             dp9           slc548          8.7TB          8.9TB         151131
             dp9           jrf548         68.0kB         64.4kB              5
             dp9           mjz548          9.3TB          9.4TB         545398
             dp9           pag548        128.0kB        128.0kB              8
             dp9           hhn548         32.0kB         32.0kB              2
             dp9           sss548         32.0kB         32.0kB              2
             dp9           kkp548         32.0kB         32.0kB              2
             dp9           crd548          8.6GB          8.3GB         192624
             dp9           aai562         32.0kB         32.0kB              2
             dp9           ijb548        284.0kB        249.2kB             19
             dp9           jfl548         32.0kB         32.0kB              2
             dp9           nwe548         32.0kB         32.0kB              2
             dp9           chs548         12.3MB         16.2MB             64
             dp9           yxz548         32.0kB         32.0kB              2
             dp9           cst565         64.0kB         50.9kB              7
             dp9           mxk548        545.3TB        566.1TB        6113179
             dp9           vov548          4.1TB          4.1TB          51675
             dp9           tc2375         32.0kB         32.0kB              2
             dp9           fs5892          1.2TB          2.1TB         267008
             dp9           jl0029         32.0kB         32.0kB              2
             dp9           as2291        912.5GB        912.1GB         228694
             dp9           jb6931         32.0kB         32.0kB              2
             dp9           dl9118          1.1TB          1.1TB         388680
             dp9           bf7468         32.0kB         32.0kB              2
             dp9           cs0369         32.0kB         32.0kB              2
             dp9           dr8819          3.8TB          3.8TB         143217
             dp9           nt4021        108.8GB        108.7GB           4384
             dp9           hw4629         32.0kB         32.0kB              2
             dp9           pcl900         18.5GB         18.5GB          21642
             dp9           sl8973         32.0kB         32.0kB              2
             dp9           ml6621         32.0kB         32.0kB              2
             dp9           sb0446        294.6GB        322.5GB          11419
             dp9           gl7525        553.1MB        504.8MB          24000
             dp9           ea9534         48.0kB         48.0kB              4
             dp9           kw9063         32.0kB         32.0kB              2
             du7           ixd548         34.6MB         30.2MB           2476
             du7           sjr548          2.1GB          2.0GB          23032
             du7           nwe548         71.3MB         72.6MB            478
             du7           chs548        139.4GB        143.9GB            814
             du7           as2291        128.0MB        127.6MB            287
             en0           bxr548          1.5GB          1.4GB          42912
             en0           rad548          8.0MB          7.6MB            200
             en0           mjz548        187.5MB        155.3MB          13998
             ep4           jcf548          2.2TB          2.4TB          16007
          public           iib548          1.1GB          1.1GB             51
          public           ttl548          1.6TB          1.6TB           5687
          public           slc548         53.1MB         52.6MB            326
             rr6           ijb548          8.0kB          1.3kB              2
             z50           sjr548          8.0kB          7.8kB              2
             z50           mxk548        156.0kB        148.4kB             39
------------------------------------------------------------------------------
